0.3133 	WARNING 	Movie2 stim could not be imported and won't be available
0.5523 	WARNING 	TextBox stim could not be imported and won't be available.
0.5523 	WARNING 	TextBox Font Manager Found No Fonts.
2.5494 	EXP 	Created window1 = Window(allowGUI=False, allowStencil=False, autoLog=True, bitsMode=UNKNOWN, blendMode='avg', color=array([ 0.,  0.,  0.]), colorSpace='rgb', fullscr=UNKNOWN, gamma=None, lms=UNKNOWN, monitor=<psychopy.monitors.calibTools.Monitor instance at 0xeddc7b0>, name='window1', pos=[0, 0], screen=0, size=array([1440,  900]), stereo=False, units=u'norm', useFBO=True, viewOri=0.0, viewPos=None, viewScale=None, waitBlanking=True, winType='pyglet')
2.5494 	EXP 	window1: recordFrameIntervals = False
2.7151 	EXP 	window1: recordFrameIntervals = True
2.8984 	EXP 	window1: recordFrameIntervals = False
2.9634 	EXP 	Created trialInstrText = TextStim(alignHoriz='center', alignVert='center', antialias=True, autoLog=True, bold=False, color=u'black', colorSpace='named', contrast=1.0, depth=-1.0, flipHoriz=False, flipVert=False, font=u'Arial', fontFiles=[], height=0.1, italic=False, name='trialInstrText', opacity=1.0, ori=0, pos=array([ 0. ,  0.8]), rgb=array([ 0.,  0.,  0.]), text=unicode(...), units=u'norm', win=Window(...), wrapWidth=20)
2.9735 	EXP 	Created restaurantText = TextStim(alignHoriz='center', alignVert='center', antialias=True, autoLog=True, bold=False, color=u'blue', colorSpace='named', contrast=1.0, depth=-2.0, flipHoriz=False, flipVert=False, font=u'Arial', fontFiles=[], height=0.1, italic=False, name='restaurantText', opacity=1.0, ori=0, pos=array([ 0.  ,  0.35]), rgb=array([   0.,    0.,  255.]), text=u'default text', units=u'norm', win=Window(...), wrapWidth=1)
2.9768 	EXP 	Created foodImg = ImageStim(autoLog=True, color=array([ 1.,  1.,  1.]), colorSpace='rgb', contrast=1.0, depth=-3.0, flipHoriz=False, flipVert=False, image='sin', interpolate=True, mask=None, maskParams=None, name='foodImg', opacity=1.0, ori=0.0, pos=array([ 0.,  0.]), size=array([ 0.5,  0.5]), texRes=128, units=u'norm', win=Window(...))
2.9826 	EXP 	Created fixationJitterText = TextStim(alignHoriz='center', alignVert='center', antialias=True, autoLog=True, bold=False, color=u'black', colorSpace='named', contrast=1.0, depth=-4.0, flipHoriz=False, flipVert=False, font=u'Arial', fontFiles=[], height=0.1, italic=False, name='fixationJitterText', opacity=1.0, ori=0, pos=array([ 0.,  0.]), rgb=array([ 0.,  0.,  0.]), text=u'+', units=u'norm', win=Window(...), wrapWidth=1)
2.9877 	EXP 	Created sickImg = ImageStim(autoLog=True, color=array([ 1.,  1.,  1.]), colorSpace='rgb', contrast=1.0, depth=-6.0, flipHoriz=False, flipVert=False, image=u'images/sick.png', interpolate=True, mask=None, maskParams=None, name='sickImg', opacity=1.0, ori=0.0, pos=array([-0.5, -0.6]), size=array([ 0.3 ,  0.45]), texRes=128, units=u'norm', win=Window(...))
2.9903 	EXP 	Created notsickImg = ImageStim(autoLog=True, color=array([ 1.,  1.,  1.]), colorSpace='rgb', contrast=1.0, depth=-7.0, flipHoriz=False, flipVert=False, image=u'images/smiley.png', interpolate=True, mask=None, maskParams=None, name='notsickImg', opacity=1.0, ori=0.0, pos=array([ 0.5, -0.6]), size=array([ 0.3 ,  0.45]), texRes=128, units=u'norm', win=Window(...))
2.9929 	EXP 	Created fixationITIText = TextStim(alignHoriz='center', alignVert='center', antialias=True, autoLog=True, bold=False, color=u'black', colorSpace='named', contrast=1.0, depth=-9.0, flipHoriz=False, flipVert=False, font=u'Arial', fontFiles=[], height=0.1, italic=False, name='fixationITIText', opacity=1.0, ori=0, pos=array([ 0.,  0.]), rgb=array([ 0.,  0.,  0.]), text=u'+', units=u'norm', win=Window(...), wrapWidth=1)
3.0000 	EXP 	Imported irrelevant.xlsx as conditions, 4 conditions, 4 params
3.0003 	EXP 	Created sequence: random, trialTypes=4, nReps=1, seed=None
3.0009 	EXP 	New trial (rep=0, index=0): {u'food': u'mexican_food1', u'corrAns': u'left', u'sick': u'Yes', u'restaurant': u"Molina's Cantina"}
3.0155 	EXP 	window1: recordFrameIntervals = False
3.0211 	EXP 	restaurantText: text = u"Molina's Cantina"
3.0211 	EXP 	foodImg: image = u'foods/mexican_food1.png'
3.0211 	EXP 	fixationITIText: autoDraw = True
3.0212 	EXP 	window1: recordFrameIntervals = False
3.8171 	DATA 	Keypress: left
3.8180 	DATA 	Keypress: right
3.8575 	DATA 	Keypress: left
3.9455 	DATA 	Keypress: right
4.0252 	EXP 	window1: recordFrameIntervals = False
4.0256 	DATA 	Keypress: left
4.0419 	EXP 	trialInstrText: autoDraw = True
4.0419 	EXP 	restaurantText: autoDraw = True
4.0419 	EXP 	foodImg: autoDraw = True
4.0419 	EXP 	sickImg: autoDraw = True
4.0419 	EXP 	notsickImg: autoDraw = True
4.0419 	EXP 	fixationITIText: autoDraw = False
4.0423 	EXP 	window1: recordFrameIntervals = False
6.8324 	DATA 	Keypress: left
6.8329 	DATA 	Keypress: left
6.8332 	DATA 	Keypress: left
6.8336 	DATA 	Keypress: left
6.8339 	DATA 	Keypress: right
6.8344 	DATA 	Keypress: right
6.8347 	DATA 	Keypress: right
6.8351 	DATA 	Keypress: right
6.8355 	DATA 	Keypress: right
6.8358 	DATA 	Keypress: right
6.8362 	DATA 	Keypress: left
6.8365 	DATA 	Keypress: left
6.8368 	DATA 	Keypress: left
7.0313 	EXP 	New trial (rep=0, index=1): {u'food': u'mexican_food2', u'corrAns': u'right', u'sick': u'No', u'restaurant': u'Restaurante Arroyo'}
7.0426 	EXP 	window1: recordFrameIntervals = False
7.0617 	EXP 	trialInstrText: autoDraw = False
7.0617 	EXP 	restaurantText: autoDraw = False
7.0617 	EXP 	foodImg: autoDraw = False
7.0617 	EXP 	fixationJitterText: autoDraw = False
7.0617 	EXP 	sickImg: autoDraw = False
7.0617 	EXP 	notsickImg: autoDraw = False
7.0617 	EXP 	fixationITIText: autoDraw = False
7.0617 	EXP 	restaurantText: text = u'Restaurante Arroyo'
7.0617 	EXP 	foodImg: image = u'foods/mexican_food2.png'
7.0617 	EXP 	fixationITIText: autoDraw = True
7.0618 	EXP 	window1: recordFrameIntervals = False
7.8440 	DATA 	Keypress: left
7.8444 	DATA 	Keypress: left
7.8448 	DATA 	Keypress: left
8.0645 	EXP 	window1: recordFrameIntervals = False
8.0812 	EXP 	trialInstrText: autoDraw = True
8.0812 	EXP 	restaurantText: autoDraw = True
8.0812 	EXP 	foodImg: autoDraw = True
8.0812 	EXP 	sickImg: autoDraw = True
8.0812 	EXP 	notsickImg: autoDraw = True
8.0812 	EXP 	fixationITIText: autoDraw = False
8.0817 	EXP 	window1: recordFrameIntervals = False
10.8703 	DATA 	Keypress: left
10.8707 	DATA 	Keypress: left
10.8711 	DATA 	Keypress: left
10.8715 	DATA 	Keypress: left
10.8719 	DATA 	Keypress: left
10.8722 	DATA 	Keypress: left
10.8725 	DATA 	Keypress: left
10.8729 	DATA 	Keypress: left
10.8733 	DATA 	Keypress: left
10.8737 	DATA 	Keypress: left
10.8740 	DATA 	Keypress: left
10.8744 	DATA 	Keypress: left
10.8747 	DATA 	Keypress: escape
11.0573 	DATA 	Keypress: escape
0.3144 	WARNING 	Movie2 stim could not be imported and won't be available
0.5662 	WARNING 	TextBox stim could not be imported and won't be available.
0.5662 	WARNING 	TextBox Font Manager Found No Fonts.
2.1230 	EXP 	Created window1 = Window(allowGUI=False, allowStencil=False, autoLog=True, bitsMode=UNKNOWN, blendMode='avg', color=array([ 0.,  0.,  0.]), colorSpace='rgb', fullscr=UNKNOWN, gamma=None, lms=UNKNOWN, monitor=<psychopy.monitors.calibTools.Monitor instance at 0xe8a17b0>, name='window1', pos=[0, 0], screen=0, size=array([1440,  900]), stereo=False, units=u'norm', useFBO=True, viewOri=0.0, viewPos=None, viewScale=None, waitBlanking=True, winType='pyglet')
2.1230 	EXP 	window1: recordFrameIntervals = False
2.2884 	EXP 	window1: recordFrameIntervals = True
2.4717 	EXP 	window1: recordFrameIntervals = False
2.5453 	EXP 	Created trialInstrText = TextStim(alignHoriz='center', alignVert='center', antialias=True, autoLog=True, bold=False, color=u'black', colorSpace='named', contrast=1.0, depth=-1.0, flipHoriz=False, flipVert=False, font=u'Arial', fontFiles=[], height=0.1, italic=False, name='trialInstrText', opacity=1.0, ori=0, pos=array([ 0. ,  0.8]), rgb=array([ 0.,  0.,  0.]), text=unicode(...), units=u'norm', win=Window(...), wrapWidth=20)
2.5561 	EXP 	Created restaurantText = TextStim(alignHoriz='center', alignVert='center', antialias=True, autoLog=True, bold=False, color=u'blue', colorSpace='named', contrast=1.0, depth=-2.0, flipHoriz=False, flipVert=False, font=u'Arial', fontFiles=[], height=0.1, italic=False, name='restaurantText', opacity=1.0, ori=0, pos=array([ 0.  ,  0.35]), rgb=array([   0.,    0.,  255.]), text=u'default text', units=u'norm', win=Window(...), wrapWidth=1)
2.5604 	EXP 	Created foodImg = ImageStim(autoLog=True, color=array([ 1.,  1.,  1.]), colorSpace='rgb', contrast=1.0, depth=-3.0, flipHoriz=False, flipVert=False, image='sin', interpolate=True, mask=None, maskParams=None, name='foodImg', opacity=1.0, ori=0.0, pos=array([ 0.,  0.]), size=array([ 0.5,  0.5]), texRes=128, units=u'norm', win=Window(...))
2.5680 	EXP 	Created fixationJitterText = TextStim(alignHoriz='center', alignVert='center', antialias=True, autoLog=True, bold=False, color=u'black', colorSpace='named', contrast=1.0, depth=-4.0, flipHoriz=False, flipVert=False, font=u'Arial', fontFiles=[], height=0.1, italic=False, name='fixationJitterText', opacity=1.0, ori=0, pos=array([ 0.,  0.]), rgb=array([ 0.,  0.,  0.]), text=u'+', units=u'norm', win=Window(...), wrapWidth=1)
2.5735 	EXP 	Created sickImg = ImageStim(autoLog=True, color=array([ 1.,  1.,  1.]), colorSpace='rgb', contrast=1.0, depth=-6.0, flipHoriz=False, flipVert=False, image=u'images/sick.png', interpolate=True, mask=None, maskParams=None, name='sickImg', opacity=1.0, ori=0.0, pos=array([-0.5, -0.6]), size=array([ 0.3 ,  0.45]), texRes=128, units=u'norm', win=Window(...))
2.5772 	EXP 	Created notsickImg = ImageStim(autoLog=True, color=array([ 1.,  1.,  1.]), colorSpace='rgb', contrast=1.0, depth=-7.0, flipHoriz=False, flipVert=False, image=u'images/smiley.png', interpolate=True, mask=None, maskParams=None, name='notsickImg', opacity=1.0, ori=0.0, pos=array([ 0.5, -0.6]), size=array([ 0.3 ,  0.45]), texRes=128, units=u'norm', win=Window(...))
2.5811 	EXP 	Created fixationITIText = TextStim(alignHoriz='center', alignVert='center', antialias=True, autoLog=True, bold=False, color=u'black', colorSpace='named', contrast=1.0, depth=-9.0, flipHoriz=False, flipVert=False, font=u'Arial', fontFiles=[], height=0.1, italic=False, name='fixationITIText', opacity=1.0, ori=0, pos=array([ 0.,  0.]), rgb=array([ 0.,  0.,  0.]), text=u'+', units=u'norm', win=Window(...), wrapWidth=1)
2.5877 	EXP 	Imported irrelevant.xlsx as conditions, 4 conditions, 4 params
2.5881 	EXP 	Created sequence: random, trialTypes=4, nReps=1, seed=None
2.5885 	EXP 	New trial (rep=0, index=0): {u'food': u'mexican_food2', u'corrAns': u'right', u'sick': u'No', u'restaurant': u'Restaurante Arroyo'}
2.6031 	EXP 	window1: recordFrameIntervals = False
2.6217 	EXP 	restaurantText: text = u'Restaurante Arroyo'
2.6217 	EXP 	foodImg: image = u'foods/mexican_food2.png'
2.6217 	EXP 	fixationITIText: autoDraw = True
2.6218 	EXP 	window1: recordFrameIntervals = False
3.4080 	DATA 	Keypress: left
3.4117 	DATA 	Keypress: left
3.5716 	DATA 	Keypress: left
3.6222 	EXP 	window1: recordFrameIntervals = False
3.6384 	EXP 	trialInstrText: autoDraw = True
3.6384 	EXP 	restaurantText: autoDraw = True
3.6384 	EXP 	foodImg: autoDraw = True
3.6384 	EXP 	sickImg: autoDraw = True
3.6384 	EXP 	notsickImg: autoDraw = True
3.6384 	EXP 	fixationITIText: autoDraw = False
3.6388 	EXP 	window1: recordFrameIntervals = False
6.4259 	DATA 	Keypress: left
6.4265 	DATA 	Keypress: left
6.4270 	DATA 	Keypress: left
6.4276 	DATA 	Keypress: left
6.4279 	DATA 	Keypress: right
6.4283 	DATA 	Keypress: right
6.4286 	DATA 	Keypress: right
6.4289 	DATA 	Keypress: left
6.4293 	DATA 	Keypress: left
6.4296 	DATA 	Keypress: left
6.4299 	DATA 	Keypress: left
6.4677 	DATA 	Keypress: left
6.6384 	EXP 	window1: recordFrameIntervals = False
6.6543 	EXP 	trialInstrText: autoDraw = False
6.6543 	EXP 	restaurantText: autoDraw = False
6.6543 	EXP 	foodImg: autoDraw = False
6.6543 	EXP 	fixationJitterText: autoDraw = True
6.6543 	EXP 	sickImg: autoDraw = False
6.6543 	EXP 	notsickImg: autoDraw = False
6.6544 	EXP 	window1: recordFrameIntervals = False
6.9400 	DATA 	Keypress: left
6.9405 	DATA 	Keypress: right
6.9876 	DATA 	Keypress: escape
7.1315 	DATA 	Keypress: escape
