0.3057 	WARNING 	Movie2 stim could not be imported and won't be available
0.5415 	WARNING 	TextBox stim could not be imported and won't be available.
0.5415 	WARNING 	TextBox Font Manager Found No Fonts.
2.5044 	EXP 	Created window1 = Window(allowGUI=False, allowStencil=False, autoLog=True, bitsMode=UNKNOWN, blendMode='avg', color=array([ 0.,  0.,  0.]), colorSpace='rgb', fullscr=UNKNOWN, gamma=None, lms=UNKNOWN, monitor=<psychopy.monitors.calibTools.Monitor instance at 0xefdb670>, name='window1', pos=[0, 0], screen=0, size=array([1440,  900]), stereo=False, units=u'norm', useFBO=True, viewOri=0.0, viewPos=None, viewScale=None, waitBlanking=True, winType='pyglet')
2.5045 	EXP 	window1: recordFrameIntervals = False
2.6697 	EXP 	window1: recordFrameIntervals = True
2.8530 	EXP 	window1: recordFrameIntervals = False
2.9234 	EXP 	Created trialInstrText = TextStim(alignHoriz='center', alignVert='center', antialias=True, autoLog=True, bold=False, color=u'white', colorSpace='named', contrast=1.0, depth=-1.0, flipHoriz=False, flipVert=False, font=u'Arial', fontFiles=[], height=0.1, italic=False, name='trialInstrText', opacity=1.0, ori=0, pos=array([ 0.,  0.]), rgb=array([ 255.,  255.,  255.]), text=unicode(...), units=u'norm', win=Window(...), wrapWidth=1)
2.9300 	EXP 	Created restaurantText = TextStim(alignHoriz='center', alignVert='center', antialias=True, autoLog=True, bold=False, color=u'white', colorSpace='named', contrast=1.0, depth=-2.0, flipHoriz=False, flipVert=False, font=u'Arial', fontFiles=[], height=0.1, italic=False, name='restaurantText', opacity=1.0, ori=0, pos=array([ 0. ,  0.5]), rgb=array([ 255.,  255.,  255.]), text=u'default text', units=u'norm', win=Window(...), wrapWidth=1)
2.9328 	EXP 	Created foodImg = ImageStim(autoLog=True, color=array([ 1.,  1.,  1.]), colorSpace='rgb', contrast=1.0, depth=-3.0, flipHoriz=False, flipVert=False, image='sin', interpolate=True, mask=None, maskParams=None, name='foodImg', opacity=1.0, ori=0.0, pos=array([ 0.,  1.]), size=array([ 0.5,  0.5]), texRes=128, units=u'norm', win=Window(...))
2.9389 	EXP 	Imported irrelevant.xlsx as conditions, 4 conditions, 4 params
2.9392 	EXP 	Created sequence: random, trialTypes=4, nReps=1, seed=None
2.9396 	EXP 	New trial (rep=0, index=0): {u'food': u'mexican_food2', u'corrAns': u'right', u'sick': u'No', u'restaurant': u"Molina's Cantina"}
2.9550 	EXP 	window1: recordFrameIntervals = False
2.9677 	EXP 	restaurantText: text = u"Molina's Cantina"
2.9677 	EXP 	foodImg: image = u'foods/mexican_food2.png'
2.9678 	EXP 	window1: recordFrameIntervals = False
3.4698 	EXP 	trialInstrText: autoDraw = True
3.4698 	EXP 	restaurantText: autoDraw = True
3.4698 	EXP 	foodImg: autoDraw = True
4.9706 	DATA 	Keypress: escape
0.3063 	WARNING 	Movie2 stim could not be imported and won't be available
0.5412 	WARNING 	TextBox stim could not be imported and won't be available.
0.5412 	WARNING 	TextBox Font Manager Found No Fonts.
2.4918 	EXP 	Created window1 = Window(allowGUI=False, allowStencil=False, autoLog=True, bitsMode=UNKNOWN, blendMode='avg', color=array([ 0.,  0.,  0.]), colorSpace='rgb', fullscr=UNKNOWN, gamma=None, lms=UNKNOWN, monitor=<psychopy.monitors.calibTools.Monitor instance at 0xe6cc670>, name='window1', pos=[0, 0], screen=0, size=array([1440,  900]), stereo=False, units=u'norm', useFBO=True, viewOri=0.0, viewPos=None, viewScale=None, waitBlanking=True, winType='pyglet')
2.4918 	EXP 	window1: recordFrameIntervals = False
2.6570 	EXP 	window1: recordFrameIntervals = True
2.8407 	EXP 	window1: recordFrameIntervals = False
2.9148 	EXP 	Created trialInstrText = TextStim(alignHoriz='center', alignVert='center', antialias=True, autoLog=True, bold=False, color=u'white', colorSpace='named', contrast=1.0, depth=-1.0, flipHoriz=False, flipVert=False, font=u'Arial', fontFiles=[], height=0.1, italic=False, name='trialInstrText', opacity=1.0, ori=0, pos=array([ 0.,  1.]), rgb=array([ 255.,  255.,  255.]), text=unicode(...), units=u'norm', win=Window(...), wrapWidth=1)
2.9217 	EXP 	Created restaurantText = TextStim(alignHoriz='center', alignVert='center', antialias=True, autoLog=True, bold=False, color=u'white', colorSpace='named', contrast=1.0, depth=-2.0, flipHoriz=False, flipVert=False, font=u'Arial', fontFiles=[], height=0.1, italic=False, name='restaurantText', opacity=1.0, ori=0, pos=array([ 0. ,  0.5]), rgb=array([ 255.,  255.,  255.]), text=u'default text', units=u'norm', win=Window(...), wrapWidth=1)
2.9245 	EXP 	Created foodImg = ImageStim(autoLog=True, color=array([ 1.,  1.,  1.]), colorSpace='rgb', contrast=1.0, depth=-3.0, flipHoriz=False, flipVert=False, image='sin', interpolate=True, mask=None, maskParams=None, name='foodImg', opacity=1.0, ori=0.0, pos=array([ 0.,  1.]), size=array([ 0.5,  0.5]), texRes=128, units=u'norm', win=Window(...))
2.9304 	EXP 	Imported irrelevant.xlsx as conditions, 4 conditions, 4 params
2.9306 	EXP 	Created sequence: random, trialTypes=4, nReps=1, seed=None
2.9310 	EXP 	New trial (rep=0, index=0): {u'food': u'mexican_food1', u'corrAns': u'left', u'sick': u'Yes', u'restaurant': u'Restaurante Arroyo'}
2.9462 	EXP 	window1: recordFrameIntervals = False
2.9572 	EXP 	restaurantText: text = u'Restaurante Arroyo'
2.9572 	EXP 	foodImg: image = u'foods/mexican_food1.png'
2.9572 	EXP 	window1: recordFrameIntervals = False
3.4571 	EXP 	trialInstrText: autoDraw = True
3.4571 	EXP 	restaurantText: autoDraw = True
3.4571 	EXP 	foodImg: autoDraw = True
6.4250 	EXP 	New trial (rep=0, index=1): {u'food': u'mexican_food2', u'corrAns': u'right', u'sick': u'No', u'restaurant': u"Molina's Cantina"}
6.4381 	EXP 	window1: recordFrameIntervals = False
6.4474 	EXP 	trialInstrText: autoDraw = False
6.4474 	EXP 	restaurantText: autoDraw = False
6.4474 	EXP 	foodImg: autoDraw = False
6.4474 	EXP 	trialInstrText: autoDraw = False
6.4474 	EXP 	restaurantText: autoDraw = False
6.4474 	EXP 	foodImg: autoDraw = False
6.4474 	EXP 	restaurantText: text = u"Molina's Cantina"
6.4474 	EXP 	foodImg: image = u'foods/mexican_food2.png'
6.4475 	EXP 	window1: recordFrameIntervals = False
6.5096 	DATA 	Keypress: escape
