0.3114 	WARNING 	Movie2 stim could not be imported and won't be available
0.5438 	WARNING 	TextBox stim could not be imported and won't be available.
0.5438 	WARNING 	TextBox Font Manager Found No Fonts.
1.8839 	EXP 	Created window1 = Window(allowGUI=False, allowStencil=False, autoLog=True, bitsMode=UNKNOWN, blendMode='avg', color=array([ 0.,  0.,  0.]), colorSpace='rgb', fullscr=UNKNOWN, gamma=None, lms=UNKNOWN, monitor=<psychopy.monitors.calibTools.Monitor instance at 0xeed06c0>, name='window1', pos=[0, 0], screen=0, size=array([1440,  900]), stereo=False, units=u'norm', useFBO=True, viewOri=0.0, viewPos=None, viewScale=None, waitBlanking=True, winType='pyglet')
1.8840 	EXP 	window1: recordFrameIntervals = False
2.0492 	EXP 	window1: recordFrameIntervals = True
2.2330 	EXP 	window1: recordFrameIntervals = False
2.3058 	EXP 	Created trialInstrText = TextStim(alignHoriz='center', alignVert='center', antialias=True, autoLog=True, bold=False, color=u'black', colorSpace='named', contrast=1.0, depth=-1.0, flipHoriz=False, flipVert=False, font=u'Arial', fontFiles=[], height=0.1, italic=False, name='trialInstrText', opacity=1.0, ori=0, pos=array([ 0. ,  0.8]), rgb=array([ 0.,  0.,  0.]), text=unicode(...), units=u'norm', win=Window(...), wrapWidth=20)
2.3130 	EXP 	Created restaurantText = TextStim(alignHoriz='center', alignVert='center', antialias=True, autoLog=True, bold=False, color=u'blue', colorSpace='named', contrast=1.0, depth=-2.0, flipHoriz=False, flipVert=False, font=u'Arial', fontFiles=[], height=0.1, italic=False, name='restaurantText', opacity=1.0, ori=0, pos=array([ 0. ,  0.5]), rgb=array([   0.,    0.,  255.]), text=u'default text', units=u'norm', win=Window(...), wrapWidth=1)
2.3159 	EXP 	Created foodImg = ImageStim(autoLog=True, color=array([ 1.,  1.,  1.]), colorSpace='rgb', contrast=1.0, depth=-3.0, flipHoriz=False, flipVert=False, image='sin', interpolate=True, mask=None, maskParams=None, name='foodImg', opacity=1.0, ori=0.0, pos=array([ 0.,  0.]), size=array([ 0.5,  0.5]), texRes=128, units=u'norm', win=Window(...))
2.3245 	EXP 	Created fixationtext = TextStim(alignHoriz='center', alignVert='center', antialias=True, autoLog=True, bold=False, color=u'black', colorSpace='named', contrast=1.0, depth=-4.0, flipHoriz=False, flipVert=False, font=u'Arial', fontFiles=[], height=0.1, italic=False, name='fixationtext', opacity=1.0, ori=0, pos=array([ 0.,  0.]), rgb=array([ 0.,  0.,  0.]), text=u'+', units=u'norm', win=Window(...), wrapWidth=1)
2.3319 	EXP 	Imported irrelevant.xlsx as conditions, 4 conditions, 4 params
2.3322 	EXP 	Created sequence: random, trialTypes=4, nReps=1, seed=None
2.3327 	EXP 	New trial (rep=0, index=0): {u'food': u'mexican_food1', u'corrAns': u'left', u'sick': u'Yes', u'restaurant': u'Restaurante Arroyo'}
2.3462 	EXP 	window1: recordFrameIntervals = False
2.3659 	EXP 	restaurantText: text = u'Restaurante Arroyo'
2.3659 	EXP 	foodImg: image = u'foods/mexican_food1.png'
2.3659 	EXP 	fixationtext: autoDraw = True
2.3660 	EXP 	window1: recordFrameIntervals = False
2.8826 	EXP 	trialInstrText: autoDraw = True
2.8826 	EXP 	restaurantText: autoDraw = True
2.8826 	EXP 	foodImg: autoDraw = True
2.8826 	EXP 	fixationtext: autoDraw = False
5.7160 	DATA 	Keypress: left
5.8328 	EXP 	New trial (rep=0, index=1): {u'food': u'mexican_food2', u'corrAns': u'right', u'sick': u'No', u'restaurant': u"Molina's Cantina"}
5.8460 	EXP 	window1: recordFrameIntervals = False
5.8519 	EXP 	trialInstrText: autoDraw = False
5.8519 	EXP 	restaurantText: autoDraw = False
5.8519 	EXP 	foodImg: autoDraw = False
5.8519 	EXP 	fixationtext: autoDraw = False
5.8519 	EXP 	restaurantText: text = u"Molina's Cantina"
5.8519 	EXP 	foodImg: image = u'foods/mexican_food2.png'
5.8519 	EXP 	fixationtext: autoDraw = True
5.8520 	EXP 	window1: recordFrameIntervals = False
6.3664 	EXP 	trialInstrText: autoDraw = True
6.3664 	EXP 	restaurantText: autoDraw = True
6.3664 	EXP 	foodImg: autoDraw = True
6.3664 	EXP 	fixationtext: autoDraw = False
7.7992 	DATA 	Keypress: right
8.4161 	DATA 	Keypress: left
9.2829 	DATA 	Keypress: escape
0.3089 	WARNING 	Movie2 stim could not be imported and won't be available
0.5525 	WARNING 	TextBox stim could not be imported and won't be available.
0.5525 	WARNING 	TextBox Font Manager Found No Fonts.
2.6126 	EXP 	Created window1 = Window(allowGUI=False, allowStencil=False, autoLog=True, bitsMode=UNKNOWN, blendMode='avg', color=array([ 0.,  0.,  0.]), colorSpace='rgb', fullscr=UNKNOWN, gamma=None, lms=UNKNOWN, monitor=<psychopy.monitors.calibTools.Monitor instance at 0xf0986c0>, name='window1', pos=[0, 0], screen=0, size=array([1440,  900]), stereo=False, units=u'norm', useFBO=True, viewOri=0.0, viewPos=None, viewScale=None, waitBlanking=True, winType='pyglet')
2.6127 	EXP 	window1: recordFrameIntervals = False
2.7778 	EXP 	window1: recordFrameIntervals = True
2.9614 	EXP 	window1: recordFrameIntervals = False
3.0285 	EXP 	Created trialInstrText = TextStim(alignHoriz='center', alignVert='center', antialias=True, autoLog=True, bold=False, color=u'black', colorSpace='named', contrast=1.0, depth=-1.0, flipHoriz=False, flipVert=False, font=u'Arial', fontFiles=[], height=0.1, italic=False, name='trialInstrText', opacity=1.0, ori=0, pos=array([ 0. ,  0.8]), rgb=array([ 0.,  0.,  0.]), text=unicode(...), units=u'norm', win=Window(...), wrapWidth=20)
3.0349 	EXP 	Created restaurantText = TextStim(alignHoriz='center', alignVert='center', antialias=True, autoLog=True, bold=False, color=u'blue', colorSpace='named', contrast=1.0, depth=-2.0, flipHoriz=False, flipVert=False, font=u'Arial', fontFiles=[], height=0.1, italic=False, name='restaurantText', opacity=1.0, ori=0, pos=array([ 0.  ,  0.35]), rgb=array([   0.,    0.,  255.]), text=u'default text', units=u'norm', win=Window(...), wrapWidth=1)
3.0377 	EXP 	Created foodImg = ImageStim(autoLog=True, color=array([ 1.,  1.,  1.]), colorSpace='rgb', contrast=1.0, depth=-3.0, flipHoriz=False, flipVert=False, image='sin', interpolate=True, mask=None, maskParams=None, name='foodImg', opacity=1.0, ori=0.0, pos=array([ 0.,  0.]), size=array([ 0.5,  0.5]), texRes=128, units=u'norm', win=Window(...))
3.0431 	EXP 	Created fixationtext = TextStim(alignHoriz='center', alignVert='center', antialias=True, autoLog=True, bold=False, color=u'black', colorSpace='named', contrast=1.0, depth=-4.0, flipHoriz=False, flipVert=False, font=u'Arial', fontFiles=[], height=0.1, italic=False, name='fixationtext', opacity=1.0, ori=0, pos=array([ 0.,  0.]), rgb=array([ 0.,  0.,  0.]), text=u'+', units=u'norm', win=Window(...), wrapWidth=1)
3.0491 	EXP 	Imported irrelevant.xlsx as conditions, 4 conditions, 4 params
3.0494 	EXP 	Created sequence: random, trialTypes=4, nReps=1, seed=None
3.0498 	EXP 	New trial (rep=0, index=0): {u'food': u'mexican_food1', u'corrAns': u'left', u'sick': u'Yes', u'restaurant': u"Molina's Cantina"}
3.0619 	EXP 	window1: recordFrameIntervals = False
3.0777 	EXP 	restaurantText: text = u"Molina's Cantina"
3.0777 	EXP 	foodImg: image = u'foods/mexican_food1.png'
3.0777 	EXP 	fixationtext: autoDraw = True
3.0778 	EXP 	window1: recordFrameIntervals = False
3.5948 	EXP 	trialInstrText: autoDraw = True
3.5948 	EXP 	restaurantText: autoDraw = True
3.5948 	EXP 	foodImg: autoDraw = True
3.5948 	EXP 	fixationtext: autoDraw = False
5.6615 	DATA 	Keypress: right
6.5449 	EXP 	New trial (rep=0, index=1): {u'food': u'mexican_food1', u'corrAns': u'left', u'sick': u'Yes', u'restaurant': u'Restaurante Arroyo'}
6.5586 	EXP 	window1: recordFrameIntervals = False
6.5739 	EXP 	trialInstrText: autoDraw = False
6.5739 	EXP 	restaurantText: autoDraw = False
6.5739 	EXP 	foodImg: autoDraw = False
6.5739 	EXP 	fixationtext: autoDraw = False
6.5739 	EXP 	restaurantText: text = u'Restaurante Arroyo'
6.5739 	EXP 	foodImg: image = u'foods/mexican_food1.png'
6.5739 	EXP 	fixationtext: autoDraw = True
6.5740 	EXP 	window1: recordFrameIntervals = False
7.0918 	EXP 	trialInstrText: autoDraw = True
7.0918 	EXP 	restaurantText: autoDraw = True
7.0918 	EXP 	foodImg: autoDraw = True
7.0918 	EXP 	fixationtext: autoDraw = False
9.2284 	DATA 	Keypress: left
10.0455 	EXP 	New trial (rep=0, index=2): {u'food': u'mexican_food2', u'corrAns': u'right', u'sick': u'No', u'restaurant': u"Molina's Cantina"}
10.0561 	EXP 	window1: recordFrameIntervals = False
10.0767 	EXP 	trialInstrText: autoDraw = False
10.0767 	EXP 	restaurantText: autoDraw = False
10.0767 	EXP 	foodImg: autoDraw = False
10.0767 	EXP 	fixationtext: autoDraw = False
10.0767 	EXP 	restaurantText: text = u"Molina's Cantina"
10.0767 	EXP 	foodImg: image = u'foods/mexican_food2.png'
10.0767 	EXP 	fixationtext: autoDraw = True
10.0768 	EXP 	window1: recordFrameIntervals = False
10.5946 	EXP 	trialInstrText: autoDraw = True
10.5946 	EXP 	restaurantText: autoDraw = True
10.5946 	EXP 	foodImg: autoDraw = True
10.5946 	EXP 	fixationtext: autoDraw = False
10.8286 	DATA 	Keypress: right
12.4955 	DATA 	Keypress: left
13.4624 	DATA 	Keypress: right
13.5458 	EXP 	New trial (rep=0, index=3): {u'food': u'mexican_food2', u'corrAns': u'right', u'sick': u'No', u'restaurant': u'Restaurante Arroyo'}
13.5575 	EXP 	window1: recordFrameIntervals = False
13.5785 	EXP 	trialInstrText: autoDraw = False
13.5785 	EXP 	restaurantText: autoDraw = False
13.5785 	EXP 	foodImg: autoDraw = False
13.5785 	EXP 	fixationtext: autoDraw = False
13.5785 	EXP 	restaurantText: text = u'Restaurante Arroyo'
13.5785 	EXP 	foodImg: image = u'foods/mexican_food2.png'
13.5785 	EXP 	fixationtext: autoDraw = True
13.5787 	EXP 	window1: recordFrameIntervals = False
14.0964 	EXP 	trialInstrText: autoDraw = True
14.0964 	EXP 	restaurantText: autoDraw = True
14.0964 	EXP 	foodImg: autoDraw = True
14.0964 	EXP 	fixationtext: autoDraw = False
15.1128 	DATA 	Keypress: left
16.4960 	DATA 	Keypress: right
16.9477 	DATA 	Keypress: right
