0.3106 	WARNING 	Movie2 stim could not be imported and won't be available
0.5556 	WARNING 	TextBox stim could not be imported and won't be available.
0.5556 	WARNING 	TextBox Font Manager Found No Fonts.
5.5431 	EXP 	Created window1 = Window(allowGUI=False, allowStencil=False, autoLog=True, bitsMode=UNKNOWN, blendMode='avg', color=array([ 0.,  0.,  0.]), colorSpace='rgb', fullscr=UNKNOWN, gamma=None, lms=UNKNOWN, monitor=<psychopy.monitors.calibTools.Monitor instance at 0xefe4670>, name='window1', pos=[0, 0], screen=0, size=array([1440,  900]), stereo=False, units=u'norm', useFBO=True, viewOri=0.0, viewPos=None, viewScale=None, waitBlanking=True, winType='pyglet')
5.5432 	EXP 	window1: recordFrameIntervals = False
5.7084 	EXP 	window1: recordFrameIntervals = True
5.8920 	EXP 	window1: recordFrameIntervals = False
5.9597 	EXP 	Created trialInstrText = TextStim(alignHoriz='center', alignVert='center', antialias=True, autoLog=True, bold=False, color=u'white', colorSpace='named', contrast=1.0, depth=-1.0, flipHoriz=False, flipVert=False, font=u'Arial', fontFiles=[], height=0.1, italic=False, name='trialInstrText', opacity=1.0, ori=0, pos=array([ 0.,  9.]), rgb=array([ 255.,  255.,  255.]), text=unicode(...), units=u'norm', win=Window(...), wrapWidth=1)
5.9661 	EXP 	Created restaurantText = TextStim(alignHoriz='center', alignVert='center', antialias=True, autoLog=True, bold=False, color=u'white', colorSpace='named', contrast=1.0, depth=-2.0, flipHoriz=False, flipVert=False, font=u'Arial', fontFiles=[], height=0.1, italic=False, name='restaurantText', opacity=1.0, ori=0, pos=array([ 0. ,  6.5]), rgb=array([ 255.,  255.,  255.]), text=u'default text', units=u'norm', win=Window(...), wrapWidth=1)
5.9688 	EXP 	Created foodImg = ImageStim(autoLog=True, color=array([ 1.,  1.,  1.]), colorSpace='rgb', contrast=1.0, depth=-3.0, flipHoriz=False, flipVert=False, image='sin', interpolate=True, mask=None, maskParams=None, name='foodImg', opacity=1.0, ori=0.0, pos=array([ 0.,  3.]), size=array([ 0.5,  0.5]), texRes=128, units=u'norm', win=Window(...))
5.9750 	EXP 	Imported irrelevant.xlsx as conditions, 4 conditions, 4 params
5.9753 	EXP 	Created sequence: random, trialTypes=4, nReps=1, seed=None
5.9757 	EXP 	New trial (rep=0, index=0): {u'food': u'mexican_food2', u'corrAns': u'right', u'sick': u'No', u'restaurant': u'Restaurante Arroyo'}
5.9995 	EXP 	window1: recordFrameIntervals = False
6.0064 	EXP 	restaurantText: text = u'Restaurante Arroyo'
6.0064 	EXP 	foodImg: image = u'foods/mexican_food2.png'
6.0065 	EXP 	window1: recordFrameIntervals = False
12.0428 	EXP 	trialInstrText: autoDraw = True
12.0428 	EXP 	restaurantText: autoDraw = True
12.0428 	EXP 	foodImg: autoDraw = True
14.9768 	EXP 	New trial (rep=0, index=1): {u'food': u'mexican_food1', u'corrAns': u'left', u'sick': u'Yes', u'restaurant': u'Restaurante Arroyo'}
14.9882 	EXP 	window1: recordFrameIntervals = False
15.0093 	EXP 	trialInstrText: autoDraw = False
15.0093 	EXP 	restaurantText: autoDraw = False
15.0093 	EXP 	foodImg: autoDraw = False
15.0093 	EXP 	restaurantText: text = u'Restaurante Arroyo'
15.0093 	EXP 	foodImg: image = u'foods/mexican_food1.png'
15.0095 	EXP 	window1: recordFrameIntervals = False
20.7980 	DATA 	Keypress: space
20.8029 	DATA 	Keypress: left
20.8033 	DATA 	Keypress: up
20.8038 	DATA 	Keypress: right
20.8041 	DATA 	Keypress: left
20.8046 	DATA 	Keypress: down
20.8051 	DATA 	Keypress: down
20.8056 	DATA 	Keypress: right
21.0273 	EXP 	trialInstrText: autoDraw = True
21.0273 	EXP 	restaurantText: autoDraw = True
21.0273 	EXP 	foodImg: autoDraw = True
21.1779 	DATA 	Keypress: escape
