0.3119 	WARNING 	Movie2 stim could not be imported and won't be available
0.5473 	WARNING 	TextBox stim could not be imported and won't be available.
0.5473 	WARNING 	TextBox Font Manager Found No Fonts.
2.7521 	EXP 	Created window1 = Window(allowGUI=False, allowStencil=False, autoLog=True, bitsMode=UNKNOWN, blendMode='avg', color=array([ 0.,  0.,  0.]), colorSpace='rgb', fullscr=UNKNOWN, gamma=None, lms=UNKNOWN, monitor=<psychopy.monitors.calibTools.Monitor instance at 0xe6f8670>, name='window1', pos=[0, 0], screen=0, size=array([1440,  900]), stereo=False, units=u'norm', useFBO=True, viewOri=0.0, viewPos=None, viewScale=None, waitBlanking=True, winType='pyglet')
2.7522 	EXP 	window1: recordFrameIntervals = False
2.9174 	EXP 	window1: recordFrameIntervals = True
3.1008 	EXP 	window1: recordFrameIntervals = False
3.1689 	EXP 	Created trialInstrText = TextStim(alignHoriz='center', alignVert='center', antialias=True, autoLog=True, bold=False, color=u'white', colorSpace='named', contrast=1.0, depth=-1.0, flipHoriz=False, flipVert=False, font=u'Arial', fontFiles=[], height=0.1, italic=False, name='trialInstrText', opacity=1.0, ori=0, pos=array([ 0. ,  0.8]), rgb=array([ 255.,  255.,  255.]), text=unicode(...), units=u'norm', win=Window(...), wrapWidth=1)
3.1753 	EXP 	Created restaurantText = TextStim(alignHoriz='center', alignVert='center', antialias=True, autoLog=True, bold=False, color=u'blue', colorSpace='named', contrast=1.0, depth=-2.0, flipHoriz=False, flipVert=False, font=u'Arial', fontFiles=[], height=0.1, italic=False, name='restaurantText', opacity=1.0, ori=0, pos=array([ 0. ,  0.7]), rgb=array([   0.,    0.,  255.]), text=u'default text', units=u'norm', win=Window(...), wrapWidth=1)
3.1780 	EXP 	Created foodImg = ImageStim(autoLog=True, color=array([ 1.,  1.,  1.]), colorSpace='rgb', contrast=1.0, depth=-3.0, flipHoriz=False, flipVert=False, image='sin', interpolate=True, mask=None, maskParams=None, name='foodImg', opacity=1.0, ori=0.0, pos=array([ 0.,  1.]), size=array([ 0.5,  0.5]), texRes=128, units=u'norm', win=Window(...))
3.1841 	EXP 	Imported irrelevant.xlsx as conditions, 4 conditions, 4 params
3.1844 	EXP 	Created sequence: random, trialTypes=4, nReps=1, seed=None
3.1848 	EXP 	New trial (rep=0, index=0): {u'food': u'mexican_food1', u'corrAns': u'left', u'sick': u'Yes', u'restaurant': u"Molina's Cantina"}
3.2028 	EXP 	window1: recordFrameIntervals = False
3.2171 	EXP 	restaurantText: text = u"Molina's Cantina"
3.2171 	EXP 	foodImg: image = u'foods/mexican_food1.png'
3.2172 	EXP 	window1: recordFrameIntervals = False
3.7172 	EXP 	trialInstrText: autoDraw = True
3.7172 	EXP 	restaurantText: autoDraw = True
3.7172 	EXP 	foodImg: autoDraw = True
5.7851 	DATA 	Keypress: escape
0.3052 	WARNING 	Movie2 stim could not be imported and won't be available
0.5508 	WARNING 	TextBox stim could not be imported and won't be available.
0.5508 	WARNING 	TextBox Font Manager Found No Fonts.
3.2836 	EXP 	Created window1 = Window(allowGUI=False, allowStencil=False, autoLog=True, bitsMode=UNKNOWN, blendMode='avg', color=array([ 0.,  0.,  0.]), colorSpace='rgb', fullscr=UNKNOWN, gamma=None, lms=UNKNOWN, monitor=<psychopy.monitors.calibTools.Monitor instance at 0xe6ca670>, name='window1', pos=[0, 0], screen=0, size=array([1440,  900]), stereo=False, units=u'norm', useFBO=True, viewOri=0.0, viewPos=None, viewScale=None, waitBlanking=True, winType='pyglet')
3.2836 	EXP 	window1: recordFrameIntervals = False
3.4487 	EXP 	window1: recordFrameIntervals = True
3.6323 	EXP 	window1: recordFrameIntervals = False
3.7028 	EXP 	Created trialInstrText = TextStim(alignHoriz='center', alignVert='center', antialias=True, autoLog=True, bold=False, color=u'white', colorSpace='named', contrast=1.0, depth=-1.0, flipHoriz=False, flipVert=False, font=u'Arial', fontFiles=[], height=0.1, italic=False, name='trialInstrText', opacity=1.0, ori=0, pos=array([ 0. ,  0.8]), rgb=array([ 255.,  255.,  255.]), text=unicode(...), units=u'norm', win=Window(...), wrapWidth=1)
3.7092 	EXP 	Created restaurantText = TextStim(alignHoriz='center', alignVert='center', antialias=True, autoLog=True, bold=False, color=u'blue', colorSpace='named', contrast=1.0, depth=-2.0, flipHoriz=False, flipVert=False, font=u'Arial', fontFiles=[], height=0.1, italic=False, name='restaurantText', opacity=1.0, ori=0, pos=array([ 0. ,  0.6]), rgb=array([   0.,    0.,  255.]), text=u'default text', units=u'norm', win=Window(...), wrapWidth=1)
3.7119 	EXP 	Created foodImg = ImageStim(autoLog=True, color=array([ 1.,  1.,  1.]), colorSpace='rgb', contrast=1.0, depth=-3.0, flipHoriz=False, flipVert=False, image='sin', interpolate=True, mask=None, maskParams=None, name='foodImg', opacity=1.0, ori=0.0, pos=array([ 0.,  0.]), size=array([ 0.5,  0.5]), texRes=128, units=u'norm', win=Window(...))
3.7178 	EXP 	Imported irrelevant.xlsx as conditions, 4 conditions, 4 params
3.7180 	EXP 	Created sequence: random, trialTypes=4, nReps=1, seed=None
3.7184 	EXP 	New trial (rep=0, index=0): {u'food': u'mexican_food2', u'corrAns': u'right', u'sick': u'No', u'restaurant': u"Molina's Cantina"}
3.7339 	EXP 	window1: recordFrameIntervals = False
3.7487 	EXP 	restaurantText: text = u"Molina's Cantina"
3.7487 	EXP 	foodImg: image = u'foods/mexican_food2.png'
3.7489 	EXP 	window1: recordFrameIntervals = False
4.2489 	EXP 	trialInstrText: autoDraw = True
4.2489 	EXP 	restaurantText: autoDraw = True
4.2489 	EXP 	foodImg: autoDraw = True
5.9156 	DATA 	Keypress: escape
