0.3077 	WARNING 	Movie2 stim could not be imported and won't be available
0.5443 	WARNING 	TextBox stim could not be imported and won't be available.
0.5443 	WARNING 	TextBox Font Manager Found No Fonts.
2.5878 	EXP 	Created window1 = Window(allowGUI=False, allowStencil=False, autoLog=True, bitsMode=UNKNOWN, blendMode='avg', color=array([ 0.,  0.,  0.]), colorSpace='rgb', fullscr=UNKNOWN, gamma=None, lms=UNKNOWN, monitor=<psychopy.monitors.calibTools.Monitor instance at 0xee9c6c0>, name='window1', pos=[0, 0], screen=0, size=array([1440,  900]), stereo=False, units=u'norm', useFBO=True, viewOri=0.0, viewPos=None, viewScale=None, waitBlanking=True, winType='pyglet')
2.5879 	EXP 	window1: recordFrameIntervals = False
2.7530 	EXP 	window1: recordFrameIntervals = True
2.9367 	EXP 	window1: recordFrameIntervals = False
3.0096 	EXP 	Created trialInstrText = TextStim(alignHoriz='center', alignVert='center', antialias=True, autoLog=True, bold=False, color=u'white', colorSpace='named', contrast=1.0, depth=-1.0, flipHoriz=False, flipVert=False, font=u'Arial', fontFiles=[], height=0.1, italic=False, name='trialInstrText', opacity=1.0, ori=0, pos=array([ 0. ,  0.8]), rgb=array([ 255.,  255.,  255.]), text=unicode(...), units=u'norm', win=Window(...), wrapWidth=1)
3.0164 	EXP 	Created restaurantText = TextStim(alignHoriz='center', alignVert='center', antialias=True, autoLog=True, bold=False, color=u'blue', colorSpace='named', contrast=1.0, depth=-2.0, flipHoriz=False, flipVert=False, font=u'Arial', fontFiles=[], height=0.1, italic=False, name='restaurantText', opacity=1.0, ori=0, pos=array([ 0. ,  0.5]), rgb=array([   0.,    0.,  255.]), text=u'default text', units=u'norm', win=Window(...), wrapWidth=1)
3.0191 	EXP 	Created foodImg = ImageStim(autoLog=True, color=array([ 1.,  1.,  1.]), colorSpace='rgb', contrast=1.0, depth=-3.0, flipHoriz=False, flipVert=False, image='sin', interpolate=True, mask=None, maskParams=None, name='foodImg', opacity=1.0, ori=0.0, pos=array([ 0.,  0.]), size=array([ 0.5,  0.5]), texRes=128, units=u'norm', win=Window(...))
3.0275 	EXP 	Created fixationtext = TextStim(alignHoriz='center', alignVert='center', antialias=True, autoLog=True, bold=False, color=u'white', colorSpace='named', contrast=1.0, depth=-4.0, flipHoriz=False, flipVert=False, font=u'Arial', fontFiles=[], height=0.1, italic=False, name='fixationtext', opacity=1.0, ori=0, pos=array([ 0.,  0.]), rgb=array([ 255.,  255.,  255.]), text=u'+', units=u'norm', win=Window(...), wrapWidth=1)
3.0345 	EXP 	Imported irrelevant.xlsx as conditions, 4 conditions, 4 params
3.0349 	EXP 	Created sequence: random, trialTypes=4, nReps=1, seed=None
3.0353 	EXP 	New trial (rep=0, index=0): {u'food': u'mexican_food2', u'corrAns': u'right', u'sick': u'No', u'restaurant': u'Restaurante Arroyo'}
3.0483 	EXP 	window1: recordFrameIntervals = False
3.0674 	EXP 	restaurantText: text = u'Restaurante Arroyo'
3.0674 	EXP 	foodImg: image = u'foods/mexican_food2.png'
3.0674 	EXP 	fixationtext: autoDraw = True
3.0675 	EXP 	window1: recordFrameIntervals = False
3.5848 	EXP 	trialInstrText: autoDraw = True
3.5848 	EXP 	restaurantText: autoDraw = True
3.5848 	EXP 	foodImg: autoDraw = True
3.5848 	EXP 	fixationtext: autoDraw = False
6.5362 	EXP 	New trial (rep=0, index=1): {u'food': u'mexican_food1', u'corrAns': u'left', u'sick': u'Yes', u'restaurant': u"Molina's Cantina"}
6.5533 	EXP 	window1: recordFrameIntervals = False
6.5688 	EXP 	trialInstrText: autoDraw = False
6.5688 	EXP 	restaurantText: autoDraw = False
6.5688 	EXP 	foodImg: autoDraw = False
6.5688 	EXP 	fixationtext: autoDraw = False
6.5688 	EXP 	restaurantText: text = u"Molina's Cantina"
6.5688 	EXP 	foodImg: image = u'foods/mexican_food1.png'
6.5688 	EXP 	fixationtext: autoDraw = True
6.5689 	EXP 	window1: recordFrameIntervals = False
7.0867 	EXP 	trialInstrText: autoDraw = True
7.0867 	EXP 	restaurantText: autoDraw = True
7.0867 	EXP 	foodImg: autoDraw = True
7.0867 	EXP 	fixationtext: autoDraw = False
8.1304 	DATA 	Mouse: unknownButton button up, pos=(622,260)
8.2032 	DATA 	Keypress: escape
0.3139 	WARNING 	Movie2 stim could not be imported and won't be available
0.5590 	WARNING 	TextBox stim could not be imported and won't be available.
0.5591 	WARNING 	TextBox Font Manager Found No Fonts.
2.5686 	EXP 	Created window1 = Window(allowGUI=False, allowStencil=False, autoLog=True, bitsMode=UNKNOWN, blendMode='avg', color=array([ 0.,  0.,  0.]), colorSpace='rgb', fullscr=UNKNOWN, gamma=None, lms=UNKNOWN, monitor=<psychopy.monitors.calibTools.Monitor instance at 0xeda26c0>, name='window1', pos=[0, 0], screen=0, size=array([1440,  900]), stereo=False, units=u'norm', useFBO=True, viewOri=0.0, viewPos=None, viewScale=None, waitBlanking=True, winType='pyglet')
2.5687 	EXP 	window1: recordFrameIntervals = False
2.7339 	EXP 	window1: recordFrameIntervals = True
2.9176 	EXP 	window1: recordFrameIntervals = False
2.9885 	EXP 	Created trialInstrText = TextStim(alignHoriz='center', alignVert='center', antialias=True, autoLog=True, bold=False, color=u'white', colorSpace='named', contrast=1.0, depth=-1.0, flipHoriz=False, flipVert=False, font=u'Arial', fontFiles=[], height=0.1, italic=False, name='trialInstrText', opacity=1.0, ori=0, pos=array([ 0. ,  0.8]), rgb=array([ 255.,  255.,  255.]), text=unicode(...), units=u'norm', win=Window(...), wrapWidth=1)
2.9968 	EXP 	Created restaurantText = TextStim(alignHoriz='center', alignVert='center', antialias=True, autoLog=True, bold=False, color=u'blue', colorSpace='named', contrast=1.0, depth=-2.0, flipHoriz=False, flipVert=False, font=u'Arial', fontFiles=[], height=0.1, italic=False, name='restaurantText', opacity=1.0, ori=0, pos=array([ 0. ,  0.5]), rgb=array([   0.,    0.,  255.]), text=u'default text', units=u'norm', win=Window(...), wrapWidth=1)
3.0008 	EXP 	Created foodImg = ImageStim(autoLog=True, color=array([ 1.,  1.,  1.]), colorSpace='rgb', contrast=1.0, depth=-3.0, flipHoriz=False, flipVert=False, image='sin', interpolate=True, mask=None, maskParams=None, name='foodImg', opacity=1.0, ori=0.0, pos=array([ 0.,  0.]), size=array([ 0.5,  0.5]), texRes=128, units=u'norm', win=Window(...))
3.0085 	EXP 	Created fixationtext = TextStim(alignHoriz='center', alignVert='center', antialias=True, autoLog=True, bold=False, color=u'black', colorSpace='named', contrast=1.0, depth=-4.0, flipHoriz=False, flipVert=False, font=u'Arial', fontFiles=[], height=0.2, italic=False, name='fixationtext', opacity=1.0, ori=0, pos=array([ 0.,  0.]), rgb=array([ 0.,  0.,  0.]), text=u'+', units=u'norm', win=Window(...), wrapWidth=1)
3.0149 	EXP 	Imported irrelevant.xlsx as conditions, 4 conditions, 4 params
3.0152 	EXP 	Created sequence: random, trialTypes=4, nReps=1, seed=None
3.0156 	EXP 	New trial (rep=0, index=0): {u'food': u'mexican_food2', u'corrAns': u'right', u'sick': u'No', u'restaurant': u"Molina's Cantina"}
3.0276 	EXP 	window1: recordFrameIntervals = False
3.0501 	EXP 	restaurantText: text = u"Molina's Cantina"
3.0501 	EXP 	foodImg: image = u'foods/mexican_food2.png'
3.0501 	EXP 	fixationtext: autoDraw = True
3.0502 	EXP 	window1: recordFrameIntervals = False
3.5671 	EXP 	trialInstrText: autoDraw = True
3.5671 	EXP 	restaurantText: autoDraw = True
3.5671 	EXP 	foodImg: autoDraw = True
3.5671 	EXP 	fixationtext: autoDraw = False
4.3853 	DATA 	Keypress: escape
