0.3172 	WARNING 	Movie2 stim could not be imported and won't be available
0.5551 	WARNING 	TextBox stim could not be imported and won't be available.
0.5551 	WARNING 	TextBox Font Manager Found No Fonts.
2.6922 	EXP 	Created window1 = Window(allowGUI=False, allowStencil=False, autoLog=True, bitsMode=UNKNOWN, blendMode='avg', color=array([ 0.,  0.,  0.]), colorSpace='rgb', fullscr=UNKNOWN, gamma=None, lms=UNKNOWN, monitor=<psychopy.monitors.calibTools.Monitor instance at 0xe8d5670>, name='window1', pos=[0, 0], screen=0, size=array([1440,  900]), stereo=False, units=u'norm', useFBO=True, viewOri=0.0, viewPos=None, viewScale=None, waitBlanking=True, winType='pyglet')
2.6923 	EXP 	window1: recordFrameIntervals = False
2.8573 	EXP 	window1: recordFrameIntervals = True
3.0409 	EXP 	window1: recordFrameIntervals = False
3.1134 	EXP 	Created trialInstrText = TextStim(alignHoriz='center', alignVert='center', antialias=True, autoLog=True, bold=False, color=u'white', colorSpace='named', contrast=1.0, depth=-1.0, flipHoriz=False, flipVert=False, font=u'Arial', fontFiles=[], height=0.1, italic=False, name='trialInstrText', opacity=1.0, ori=0, pos=array([ 0.,  9.]), rgb=array([ 255.,  255.,  255.]), text=unicode(...), units=u'norm', win=Window(...), wrapWidth=1)
3.1205 	EXP 	Created restaurantText = TextStim(alignHoriz='center', alignVert='center', antialias=True, autoLog=True, bold=False, color=u'white', colorSpace='named', contrast=1.0, depth=-2.0, flipHoriz=False, flipVert=False, font=u'Arial', fontFiles=[], height=0.1, italic=False, name='restaurantText', opacity=1.0, ori=0, pos=array([ 0. ,  6.5]), rgb=array([ 255.,  255.,  255.]), text=u'default text', units=u'norm', win=Window(...), wrapWidth=1)
3.1233 	EXP 	Created foodImg = ImageStim(autoLog=True, color=array([ 1.,  1.,  1.]), colorSpace='rgb', contrast=1.0, depth=-3.0, flipHoriz=False, flipVert=False, image='sin', interpolate=True, mask=None, maskParams=None, name='foodImg', opacity=1.0, ori=0.0, pos=array([ 0.,  3.]), size=array([ 0.5,  0.5]), texRes=128, units=u'norm', win=Window(...))
3.1294 	EXP 	Imported irrelevant.xlsx as conditions, 4 conditions, 4 params
3.1297 	EXP 	Created sequence: random, trialTypes=4, nReps=1, seed=None
3.1301 	EXP 	New trial (rep=0, index=0): {u'food': u'mexican_food1', u'corrAns': u'left', u'sick': u'Yes', u'restaurant': u"Molina's Cantina"}
3.1452 	EXP 	window1: recordFrameIntervals = False
3.1576 	EXP 	restaurantText: text = u"Molina's Cantina"
3.1576 	EXP 	foodImg: image = u'foods/mexican_food1.png'
3.1577 	EXP 	window1: recordFrameIntervals = False
3.6577 	EXP 	trialInstrText: autoDraw = True
3.6577 	EXP 	restaurantText: autoDraw = True
3.6577 	EXP 	foodImg: autoDraw = True
6.6253 	EXP 	New trial (rep=0, index=1): {u'food': u'mexican_food1', u'corrAns': u'left', u'sick': u'Yes', u'restaurant': u'Restaurante Arroyo'}
6.6393 	EXP 	window1: recordFrameIntervals = False
6.6579 	EXP 	trialInstrText: autoDraw = False
6.6579 	EXP 	restaurantText: autoDraw = False
6.6579 	EXP 	foodImg: autoDraw = False
6.6579 	EXP 	restaurantText: text = u'Restaurante Arroyo'
6.6579 	EXP 	foodImg: image = u'foods/mexican_food1.png'
6.6581 	EXP 	window1: recordFrameIntervals = False
7.1581 	EXP 	trialInstrText: autoDraw = True
7.1581 	EXP 	restaurantText: autoDraw = True
7.1581 	EXP 	foodImg: autoDraw = True
7.3284 	DATA 	Mouse: Left button down, pos=(297,1)
7.3420 	DATA 	Mouse: Left button up, pos=(297,1)
7.9088 	DATA 	Keypress: escape
0.3074 	WARNING 	Movie2 stim could not be imported and won't be available
0.5510 	WARNING 	TextBox stim could not be imported and won't be available.
0.5510 	WARNING 	TextBox Font Manager Found No Fonts.
2.6523 	EXP 	Created window1 = Window(allowGUI=False, allowStencil=False, autoLog=True, bitsMode=UNKNOWN, blendMode='avg', color=array([ 0.,  0.,  0.]), colorSpace='rgb', fullscr=UNKNOWN, gamma=None, lms=UNKNOWN, monitor=<psychopy.monitors.calibTools.Monitor instance at 0xf1d2670>, name='window1', pos=[0, 0], screen=0, size=array([1440,  900]), stereo=False, units=u'norm', useFBO=True, viewOri=0.0, viewPos=None, viewScale=None, waitBlanking=True, winType='pyglet')
2.6524 	EXP 	window1: recordFrameIntervals = False
2.8182 	EXP 	window1: recordFrameIntervals = True
3.0015 	EXP 	window1: recordFrameIntervals = False
3.0696 	EXP 	Created trialInstrText = TextStim(alignHoriz='center', alignVert='center', antialias=True, autoLog=True, bold=False, color=u'white', colorSpace='named', contrast=1.0, depth=-1.0, flipHoriz=False, flipVert=False, font=u'Arial', fontFiles=[], height=0.1, italic=False, name='trialInstrText', opacity=1.0, ori=0, pos=array([ 0.,  9.]), rgb=array([ 255.,  255.,  255.]), text=unicode(...), units=u'norm', win=Window(...), wrapWidth=1)
3.0759 	EXP 	Created restaurantText = TextStim(alignHoriz='center', alignVert='center', antialias=True, autoLog=True, bold=False, color=u'white', colorSpace='named', contrast=1.0, depth=-2.0, flipHoriz=False, flipVert=False, font=u'Arial', fontFiles=[], height=0.1, italic=False, name='restaurantText', opacity=1.0, ori=0, pos=array([ 0. ,  0.5]), rgb=array([ 255.,  255.,  255.]), text=u'default text', units=u'norm', win=Window(...), wrapWidth=1)
3.0786 	EXP 	Created foodImg = ImageStim(autoLog=True, color=array([ 1.,  1.,  1.]), colorSpace='rgb', contrast=1.0, depth=-3.0, flipHoriz=False, flipVert=False, image='sin', interpolate=True, mask=None, maskParams=None, name='foodImg', opacity=1.0, ori=0.0, pos=array([ 0.,  1.]), size=array([ 0.5,  0.5]), texRes=128, units=u'norm', win=Window(...))
3.0845 	EXP 	Imported irrelevant.xlsx as conditions, 4 conditions, 4 params
3.0848 	EXP 	Created sequence: random, trialTypes=4, nReps=1, seed=None
3.0852 	EXP 	New trial (rep=0, index=0): {u'food': u'mexican_food2', u'corrAns': u'right', u'sick': u'No', u'restaurant': u"Molina's Cantina"}
3.0998 	EXP 	window1: recordFrameIntervals = False
3.1180 	EXP 	restaurantText: text = u"Molina's Cantina"
3.1180 	EXP 	foodImg: image = u'foods/mexican_food2.png'
3.1181 	EXP 	window1: recordFrameIntervals = False
3.6181 	EXP 	trialInstrText: autoDraw = True
3.6181 	EXP 	restaurantText: autoDraw = True
3.6181 	EXP 	foodImg: autoDraw = True
4.9369 	DATA 	Keypress: escape
