0.3157 	WARNING 	Movie2 stim could not be imported and won't be available
0.5548 	WARNING 	TextBox stim could not be imported and won't be available.
0.5548 	WARNING 	TextBox Font Manager Found No Fonts.
2.0338 	EXP 	Created window1 = Window(allowGUI=False, allowStencil=False, autoLog=True, bitsMode=UNKNOWN, blendMode='avg', color=array([ 0.,  0.,  0.]), colorSpace='rgb', fullscr=UNKNOWN, gamma=None, lms=UNKNOWN, monitor=<psychopy.monitors.calibTools.Monitor instance at 0xeea9760>, name='window1', pos=[0, 0], screen=0, size=array([1440,  900]), stereo=False, units=u'norm', useFBO=True, viewOri=0.0, viewPos=None, viewScale=None, waitBlanking=True, winType='pyglet')
2.0339 	EXP 	window1: recordFrameIntervals = False
2.1993 	EXP 	window1: recordFrameIntervals = True
2.3827 	EXP 	window1: recordFrameIntervals = False
2.4488 	EXP 	Created trialInstrText = TextStim(alignHoriz='center', alignVert='center', antialias=True, autoLog=True, bold=False, color=u'black', colorSpace='named', contrast=1.0, depth=-1.0, flipHoriz=False, flipVert=False, font=u'Arial', fontFiles=[], height=0.1, italic=False, name='trialInstrText', opacity=1.0, ori=0, pos=array([ 0. ,  0.8]), rgb=array([ 0.,  0.,  0.]), text=unicode(...), units=u'norm', win=Window(...), wrapWidth=20)
2.4556 	EXP 	Created restaurantText = TextStim(alignHoriz='center', alignVert='center', antialias=True, autoLog=True, bold=False, color=u'blue', colorSpace='named', contrast=1.0, depth=-2.0, flipHoriz=False, flipVert=False, font=u'Arial', fontFiles=[], height=0.1, italic=False, name='restaurantText', opacity=1.0, ori=0, pos=array([ 0.  ,  0.35]), rgb=array([   0.,    0.,  255.]), text=u'default text', units=u'norm', win=Window(...), wrapWidth=1)
2.4584 	EXP 	Created foodImg = ImageStim(autoLog=True, color=array([ 1.,  1.,  1.]), colorSpace='rgb', contrast=1.0, depth=-3.0, flipHoriz=False, flipVert=False, image='sin', interpolate=True, mask=None, maskParams=None, name='foodImg', opacity=1.0, ori=0.0, pos=array([ 0.,  0.]), size=array([ 0.5,  0.5]), texRes=128, units=u'norm', win=Window(...))
2.4642 	EXP 	Created fixationtext = TextStim(alignHoriz='center', alignVert='center', antialias=True, autoLog=True, bold=False, color=u'black', colorSpace='named', contrast=1.0, depth=-4.0, flipHoriz=False, flipVert=False, font=u'Arial', fontFiles=[], height=0.1, italic=False, name='fixationtext', opacity=1.0, ori=0, pos=array([ 0.,  0.]), rgb=array([ 0.,  0.,  0.]), text=u'+', units=u'norm', win=Window(...), wrapWidth=1)
2.4689 	EXP 	Created sickImg = ImageStim(autoLog=True, color=array([ 1.,  1.,  1.]), colorSpace='rgb', contrast=1.0, depth=-6.0, flipHoriz=False, flipVert=False, image=u'images/sick.png', interpolate=True, mask=None, maskParams=None, name='sickImg', opacity=1.0, ori=0.0, pos=array([-0.3, -0.3]), size=array([ 0.5,  0.5]), texRes=128, units=u'norm', win=Window(...))
2.4714 	EXP 	Created notsickImg = ImageStim(autoLog=True, color=array([ 1.,  1.,  1.]), colorSpace='rgb', contrast=1.0, depth=-7.0, flipHoriz=False, flipVert=False, image=u'images/smiley.png', interpolate=True, mask=None, maskParams=None, name='notsickImg', opacity=1.0, ori=0.0, pos=array([ 0.3, -0.3]), size=array([ 0.5,  0.5]), texRes=128, units=u'norm', win=Window(...))
2.4774 	EXP 	Imported irrelevant.xlsx as conditions, 4 conditions, 4 params
2.4776 	EXP 	Created sequence: random, trialTypes=4, nReps=1, seed=None
2.4781 	EXP 	New trial (rep=0, index=0): {u'food': u'mexican_food1', u'corrAns': u'left', u'sick': u'Yes', u'restaurant': u"Molina's Cantina"}
2.4913 	EXP 	window1: recordFrameIntervals = False
2.5132 	EXP 	restaurantText: text = u"Molina's Cantina"
2.5132 	EXP 	foodImg: image = u'foods/mexican_food1.png'
2.5132 	EXP 	fixationtext: autoDraw = True
2.5132 	EXP 	sickImg: autoDraw = True
2.5132 	EXP 	notsickImg: autoDraw = True
2.5133 	EXP 	window1: recordFrameIntervals = False
3.0300 	EXP 	trialInstrText: autoDraw = True
3.0300 	EXP 	restaurantText: autoDraw = True
3.0300 	EXP 	foodImg: autoDraw = True
3.0300 	EXP 	fixationtext: autoDraw = False
3.4967 	EXP 	sickImg: autoDraw = False
3.4967 	EXP 	notsickImg: autoDraw = False
5.9834 	EXP 	New trial (rep=0, index=1): {u'food': u'mexican_food2', u'corrAns': u'right', u'sick': u'No', u'restaurant': u"Molina's Cantina"}
5.9941 	EXP 	window1: recordFrameIntervals = False
6.0155 	EXP 	trialInstrText: autoDraw = False
6.0155 	EXP 	restaurantText: autoDraw = False
6.0155 	EXP 	foodImg: autoDraw = False
6.0155 	EXP 	fixationtext: autoDraw = False
6.0155 	EXP 	sickImg: autoDraw = False
6.0155 	EXP 	notsickImg: autoDraw = False
6.0155 	EXP 	restaurantText: text = u"Molina's Cantina"
6.0155 	EXP 	foodImg: image = u'foods/mexican_food2.png'
6.0155 	EXP 	fixationtext: autoDraw = True
6.0155 	EXP 	sickImg: autoDraw = True
6.0155 	EXP 	notsickImg: autoDraw = True
6.0157 	EXP 	window1: recordFrameIntervals = False
6.5328 	EXP 	trialInstrText: autoDraw = True
6.5328 	EXP 	restaurantText: autoDraw = True
6.5328 	EXP 	foodImg: autoDraw = True
6.5328 	EXP 	fixationtext: autoDraw = False
6.9991 	EXP 	sickImg: autoDraw = False
6.9991 	EXP 	notsickImg: autoDraw = False
7.3995 	DATA 	Keypress: escape
