0.3096 	WARNING 	Movie2 stim could not be imported and won't be available
0.5597 	WARNING 	TextBox stim could not be imported and won't be available.
0.5597 	WARNING 	TextBox Font Manager Found No Fonts.
2.6969 	EXP 	Created window1 = Window(allowGUI=False, allowStencil=False, autoLog=True, bitsMode=UNKNOWN, blendMode='avg', color=array([ 0.,  0.,  0.]), colorSpace='rgb', fullscr=UNKNOWN, gamma=None, lms=UNKNOWN, monitor=<psychopy.monitors.calibTools.Monitor instance at 0xf0ca6c0>, name='window1', pos=[0, 0], screen=0, size=array([1440,  900]), stereo=False, units=u'norm', useFBO=True, viewOri=0.0, viewPos=None, viewScale=None, waitBlanking=True, winType='pyglet')
2.6969 	EXP 	window1: recordFrameIntervals = False
2.8616 	EXP 	window1: recordFrameIntervals = True
3.0452 	EXP 	window1: recordFrameIntervals = False
3.1154 	EXP 	Created trialInstrText = TextStim(alignHoriz='center', alignVert='center', antialias=True, autoLog=True, bold=False, color=u'black', colorSpace='named', contrast=1.0, depth=0.0, flipHoriz=False, flipVert=False, font=u'Arial', fontFiles=[], height=0.1, italic=False, name='trialInstrText', opacity=1.0, ori=0, pos=array([ 0. ,  0.8]), rgb=array([ 0.,  0.,  0.]), text=unicode(...), units=u'norm', win=Window(...), wrapWidth=20)
3.1193 	EXP 	Created fixationITIText = TextStim(alignHoriz='center', alignVert='center', antialias=True, autoLog=True, bold=False, color=u'black', colorSpace='named', contrast=1.0, depth=-2.0, flipHoriz=False, flipVert=False, font=u'Arial', fontFiles=[], height=0.1, italic=False, name='fixationITIText', opacity=1.0, ori=0, pos=array([ 0.,  0.]), rgb=array([ 0.,  0.,  0.]), text=u'+', units=u'norm', win=Window(...), wrapWidth=1)
3.1255 	EXP 	Imported irrelevant.xlsx as conditions, 4 conditions, 4 params
3.1258 	EXP 	Created sequence: random, trialTypes=4, nReps=1, seed=None
3.1262 	EXP 	New trial (rep=0, index=0): {u'food': u'mexican_food2', u'corrAns': u'right', u'sick': u'No', u'restaurant': u"Molina's Cantina"}
3.1268 	DATA 	Keypress: left
3.1451 	EXP 	fixationITIText: autoDraw = True
4.1450 	EXP 	trialInstrText: autoDraw = True
4.1450 	EXP 	fixationITIText: autoDraw = False
4.3789 	DATA 	Keypress: right
4.3800 	EXP 	New trial (rep=0, index=1): {u'food': u'mexican_food1', u'corrAns': u'left', u'sick': u'Yes', u'restaurant': u'Restaurante Arroyo'}
4.3949 	EXP 	trialInstrText: autoDraw = False
4.3949 	EXP 	fixationITIText: autoDraw = False
4.3949 	EXP 	fixationITIText: autoDraw = True
4.4455 	DATA 	Keypress: left
4.5456 	DATA 	Keypress: right
4.7622 	DATA 	Keypress: left
4.8958 	DATA 	Keypress: right
5.1290 	DATA 	Keypress: right
5.3954 	EXP 	fixationITIText: autoDraw = False
5.4119 	EXP 	trialInstrText: autoDraw = True
5.6458 	DATA 	Keypress: left
5.6470 	EXP 	New trial (rep=0, index=2): {u'food': u'mexican_food1', u'corrAns': u'left', u'sick': u'Yes', u'restaurant': u"Molina's Cantina"}
5.6620 	EXP 	trialInstrText: autoDraw = False
5.6620 	EXP 	fixationITIText: autoDraw = False
5.6620 	EXP 	fixationITIText: autoDraw = True
5.7457 	DATA 	Keypress: right
5.8622 	DATA 	Keypress: left
5.9625 	DATA 	Keypress: right
6.2294 	DATA 	Keypress: escape
