0.3195 	WARNING 	Movie2 stim could not be imported and won't be available
0.5665 	WARNING 	TextBox stim could not be imported and won't be available.
0.5665 	WARNING 	TextBox Font Manager Found No Fonts.
2.8077 	EXP 	Created window1 = Window(allowGUI=False, allowStencil=False, autoLog=True, bitsMode=UNKNOWN, blendMode='avg', color=array([ 0.,  0.,  0.]), colorSpace='rgb', fullscr=UNKNOWN, gamma=None, lms=UNKNOWN, monitor=<psychopy.monitors.calibTools.Monitor instance at 0xf0a17b0>, name='window1', pos=[0, 0], screen=0, size=array([1440,  900]), stereo=False, units=u'norm', useFBO=True, viewOri=0.0, viewPos=None, viewScale=None, waitBlanking=True, winType='pyglet')
2.8077 	EXP 	window1: recordFrameIntervals = False
2.9737 	EXP 	window1: recordFrameIntervals = True
3.1571 	EXP 	window1: recordFrameIntervals = False
3.2232 	EXP 	Created trialInstrText = TextStim(alignHoriz='center', alignVert='center', antialias=True, autoLog=True, bold=False, color=u'black', colorSpace='named', contrast=1.0, depth=-1.0, flipHoriz=False, flipVert=False, font=u'Arial', fontFiles=[], height=0.1, italic=False, name='trialInstrText', opacity=1.0, ori=0, pos=array([ 0. ,  0.8]), rgb=array([ 0.,  0.,  0.]), text=unicode(...), units=u'norm', win=Window(...), wrapWidth=20)
3.2299 	EXP 	Created restaurantText = TextStim(alignHoriz='center', alignVert='center', antialias=True, autoLog=True, bold=False, color=u'blue', colorSpace='named', contrast=1.0, depth=-2.0, flipHoriz=False, flipVert=False, font=u'Arial', fontFiles=[], height=0.1, italic=False, name='restaurantText', opacity=1.0, ori=0, pos=array([ 0.  ,  0.35]), rgb=array([   0.,    0.,  255.]), text=u'default text', units=u'norm', win=Window(...), wrapWidth=1)
3.2331 	EXP 	Created foodImg = ImageStim(autoLog=True, color=array([ 1.,  1.,  1.]), colorSpace='rgb', contrast=1.0, depth=-3.0, flipHoriz=False, flipVert=False, image='sin', interpolate=True, mask=None, maskParams=None, name='foodImg', opacity=1.0, ori=0.0, pos=array([ 0.,  0.]), size=array([ 0.5,  0.5]), texRes=128, units=u'norm', win=Window(...))
3.2391 	EXP 	Created fixationJitterText = TextStim(alignHoriz='center', alignVert='center', antialias=True, autoLog=True, bold=False, color=u'black', colorSpace='named', contrast=1.0, depth=-4.0, flipHoriz=False, flipVert=False, font=u'Arial', fontFiles=[], height=0.1, italic=False, name='fixationJitterText', opacity=1.0, ori=0, pos=array([ 0.,  0.]), rgb=array([ 0.,  0.,  0.]), text=u'+', units=u'norm', win=Window(...), wrapWidth=1)
3.2438 	EXP 	Created sickImg = ImageStim(autoLog=True, color=array([ 1.,  1.,  1.]), colorSpace='rgb', contrast=1.0, depth=-6.0, flipHoriz=False, flipVert=False, image=u'images/sick.png', interpolate=True, mask=None, maskParams=None, name='sickImg', opacity=1.0, ori=0.0, pos=array([-0.5, -0.6]), size=array([ 0.3 ,  0.45]), texRes=128, units=u'norm', win=Window(...))
3.2464 	EXP 	Created notsickImg = ImageStim(autoLog=True, color=array([ 1.,  1.,  1.]), colorSpace='rgb', contrast=1.0, depth=-7.0, flipHoriz=False, flipVert=False, image=u'images/smiley.png', interpolate=True, mask=None, maskParams=None, name='notsickImg', opacity=1.0, ori=0.0, pos=array([ 0.5, -0.6]), size=array([ 0.3 ,  0.45]), texRes=128, units=u'norm', win=Window(...))
3.2489 	EXP 	Created fixationITIText = TextStim(alignHoriz='center', alignVert='center', antialias=True, autoLog=True, bold=False, color=u'black', colorSpace='named', contrast=1.0, depth=-8.0, flipHoriz=False, flipVert=False, font=u'Arial', fontFiles=[], height=0.1, italic=False, name='fixationITIText', opacity=1.0, ori=0, pos=array([ 0.,  0.]), rgb=array([ 0.,  0.,  0.]), text=u'+', units=u'norm', win=Window(...), wrapWidth=1)
3.2549 	EXP 	Imported irrelevant.xlsx as conditions, 4 conditions, 4 params
3.2552 	EXP 	Created sequence: random, trialTypes=4, nReps=1, seed=None
3.2556 	EXP 	New trial (rep=0, index=0): {u'food': u'mexican_food2', u'corrAns': u'right', u'sick': u'No', u'restaurant': u"Molina's Cantina"}
3.2689 	EXP 	window1: recordFrameIntervals = False
3.2903 	EXP 	restaurantText: text = u"Molina's Cantina"
3.2903 	EXP 	foodImg: image = u'foods/mexican_food2.png'
3.2903 	EXP 	fixationITIText: autoDraw = True
3.2904 	EXP 	window1: recordFrameIntervals = False
4.3072 	EXP 	trialInstrText: autoDraw = True
4.3072 	EXP 	restaurantText: autoDraw = True
4.3072 	EXP 	foodImg: autoDraw = True
4.3072 	EXP 	sickImg: autoDraw = True
4.3072 	EXP 	notsickImg: autoDraw = True
4.3072 	EXP 	fixationITIText: autoDraw = False
4.6566 	DATA 	Keypress: left
5.0065 	DATA 	Keypress: right
5.1399 	DATA 	Keypress: right
7.2569 	EXP 	window1: recordFrameIntervals = False
7.2729 	EXP 	trialInstrText: autoDraw = False
7.2729 	EXP 	restaurantText: autoDraw = False
7.2729 	EXP 	foodImg: autoDraw = False
7.2729 	EXP 	fixationJitterText: autoDraw = True
7.2729 	EXP 	sickImg: autoDraw = False
7.2729 	EXP 	notsickImg: autoDraw = False
7.2731 	EXP 	window1: recordFrameIntervals = False
7.7756 	EXP 	New trial (rep=0, index=1): {u'food': u'mexican_food1', u'corrAns': u'left', u'sick': u'Yes', u'restaurant': u"Molina's Cantina"}
7.7859 	EXP 	window1: recordFrameIntervals = False
7.7942 	EXP 	trialInstrText: autoDraw = False
7.7942 	EXP 	restaurantText: autoDraw = False
7.7942 	EXP 	foodImg: autoDraw = False
7.7942 	EXP 	fixationJitterText: autoDraw = False
7.7942 	EXP 	sickImg: autoDraw = False
7.7942 	EXP 	notsickImg: autoDraw = False
7.7942 	EXP 	fixationITIText: autoDraw = False
7.7942 	EXP 	restaurantText: text = u"Molina's Cantina"
7.7942 	EXP 	foodImg: image = u'foods/mexican_food1.png'
7.7942 	EXP 	fixationITIText: autoDraw = True
7.7943 	EXP 	window1: recordFrameIntervals = False
8.5911 	DATA 	Keypress: left
8.7302 	DATA 	Keypress: left
8.8244 	EXP 	trialInstrText: autoDraw = True
8.8244 	EXP 	restaurantText: autoDraw = True
8.8244 	EXP 	foodImg: autoDraw = True
8.8244 	EXP 	sickImg: autoDraw = True
8.8244 	EXP 	notsickImg: autoDraw = True
8.8244 	EXP 	fixationITIText: autoDraw = False
9.0575 	DATA 	Keypress: left
9.2070 	DATA 	Keypress: left
9.3407 	DATA 	Keypress: left
9.4904 	DATA 	Keypress: left
9.6574 	DATA 	Keypress: left
9.8076 	DATA 	Keypress: left
9.9406 	DATA 	Keypress: left
10.1075 	DATA 	Keypress: left
10.2407 	DATA 	Keypress: left
10.5409 	DATA 	Keypress: escape
