0.3162 	WARNING 	Movie2 stim could not be imported and won't be available
0.5614 	WARNING 	TextBox stim could not be imported and won't be available.
0.5614 	WARNING 	TextBox Font Manager Found No Fonts.
2.4014 	EXP 	Created window1 = Window(allowGUI=False, allowStencil=False, autoLog=True, bitsMode=UNKNOWN, blendMode='avg', color=array([ 0.,  0.,  0.]), colorSpace='rgb', fullscr=UNKNOWN, gamma=None, lms=UNKNOWN, monitor=<psychopy.monitors.calibTools.Monitor instance at 0xf0c9800>, name='window1', pos=[0, 0], screen=0, size=array([1440,  900]), stereo=False, units=u'norm', useFBO=True, viewOri=0.0, viewPos=None, viewScale=None, waitBlanking=True, winType='pyglet')
2.4015 	EXP 	window1: recordFrameIntervals = False
2.5674 	EXP 	window1: recordFrameIntervals = True
2.7510 	EXP 	window1: recordFrameIntervals = False
2.8301 	EXP 	Created trialInstrText = TextStim(alignHoriz='center', alignVert='center', antialias=True, autoLog=True, bold=False, color=u'black', colorSpace='named', contrast=1.0, depth=-1.0, flipHoriz=False, flipVert=False, font=u'Arial', fontFiles=[], height=0.1, italic=False, name='trialInstrText', opacity=1.0, ori=0, pos=array([ 0. ,  0.8]), rgb=array([ 0.,  0.,  0.]), text=unicode(...), units=u'norm', win=Window(...), wrapWidth=20)
2.8382 	EXP 	Created restaurantText = TextStim(alignHoriz='center', alignVert='center', antialias=True, autoLog=True, bold=False, color=u'blue', colorSpace='named', contrast=1.0, depth=-2.0, flipHoriz=False, flipVert=False, font=u'Arial', fontFiles=[], height=0.1, italic=False, name='restaurantText', opacity=1.0, ori=0, pos=array([ 0.  ,  0.35]), rgb=array([   0.,    0.,  255.]), text=u'default text', units=u'norm', win=Window(...), wrapWidth=1)
2.8410 	EXP 	Created foodImg = ImageStim(autoLog=True, color=array([ 1.,  1.,  1.]), colorSpace='rgb', contrast=1.0, depth=-3.0, flipHoriz=False, flipVert=False, image='sin', interpolate=True, mask=None, maskParams=None, name='foodImg', opacity=1.0, ori=0.0, pos=array([ 0.,  0.]), size=array([ 0.5,  0.5]), texRes=128, units=u'norm', win=Window(...))
2.8465 	EXP 	Created fixationJitterText = TextStim(alignHoriz='center', alignVert='center', antialias=True, autoLog=True, bold=False, color=u'black', colorSpace='named', contrast=1.0, depth=-4.0, flipHoriz=False, flipVert=False, font=u'Arial', fontFiles=[], height=0.1, italic=False, name='fixationJitterText', opacity=1.0, ori=0, pos=array([ 0.,  0.]), rgb=array([ 0.,  0.,  0.]), text=u'+', units=u'norm', win=Window(...), wrapWidth=1)
2.8514 	EXP 	Created sickImg = ImageStim(autoLog=True, color=array([ 1.,  1.,  1.]), colorSpace='rgb', contrast=1.0, depth=-6.0, flipHoriz=False, flipVert=False, image=u'images/sick.png', interpolate=True, mask=None, maskParams=None, name='sickImg', opacity=1.0, ori=0.0, pos=array([-0.5, -0.6]), size=array([ 0.3 ,  0.45]), texRes=128, units=u'norm', win=Window(...))
2.8541 	EXP 	Created notsickImg = ImageStim(autoLog=True, color=array([ 1.,  1.,  1.]), colorSpace='rgb', contrast=1.0, depth=-7.0, flipHoriz=False, flipVert=False, image=u'images/smiley.png', interpolate=True, mask=None, maskParams=None, name='notsickImg', opacity=1.0, ori=0.0, pos=array([ 0.5, -0.6]), size=array([ 0.3 ,  0.45]), texRes=128, units=u'norm', win=Window(...))
2.8566 	EXP 	Created fixationITIText = TextStim(alignHoriz='center', alignVert='center', antialias=True, autoLog=True, bold=False, color=u'black', colorSpace='named', contrast=1.0, depth=-8.0, flipHoriz=False, flipVert=False, font=u'Arial', fontFiles=[], height=0.1, italic=False, name='fixationITIText', opacity=1.0, ori=0, pos=array([ 0.,  0.]), rgb=array([ 0.,  0.,  0.]), text=u'+', units=u'norm', win=Window(...), wrapWidth=1)
2.8613 	EXP 	Created sickHighlight = TextStim(alignHoriz='center', alignVert='center', antialias=True, autoLog=True, bold=False, color=u'white', colorSpace='named', contrast=1.0, depth=-11.0, flipHoriz=False, flipVert=False, font=u'Arial', fontFiles=[], height=1.0, italic=False, name='sickHighlight', opacity=1.0, ori=0, pos=array([-0.5, -0.6]), rgb=array([ 255.,  255.,  255.]), text=u'_', units=u'norm', win=Window(...), wrapWidth=1)
2.8674 	EXP 	Imported irrelevant.xlsx as conditions, 4 conditions, 4 params
2.8677 	EXP 	Created sequence: random, trialTypes=4, nReps=1, seed=None
2.8681 	EXP 	New trial (rep=0, index=0): {u'food': u'mexican_food2', u'corrAns': u'right', u'sick': u'No', u'restaurant': u'Restaurante Arroyo'}
2.8795 	EXP 	window1: recordFrameIntervals = False
2.9008 	EXP 	restaurantText: text = u'Restaurante Arroyo'
2.9008 	EXP 	foodImg: image = u'foods/mexican_food2.png'
2.9008 	EXP 	fixationITIText: autoDraw = True
2.9008 	EXP 	sickHighlight: autoDraw = True
2.9009 	EXP 	window1: recordFrameIntervals = False
3.9175 	EXP 	trialInstrText: autoDraw = True
3.9175 	EXP 	restaurantText: autoDraw = True
3.9175 	EXP 	foodImg: autoDraw = True
3.9175 	EXP 	sickImg: autoDraw = True
3.9175 	EXP 	notsickImg: autoDraw = True
3.9175 	EXP 	fixationITIText: autoDraw = False
4.4676 	DATA 	Keypress: escape
0.3139 	WARNING 	Movie2 stim could not be imported and won't be available
0.5590 	WARNING 	TextBox stim could not be imported and won't be available.
0.5590 	WARNING 	TextBox Font Manager Found No Fonts.
2.3684 	EXP 	Created window1 = Window(allowGUI=False, allowStencil=False, autoLog=True, bitsMode=UNKNOWN, blendMode='avg', color=array([ 0.,  0.,  0.]), colorSpace='rgb', fullscr=UNKNOWN, gamma=None, lms=UNKNOWN, monitor=<psychopy.monitors.calibTools.Monitor instance at 0xe79c800>, name='window1', pos=[0, 0], screen=0, size=array([1440,  900]), stereo=False, units=u'norm', useFBO=True, viewOri=0.0, viewPos=None, viewScale=None, waitBlanking=True, winType='pyglet')
2.3684 	EXP 	window1: recordFrameIntervals = False
2.5510 	EXP 	window1: recordFrameIntervals = True
2.7345 	EXP 	window1: recordFrameIntervals = False
2.8003 	EXP 	Created trialInstrText = TextStim(alignHoriz='center', alignVert='center', antialias=True, autoLog=True, bold=False, color=u'black', colorSpace='named', contrast=1.0, depth=-1.0, flipHoriz=False, flipVert=False, font=u'Arial', fontFiles=[], height=0.1, italic=False, name='trialInstrText', opacity=1.0, ori=0, pos=array([ 0. ,  0.8]), rgb=array([ 0.,  0.,  0.]), text=unicode(...), units=u'norm', win=Window(...), wrapWidth=20)
2.8070 	EXP 	Created restaurantText = TextStim(alignHoriz='center', alignVert='center', antialias=True, autoLog=True, bold=False, color=u'blue', colorSpace='named', contrast=1.0, depth=-2.0, flipHoriz=False, flipVert=False, font=u'Arial', fontFiles=[], height=0.1, italic=False, name='restaurantText', opacity=1.0, ori=0, pos=array([ 0.  ,  0.35]), rgb=array([   0.,    0.,  255.]), text=u'default text', units=u'norm', win=Window(...), wrapWidth=1)
2.8099 	EXP 	Created foodImg = ImageStim(autoLog=True, color=array([ 1.,  1.,  1.]), colorSpace='rgb', contrast=1.0, depth=-3.0, flipHoriz=False, flipVert=False, image='sin', interpolate=True, mask=None, maskParams=None, name='foodImg', opacity=1.0, ori=0.0, pos=array([ 0.,  0.]), size=array([ 0.5,  0.5]), texRes=128, units=u'norm', win=Window(...))
2.8163 	EXP 	Created fixationJitterText = TextStim(alignHoriz='center', alignVert='center', antialias=True, autoLog=True, bold=False, color=u'black', colorSpace='named', contrast=1.0, depth=-4.0, flipHoriz=False, flipVert=False, font=u'Arial', fontFiles=[], height=0.1, italic=False, name='fixationJitterText', opacity=1.0, ori=0, pos=array([ 0.,  0.]), rgb=array([ 0.,  0.,  0.]), text=u'+', units=u'norm', win=Window(...), wrapWidth=1)
2.8219 	EXP 	Created sickImg = ImageStim(autoLog=True, color=array([ 1.,  1.,  1.]), colorSpace='rgb', contrast=1.0, depth=-6.0, flipHoriz=False, flipVert=False, image=u'images/sick.png', interpolate=True, mask=None, maskParams=None, name='sickImg', opacity=1.0, ori=0.0, pos=array([-0.5, -0.6]), size=array([ 0.3 ,  0.45]), texRes=128, units=u'norm', win=Window(...))
2.8246 	EXP 	Created notsickImg = ImageStim(autoLog=True, color=array([ 1.,  1.,  1.]), colorSpace='rgb', contrast=1.0, depth=-7.0, flipHoriz=False, flipVert=False, image=u'images/smiley.png', interpolate=True, mask=None, maskParams=None, name='notsickImg', opacity=1.0, ori=0.0, pos=array([ 0.5, -0.6]), size=array([ 0.3 ,  0.45]), texRes=128, units=u'norm', win=Window(...))
2.8279 	EXP 	Created fixationITIText = TextStim(alignHoriz='center', alignVert='center', antialias=True, autoLog=True, bold=False, color=u'black', colorSpace='named', contrast=1.0, depth=-8.0, flipHoriz=False, flipVert=False, font=u'Arial', fontFiles=[], height=0.1, italic=False, name='fixationITIText', opacity=1.0, ori=0, pos=array([ 0.,  0.]), rgb=array([ 0.,  0.,  0.]), text=u'+', units=u'norm', win=Window(...), wrapWidth=1)
2.8344 	EXP 	Created sickHighlight = TextStim(alignHoriz='center', alignVert='center', antialias=True, autoLog=True, bold=False, color=u'white', colorSpace='named', contrast=1.0, depth=-11.0, flipHoriz=False, flipVert=False, font=u'Arial', fontFiles=[], height=1.0, italic=False, name='sickHighlight', opacity=1.0, ori=0, pos=array([-0.5, -0.6]), rgb=array([ 255.,  255.,  255.]), text=u'-', units=u'norm', win=Window(...), wrapWidth=1)
2.8416 	EXP 	Imported irrelevant.xlsx as conditions, 4 conditions, 4 params
2.8418 	EXP 	Created sequence: random, trialTypes=4, nReps=1, seed=None
2.8423 	EXP 	New trial (rep=0, index=0): {u'food': u'mexican_food2', u'corrAns': u'right', u'sick': u'No', u'restaurant': u"Molina's Cantina"}
2.8536 	EXP 	window1: recordFrameIntervals = False
2.8652 	EXP 	restaurantText: text = u"Molina's Cantina"
2.8652 	EXP 	foodImg: image = u'foods/mexican_food2.png'
2.8652 	EXP 	fixationITIText: autoDraw = True
2.8652 	EXP 	sickHighlight: autoDraw = True
2.8653 	EXP 	window1: recordFrameIntervals = False
3.8844 	EXP 	trialInstrText: autoDraw = True
3.8844 	EXP 	restaurantText: autoDraw = True
3.8844 	EXP 	foodImg: autoDraw = True
3.8844 	EXP 	sickImg: autoDraw = True
3.8844 	EXP 	notsickImg: autoDraw = True
3.8844 	EXP 	fixationITIText: autoDraw = False
4.9008 	DATA 	Keypress: escape
0.3167 	WARNING 	Movie2 stim could not be imported and won't be available
0.5655 	WARNING 	TextBox stim could not be imported and won't be available.
0.5655 	WARNING 	TextBox Font Manager Found No Fonts.
2.4228 	EXP 	Created window1 = Window(allowGUI=False, allowStencil=False, autoLog=True, bitsMode=UNKNOWN, blendMode='avg', color=array([ 0.,  0.,  0.]), colorSpace='rgb', fullscr=UNKNOWN, gamma=None, lms=UNKNOWN, monitor=<psychopy.monitors.calibTools.Monitor instance at 0xf09c800>, name='window1', pos=[0, 0], screen=0, size=array([1440,  900]), stereo=False, units=u'norm', useFBO=True, viewOri=0.0, viewPos=None, viewScale=None, waitBlanking=True, winType='pyglet')
2.4228 	EXP 	window1: recordFrameIntervals = False
2.5889 	EXP 	window1: recordFrameIntervals = True
2.7724 	EXP 	window1: recordFrameIntervals = False
2.8432 	EXP 	Created trialInstrText = TextStim(alignHoriz='center', alignVert='center', antialias=True, autoLog=True, bold=False, color=u'black', colorSpace='named', contrast=1.0, depth=-1.0, flipHoriz=False, flipVert=False, font=u'Arial', fontFiles=[], height=0.1, italic=False, name='trialInstrText', opacity=1.0, ori=0, pos=array([ 0. ,  0.8]), rgb=array([ 0.,  0.,  0.]), text=unicode(...), units=u'norm', win=Window(...), wrapWidth=20)
2.8521 	EXP 	Created restaurantText = TextStim(alignHoriz='center', alignVert='center', antialias=True, autoLog=True, bold=False, color=u'blue', colorSpace='named', contrast=1.0, depth=-2.0, flipHoriz=False, flipVert=False, font=u'Arial', fontFiles=[], height=0.1, italic=False, name='restaurantText', opacity=1.0, ori=0, pos=array([ 0.  ,  0.35]), rgb=array([   0.,    0.,  255.]), text=u'default text', units=u'norm', win=Window(...), wrapWidth=1)
2.8553 	EXP 	Created foodImg = ImageStim(autoLog=True, color=array([ 1.,  1.,  1.]), colorSpace='rgb', contrast=1.0, depth=-3.0, flipHoriz=False, flipVert=False, image='sin', interpolate=True, mask=None, maskParams=None, name='foodImg', opacity=1.0, ori=0.0, pos=array([ 0.,  0.]), size=array([ 0.5,  0.5]), texRes=128, units=u'norm', win=Window(...))
2.8615 	EXP 	Created fixationJitterText = TextStim(alignHoriz='center', alignVert='center', antialias=True, autoLog=True, bold=False, color=u'black', colorSpace='named', contrast=1.0, depth=-4.0, flipHoriz=False, flipVert=False, font=u'Arial', fontFiles=[], height=0.1, italic=False, name='fixationJitterText', opacity=1.0, ori=0, pos=array([ 0.,  0.]), rgb=array([ 0.,  0.,  0.]), text=u'+', units=u'norm', win=Window(...), wrapWidth=1)
2.8665 	EXP 	Created sickImg = ImageStim(autoLog=True, color=array([ 1.,  1.,  1.]), colorSpace='rgb', contrast=1.0, depth=-6.0, flipHoriz=False, flipVert=False, image=u'images/sick.png', interpolate=True, mask=None, maskParams=None, name='sickImg', opacity=1.0, ori=0.0, pos=array([-0.5, -0.6]), size=array([ 0.3 ,  0.45]), texRes=128, units=u'norm', win=Window(...))
2.8699 	EXP 	Created notsickImg = ImageStim(autoLog=True, color=array([ 1.,  1.,  1.]), colorSpace='rgb', contrast=1.0, depth=-7.0, flipHoriz=False, flipVert=False, image=u'images/smiley.png', interpolate=True, mask=None, maskParams=None, name='notsickImg', opacity=1.0, ori=0.0, pos=array([ 0.5, -0.6]), size=array([ 0.3 ,  0.45]), texRes=128, units=u'norm', win=Window(...))
2.8734 	EXP 	Created fixationITIText = TextStim(alignHoriz='center', alignVert='center', antialias=True, autoLog=True, bold=False, color=u'black', colorSpace='named', contrast=1.0, depth=-8.0, flipHoriz=False, flipVert=False, font=u'Arial', fontFiles=[], height=0.1, italic=False, name='fixationITIText', opacity=1.0, ori=0, pos=array([ 0.,  0.]), rgb=array([ 0.,  0.,  0.]), text=u'+', units=u'norm', win=Window(...), wrapWidth=1)
2.8902 	EXP 	Created sickHighlight = TextStim(alignHoriz='center', alignVert='center', antialias=True, autoLog=True, bold=False, color=u'white', colorSpace='named', contrast=1.0, depth=-11.0, flipHoriz=False, flipVert=False, font=u'Times New Roman', fontFiles=[], height=1.0, italic=False, name='sickHighlight', opacity=1.0, ori=0, pos=array([-0.5, -0.8]), rgb=array([ 255.,  255.,  255.]), text=u'-', units=u'norm', win=Window(...), wrapWidth=1)
2.8971 	EXP 	Imported irrelevant.xlsx as conditions, 4 conditions, 4 params
2.8974 	EXP 	Created sequence: random, trialTypes=4, nReps=1, seed=None
2.8979 	EXP 	New trial (rep=0, index=0): {u'food': u'mexican_food2', u'corrAns': u'right', u'sick': u'No', u'restaurant': u"Molina's Cantina"}
2.9093 	EXP 	window1: recordFrameIntervals = False
2.9213 	EXP 	restaurantText: text = u"Molina's Cantina"
2.9213 	EXP 	foodImg: image = u'foods/mexican_food2.png'
2.9213 	EXP 	fixationITIText: autoDraw = True
2.9213 	EXP 	sickHighlight: autoDraw = True
2.9214 	EXP 	window1: recordFrameIntervals = False
3.9389 	EXP 	trialInstrText: autoDraw = True
3.9389 	EXP 	restaurantText: autoDraw = True
3.9389 	EXP 	foodImg: autoDraw = True
3.9389 	EXP 	sickImg: autoDraw = True
3.9389 	EXP 	notsickImg: autoDraw = True
3.9389 	EXP 	fixationITIText: autoDraw = False
5.3557 	DATA 	Keypress: escape
