0.3087 	WARNING 	Movie2 stim could not be imported and won't be available
0.5604 	WARNING 	TextBox stim could not be imported and won't be available.
0.5604 	WARNING 	TextBox Font Manager Found No Fonts.
2.2238 	EXP 	Created window1 = Window(allowGUI=False, allowStencil=False, autoLog=True, bitsMode=UNKNOWN, blendMode='avg', color=array([ 0.,  0.,  0.]), colorSpace='rgb', fullscr=UNKNOWN, gamma=None, lms=UNKNOWN, monitor=<psychopy.monitors.calibTools.Monitor instance at 0xf1f7800>, name='window1', pos=[0, 0], screen=0, size=array([1440,  900]), stereo=False, units=u'norm', useFBO=True, viewOri=0.0, viewPos=None, viewScale=None, waitBlanking=True, winType='pyglet')
2.2239 	EXP 	window1: recordFrameIntervals = False
2.3894 	EXP 	window1: recordFrameIntervals = True
2.5732 	EXP 	window1: recordFrameIntervals = False
2.6462 	EXP 	Created trialInstrText = TextStim(alignHoriz='center', alignVert='center', antialias=True, autoLog=True, bold=False, color=u'black', colorSpace='named', contrast=1.0, depth=-1.0, flipHoriz=False, flipVert=False, font=u'Arial', fontFiles=[], height=0.1, italic=False, name='trialInstrText', opacity=1.0, ori=0, pos=array([ 0. ,  0.8]), rgb=array([ 0.,  0.,  0.]), text=unicode(...), units=u'norm', win=Window(...), wrapWidth=20)
2.6541 	EXP 	Created restaurantText = TextStim(alignHoriz='center', alignVert='center', antialias=True, autoLog=True, bold=False, color=u'blue', colorSpace='named', contrast=1.0, depth=-2.0, flipHoriz=False, flipVert=False, font=u'Arial', fontFiles=[], height=0.1, italic=False, name='restaurantText', opacity=1.0, ori=0, pos=array([ 0.  ,  0.35]), rgb=array([   0.,    0.,  255.]), text=u'default text', units=u'norm', win=Window(...), wrapWidth=1)
2.6578 	EXP 	Created foodImg = ImageStim(autoLog=True, color=array([ 1.,  1.,  1.]), colorSpace='rgb', contrast=1.0, depth=-3.0, flipHoriz=False, flipVert=False, image='sin', interpolate=True, mask=None, maskParams=None, name='foodImg', opacity=1.0, ori=0.0, pos=array([ 0.,  0.]), size=array([ 0.5,  0.5]), texRes=128, units=u'norm', win=Window(...))
2.6644 	EXP 	Created fixationJitterText = TextStim(alignHoriz='center', alignVert='center', antialias=True, autoLog=True, bold=False, color=u'black', colorSpace='named', contrast=1.0, depth=-4.0, flipHoriz=False, flipVert=False, font=u'Arial', fontFiles=[], height=0.1, italic=False, name='fixationJitterText', opacity=1.0, ori=0, pos=array([ 0.,  0.]), rgb=array([ 0.,  0.,  0.]), text=u'+', units=u'norm', win=Window(...), wrapWidth=1)
2.6709 	EXP 	Created sickImg = ImageStim(autoLog=True, color=array([ 1.,  1.,  1.]), colorSpace='rgb', contrast=1.0, depth=-6.0, flipHoriz=False, flipVert=False, image=u'images/sick.png', interpolate=True, mask=None, maskParams=None, name='sickImg', opacity=1.0, ori=0.0, pos=array([-0.5, -0.6]), size=array([ 0.3 ,  0.45]), texRes=128, units=u'norm', win=Window(...))
2.6740 	EXP 	Created notsickImg = ImageStim(autoLog=True, color=array([ 1.,  1.,  1.]), colorSpace='rgb', contrast=1.0, depth=-7.0, flipHoriz=False, flipVert=False, image=u'images/smiley.png', interpolate=True, mask=None, maskParams=None, name='notsickImg', opacity=1.0, ori=0.0, pos=array([ 0.5, -0.6]), size=array([ 0.3 ,  0.45]), texRes=128, units=u'norm', win=Window(...))
2.6769 	EXP 	Created fixationITIText = TextStim(alignHoriz='center', alignVert='center', antialias=True, autoLog=True, bold=False, color=u'black', colorSpace='named', contrast=1.0, depth=-8.0, flipHoriz=False, flipVert=False, font=u'Arial', fontFiles=[], height=0.1, italic=False, name='fixationITIText', opacity=1.0, ori=0, pos=array([ 0.,  0.]), rgb=array([ 0.,  0.,  0.]), text=u'+', units=u'norm', win=Window(...), wrapWidth=1)
2.6826 	EXP 	Created sickHighlight = TextStim(alignHoriz='center', alignVert='center', antialias=True, autoLog=True, bold=False, color=u'black', colorSpace='named', contrast=1.0, depth=-11.0, flipHoriz=False, flipVert=False, font=u'Times New Roman', fontFiles=[], height=1.0, italic=False, name='sickHighlight', opacity=1.0, ori=0, pos=array([-0.5, -0.3]), rgb=array([ 0.,  0.,  0.]), text=u'_', units=u'norm', win=Window(...), wrapWidth=1)
2.6889 	EXP 	Imported irrelevant.xlsx as conditions, 4 conditions, 4 params
2.6892 	EXP 	Created sequence: random, trialTypes=4, nReps=1, seed=None
2.6896 	EXP 	New trial (rep=0, index=0): {u'food': u'mexican_food1', u'corrAns': u'left', u'sick': u'Yes', u'restaurant': u"Molina's Cantina"}
2.7010 	EXP 	window1: recordFrameIntervals = False
2.7208 	EXP 	restaurantText: text = u"Molina's Cantina"
2.7208 	EXP 	foodImg: image = u'foods/mexican_food1.png'
2.7208 	EXP 	fixationITIText: autoDraw = True
2.7208 	EXP 	sickHighlight: autoDraw = True
2.7210 	EXP 	window1: recordFrameIntervals = False
3.7378 	EXP 	trialInstrText: autoDraw = True
3.7378 	EXP 	restaurantText: autoDraw = True
3.7378 	EXP 	foodImg: autoDraw = True
3.7378 	EXP 	sickImg: autoDraw = True
3.7378 	EXP 	notsickImg: autoDraw = True
3.7378 	EXP 	fixationITIText: autoDraw = False
4.4226 	DATA 	Keypress: left
4.4388 	EXP 	sickImg: opacity = 1
4.4388 	EXP 	notsickImg: opacity = 0
4.4550 	EXP 	sickImg: opacity = 1
4.4550 	EXP 	notsickImg: opacity = 0
4.4726 	EXP 	sickImg: opacity = 1
4.4726 	EXP 	notsickImg: opacity = 0
4.4885 	EXP 	sickImg: opacity = 1
4.4885 	EXP 	notsickImg: opacity = 0
4.5052 	EXP 	sickImg: opacity = 1
4.5052 	EXP 	notsickImg: opacity = 0
4.5226 	EXP 	sickImg: opacity = 1
4.5226 	EXP 	notsickImg: opacity = 0
4.5393 	EXP 	sickImg: opacity = 1
4.5393 	EXP 	notsickImg: opacity = 0
4.5558 	EXP 	sickImg: opacity = 1
4.5558 	EXP 	notsickImg: opacity = 0
4.5721 	EXP 	sickImg: opacity = 1
4.5721 	EXP 	notsickImg: opacity = 0
4.5888 	EXP 	sickImg: opacity = 1
4.5888 	EXP 	notsickImg: opacity = 0
4.6051 	EXP 	sickImg: opacity = 1
4.6051 	EXP 	notsickImg: opacity = 0
4.6219 	EXP 	sickImg: opacity = 1
4.6219 	EXP 	notsickImg: opacity = 0
4.6384 	EXP 	sickImg: opacity = 1
4.6384 	EXP 	notsickImg: opacity = 0
4.6552 	EXP 	sickImg: opacity = 1
4.6552 	EXP 	notsickImg: opacity = 0
4.6717 	EXP 	sickImg: opacity = 1
4.6717 	EXP 	notsickImg: opacity = 0
4.6883 	EXP 	sickImg: opacity = 1
4.6883 	EXP 	notsickImg: opacity = 0
4.7052 	EXP 	sickImg: opacity = 1
4.7052 	EXP 	notsickImg: opacity = 0
4.7222 	EXP 	sickImg: opacity = 1
4.7222 	EXP 	notsickImg: opacity = 0
4.7391 	EXP 	sickImg: opacity = 1
4.7391 	EXP 	notsickImg: opacity = 0
4.7550 	EXP 	sickImg: opacity = 1
4.7550 	EXP 	notsickImg: opacity = 0
4.7717 	EXP 	sickImg: opacity = 1
4.7717 	EXP 	notsickImg: opacity = 0
4.7899 	EXP 	sickImg: opacity = 1
4.7899 	EXP 	notsickImg: opacity = 0
4.8050 	EXP 	sickImg: opacity = 1
4.8050 	EXP 	notsickImg: opacity = 0
4.8227 	EXP 	sickImg: opacity = 1
4.8227 	EXP 	notsickImg: opacity = 0
4.8385 	EXP 	sickImg: opacity = 1
4.8385 	EXP 	notsickImg: opacity = 0
4.8553 	EXP 	sickImg: opacity = 1
4.8553 	EXP 	notsickImg: opacity = 0
4.8716 	EXP 	sickImg: opacity = 1
4.8716 	EXP 	notsickImg: opacity = 0
4.8890 	EXP 	sickImg: opacity = 1
4.8890 	EXP 	notsickImg: opacity = 0
4.9062 	EXP 	sickImg: opacity = 1
4.9062 	EXP 	notsickImg: opacity = 0
4.9231 	EXP 	sickImg: opacity = 1
4.9231 	EXP 	notsickImg: opacity = 0
4.9390 	EXP 	sickImg: opacity = 1
4.9390 	EXP 	notsickImg: opacity = 0
4.9552 	EXP 	sickImg: opacity = 1
4.9552 	EXP 	notsickImg: opacity = 0
4.9722 	EXP 	sickImg: opacity = 1
4.9722 	EXP 	notsickImg: opacity = 0
4.9886 	EXP 	sickImg: opacity = 1
4.9886 	EXP 	notsickImg: opacity = 0
5.0050 	EXP 	sickImg: opacity = 1
5.0050 	EXP 	notsickImg: opacity = 0
5.0218 	EXP 	sickImg: opacity = 1
5.0218 	EXP 	notsickImg: opacity = 0
5.0390 	EXP 	sickImg: opacity = 1
5.0390 	EXP 	notsickImg: opacity = 0
5.0552 	EXP 	sickImg: opacity = 1
5.0552 	EXP 	notsickImg: opacity = 0
5.0721 	EXP 	sickImg: opacity = 1
5.0721 	EXP 	notsickImg: opacity = 0
5.0892 	EXP 	sickImg: opacity = 1
5.0892 	EXP 	notsickImg: opacity = 0
5.1049 	EXP 	sickImg: opacity = 1
5.1049 	EXP 	notsickImg: opacity = 0
5.1054 	DATA 	Keypress: right
5.1217 	EXP 	sickImg: opacity = 0
5.1217 	EXP 	notsickImg: opacity = 1
5.1391 	EXP 	sickImg: opacity = 0
5.1391 	EXP 	notsickImg: opacity = 1
5.1557 	EXP 	sickImg: opacity = 0
5.1557 	EXP 	notsickImg: opacity = 1
5.1724 	EXP 	sickImg: opacity = 0
5.1724 	EXP 	notsickImg: opacity = 1
5.1891 	EXP 	sickImg: opacity = 0
5.1891 	EXP 	notsickImg: opacity = 1
5.2055 	EXP 	sickImg: opacity = 0
5.2055 	EXP 	notsickImg: opacity = 1
5.2221 	EXP 	sickImg: opacity = 0
5.2221 	EXP 	notsickImg: opacity = 1
5.2385 	EXP 	sickImg: opacity = 0
5.2385 	EXP 	notsickImg: opacity = 1
5.2561 	EXP 	sickImg: opacity = 0
5.2561 	EXP 	notsickImg: opacity = 1
5.2720 	EXP 	sickImg: opacity = 0
5.2720 	EXP 	notsickImg: opacity = 1
5.2894 	EXP 	sickImg: opacity = 0
5.2894 	EXP 	notsickImg: opacity = 1
5.3051 	EXP 	sickImg: opacity = 0
5.3051 	EXP 	notsickImg: opacity = 1
5.3222 	EXP 	sickImg: opacity = 0
5.3222 	EXP 	notsickImg: opacity = 1
5.3393 	EXP 	sickImg: opacity = 0
5.3393 	EXP 	notsickImg: opacity = 1
5.3555 	EXP 	sickImg: opacity = 0
5.3555 	EXP 	notsickImg: opacity = 1
5.3722 	EXP 	sickImg: opacity = 0
5.3722 	EXP 	notsickImg: opacity = 1
5.4047 	EXP 	sickImg: opacity = 0
5.4047 	EXP 	notsickImg: opacity = 1
5.4222 	EXP 	sickImg: opacity = 0
5.4222 	EXP 	notsickImg: opacity = 1
5.4397 	EXP 	sickImg: opacity = 0
5.4397 	EXP 	notsickImg: opacity = 1
5.4561 	EXP 	sickImg: opacity = 0
5.4561 	EXP 	notsickImg: opacity = 1
5.4716 	EXP 	sickImg: opacity = 0
5.4716 	EXP 	notsickImg: opacity = 1
5.4892 	EXP 	sickImg: opacity = 0
5.4892 	EXP 	notsickImg: opacity = 1
5.5059 	EXP 	sickImg: opacity = 0
5.5059 	EXP 	notsickImg: opacity = 1
5.5084 	DATA 	Keypress: left
5.5218 	EXP 	sickImg: opacity = 0
5.5218 	EXP 	notsickImg: opacity = 1
5.5391 	EXP 	sickImg: opacity = 1
5.5391 	EXP 	notsickImg: opacity = 0
5.5551 	EXP 	sickImg: opacity = 1
5.5551 	EXP 	notsickImg: opacity = 0
5.5718 	EXP 	sickImg: opacity = 1
5.5718 	EXP 	notsickImg: opacity = 0
5.5894 	EXP 	sickImg: opacity = 1
5.5894 	EXP 	notsickImg: opacity = 0
5.6053 	EXP 	sickImg: opacity = 1
5.6053 	EXP 	notsickImg: opacity = 0
5.6219 	EXP 	sickImg: opacity = 1
5.6219 	EXP 	notsickImg: opacity = 0
5.6385 	EXP 	sickImg: opacity = 1
5.6385 	EXP 	notsickImg: opacity = 0
5.6555 	EXP 	sickImg: opacity = 1
5.6555 	EXP 	notsickImg: opacity = 0
5.6723 	EXP 	sickImg: opacity = 1
5.6723 	EXP 	notsickImg: opacity = 0
5.6891 	EXP 	sickImg: opacity = 1
5.6891 	EXP 	notsickImg: opacity = 0
5.7052 	EXP 	sickImg: opacity = 1
5.7052 	EXP 	notsickImg: opacity = 0
5.7219 	EXP 	sickImg: opacity = 1
5.7219 	EXP 	notsickImg: opacity = 0
5.7390 	EXP 	sickImg: opacity = 1
5.7390 	EXP 	notsickImg: opacity = 0
5.7412 	DATA 	Keypress: right
5.7552 	EXP 	sickImg: opacity = 1
5.7552 	EXP 	notsickImg: opacity = 0
5.7717 	EXP 	sickImg: opacity = 0
5.7717 	EXP 	notsickImg: opacity = 1
5.7885 	EXP 	sickImg: opacity = 0
5.7885 	EXP 	notsickImg: opacity = 1
5.8051 	EXP 	sickImg: opacity = 0
5.8051 	EXP 	notsickImg: opacity = 1
5.8246 	EXP 	sickImg: opacity = 0
5.8246 	EXP 	notsickImg: opacity = 1
5.8384 	EXP 	sickImg: opacity = 0
5.8384 	EXP 	notsickImg: opacity = 1
5.8555 	EXP 	sickImg: opacity = 0
5.8555 	EXP 	notsickImg: opacity = 1
5.8718 	EXP 	sickImg: opacity = 0
5.8718 	EXP 	notsickImg: opacity = 1
5.8891 	EXP 	sickImg: opacity = 0
5.8891 	EXP 	notsickImg: opacity = 1
5.9058 	EXP 	sickImg: opacity = 0
5.9058 	EXP 	notsickImg: opacity = 1
5.9222 	EXP 	sickImg: opacity = 0
5.9222 	EXP 	notsickImg: opacity = 1
5.9392 	EXP 	sickImg: opacity = 0
5.9392 	EXP 	notsickImg: opacity = 1
5.9552 	EXP 	sickImg: opacity = 0
5.9552 	EXP 	notsickImg: opacity = 1
5.9717 	EXP 	sickImg: opacity = 0
5.9717 	EXP 	notsickImg: opacity = 1
5.9889 	EXP 	sickImg: opacity = 0
5.9889 	EXP 	notsickImg: opacity = 1
6.0053 	EXP 	sickImg: opacity = 0
6.0053 	EXP 	notsickImg: opacity = 1
6.0219 	EXP 	sickImg: opacity = 0
6.0219 	EXP 	notsickImg: opacity = 1
6.0383 	EXP 	sickImg: opacity = 0
6.0383 	EXP 	notsickImg: opacity = 1
6.0577 	EXP 	sickImg: opacity = 0
6.0577 	EXP 	notsickImg: opacity = 1
6.0581 	DATA 	Keypress: left
6.0746 	EXP 	sickImg: opacity = 1
6.0746 	EXP 	notsickImg: opacity = 0
6.0886 	EXP 	sickImg: opacity = 1
6.0886 	EXP 	notsickImg: opacity = 0
6.1054 	EXP 	sickImg: opacity = 1
6.1054 	EXP 	notsickImg: opacity = 0
6.1226 	EXP 	sickImg: opacity = 1
6.1226 	EXP 	notsickImg: opacity = 0
6.1400 	EXP 	sickImg: opacity = 1
6.1400 	EXP 	notsickImg: opacity = 0
6.1561 	EXP 	sickImg: opacity = 1
6.1561 	EXP 	notsickImg: opacity = 0
6.1721 	EXP 	sickImg: opacity = 1
6.1721 	EXP 	notsickImg: opacity = 0
6.1888 	EXP 	sickImg: opacity = 1
6.1888 	EXP 	notsickImg: opacity = 0
6.2052 	EXP 	sickImg: opacity = 1
6.2052 	EXP 	notsickImg: opacity = 0
6.2219 	EXP 	sickImg: opacity = 1
6.2219 	EXP 	notsickImg: opacity = 0
6.2386 	EXP 	sickImg: opacity = 1
6.2386 	EXP 	notsickImg: opacity = 0
6.2564 	EXP 	sickImg: opacity = 1
6.2564 	EXP 	notsickImg: opacity = 0
6.2720 	EXP 	sickImg: opacity = 1
6.2720 	EXP 	notsickImg: opacity = 0
6.2889 	EXP 	sickImg: opacity = 1
6.2889 	EXP 	notsickImg: opacity = 0
6.3059 	EXP 	sickImg: opacity = 1
6.3059 	EXP 	notsickImg: opacity = 0
6.3065 	DATA 	Keypress: right
6.3220 	EXP 	sickImg: opacity = 0
6.3220 	EXP 	notsickImg: opacity = 1
6.3386 	EXP 	sickImg: opacity = 0
6.3386 	EXP 	notsickImg: opacity = 1
6.3552 	EXP 	sickImg: opacity = 0
6.3552 	EXP 	notsickImg: opacity = 1
6.3718 	EXP 	sickImg: opacity = 0
6.3718 	EXP 	notsickImg: opacity = 1
6.3886 	EXP 	sickImg: opacity = 0
6.3886 	EXP 	notsickImg: opacity = 1
6.4053 	EXP 	sickImg: opacity = 0
6.4053 	EXP 	notsickImg: opacity = 1
6.4219 	EXP 	sickImg: opacity = 0
6.4219 	EXP 	notsickImg: opacity = 1
6.4391 	EXP 	sickImg: opacity = 0
6.4391 	EXP 	notsickImg: opacity = 1
6.4553 	EXP 	sickImg: opacity = 0
6.4553 	EXP 	notsickImg: opacity = 1
6.4722 	EXP 	sickImg: opacity = 0
6.4722 	EXP 	notsickImg: opacity = 1
6.4890 	EXP 	sickImg: opacity = 0
6.4890 	EXP 	notsickImg: opacity = 1
6.5053 	EXP 	sickImg: opacity = 0
6.5053 	EXP 	notsickImg: opacity = 1
6.5218 	EXP 	sickImg: opacity = 0
6.5218 	EXP 	notsickImg: opacity = 1
6.5224 	DATA 	Keypress: left
6.5397 	EXP 	sickImg: opacity = 1
6.5397 	EXP 	notsickImg: opacity = 0
6.5552 	EXP 	sickImg: opacity = 1
6.5552 	EXP 	notsickImg: opacity = 0
6.5721 	EXP 	sickImg: opacity = 1
6.5721 	EXP 	notsickImg: opacity = 0
6.5890 	EXP 	sickImg: opacity = 1
6.5890 	EXP 	notsickImg: opacity = 0
6.6058 	EXP 	sickImg: opacity = 1
6.6058 	EXP 	notsickImg: opacity = 0
6.6219 	EXP 	sickImg: opacity = 1
6.6219 	EXP 	notsickImg: opacity = 0
6.6387 	EXP 	sickImg: opacity = 1
6.6387 	EXP 	notsickImg: opacity = 0
6.6554 	EXP 	sickImg: opacity = 1
6.6554 	EXP 	notsickImg: opacity = 0
6.6727 	EXP 	sickImg: opacity = 1
6.6727 	EXP 	notsickImg: opacity = 0
6.6894 	EXP 	sickImg: opacity = 1
6.6894 	EXP 	notsickImg: opacity = 0
6.7052 	EXP 	trialInstrText: autoDraw = False
6.7052 	EXP 	restaurantText: autoDraw = False
6.7052 	EXP 	foodImg: autoDraw = False
6.7052 	EXP 	sickImg: autoDraw = False
6.7052 	EXP 	notsickImg: autoDraw = False
6.7052 	EXP 	sickImg: opacity = 1
6.7052 	EXP 	notsickImg: opacity = 0
6.7054 	EXP 	window1: recordFrameIntervals = False
6.7230 	EXP 	fixationJitterText: autoDraw = True
6.7230 	EXP 	sickImg: opacity = 1
6.7230 	EXP 	notsickImg: opacity = 0
6.7232 	EXP 	window1: recordFrameIntervals = False
7.2231 	EXP 	sickImg: opacity = 1
7.2231 	EXP 	notsickImg: opacity = 0
7.2399 	EXP 	fixationJitterText: autoDraw = False
7.2399 	EXP 	sickImg: opacity = 1
7.2399 	EXP 	notsickImg: opacity = 0
7.2566 	EXP 	sickImg: opacity = 1
7.2566 	EXP 	notsickImg: opacity = 0
7.2571 	DATA 	Keypress: escape
0.3312 	WARNING 	Movie2 stim could not be imported and won't be available
0.5888 	WARNING 	TextBox stim could not be imported and won't be available.
0.5888 	WARNING 	TextBox Font Manager Found No Fonts.
2.2793 	EXP 	Created window1 = Window(allowGUI=False, allowStencil=False, autoLog=True, bitsMode=UNKNOWN, blendMode='avg', color=array([ 0.,  0.,  0.]), colorSpace='rgb', fullscr=UNKNOWN, gamma=None, lms=UNKNOWN, monitor=<psychopy.monitors.calibTools.Monitor instance at 0xe8c9800>, name='window1', pos=[0, 0], screen=0, size=array([1440,  900]), stereo=False, units=u'norm', useFBO=True, viewOri=0.0, viewPos=None, viewScale=None, waitBlanking=True, winType='pyglet')
2.2793 	EXP 	window1: recordFrameIntervals = False
2.4449 	EXP 	window1: recordFrameIntervals = True
2.5117 	WARNING 	t of last frame was 33.28ms (=1/30)
2.6786 	EXP 	window1: recordFrameIntervals = False
2.7476 	EXP 	Created trialInstrText = TextStim(alignHoriz='center', alignVert='center', antialias=True, autoLog=True, bold=False, color=u'black', colorSpace='named', contrast=1.0, depth=-1.0, flipHoriz=False, flipVert=False, font=u'Arial', fontFiles=[], height=0.1, italic=False, name='trialInstrText', opacity=1.0, ori=0, pos=array([ 0. ,  0.8]), rgb=array([ 0.,  0.,  0.]), text=unicode(...), units=u'norm', win=Window(...), wrapWidth=20)
2.7541 	EXP 	Created restaurantText = TextStim(alignHoriz='center', alignVert='center', antialias=True, autoLog=True, bold=False, color=u'blue', colorSpace='named', contrast=1.0, depth=-2.0, flipHoriz=False, flipVert=False, font=u'Arial', fontFiles=[], height=0.1, italic=False, name='restaurantText', opacity=1.0, ori=0, pos=array([ 0.  ,  0.35]), rgb=array([   0.,    0.,  255.]), text=u'default text', units=u'norm', win=Window(...), wrapWidth=1)
2.7568 	EXP 	Created foodImg = ImageStim(autoLog=True, color=array([ 1.,  1.,  1.]), colorSpace='rgb', contrast=1.0, depth=-3.0, flipHoriz=False, flipVert=False, image='sin', interpolate=True, mask=None, maskParams=None, name='foodImg', opacity=1.0, ori=0.0, pos=array([ 0.,  0.]), size=array([ 0.5,  0.5]), texRes=128, units=u'norm', win=Window(...))
2.7623 	EXP 	Created fixationJitterText = TextStim(alignHoriz='center', alignVert='center', antialias=True, autoLog=True, bold=False, color=u'black', colorSpace='named', contrast=1.0, depth=-4.0, flipHoriz=False, flipVert=False, font=u'Arial', fontFiles=[], height=0.1, italic=False, name='fixationJitterText', opacity=1.0, ori=0, pos=array([ 0.,  0.]), rgb=array([ 0.,  0.,  0.]), text=u'+', units=u'norm', win=Window(...), wrapWidth=1)
2.7671 	EXP 	Created sickImg = ImageStim(autoLog=True, color=array([ 1.,  1.,  1.]), colorSpace='rgb', contrast=1.0, depth=-6.0, flipHoriz=False, flipVert=False, image=u'images/sick.png', interpolate=True, mask=None, maskParams=None, name='sickImg', opacity=1.0, ori=0.0, pos=array([-0.5, -0.6]), size=array([ 0.3 ,  0.45]), texRes=128, units=u'norm', win=Window(...))
2.7698 	EXP 	Created notsickImg = ImageStim(autoLog=True, color=array([ 1.,  1.,  1.]), colorSpace='rgb', contrast=1.0, depth=-7.0, flipHoriz=False, flipVert=False, image=u'images/smiley.png', interpolate=True, mask=None, maskParams=None, name='notsickImg', opacity=1.0, ori=0.0, pos=array([ 0.5, -0.6]), size=array([ 0.3 ,  0.45]), texRes=128, units=u'norm', win=Window(...))
2.7722 	EXP 	Created fixationITIText = TextStim(alignHoriz='center', alignVert='center', antialias=True, autoLog=True, bold=False, color=u'black', colorSpace='named', contrast=1.0, depth=-8.0, flipHoriz=False, flipVert=False, font=u'Arial', fontFiles=[], height=0.1, italic=False, name='fixationITIText', opacity=1.0, ori=0, pos=array([ 0.,  0.]), rgb=array([ 0.,  0.,  0.]), text=u'+', units=u'norm', win=Window(...), wrapWidth=1)
2.7767 	EXP 	Created sickHighlight = TextStim(alignHoriz='center', alignVert='center', antialias=True, autoLog=True, bold=False, color=u'white', colorSpace='named', contrast=1.0, depth=-11.0, flipHoriz=False, flipVert=False, font=u'Arial', fontFiles=[], height=1.0, italic=False, name='sickHighlight', opacity=1.0, ori=0, pos=array([-0.5, -0.3]), rgb=array([ 255.,  255.,  255.]), text=u'_', units=u'norm', win=Window(...), wrapWidth=1)
2.7827 	EXP 	Imported irrelevant.xlsx as conditions, 4 conditions, 4 params
2.7830 	EXP 	Created sequence: random, trialTypes=4, nReps=1, seed=None
2.7834 	EXP 	New trial (rep=0, index=0): {u'food': u'mexican_food1', u'corrAns': u'left', u'sick': u'Yes', u'restaurant': u'Restaurante Arroyo'}
2.8015 	EXP 	window1: recordFrameIntervals = False
2.8097 	EXP 	restaurantText: text = u'Restaurante Arroyo'
2.8097 	EXP 	foodImg: image = u'foods/mexican_food1.png'
2.8097 	EXP 	fixationITIText: autoDraw = True
2.8097 	EXP 	sickHighlight: autoDraw = True
2.8098 	EXP 	window1: recordFrameIntervals = False
3.8284 	EXP 	trialInstrText: autoDraw = True
3.8284 	EXP 	restaurantText: autoDraw = True
3.8284 	EXP 	foodImg: autoDraw = True
3.8284 	EXP 	sickImg: autoDraw = True
3.8284 	EXP 	notsickImg: autoDraw = True
3.8284 	EXP 	fixationITIText: autoDraw = False
4.4116 	DATA 	Keypress: escape
0.3096 	WARNING 	Movie2 stim could not be imported and won't be available
0.5615 	WARNING 	TextBox stim could not be imported and won't be available.
0.5616 	WARNING 	TextBox Font Manager Found No Fonts.
2.2671 	EXP 	Created window1 = Window(allowGUI=False, allowStencil=False, autoLog=True, bitsMode=UNKNOWN, blendMode='avg', color=array([ 0.,  0.,  0.]), colorSpace='rgb', fullscr=UNKNOWN, gamma=None, lms=UNKNOWN, monitor=<psychopy.monitors.calibTools.Monitor instance at 0xf2dc800>, name='window1', pos=[0, 0], screen=0, size=array([1440,  900]), stereo=False, units=u'norm', useFBO=True, viewOri=0.0, viewPos=None, viewScale=None, waitBlanking=True, winType='pyglet')
2.2671 	EXP 	window1: recordFrameIntervals = False
2.4321 	EXP 	window1: recordFrameIntervals = True
2.6158 	EXP 	window1: recordFrameIntervals = False
2.6872 	EXP 	Created trialInstrText = TextStim(alignHoriz='center', alignVert='center', antialias=True, autoLog=True, bold=False, color=u'black', colorSpace='named', contrast=1.0, depth=-1.0, flipHoriz=False, flipVert=False, font=u'Arial', fontFiles=[], height=0.1, italic=False, name='trialInstrText', opacity=1.0, ori=0, pos=array([ 0. ,  0.8]), rgb=array([ 0.,  0.,  0.]), text=unicode(...), units=u'norm', win=Window(...), wrapWidth=20)
2.6962 	EXP 	Created restaurantText = TextStim(alignHoriz='center', alignVert='center', antialias=True, autoLog=True, bold=False, color=u'blue', colorSpace='named', contrast=1.0, depth=-2.0, flipHoriz=False, flipVert=False, font=u'Arial', fontFiles=[], height=0.1, italic=False, name='restaurantText', opacity=1.0, ori=0, pos=array([ 0.  ,  0.35]), rgb=array([   0.,    0.,  255.]), text=u'default text', units=u'norm', win=Window(...), wrapWidth=1)
2.7000 	EXP 	Created foodImg = ImageStim(autoLog=True, color=array([ 1.,  1.,  1.]), colorSpace='rgb', contrast=1.0, depth=-3.0, flipHoriz=False, flipVert=False, image='sin', interpolate=True, mask=None, maskParams=None, name='foodImg', opacity=1.0, ori=0.0, pos=array([ 0.,  0.]), size=array([ 0.5,  0.5]), texRes=128, units=u'norm', win=Window(...))
2.7070 	EXP 	Created fixationJitterText = TextStim(alignHoriz='center', alignVert='center', antialias=True, autoLog=True, bold=False, color=u'black', colorSpace='named', contrast=1.0, depth=-4.0, flipHoriz=False, flipVert=False, font=u'Arial', fontFiles=[], height=0.1, italic=False, name='fixationJitterText', opacity=1.0, ori=0, pos=array([ 0.,  0.]), rgb=array([ 0.,  0.,  0.]), text=u'+', units=u'norm', win=Window(...), wrapWidth=1)
2.7120 	EXP 	Created sickImg = ImageStim(autoLog=True, color=array([ 1.,  1.,  1.]), colorSpace='rgb', contrast=1.0, depth=-6.0, flipHoriz=False, flipVert=False, image=u'images/sick.png', interpolate=True, mask=None, maskParams=None, name='sickImg', opacity=1.0, ori=0.0, pos=array([-0.5, -0.6]), size=array([ 0.3 ,  0.45]), texRes=128, units=u'norm', win=Window(...))
2.7146 	EXP 	Created notsickImg = ImageStim(autoLog=True, color=array([ 1.,  1.,  1.]), colorSpace='rgb', contrast=1.0, depth=-7.0, flipHoriz=False, flipVert=False, image=u'images/smiley.png', interpolate=True, mask=None, maskParams=None, name='notsickImg', opacity=1.0, ori=0.0, pos=array([ 0.5, -0.6]), size=array([ 0.3 ,  0.45]), texRes=128, units=u'norm', win=Window(...))
2.7171 	EXP 	Created fixationITIText = TextStim(alignHoriz='center', alignVert='center', antialias=True, autoLog=True, bold=False, color=u'black', colorSpace='named', contrast=1.0, depth=-8.0, flipHoriz=False, flipVert=False, font=u'Arial', fontFiles=[], height=0.1, italic=False, name='fixationITIText', opacity=1.0, ori=0, pos=array([ 0.,  0.]), rgb=array([ 0.,  0.,  0.]), text=u'+', units=u'norm', win=Window(...), wrapWidth=1)
2.7216 	EXP 	Created sickHighlight = TextStim(alignHoriz='center', alignVert='center', antialias=True, autoLog=True, bold=False, color=u'white', colorSpace='named', contrast=1.0, depth=-11.0, flipHoriz=False, flipVert=False, font=u'Arial', fontFiles=[], height=1.0, italic=False, name='sickHighlight', opacity=1.0, ori=0, pos=array([-0.5 , -0.35]), rgb=array([ 255.,  255.,  255.]), text=u'_', units=u'norm', win=Window(...), wrapWidth=1)
2.7278 	EXP 	Imported irrelevant.xlsx as conditions, 4 conditions, 4 params
2.7280 	EXP 	Created sequence: random, trialTypes=4, nReps=1, seed=None
2.7285 	EXP 	New trial (rep=0, index=0): {u'food': u'mexican_food2', u'corrAns': u'right', u'sick': u'No', u'restaurant': u'Restaurante Arroyo'}
2.7435 	EXP 	window1: recordFrameIntervals = False
2.7555 	EXP 	restaurantText: text = u'Restaurante Arroyo'
2.7555 	EXP 	foodImg: image = u'foods/mexican_food2.png'
2.7555 	EXP 	fixationITIText: autoDraw = True
2.7555 	EXP 	sickHighlight: autoDraw = True
2.7556 	EXP 	window1: recordFrameIntervals = False
3.7728 	EXP 	trialInstrText: autoDraw = True
3.7728 	EXP 	restaurantText: autoDraw = True
3.7728 	EXP 	foodImg: autoDraw = True
3.7728 	EXP 	sickImg: autoDraw = True
3.7728 	EXP 	notsickImg: autoDraw = True
3.7728 	EXP 	fixationITIText: autoDraw = False
4.3488 	DATA 	Keypress: escape
