0.3074 	WARNING 	Movie2 stim could not be imported and won't be available
0.5653 	WARNING 	TextBox stim could not be imported and won't be available.
0.5653 	WARNING 	TextBox Font Manager Found No Fonts.
2.0098 	EXP 	Created window1 = Window(allowGUI=False, allowStencil=False, autoLog=True, bitsMode=UNKNOWN, blendMode='avg', color=array([ 0.,  0.,  0.]), colorSpace='rgb', fullscr=UNKNOWN, gamma=None, lms=UNKNOWN, monitor=<psychopy.monitors.calibTools.Monitor instance at 0xf0ee9b8>, name='window1', pos=[0, 0], screen=0, size=array([1440,  900]), stereo=False, units=u'norm', useFBO=True, viewOri=0.0, viewPos=None, viewScale=None, waitBlanking=True, winType='pyglet')
2.0098 	EXP 	window1: recordFrameIntervals = False
2.1759 	EXP 	window1: recordFrameIntervals = True
2.3594 	EXP 	window1: recordFrameIntervals = False
2.4307 	EXP 	Created trialInstrText = TextStim(alignHoriz='center', alignVert='center', antialias=True, autoLog=True, bold=False, color='black', colorSpace='named', contrast=1.0, depth=-1.0, flipHoriz=False, flipVert=False, font='Arial', fontFiles=[], height=0.1, italic=False, name='trialInstrText', opacity=1.0, ori=0, pos=array([ 0. ,  0.8]), rgb=array([ 0.,  0.,  0.]), text=unicode(...), units=u'norm', win=Window(...), wrapWidth=20)
2.4379 	EXP 	Created restaurantText = TextStim(alignHoriz='center', alignVert='center', antialias=True, autoLog=True, bold=False, color='blue', colorSpace='named', contrast=1.0, depth=-2.0, flipHoriz=False, flipVert=False, font='Arial', fontFiles=[], height=0.1, italic=False, name='restaurantText', opacity=1.0, ori=0, pos=array([ 0.  ,  0.35]), rgb=array([   0.,    0.,  255.]), text=u'default text', units=u'norm', win=Window(...), wrapWidth=1)
2.4408 	EXP 	Created foodImg = ImageStim(autoLog=True, color=array([ 1.,  1.,  1.]), colorSpace='rgb', contrast=1.0, depth=-3.0, flipHoriz=False, flipVert=False, image='sin', interpolate=True, mask=None, maskParams=None, name='foodImg', opacity=1.0, ori=0.0, pos=array([ 0.,  0.]), size=array([ 0.5,  0.5]), texRes=128, units=u'norm', win=Window(...))
2.4482 	EXP 	Created fixationJitterText = TextStim(alignHoriz='center', alignVert='center', antialias=True, autoLog=True, bold=False, color='black', colorSpace='named', contrast=1.0, depth=-4.0, flipHoriz=False, flipVert=False, font='Arial', fontFiles=[], height=0.1, italic=False, name='fixationJitterText', opacity=1.0, ori=0, pos=array([ 0.,  0.]), rgb=array([ 0.,  0.,  0.]), text=u'+', units=u'norm', win=Window(...), wrapWidth=1)
2.4543 	EXP 	Created sickImg = ImageStim(autoLog=True, color=array([ 1.,  1.,  1.]), colorSpace='rgb', contrast=1.0, depth=-6.0, flipHoriz=False, flipVert=False, image='images/sick.png', interpolate=True, mask=None, maskParams=None, name='sickImg', opacity=1.0, ori=0.0, pos=array([-0.5, -0.6]), size=array([ 0.3 ,  0.45]), texRes=128, units=u'norm', win=Window(...))
2.4572 	EXP 	Created notsickImg = ImageStim(autoLog=True, color=array([ 1.,  1.,  1.]), colorSpace='rgb', contrast=1.0, depth=-7.0, flipHoriz=False, flipVert=False, image='images/smiley.png', interpolate=True, mask=None, maskParams=None, name='notsickImg', opacity=1.0, ori=0.0, pos=array([ 0.5, -0.6]), size=array([ 0.3 ,  0.45]), texRes=128, units=u'norm', win=Window(...))
2.4597 	EXP 	Created fixationITIText = TextStim(alignHoriz='center', alignVert='center', antialias=True, autoLog=True, bold=False, color='black', colorSpace='named', contrast=1.0, depth=-8.0, flipHoriz=False, flipVert=False, font='Arial', fontFiles=[], height=0.1, italic=False, name='fixationITIText', opacity=1.0, ori=0, pos=array([ 0.,  0.]), rgb=array([ 0.,  0.,  0.]), text=u'+', units=u'norm', win=Window(...), wrapWidth=1)
2.4656 	EXP 	Created sickHighlight = TextStim(alignHoriz='center', alignVert='center', antialias=True, autoLog=True, bold=False, color='white', colorSpace='named', contrast=1.0, depth=-10.0, flipHoriz=False, flipVert=False, font='Arial', fontFiles=[], height=1.0, italic=False, name='sickHighlight', opacity=1.0, ori=0, pos=array([-0.5 , -0.35]), rgb=array([ 255.,  255.,  255.]), text=u'_', units=u'norm', win=Window(...), wrapWidth=1)
2.4695 	EXP 	Created notsickHighlight = TextStim(alignHoriz='center', alignVert='center', antialias=True, autoLog=True, bold=False, color='white', colorSpace='named', contrast=1.0, depth=-11.0, flipHoriz=False, flipVert=False, font='Arial', fontFiles=[], height=1, italic=False, name='notsickHighlight', opacity=1.0, ori=0, pos=array([ 0.5 , -0.35]), rgb=array([ 255.,  255.,  255.]), text=u'_', units=u'norm', win=Window(...), wrapWidth=1)
2.4800 	EXP 	Created correctText = TextStim(alignHoriz='center', alignVert='center', antialias=True, autoLog=True, bold=False, color='green', colorSpace='named', contrast=1.0, depth=-13.0, flipHoriz=False, flipVert=False, font='Arial Bold', fontFiles=[], height=0.1, italic=False, name='correctText', opacity=1.0, ori=0, pos=array([ 0. , -0.3]), rgb=array([   0.,  128.,    0.]), text=u'CORRECT', units=u'norm', win=Window(...), wrapWidth=1)
2.4850 	EXP 	Created wrongText = TextStim(alignHoriz='center', alignVert='center', antialias=True, autoLog=True, bold=False, color=u'red', colorSpace='named', contrast=1.0, depth=-14.0, flipHoriz=False, flipVert=False, font=u'Arial Bold', fontFiles=[], height=0.1, italic=False, name='wrongText', opacity=1.0, ori=0, pos=array([ 0. , -0.3]), rgb=array([ 255.,    0.,    0.]), text=u'WRONG', units=u'norm', win=Window(...), wrapWidth=1)
2.4905 	EXP 	Created timeoutText = TextStim(alignHoriz='center', alignVert='center', antialias=True, autoLog=True, bold=False, color=u'white', colorSpace='named', contrast=1.0, depth=-15.0, flipHoriz=False, flipVert=False, font=u'Arial Bold', fontFiles=[], height=0.1, italic=False, name='timeoutText', opacity=1.0, ori=0, pos=array([ 0. , -0.3]), rgb=array([ 255.,  255.,  255.]), text=u'TIMEOUT', units=u'norm', win=Window(...), wrapWidth=1)
2.4942 	EXP 	Created sickFeedback = ImageStim(autoLog=True, color=array([ 1.,  1.,  1.]), colorSpace='rgb', contrast=1.0, depth=-16.0, flipHoriz=False, flipVert=False, image='images/sick.png', interpolate=True, mask=None, maskParams=None, name='sickFeedback', opacity=1.0, ori=0.0, pos=array([ 0.,  0.]), size=array([ 0.3 ,  0.45]), texRes=128, units=u'norm', win=Window(...))
2.4967 	EXP 	Created notsickFeedback = ImageStim(autoLog=True, color=array([ 1.,  1.,  1.]), colorSpace='rgb', contrast=1.0, depth=-17.0, flipHoriz=False, flipVert=False, image='images/smiley.png', interpolate=True, mask=None, maskParams=None, name='notsickFeedback', opacity=1.0, ori=0.0, pos=array([ 0.,  0.]), size=array([ 0.3 ,  0.45]), texRes=128, units=u'norm', win=Window(...))
2.5079 	EXP 	Imported irrelevant.xlsx as conditions, 4 conditions, 4 params
2.5082 	EXP 	Created sequence: random, trialTypes=4, nReps=1, seed=None
2.5087 	EXP 	New trial (rep=0, index=0): {u'food': u'mexican_food2', u'corrAns': u'right', u'sick': u'No', u'restaurant': u'Restaurante Arroyo'}
2.5719 	EXP 	window1: recordFrameIntervals = False
2.5924 	EXP 	restaurantText: text = u'Restaurante Arroyo'
2.5924 	EXP 	foodImg: image = u'foods/mexican_food2.png'
2.5924 	EXP 	sickHighlight: opacity = 0.0
2.5924 	EXP 	notsickHighlight: opacity = 0.0
2.5924 	EXP 	sickHighlight: text = u'_'
2.5924 	EXP 	notsickHighlight: text = u'_'
2.5924 	EXP 	correctText: opacity = 0.0
2.5924 	EXP 	wrongText: opacity = 0.0
2.5924 	EXP 	timeoutText: opacity = 0.0
2.5924 	EXP 	sickFeedback: opacity = 0.0
2.5924 	EXP 	notsickFeedback: opacity = 0.0
2.5924 	EXP 	correctText: text = u'CORRECT'
2.5924 	EXP 	wrongText: text = u'WRONG'
2.5924 	EXP 	timeoutText: text = u'TIMEOUT'
2.5924 	EXP 	fixationITIText: autoDraw = True
2.5924 	EXP 	sickHighlight: text = u'_'
2.5924 	EXP 	notsickHighlight: text = u'_'
2.5992 	EXP 	window1: recordFrameIntervals = False
3.5929 	EXP 	sickHighlight: text = u'_'
3.5929 	EXP 	notsickHighlight: text = u'_'
3.6261 	EXP 	trialInstrText: autoDraw = True
3.6261 	EXP 	restaurantText: autoDraw = True
3.6261 	EXP 	foodImg: autoDraw = True
3.6261 	EXP 	sickImg: autoDraw = True
3.6261 	EXP 	notsickImg: autoDraw = True
3.6261 	EXP 	fixationITIText: autoDraw = False
3.6261 	EXP 	sickHighlight: autoDraw = True
3.6261 	EXP 	notsickHighlight: autoDraw = True
3.6261 	EXP 	sickHighlight: text = u'_'
3.6261 	EXP 	notsickHighlight: text = u'_'
3.6399 	EXP 	sickHighlight: text = u'_'
3.6399 	EXP 	notsickHighlight: text = u'_'
3.6585 	EXP 	sickHighlight: text = u'_'
3.6585 	EXP 	notsickHighlight: text = u'_'
3.6723 	EXP 	sickHighlight: text = u'_'
3.6723 	EXP 	notsickHighlight: text = u'_'
3.6920 	EXP 	sickHighlight: text = u'_'
3.6920 	EXP 	notsickHighlight: text = u'_'
3.7059 	EXP 	sickHighlight: text = u'_'
3.7059 	EXP 	notsickHighlight: text = u'_'
3.7252 	EXP 	sickHighlight: text = u'_'
3.7252 	EXP 	notsickHighlight: text = u'_'
3.7393 	EXP 	sickHighlight: text = u'_'
3.7393 	EXP 	notsickHighlight: text = u'_'
3.7584 	EXP 	sickHighlight: text = u'_'
3.7584 	EXP 	notsickHighlight: text = u'_'
3.7724 	EXP 	sickHighlight: text = u'_'
3.7724 	EXP 	notsickHighlight: text = u'_'
3.7918 	EXP 	sickHighlight: text = u'_'
3.7918 	EXP 	notsickHighlight: text = u'_'
3.8062 	EXP 	sickHighlight: text = u'_'
3.8062 	EXP 	notsickHighlight: text = u'_'
3.8251 	EXP 	sickHighlight: text = u'_'
3.8251 	EXP 	notsickHighlight: text = u'_'
3.8391 	EXP 	sickHighlight: text = u'_'
3.8391 	EXP 	notsickHighlight: text = u'_'
3.8586 	EXP 	sickHighlight: text = u'_'
3.8586 	EXP 	notsickHighlight: text = u'_'
3.8724 	EXP 	sickHighlight: text = u'_'
3.8724 	EXP 	notsickHighlight: text = u'_'
3.8919 	EXP 	sickHighlight: text = u'_'
3.8919 	EXP 	notsickHighlight: text = u'_'
3.9060 	EXP 	sickHighlight: text = u'_'
3.9060 	EXP 	notsickHighlight: text = u'_'
3.9250 	EXP 	sickHighlight: text = u'_'
3.9250 	EXP 	notsickHighlight: text = u'_'
3.9390 	EXP 	sickHighlight: text = u'_'
3.9390 	EXP 	notsickHighlight: text = u'_'
3.9583 	EXP 	sickHighlight: text = u'_'
3.9583 	EXP 	notsickHighlight: text = u'_'
3.9724 	EXP 	sickHighlight: text = u'_'
3.9724 	EXP 	notsickHighlight: text = u'_'
3.9920 	EXP 	sickHighlight: text = u'_'
3.9920 	EXP 	notsickHighlight: text = u'_'
4.0062 	EXP 	sickHighlight: text = u'_'
4.0062 	EXP 	notsickHighlight: text = u'_'
4.0251 	EXP 	sickHighlight: text = u'_'
4.0251 	EXP 	notsickHighlight: text = u'_'
4.0391 	EXP 	sickHighlight: text = u'_'
4.0391 	EXP 	notsickHighlight: text = u'_'
4.0587 	EXP 	sickHighlight: text = u'_'
4.0587 	EXP 	notsickHighlight: text = u'_'
4.0727 	EXP 	sickHighlight: text = u'_'
4.0727 	EXP 	notsickHighlight: text = u'_'
4.0917 	EXP 	sickHighlight: text = u'_'
4.0917 	EXP 	notsickHighlight: text = u'_'
4.1087 	EXP 	sickHighlight: text = u'_'
4.1087 	EXP 	notsickHighlight: text = u'_'
4.1228 	EXP 	sickHighlight: text = u'_'
4.1228 	EXP 	notsickHighlight: text = u'_'
4.1420 	EXP 	sickHighlight: text = u'_'
4.1420 	EXP 	notsickHighlight: text = u'_'
4.1565 	EXP 	sickHighlight: text = u'_'
4.1565 	EXP 	notsickHighlight: text = u'_'
4.1752 	EXP 	sickHighlight: text = u'_'
4.1752 	EXP 	notsickHighlight: text = u'_'
4.1892 	EXP 	sickHighlight: text = u'_'
4.1892 	EXP 	notsickHighlight: text = u'_'
4.2086 	EXP 	sickHighlight: text = u'_'
4.2086 	EXP 	notsickHighlight: text = u'_'
4.2232 	EXP 	sickHighlight: text = u'_'
4.2232 	EXP 	notsickHighlight: text = u'_'
4.2421 	EXP 	sickHighlight: text = u'_'
4.2421 	EXP 	notsickHighlight: text = u'_'
4.2562 	EXP 	sickHighlight: text = u'_'
4.2562 	EXP 	notsickHighlight: text = u'_'
4.2751 	EXP 	sickHighlight: text = u'_'
4.2751 	EXP 	notsickHighlight: text = u'_'
4.3087 	EXP 	sickHighlight: text = u'_'
4.3087 	EXP 	notsickHighlight: text = u'_'
4.3222 	EXP 	sickHighlight: text = u'_'
4.3222 	EXP 	notsickHighlight: text = u'_'
4.3417 	EXP 	sickHighlight: text = u'_'
4.3417 	EXP 	notsickHighlight: text = u'_'
4.3559 	EXP 	sickHighlight: text = u'_'
4.3559 	EXP 	notsickHighlight: text = u'_'
4.3844 	EXP 	sickHighlight: text = u'_'
4.3844 	EXP 	notsickHighlight: text = u'_'
4.4087 	EXP 	sickHighlight: text = u'_'
4.4087 	EXP 	notsickHighlight: text = u'_'
4.4226 	EXP 	sickHighlight: text = u'_'
4.4226 	EXP 	notsickHighlight: text = u'_'
4.4418 	EXP 	sickHighlight: text = u'_'
4.4418 	EXP 	notsickHighlight: text = u'_'
4.4585 	EXP 	sickHighlight: text = u'_'
4.4585 	EXP 	notsickHighlight: text = u'_'
4.4753 	EXP 	sickHighlight: text = u'_'
4.4753 	EXP 	notsickHighlight: text = u'_'
4.4918 	EXP 	sickHighlight: text = u'_'
4.4918 	EXP 	notsickHighlight: text = u'_'
4.5059 	EXP 	sickHighlight: text = u'_'
4.5059 	EXP 	notsickHighlight: text = u'_'
4.5253 	EXP 	sickHighlight: text = u'_'
4.5253 	EXP 	notsickHighlight: text = u'_'
4.5393 	EXP 	sickHighlight: text = u'_'
4.5393 	EXP 	notsickHighlight: text = u'_'
4.5584 	EXP 	sickHighlight: text = u'_'
4.5584 	EXP 	notsickHighlight: text = u'_'
4.5725 	EXP 	sickHighlight: text = u'_'
4.5725 	EXP 	notsickHighlight: text = u'_'
4.5919 	EXP 	sickHighlight: text = u'_'
4.5919 	EXP 	notsickHighlight: text = u'_'
4.6084 	EXP 	sickHighlight: text = u'_'
4.6084 	EXP 	notsickHighlight: text = u'_'
4.6230 	EXP 	sickHighlight: text = u'_'
4.6230 	EXP 	notsickHighlight: text = u'_'
4.6420 	EXP 	sickHighlight: text = u'_'
4.6420 	EXP 	notsickHighlight: text = u'_'
4.6558 	EXP 	sickHighlight: text = u'_'
4.6558 	EXP 	notsickHighlight: text = u'_'
4.6753 	EXP 	sickHighlight: text = u'_'
4.6753 	EXP 	notsickHighlight: text = u'_'
4.6896 	EXP 	sickHighlight: text = u'_'
4.6896 	EXP 	notsickHighlight: text = u'_'
4.7085 	EXP 	sickHighlight: text = u'_'
4.7085 	EXP 	notsickHighlight: text = u'_'
4.7227 	EXP 	sickHighlight: text = u'_'
4.7227 	EXP 	notsickHighlight: text = u'_'
4.7419 	EXP 	sickHighlight: text = u'_'
4.7419 	EXP 	notsickHighlight: text = u'_'
4.7584 	EXP 	sickHighlight: text = u'_'
4.7584 	EXP 	notsickHighlight: text = u'_'
4.7755 	EXP 	sickHighlight: text = u'_'
4.7755 	EXP 	notsickHighlight: text = u'_'
4.7918 	EXP 	sickHighlight: text = u'_'
4.7918 	EXP 	notsickHighlight: text = u'_'
4.8088 	EXP 	sickHighlight: text = u'_'
4.8088 	EXP 	notsickHighlight: text = u'_'
4.8252 	EXP 	sickHighlight: text = u'_'
4.8252 	EXP 	notsickHighlight: text = u'_'
4.8419 	EXP 	sickHighlight: text = u'_'
4.8419 	EXP 	notsickHighlight: text = u'_'
4.8562 	EXP 	sickHighlight: text = u'_'
4.8562 	EXP 	notsickHighlight: text = u'_'
4.8755 	EXP 	sickHighlight: text = u'_'
4.8755 	EXP 	notsickHighlight: text = u'_'
4.8894 	EXP 	sickHighlight: text = u'_'
4.8894 	EXP 	notsickHighlight: text = u'_'
4.9085 	EXP 	sickHighlight: text = u'_'
4.9085 	EXP 	notsickHighlight: text = u'_'
4.9227 	EXP 	sickHighlight: text = u'_'
4.9227 	EXP 	notsickHighlight: text = u'_'
4.9419 	EXP 	sickHighlight: text = u'_'
4.9419 	EXP 	notsickHighlight: text = u'_'
4.9586 	EXP 	sickHighlight: text = u'_'
4.9586 	EXP 	notsickHighlight: text = u'_'
4.9726 	EXP 	sickHighlight: text = u'_'
4.9726 	EXP 	notsickHighlight: text = u'_'
4.9920 	EXP 	sickHighlight: text = u'_'
4.9920 	EXP 	notsickHighlight: text = u'_'
5.0059 	EXP 	sickHighlight: text = u'_'
5.0059 	EXP 	notsickHighlight: text = u'_'
5.0255 	EXP 	sickHighlight: text = u'_'
5.0255 	EXP 	notsickHighlight: text = u'_'
5.0398 	EXP 	sickHighlight: text = u'_'
5.0398 	EXP 	notsickHighlight: text = u'_'
5.0587 	EXP 	sickHighlight: text = u'_'
5.0587 	EXP 	notsickHighlight: text = u'_'
5.0727 	EXP 	sickHighlight: text = u'_'
5.0727 	EXP 	notsickHighlight: text = u'_'
5.0923 	EXP 	sickHighlight: text = u'_'
5.0923 	EXP 	notsickHighlight: text = u'_'
5.1063 	EXP 	sickHighlight: text = u'_'
5.1063 	EXP 	notsickHighlight: text = u'_'
5.1256 	EXP 	sickHighlight: text = u'_'
5.1256 	EXP 	notsickHighlight: text = u'_'
5.1590 	EXP 	sickHighlight: text = u'_'
5.1590 	EXP 	notsickHighlight: text = u'_'
5.1731 	EXP 	sickHighlight: text = u'_'
5.1731 	EXP 	notsickHighlight: text = u'_'
5.1923 	EXP 	sickHighlight: text = u'_'
5.1923 	EXP 	notsickHighlight: text = u'_'
5.2064 	EXP 	sickHighlight: text = u'_'
5.2064 	EXP 	notsickHighlight: text = u'_'
5.2255 	EXP 	sickHighlight: text = u'_'
5.2255 	EXP 	notsickHighlight: text = u'_'
5.2420 	EXP 	sickHighlight: text = u'_'
5.2420 	EXP 	notsickHighlight: text = u'_'
5.2587 	EXP 	sickHighlight: text = u'_'
5.2587 	EXP 	notsickHighlight: text = u'_'
5.2757 	EXP 	sickHighlight: text = u'_'
5.2757 	EXP 	notsickHighlight: text = u'_'
5.2901 	EXP 	sickHighlight: text = u'_'
5.2901 	EXP 	notsickHighlight: text = u'_'
5.3089 	EXP 	sickHighlight: text = u'_'
5.3089 	EXP 	notsickHighlight: text = u'_'
5.3234 	EXP 	sickHighlight: text = u'_'
5.3234 	EXP 	notsickHighlight: text = u'_'
5.3420 	EXP 	sickHighlight: text = u'_'
5.3420 	EXP 	notsickHighlight: text = u'_'
5.3588 	EXP 	sickHighlight: text = u'_'
5.3588 	EXP 	notsickHighlight: text = u'_'
5.3756 	EXP 	sickHighlight: text = u'_'
5.3756 	EXP 	notsickHighlight: text = u'_'
5.3923 	EXP 	sickHighlight: text = u'_'
5.3923 	EXP 	notsickHighlight: text = u'_'
5.4060 	EXP 	sickHighlight: text = u'_'
5.4060 	EXP 	notsickHighlight: text = u'_'
5.4255 	EXP 	sickHighlight: text = u'_'
5.4255 	EXP 	notsickHighlight: text = u'_'
5.4394 	EXP 	sickHighlight: text = u'_'
5.4394 	EXP 	notsickHighlight: text = u'_'
5.4589 	EXP 	sickHighlight: text = u'_'
5.4589 	EXP 	notsickHighlight: text = u'_'
5.4731 	EXP 	sickHighlight: text = u'_'
5.4731 	EXP 	notsickHighlight: text = u'_'
5.4921 	EXP 	sickHighlight: text = u'_'
5.4921 	EXP 	notsickHighlight: text = u'_'
5.5091 	EXP 	sickHighlight: text = u'_'
5.5091 	EXP 	notsickHighlight: text = u'_'
5.5255 	EXP 	sickHighlight: text = u'_'
5.5255 	EXP 	notsickHighlight: text = u'_'
5.5420 	EXP 	sickHighlight: text = u'_'
5.5420 	EXP 	notsickHighlight: text = u'_'
5.5570 	EXP 	sickHighlight: text = u'_'
5.5570 	EXP 	notsickHighlight: text = u'_'
5.5755 	EXP 	sickHighlight: text = u'_'
5.5755 	EXP 	notsickHighlight: text = u'_'
5.5898 	EXP 	sickHighlight: text = u'_'
5.5898 	EXP 	notsickHighlight: text = u'_'
5.6086 	EXP 	sickHighlight: text = u'_'
5.6086 	EXP 	notsickHighlight: text = u'_'
5.6226 	EXP 	sickHighlight: text = u'_'
5.6226 	EXP 	notsickHighlight: text = u'_'
5.6420 	EXP 	sickHighlight: text = u'_'
5.6420 	EXP 	notsickHighlight: text = u'_'
5.6560 	EXP 	sickHighlight: text = u'_'
5.6560 	EXP 	notsickHighlight: text = u'_'
5.6756 	EXP 	sickHighlight: text = u'_'
5.6756 	EXP 	notsickHighlight: text = u'_'
5.6897 	EXP 	sickHighlight: text = u'_'
5.6897 	EXP 	notsickHighlight: text = u'_'
5.7089 	EXP 	sickHighlight: text = u'_'
5.7089 	EXP 	notsickHighlight: text = u'_'
5.7229 	EXP 	sickHighlight: text = u'_'
5.7229 	EXP 	notsickHighlight: text = u'_'
5.7422 	EXP 	sickHighlight: text = u'_'
5.7422 	EXP 	notsickHighlight: text = u'_'
5.7565 	EXP 	sickHighlight: text = u'_'
5.7565 	EXP 	notsickHighlight: text = u'_'
5.7755 	EXP 	sickHighlight: text = u'_'
5.7755 	EXP 	notsickHighlight: text = u'_'
5.7926 	EXP 	sickHighlight: text = u'_'
5.7926 	EXP 	notsickHighlight: text = u'_'
5.8069 	EXP 	sickHighlight: text = u'_'
5.8069 	EXP 	notsickHighlight: text = u'_'
5.8256 	EXP 	sickHighlight: text = u'_'
5.8256 	EXP 	notsickHighlight: text = u'_'
5.8394 	EXP 	sickHighlight: text = u'_'
5.8394 	EXP 	notsickHighlight: text = u'_'
5.8590 	EXP 	sickHighlight: text = u'_'
5.8590 	EXP 	notsickHighlight: text = u'_'
5.8732 	EXP 	sickHighlight: text = u'_'
5.8732 	EXP 	notsickHighlight: text = u'_'
5.8923 	EXP 	sickHighlight: text = u'_'
5.8923 	EXP 	notsickHighlight: text = u'_'
5.9061 	EXP 	sickHighlight: text = u'_'
5.9061 	EXP 	notsickHighlight: text = u'_'
5.9256 	EXP 	sickHighlight: text = u'_'
5.9256 	EXP 	notsickHighlight: text = u'_'
5.9397 	EXP 	sickHighlight: text = u'_'
5.9397 	EXP 	notsickHighlight: text = u'_'
5.9589 	EXP 	sickHighlight: text = u'_'
5.9589 	EXP 	notsickHighlight: text = u'_'
5.9735 	EXP 	sickHighlight: text = u'_'
5.9735 	EXP 	notsickHighlight: text = u'_'
5.9924 	EXP 	sickHighlight: text = u'_'
5.9924 	EXP 	notsickHighlight: text = u'_'
6.0062 	EXP 	sickHighlight: text = u'_'
6.0062 	EXP 	notsickHighlight: text = u'_'
6.0255 	EXP 	sickHighlight: text = u'_'
6.0255 	EXP 	notsickHighlight: text = u'_'
6.0399 	EXP 	sickHighlight: text = u'_'
6.0399 	EXP 	notsickHighlight: text = u'_'
6.0592 	EXP 	sickHighlight: text = u'_'
6.0592 	EXP 	notsickHighlight: text = u'_'
6.0732 	EXP 	sickHighlight: text = u'_'
6.0732 	EXP 	notsickHighlight: text = u'_'
6.0924 	EXP 	sickHighlight: text = u'_'
6.0924 	EXP 	notsickHighlight: text = u'_'
6.1119 	EXP 	sickHighlight: text = u'_'
6.1119 	EXP 	notsickHighlight: text = u'_'
6.1242 	EXP 	sickHighlight: text = u'_'
6.1242 	EXP 	notsickHighlight: text = u'_'
6.1420 	EXP 	sickHighlight: text = u'_'
6.1420 	EXP 	notsickHighlight: text = u'_'
6.1564 	EXP 	sickHighlight: text = u'_'
6.1564 	EXP 	notsickHighlight: text = u'_'
6.1757 	EXP 	sickHighlight: text = u'_'
6.1757 	EXP 	notsickHighlight: text = u'_'
6.1903 	EXP 	sickHighlight: text = u'_'
6.1903 	EXP 	notsickHighlight: text = u'_'
6.2089 	EXP 	sickHighlight: text = u'_'
6.2089 	EXP 	notsickHighlight: text = u'_'
6.2228 	EXP 	sickHighlight: text = u'_'
6.2228 	EXP 	notsickHighlight: text = u'_'
6.2423 	EXP 	sickHighlight: text = u'_'
6.2423 	EXP 	notsickHighlight: text = u'_'
6.2561 	EXP 	sickHighlight: text = u'_'
6.2561 	EXP 	notsickHighlight: text = u'_'
6.2755 	EXP 	sickHighlight: text = u'_'
6.2755 	EXP 	notsickHighlight: text = u'_'
6.2920 	EXP 	sickHighlight: text = u'_'
6.2920 	EXP 	notsickHighlight: text = u'_'
6.3088 	EXP 	sickHighlight: text = u'_'
6.3088 	EXP 	notsickHighlight: text = u'_'
6.3230 	EXP 	sickHighlight: text = u'_'
6.3230 	EXP 	notsickHighlight: text = u'_'
6.3427 	EXP 	sickHighlight: text = u'_'
6.3427 	EXP 	notsickHighlight: text = u'_'
6.3569 	EXP 	sickHighlight: text = u'_'
6.3569 	EXP 	notsickHighlight: text = u'_'
6.3759 	EXP 	sickHighlight: text = u'_'
6.3759 	EXP 	notsickHighlight: text = u'_'
6.3896 	EXP 	sickHighlight: text = u'_'
6.3896 	EXP 	notsickHighlight: text = u'_'
6.4093 	EXP 	sickHighlight: text = u'_'
6.4093 	EXP 	notsickHighlight: text = u'_'
6.4235 	EXP 	sickHighlight: text = u'_'
6.4235 	EXP 	notsickHighlight: text = u'_'
6.4422 	EXP 	sickHighlight: text = u'_'
6.4422 	EXP 	notsickHighlight: text = u'_'
6.4561 	EXP 	sickHighlight: text = u'_'
6.4561 	EXP 	notsickHighlight: text = u'_'
6.4755 	EXP 	sickHighlight: text = u'_'
6.4755 	EXP 	notsickHighlight: text = u'_'
6.4895 	EXP 	sickHighlight: text = u'_'
6.4895 	EXP 	notsickHighlight: text = u'_'
6.5093 	EXP 	sickHighlight: text = u'_'
6.5093 	EXP 	notsickHighlight: text = u'_'
6.5422 	EXP 	trialInstrText: autoDraw = False
6.5422 	EXP 	restaurantText: autoDraw = False
6.5422 	EXP 	foodImg: autoDraw = False
6.5422 	EXP 	sickImg: autoDraw = False
6.5422 	EXP 	notsickImg: autoDraw = False
6.5422 	EXP 	sickHighlight: autoDraw = False
6.5422 	EXP 	notsickHighlight: autoDraw = False
6.5422 	EXP 	sickHighlight: text = u'_'
6.5422 	EXP 	notsickHighlight: text = u'_'
6.5422 	EXP 	correctText: autoDraw = True
6.5422 	EXP 	wrongText: autoDraw = True
6.5422 	EXP 	timeoutText: autoDraw = True
6.5422 	EXP 	sickFeedback: autoDraw = True
6.5422 	EXP 	notsickFeedback: autoDraw = True
6.5422 	EXP 	timeoutText: opacity = 1.0
6.5422 	EXP 	timeoutText: text = u'TIMEOUT'
6.5598 	EXP 	sickHighlight: text = u'_'
6.5598 	EXP 	notsickHighlight: text = u'_'
6.5764 	EXP 	sickHighlight: text = u'_'
6.5764 	EXP 	notsickHighlight: text = u'_'
6.5933 	EXP 	sickHighlight: text = u'_'
6.5933 	EXP 	notsickHighlight: text = u'_'
6.6098 	EXP 	sickHighlight: text = u'_'
6.6098 	EXP 	notsickHighlight: text = u'_'
6.6244 	EXP 	sickHighlight: text = u'_'
6.6244 	EXP 	notsickHighlight: text = u'_'
6.6434 	EXP 	sickHighlight: text = u'_'
6.6434 	EXP 	notsickHighlight: text = u'_'
6.6573 	EXP 	sickHighlight: text = u'_'
6.6573 	EXP 	notsickHighlight: text = u'_'
6.6767 	EXP 	sickHighlight: text = u'_'
6.6767 	EXP 	notsickHighlight: text = u'_'
6.6939 	EXP 	sickHighlight: text = u'_'
6.6939 	EXP 	notsickHighlight: text = u'_'
6.7099 	EXP 	sickHighlight: text = u'_'
6.7099 	EXP 	notsickHighlight: text = u'_'
6.7264 	EXP 	sickHighlight: text = u'_'
6.7264 	EXP 	notsickHighlight: text = u'_'
6.7434 	EXP 	sickHighlight: text = u'_'
6.7434 	EXP 	notsickHighlight: text = u'_'
6.7573 	EXP 	sickHighlight: text = u'_'
6.7573 	EXP 	notsickHighlight: text = u'_'
6.7767 	EXP 	sickHighlight: text = u'_'
6.7767 	EXP 	notsickHighlight: text = u'_'
6.7908 	EXP 	sickHighlight: text = u'_'
6.7908 	EXP 	notsickHighlight: text = u'_'
6.8099 	EXP 	sickHighlight: text = u'_'
6.8099 	EXP 	notsickHighlight: text = u'_'
6.8238 	EXP 	sickHighlight: text = u'_'
6.8238 	EXP 	notsickHighlight: text = u'_'
6.8433 	EXP 	sickHighlight: text = u'_'
6.8433 	EXP 	notsickHighlight: text = u'_'
6.8572 	EXP 	sickHighlight: text = u'_'
6.8572 	EXP 	notsickHighlight: text = u'_'
6.8767 	EXP 	sickHighlight: text = u'_'
6.8767 	EXP 	notsickHighlight: text = u'_'
6.8906 	EXP 	sickHighlight: text = u'_'
6.8906 	EXP 	notsickHighlight: text = u'_'
6.9100 	EXP 	sickHighlight: text = u'_'
6.9100 	EXP 	notsickHighlight: text = u'_'
6.9250 	EXP 	sickHighlight: text = u'_'
6.9250 	EXP 	notsickHighlight: text = u'_'
6.9433 	EXP 	sickHighlight: text = u'_'
6.9433 	EXP 	notsickHighlight: text = u'_'
6.9765 	EXP 	sickHighlight: text = u'_'
6.9765 	EXP 	notsickHighlight: text = u'_'
6.9936 	EXP 	sickHighlight: text = u'_'
6.9936 	EXP 	notsickHighlight: text = u'_'
7.0100 	EXP 	sickHighlight: text = u'_'
7.0100 	EXP 	notsickHighlight: text = u'_'
7.0265 	EXP 	sickHighlight: text = u'_'
7.0265 	EXP 	notsickHighlight: text = u'_'
7.0433 	EXP 	sickHighlight: text = u'_'
7.0433 	EXP 	notsickHighlight: text = u'_'
7.0598 	EXP 	sickHighlight: text = u'_'
7.0598 	EXP 	notsickHighlight: text = u'_'
7.0742 	EXP 	sickHighlight: text = u'_'
7.0742 	EXP 	notsickHighlight: text = u'_'
7.0935 	EXP 	sickHighlight: text = u'_'
7.0935 	EXP 	notsickHighlight: text = u'_'
7.1073 	EXP 	sickHighlight: text = u'_'
7.1073 	EXP 	notsickHighlight: text = u'_'
7.1264 	EXP 	sickHighlight: text = u'_'
7.1264 	EXP 	notsickHighlight: text = u'_'
7.1435 	EXP 	sickHighlight: text = u'_'
7.1435 	EXP 	notsickHighlight: text = u'_'
7.1598 	EXP 	sickHighlight: text = u'_'
7.1598 	EXP 	notsickHighlight: text = u'_'
7.1769 	EXP 	sickHighlight: text = u'_'
7.1769 	EXP 	notsickHighlight: text = u'_'
7.1911 	EXP 	sickHighlight: text = u'_'
7.1911 	EXP 	notsickHighlight: text = u'_'
7.2101 	EXP 	sickHighlight: text = u'_'
7.2101 	EXP 	notsickHighlight: text = u'_'
7.2240 	EXP 	sickHighlight: text = u'_'
7.2240 	EXP 	notsickHighlight: text = u'_'
7.2434 	EXP 	sickHighlight: text = u'_'
7.2434 	EXP 	notsickHighlight: text = u'_'
7.2574 	EXP 	sickHighlight: text = u'_'
7.2574 	EXP 	notsickHighlight: text = u'_'
7.2765 	EXP 	sickHighlight: text = u'_'
7.2765 	EXP 	notsickHighlight: text = u'_'
7.2904 	EXP 	sickHighlight: text = u'_'
7.2904 	EXP 	notsickHighlight: text = u'_'
7.3099 	EXP 	sickHighlight: text = u'_'
7.3099 	EXP 	notsickHighlight: text = u'_'
7.3240 	EXP 	sickHighlight: text = u'_'
7.3240 	EXP 	notsickHighlight: text = u'_'
7.3432 	EXP 	sickHighlight: text = u'_'
7.3432 	EXP 	notsickHighlight: text = u'_'
7.3598 	EXP 	sickHighlight: text = u'_'
7.3598 	EXP 	notsickHighlight: text = u'_'
7.3738 	EXP 	sickHighlight: text = u'_'
7.3738 	EXP 	notsickHighlight: text = u'_'
7.3933 	EXP 	sickHighlight: text = u'_'
7.3933 	EXP 	notsickHighlight: text = u'_'
7.4073 	EXP 	sickHighlight: text = u'_'
7.4073 	EXP 	notsickHighlight: text = u'_'
7.4265 	EXP 	sickHighlight: text = u'_'
7.4265 	EXP 	notsickHighlight: text = u'_'
7.4404 	EXP 	sickHighlight: text = u'_'
7.4404 	EXP 	notsickHighlight: text = u'_'
7.4599 	EXP 	sickHighlight: text = u'_'
7.4599 	EXP 	notsickHighlight: text = u'_'
7.4738 	EXP 	sickHighlight: text = u'_'
7.4738 	EXP 	notsickHighlight: text = u'_'
7.4934 	EXP 	sickHighlight: text = u'_'
7.4934 	EXP 	notsickHighlight: text = u'_'
7.5075 	EXP 	sickHighlight: text = u'_'
7.5075 	EXP 	notsickHighlight: text = u'_'
7.5268 	EXP 	sickHighlight: text = u'_'
7.5268 	EXP 	notsickHighlight: text = u'_'
7.5268 	EXP 	correctText: autoDraw = False
7.5268 	EXP 	wrongText: autoDraw = False
7.5268 	EXP 	timeoutText: autoDraw = False
7.5268 	EXP 	sickFeedback: autoDraw = False
7.5268 	EXP 	notsickFeedback: autoDraw = False
7.5333 	EXP 	window1: recordFrameIntervals = False
7.5402 	EXP 	fixationJitterText: autoDraw = True
7.5402 	EXP 	sickHighlight: text = u'_'
7.5402 	EXP 	notsickHighlight: text = u'_'
7.5458 	EXP 	window1: recordFrameIntervals = False
8.0601 	EXP 	sickHighlight: text = u'_'
8.0601 	EXP 	notsickHighlight: text = u'_'
8.0614 	EXP 	New trial (rep=0, index=1): {u'food': u'mexican_food1', u'corrAns': u'left', u'sick': u'Yes', u'restaurant': u"Molina's Cantina"}
8.0901 	EXP 	window1: recordFrameIntervals = False
8.1101 	EXP 	trialInstrText: autoDraw = False
8.1101 	EXP 	restaurantText: autoDraw = False
8.1101 	EXP 	foodImg: autoDraw = False
8.1101 	EXP 	fixationJitterText: autoDraw = False
8.1101 	EXP 	sickImg: autoDraw = False
8.1101 	EXP 	notsickImg: autoDraw = False
8.1101 	EXP 	fixationITIText: autoDraw = False
8.1101 	EXP 	sickHighlight: autoDraw = False
8.1101 	EXP 	notsickHighlight: autoDraw = False
8.1101 	EXP 	correctText: autoDraw = False
8.1101 	EXP 	wrongText: autoDraw = False
8.1101 	EXP 	timeoutText: autoDraw = False
8.1101 	EXP 	sickFeedback: autoDraw = False
8.1101 	EXP 	notsickFeedback: autoDraw = False
8.1101 	EXP 	restaurantText: text = u"Molina's Cantina"
8.1101 	EXP 	foodImg: image = u'foods/mexican_food1.png'
8.1101 	EXP 	sickHighlight: opacity = 0.0
8.1101 	EXP 	notsickHighlight: opacity = 0.0
8.1101 	EXP 	sickHighlight: text = u'_'
8.1101 	EXP 	notsickHighlight: text = u'_'
8.1101 	EXP 	correctText: opacity = 0.0
8.1101 	EXP 	wrongText: opacity = 0.0
8.1101 	EXP 	timeoutText: opacity = 0.0
8.1101 	EXP 	sickFeedback: opacity = 0.0
8.1101 	EXP 	notsickFeedback: opacity = 0.0
8.1101 	EXP 	correctText: text = u'CORRECT'
8.1101 	EXP 	wrongText: text = u'WRONG'
8.1101 	EXP 	timeoutText: text = u'TIMEOUT'
8.1101 	EXP 	fixationITIText: autoDraw = True
8.1101 	EXP 	sickHighlight: text = u'_'
8.1101 	EXP 	notsickHighlight: text = u'_'
8.1166 	EXP 	window1: recordFrameIntervals = False
9.1101 	EXP 	sickHighlight: text = u'_'
9.1101 	EXP 	notsickHighlight: text = u'_'
9.1264 	EXP 	trialInstrText: autoDraw = True
9.1264 	EXP 	restaurantText: autoDraw = True
9.1264 	EXP 	foodImg: autoDraw = True
9.1264 	EXP 	sickImg: autoDraw = True
9.1264 	EXP 	notsickImg: autoDraw = True
9.1264 	EXP 	fixationITIText: autoDraw = False
9.1264 	EXP 	sickHighlight: autoDraw = True
9.1264 	EXP 	notsickHighlight: autoDraw = True
9.1264 	EXP 	sickHighlight: text = u'_'
9.1264 	EXP 	notsickHighlight: text = u'_'
9.1424 	EXP 	sickHighlight: text = u'_'
9.1424 	EXP 	notsickHighlight: text = u'_'
9.1563 	EXP 	sickHighlight: text = u'_'
9.1563 	EXP 	notsickHighlight: text = u'_'
9.1757 	EXP 	sickHighlight: text = u'_'
9.1757 	EXP 	notsickHighlight: text = u'_'
9.1902 	EXP 	sickHighlight: text = u'_'
9.1902 	EXP 	notsickHighlight: text = u'_'
9.2092 	EXP 	sickHighlight: text = u'_'
9.2092 	EXP 	notsickHighlight: text = u'_'
9.2257 	EXP 	sickHighlight: text = u'_'
9.2257 	EXP 	notsickHighlight: text = u'_'
9.2426 	EXP 	sickHighlight: text = u'_'
9.2426 	EXP 	notsickHighlight: text = u'_'
9.2562 	EXP 	sickHighlight: text = u'_'
9.2562 	EXP 	notsickHighlight: text = u'_'
9.2757 	EXP 	sickHighlight: text = u'_'
9.2757 	EXP 	notsickHighlight: text = u'_'
9.2896 	EXP 	sickHighlight: text = u'_'
9.2896 	EXP 	notsickHighlight: text = u'_'
9.3091 	EXP 	sickHighlight: text = u'_'
9.3091 	EXP 	notsickHighlight: text = u'_'
9.3229 	EXP 	sickHighlight: text = u'_'
9.3229 	EXP 	notsickHighlight: text = u'_'
9.3425 	EXP 	sickHighlight: text = u'_'
9.3425 	EXP 	notsickHighlight: text = u'_'
9.3639 	EXP 	sickHighlight: text = u'_'
9.3639 	EXP 	notsickHighlight: text = u'_'
9.3807 	EXP 	sickHighlight: text = u'_'
9.3807 	EXP 	notsickHighlight: text = u'_'
9.3927 	EXP 	sickHighlight: text = u'_'
9.3927 	EXP 	notsickHighlight: text = u'_'
9.4091 	EXP 	sickHighlight: text = u'_'
9.4091 	EXP 	notsickHighlight: text = u'_'
9.4261 	EXP 	sickHighlight: text = u'_'
9.4261 	EXP 	notsickHighlight: text = u'_'
9.4424 	EXP 	sickHighlight: text = u'_'
9.4424 	EXP 	notsickHighlight: text = u'_'
9.4593 	EXP 	sickHighlight: text = u'_'
9.4593 	EXP 	notsickHighlight: text = u'_'
9.4756 	EXP 	sickHighlight: text = u'_'
9.4756 	EXP 	notsickHighlight: text = u'_'
9.4926 	EXP 	sickHighlight: text = u'_'
9.4926 	EXP 	notsickHighlight: text = u'_'
9.5093 	EXP 	sickHighlight: text = u'_'
9.5093 	EXP 	notsickHighlight: text = u'_'
9.5261 	EXP 	sickHighlight: text = u'_'
9.5261 	EXP 	notsickHighlight: text = u'_'
9.5397 	EXP 	sickHighlight: text = u'_'
9.5397 	EXP 	notsickHighlight: text = u'_'
9.5591 	EXP 	sickHighlight: text = u'_'
9.5591 	EXP 	notsickHighlight: text = u'_'
9.5733 	EXP 	sickHighlight: text = u'_'
9.5733 	EXP 	notsickHighlight: text = u'_'
9.5923 	EXP 	sickHighlight: text = u'_'
9.5923 	EXP 	notsickHighlight: text = u'_'
9.6093 	EXP 	sickHighlight: text = u'_'
9.6093 	EXP 	notsickHighlight: text = u'_'
9.6261 	EXP 	sickHighlight: text = u'_'
9.6261 	EXP 	notsickHighlight: text = u'_'
9.6427 	EXP 	sickHighlight: text = u'_'
9.6427 	EXP 	notsickHighlight: text = u'_'
9.6589 	EXP 	sickHighlight: text = u'_'
9.6589 	EXP 	notsickHighlight: text = u'_'
9.6758 	EXP 	sickHighlight: text = u'_'
9.6758 	EXP 	notsickHighlight: text = u'_'
9.6901 	EXP 	sickHighlight: text = u'_'
9.6901 	EXP 	notsickHighlight: text = u'_'
9.7094 	EXP 	sickHighlight: text = u'_'
9.7094 	EXP 	notsickHighlight: text = u'_'
9.7235 	EXP 	sickHighlight: text = u'_'
9.7235 	EXP 	notsickHighlight: text = u'_'
9.7429 	EXP 	sickHighlight: text = u'_'
9.7429 	EXP 	notsickHighlight: text = u'_'
9.7566 	EXP 	sickHighlight: text = u'_'
9.7566 	EXP 	notsickHighlight: text = u'_'
9.7758 	EXP 	sickHighlight: text = u'_'
9.7758 	EXP 	notsickHighlight: text = u'_'
9.7927 	EXP 	sickHighlight: text = u'_'
9.7927 	EXP 	notsickHighlight: text = u'_'
9.8092 	EXP 	sickHighlight: text = u'_'
9.8092 	EXP 	notsickHighlight: text = u'_'
9.8261 	EXP 	sickHighlight: text = u'_'
9.8261 	EXP 	notsickHighlight: text = u'_'
9.8397 	EXP 	sickHighlight: text = u'_'
9.8397 	EXP 	notsickHighlight: text = u'_'
9.8593 	EXP 	sickHighlight: text = u'_'
9.8593 	EXP 	notsickHighlight: text = u'_'
9.8732 	EXP 	sickHighlight: text = u'_'
9.8732 	EXP 	notsickHighlight: text = u'_'
9.8925 	EXP 	sickHighlight: text = u'_'
9.8925 	EXP 	notsickHighlight: text = u'_'
9.9064 	EXP 	sickHighlight: text = u'_'
9.9064 	EXP 	notsickHighlight: text = u'_'
9.9260 	EXP 	sickHighlight: text = u'_'
9.9260 	EXP 	notsickHighlight: text = u'_'
9.9399 	EXP 	sickHighlight: text = u'_'
9.9399 	EXP 	notsickHighlight: text = u'_'
9.9595 	EXP 	sickHighlight: text = u'_'
9.9595 	EXP 	notsickHighlight: text = u'_'
9.9735 	EXP 	sickHighlight: text = u'_'
9.9735 	EXP 	notsickHighlight: text = u'_'
9.9926 	EXP 	sickHighlight: text = u'_'
9.9926 	EXP 	notsickHighlight: text = u'_'
10.0134 	EXP 	sickHighlight: text = u'_'
10.0134 	EXP 	notsickHighlight: text = u'_'
10.0273 	EXP 	sickHighlight: text = u'_'
10.0273 	EXP 	notsickHighlight: text = u'_'
10.0398 	EXP 	sickHighlight: text = u'_'
10.0398 	EXP 	notsickHighlight: text = u'_'
10.0593 	EXP 	sickHighlight: text = u'_'
10.0593 	EXP 	notsickHighlight: text = u'_'
10.0738 	EXP 	sickHighlight: text = u'_'
10.0738 	EXP 	notsickHighlight: text = u'_'
10.0926 	EXP 	sickHighlight: text = u'_'
10.0926 	EXP 	notsickHighlight: text = u'_'
10.1091 	EXP 	sickHighlight: text = u'_'
10.1091 	EXP 	notsickHighlight: text = u'_'
10.1259 	EXP 	sickHighlight: text = u'_'
10.1259 	EXP 	notsickHighlight: text = u'_'
10.1406 	EXP 	sickHighlight: text = u'_'
10.1406 	EXP 	notsickHighlight: text = u'_'
10.1592 	EXP 	sickHighlight: text = u'_'
10.1592 	EXP 	notsickHighlight: text = u'_'
10.1762 	EXP 	sickHighlight: text = u'_'
10.1762 	EXP 	notsickHighlight: text = u'_'
10.1900 	EXP 	sickHighlight: text = u'_'
10.1900 	EXP 	notsickHighlight: text = u'_'
10.2094 	EXP 	sickHighlight: text = u'_'
10.2094 	EXP 	notsickHighlight: text = u'_'
10.2238 	EXP 	sickHighlight: text = u'_'
10.2238 	EXP 	notsickHighlight: text = u'_'
10.2428 	EXP 	sickHighlight: text = u'_'
10.2428 	EXP 	notsickHighlight: text = u'_'
10.2570 	EXP 	sickHighlight: text = u'_'
10.2570 	EXP 	notsickHighlight: text = u'_'
10.2758 	EXP 	sickHighlight: text = u'_'
10.2758 	EXP 	notsickHighlight: text = u'_'
10.2932 	EXP 	sickHighlight: text = u'_'
10.2932 	EXP 	notsickHighlight: text = u'_'
10.3096 	EXP 	sickHighlight: text = u'_'
10.3096 	EXP 	notsickHighlight: text = u'_'
10.3261 	EXP 	sickHighlight: text = u'_'
10.3261 	EXP 	notsickHighlight: text = u'_'
10.3426 	EXP 	sickHighlight: text = u'_'
10.3426 	EXP 	notsickHighlight: text = u'_'
10.3595 	EXP 	sickHighlight: text = u'_'
10.3595 	EXP 	notsickHighlight: text = u'_'
10.3734 	EXP 	sickHighlight: text = u'_'
10.3734 	EXP 	notsickHighlight: text = u'_'
10.3928 	EXP 	sickHighlight: text = u'_'
10.3928 	EXP 	notsickHighlight: text = u'_'
10.4067 	EXP 	sickHighlight: text = u'_'
10.4067 	EXP 	notsickHighlight: text = u'_'
10.4261 	EXP 	sickHighlight: text = u'_'
10.4261 	EXP 	notsickHighlight: text = u'_'
10.4400 	EXP 	sickHighlight: text = u'_'
10.4400 	EXP 	notsickHighlight: text = u'_'
10.4590 	EXP 	sickHighlight: text = u'_'
10.4590 	EXP 	notsickHighlight: text = u'_'
10.4737 	EXP 	sickHighlight: text = u'_'
10.4737 	EXP 	notsickHighlight: text = u'_'
10.4925 	EXP 	sickHighlight: text = u'_'
10.4925 	EXP 	notsickHighlight: text = u'_'
10.5092 	EXP 	sickHighlight: text = u'_'
10.5092 	EXP 	notsickHighlight: text = u'_'
10.5260 	EXP 	sickHighlight: text = u'_'
10.5260 	EXP 	notsickHighlight: text = u'_'
10.5427 	EXP 	sickHighlight: text = u'_'
10.5427 	EXP 	notsickHighlight: text = u'_'
10.5594 	EXP 	sickHighlight: text = u'_'
10.5594 	EXP 	notsickHighlight: text = u'_'
10.5759 	EXP 	sickHighlight: text = u'_'
10.5759 	EXP 	notsickHighlight: text = u'_'
10.5927 	EXP 	sickHighlight: text = u'_'
10.5927 	EXP 	notsickHighlight: text = u'_'
10.6093 	EXP 	sickHighlight: text = u'_'
10.6093 	EXP 	notsickHighlight: text = u'_'
10.6261 	EXP 	sickHighlight: text = u'_'
10.6261 	EXP 	notsickHighlight: text = u'_'
10.6427 	EXP 	sickHighlight: text = u'_'
10.6427 	EXP 	notsickHighlight: text = u'_'
10.6593 	EXP 	sickHighlight: text = u'_'
10.6593 	EXP 	notsickHighlight: text = u'_'
10.6760 	EXP 	sickHighlight: text = u'_'
10.6760 	EXP 	notsickHighlight: text = u'_'
10.6928 	EXP 	sickHighlight: text = u'_'
10.6928 	EXP 	notsickHighlight: text = u'_'
10.7093 	EXP 	sickHighlight: text = u'_'
10.7093 	EXP 	notsickHighlight: text = u'_'
10.7262 	EXP 	sickHighlight: text = u'_'
10.7262 	EXP 	notsickHighlight: text = u'_'
10.7398 	EXP 	sickHighlight: text = u'_'
10.7398 	EXP 	notsickHighlight: text = u'_'
10.7593 	EXP 	sickHighlight: text = u'_'
10.7593 	EXP 	notsickHighlight: text = u'_'
10.7733 	EXP 	sickHighlight: text = u'_'
10.7733 	EXP 	notsickHighlight: text = u'_'
10.7927 	EXP 	sickHighlight: text = u'_'
10.7927 	EXP 	notsickHighlight: text = u'_'
10.8096 	EXP 	sickHighlight: text = u'_'
10.8096 	EXP 	notsickHighlight: text = u'_'
10.8259 	EXP 	sickHighlight: text = u'_'
10.8259 	EXP 	notsickHighlight: text = u'_'
10.8428 	EXP 	sickHighlight: text = u'_'
10.8428 	EXP 	notsickHighlight: text = u'_'
10.8569 	EXP 	sickHighlight: text = u'_'
10.8569 	EXP 	notsickHighlight: text = u'_'
10.8759 	EXP 	sickHighlight: text = u'_'
10.8759 	EXP 	notsickHighlight: text = u'_'
10.8927 	EXP 	sickHighlight: text = u'_'
10.8927 	EXP 	notsickHighlight: text = u'_'
10.9096 	EXP 	sickHighlight: text = u'_'
10.9096 	EXP 	notsickHighlight: text = u'_'
10.9258 	EXP 	sickHighlight: text = u'_'
10.9258 	EXP 	notsickHighlight: text = u'_'
10.9426 	EXP 	sickHighlight: text = u'_'
10.9426 	EXP 	notsickHighlight: text = u'_'
10.9594 	EXP 	sickHighlight: text = u'_'
10.9594 	EXP 	notsickHighlight: text = u'_'
10.9762 	EXP 	sickHighlight: text = u'_'
10.9762 	EXP 	notsickHighlight: text = u'_'
10.9928 	EXP 	sickHighlight: text = u'_'
10.9928 	EXP 	notsickHighlight: text = u'_'
11.0143 	EXP 	sickHighlight: text = u'_'
11.0143 	EXP 	notsickHighlight: text = u'_'
11.0316 	EXP 	sickHighlight: text = u'_'
11.0316 	EXP 	notsickHighlight: text = u'_'
11.0457 	EXP 	sickHighlight: text = u'_'
11.0457 	EXP 	notsickHighlight: text = u'_'
11.0657 	EXP 	sickHighlight: text = u'_'
11.0657 	EXP 	notsickHighlight: text = u'_'
11.0928 	EXP 	sickHighlight: text = u'_'
11.0928 	EXP 	notsickHighlight: text = u'_'
11.1067 	EXP 	sickHighlight: text = u'_'
11.1067 	EXP 	notsickHighlight: text = u'_'
11.1262 	EXP 	sickHighlight: text = u'_'
11.1262 	EXP 	notsickHighlight: text = u'_'
11.1405 	EXP 	sickHighlight: text = u'_'
11.1405 	EXP 	notsickHighlight: text = u'_'
11.1592 	EXP 	sickHighlight: text = u'_'
11.1592 	EXP 	notsickHighlight: text = u'_'
11.1732 	EXP 	sickHighlight: text = u'_'
11.1732 	EXP 	notsickHighlight: text = u'_'
11.1925 	EXP 	sickHighlight: text = u'_'
11.1925 	EXP 	notsickHighlight: text = u'_'
11.2093 	EXP 	sickHighlight: text = u'_'
11.2093 	EXP 	notsickHighlight: text = u'_'
11.2315 	EXP 	sickHighlight: text = u'_'
11.2315 	EXP 	notsickHighlight: text = u'_'
11.2460 	EXP 	sickHighlight: text = u'_'
11.2460 	EXP 	notsickHighlight: text = u'_'
11.2653 	EXP 	sickHighlight: text = u'_'
11.2653 	EXP 	notsickHighlight: text = u'_'
11.2926 	EXP 	sickHighlight: text = u'_'
11.2926 	EXP 	notsickHighlight: text = u'_'
11.3064 	EXP 	sickHighlight: text = u'_'
11.3064 	EXP 	notsickHighlight: text = u'_'
11.3258 	EXP 	sickHighlight: text = u'_'
11.3258 	EXP 	notsickHighlight: text = u'_'
11.3399 	EXP 	sickHighlight: text = u'_'
11.3399 	EXP 	notsickHighlight: text = u'_'
11.3595 	EXP 	sickHighlight: text = u'_'
11.3595 	EXP 	notsickHighlight: text = u'_'
11.3815 	EXP 	sickHighlight: text = u'_'
11.3815 	EXP 	notsickHighlight: text = u'_'
11.3959 	EXP 	sickHighlight: text = u'_'
11.3959 	EXP 	notsickHighlight: text = u'_'
11.4150 	EXP 	sickHighlight: text = u'_'
11.4150 	EXP 	notsickHighlight: text = u'_'
11.4290 	EXP 	sickHighlight: text = u'_'
11.4290 	EXP 	notsickHighlight: text = u'_'
11.4485 	EXP 	sickHighlight: text = u'_'
11.4485 	EXP 	notsickHighlight: text = u'_'
11.4764 	EXP 	sickHighlight: text = u'_'
11.4764 	EXP 	notsickHighlight: text = u'_'
11.4906 	EXP 	sickHighlight: text = u'_'
11.4906 	EXP 	notsickHighlight: text = u'_'
11.5092 	EXP 	sickHighlight: text = u'_'
11.5092 	EXP 	notsickHighlight: text = u'_'
11.5259 	EXP 	sickHighlight: text = u'_'
11.5259 	EXP 	notsickHighlight: text = u'_'
11.5401 	EXP 	sickHighlight: text = u'_'
11.5401 	EXP 	notsickHighlight: text = u'_'
11.5595 	EXP 	sickHighlight: text = u'_'
11.5595 	EXP 	notsickHighlight: text = u'_'
11.5738 	EXP 	sickHighlight: text = u'_'
11.5738 	EXP 	notsickHighlight: text = u'_'
11.5926 	EXP 	sickHighlight: text = u'_'
11.5926 	EXP 	notsickHighlight: text = u'_'
11.6098 	EXP 	sickHighlight: text = u'_'
11.6098 	EXP 	notsickHighlight: text = u'_'
11.6261 	EXP 	sickHighlight: text = u'_'
11.6261 	EXP 	notsickHighlight: text = u'_'
11.6425 	EXP 	sickHighlight: text = u'_'
11.6425 	EXP 	notsickHighlight: text = u'_'
11.6593 	EXP 	sickHighlight: text = u'_'
11.6593 	EXP 	notsickHighlight: text = u'_'
11.6742 	EXP 	sickHighlight: text = u'_'
11.6742 	EXP 	notsickHighlight: text = u'_'
11.6926 	EXP 	sickHighlight: text = u'_'
11.6926 	EXP 	notsickHighlight: text = u'_'
11.7066 	EXP 	sickHighlight: text = u'_'
11.7066 	EXP 	notsickHighlight: text = u'_'
11.7260 	EXP 	sickHighlight: text = u'_'
11.7260 	EXP 	notsickHighlight: text = u'_'
11.7405 	EXP 	sickHighlight: text = u'_'
11.7405 	EXP 	notsickHighlight: text = u'_'
11.7596 	EXP 	sickHighlight: text = u'_'
11.7596 	EXP 	notsickHighlight: text = u'_'
11.7736 	EXP 	sickHighlight: text = u'_'
11.7736 	EXP 	notsickHighlight: text = u'_'
11.7928 	EXP 	sickHighlight: text = u'_'
11.7928 	EXP 	notsickHighlight: text = u'_'
11.8153 	EXP 	sickHighlight: text = u'_'
11.8153 	EXP 	notsickHighlight: text = u'_'
11.8333 	EXP 	sickHighlight: text = u'_'
11.8333 	EXP 	notsickHighlight: text = u'_'
11.8459 	EXP 	sickHighlight: text = u'_'
11.8459 	EXP 	notsickHighlight: text = u'_'
11.8658 	EXP 	sickHighlight: text = u'_'
11.8658 	EXP 	notsickHighlight: text = u'_'
11.8925 	EXP 	sickHighlight: text = u'_'
11.8925 	EXP 	notsickHighlight: text = u'_'
11.9067 	EXP 	sickHighlight: text = u'_'
11.9067 	EXP 	notsickHighlight: text = u'_'
11.9262 	EXP 	sickHighlight: text = u'_'
11.9262 	EXP 	notsickHighlight: text = u'_'
11.9400 	EXP 	sickHighlight: text = u'_'
11.9400 	EXP 	notsickHighlight: text = u'_'
11.9594 	EXP 	sickHighlight: text = u'_'
11.9594 	EXP 	notsickHighlight: text = u'_'
11.9739 	EXP 	sickHighlight: text = u'_'
11.9739 	EXP 	notsickHighlight: text = u'_'
11.9930 	EXP 	sickHighlight: text = u'_'
11.9930 	EXP 	notsickHighlight: text = u'_'
12.0070 	EXP 	sickHighlight: text = u'_'
12.0070 	EXP 	notsickHighlight: text = u'_'
12.0262 	EXP 	sickHighlight: text = u'_'
12.0262 	EXP 	notsickHighlight: text = u'_'
12.0431 	EXP 	sickHighlight: text = u'_'
12.0431 	EXP 	notsickHighlight: text = u'_'
12.0573 	EXP 	sickHighlight: text = u'_'
12.0573 	EXP 	notsickHighlight: text = u'_'
12.0761 	EXP 	trialInstrText: autoDraw = False
12.0761 	EXP 	restaurantText: autoDraw = False
12.0761 	EXP 	foodImg: autoDraw = False
12.0761 	EXP 	sickImg: autoDraw = False
12.0761 	EXP 	notsickImg: autoDraw = False
12.0761 	EXP 	sickHighlight: autoDraw = False
12.0761 	EXP 	notsickHighlight: autoDraw = False
12.0761 	EXP 	sickHighlight: text = u'_'
12.0761 	EXP 	notsickHighlight: text = u'_'
12.0982 	EXP 	sickHighlight: text = u'_'
12.0982 	EXP 	notsickHighlight: text = u'_'
12.0982 	EXP 	correctText: autoDraw = True
12.0982 	EXP 	wrongText: autoDraw = True
12.0982 	EXP 	timeoutText: autoDraw = True
12.0982 	EXP 	sickFeedback: autoDraw = True
12.0982 	EXP 	notsickFeedback: autoDraw = True
12.0982 	EXP 	timeoutText: opacity = 1.0
12.0982 	EXP 	timeoutText: text = u'TIMEOUT'
12.1150 	EXP 	sickHighlight: text = u'_'
12.1150 	EXP 	notsickHighlight: text = u'_'
12.1282 	EXP 	sickHighlight: text = u'_'
12.1282 	EXP 	notsickHighlight: text = u'_'
12.1415 	EXP 	sickHighlight: text = u'_'
12.1415 	EXP 	notsickHighlight: text = u'_'
12.1607 	EXP 	sickHighlight: text = u'_'
12.1607 	EXP 	notsickHighlight: text = u'_'
12.1810 	EXP 	sickHighlight: text = u'_'
12.1810 	EXP 	notsickHighlight: text = u'_'
12.1984 	EXP 	sickHighlight: text = u'_'
12.1984 	EXP 	notsickHighlight: text = u'_'
12.2152 	EXP 	sickHighlight: text = u'_'
12.2152 	EXP 	notsickHighlight: text = u'_'
12.2317 	EXP 	sickHighlight: text = u'_'
12.2317 	EXP 	notsickHighlight: text = u'_'
12.2443 	EXP 	sickHighlight: text = u'_'
12.2443 	EXP 	notsickHighlight: text = u'_'
12.2605 	EXP 	sickHighlight: text = u'_'
12.2605 	EXP 	notsickHighlight: text = u'_'
12.2778 	EXP 	sickHighlight: text = u'_'
12.2778 	EXP 	notsickHighlight: text = u'_'
12.2976 	EXP 	sickHighlight: text = u'_'
12.2976 	EXP 	notsickHighlight: text = u'_'
12.3150 	EXP 	sickHighlight: text = u'_'
12.3150 	EXP 	notsickHighlight: text = u'_'
12.3308 	EXP 	sickHighlight: text = u'_'
12.3308 	EXP 	notsickHighlight: text = u'_'
12.3478 	EXP 	sickHighlight: text = u'_'
12.3478 	EXP 	notsickHighlight: text = u'_'
12.3651 	EXP 	sickHighlight: text = u'_'
12.3651 	EXP 	notsickHighlight: text = u'_'
12.3809 	EXP 	sickHighlight: text = u'_'
12.3809 	EXP 	notsickHighlight: text = u'_'
12.3982 	EXP 	sickHighlight: text = u'_'
12.3982 	EXP 	notsickHighlight: text = u'_'
12.4156 	EXP 	sickHighlight: text = u'_'
12.4156 	EXP 	notsickHighlight: text = u'_'
12.4279 	EXP 	sickHighlight: text = u'_'
12.4279 	EXP 	notsickHighlight: text = u'_'
12.4441 	EXP 	sickHighlight: text = u'_'
12.4441 	EXP 	notsickHighlight: text = u'_'
12.4582 	EXP 	sickHighlight: text = u'_'
12.4582 	EXP 	notsickHighlight: text = u'_'
12.4771 	EXP 	sickHighlight: text = u'_'
12.4771 	EXP 	notsickHighlight: text = u'_'
12.4942 	EXP 	sickHighlight: text = u'_'
12.4942 	EXP 	notsickHighlight: text = u'_'
12.5106 	EXP 	sickHighlight: text = u'_'
12.5106 	EXP 	notsickHighlight: text = u'_'
12.5270 	EXP 	sickHighlight: text = u'_'
12.5270 	EXP 	notsickHighlight: text = u'_'
12.5439 	EXP 	sickHighlight: text = u'_'
12.5439 	EXP 	notsickHighlight: text = u'_'
12.5607 	EXP 	sickHighlight: text = u'_'
12.5607 	EXP 	notsickHighlight: text = u'_'
12.5744 	EXP 	sickHighlight: text = u'_'
12.5744 	EXP 	notsickHighlight: text = u'_'
12.5937 	EXP 	sickHighlight: text = u'_'
12.5937 	EXP 	notsickHighlight: text = u'_'
12.6147 	EXP 	sickHighlight: text = u'_'
12.6147 	EXP 	notsickHighlight: text = u'_'
12.6318 	EXP 	sickHighlight: text = u'_'
12.6318 	EXP 	notsickHighlight: text = u'_'
12.6488 	EXP 	sickHighlight: text = u'_'
12.6488 	EXP 	notsickHighlight: text = u'_'
12.6553 	DATA 	Keypress: escape
