0.3197 	WARNING 	Movie2 stim could not be imported and won't be available
0.5838 	WARNING 	TextBox stim could not be imported and won't be available.
0.5838 	WARNING 	TextBox Font Manager Found No Fonts.
2.5307 	EXP 	Created window1 = Window(allowGUI=False, allowStencil=False, autoLog=True, bitsMode=UNKNOWN, blendMode='avg', color=array([ 0.,  0.,  0.]), colorSpace='rgb', fullscr=UNKNOWN, gamma=None, lms=UNKNOWN, monitor=<psychopy.monitors.calibTools.Monitor instance at 0xedcca08>, name='window1', pos=[0, 0], screen=0, size=array([1440,  900]), stereo=False, units=u'norm', useFBO=True, viewOri=0.0, viewPos=None, viewScale=None, waitBlanking=True, winType='pyglet')
2.5307 	EXP 	window1: recordFrameIntervals = False
2.6957 	EXP 	window1: recordFrameIntervals = True
2.8794 	EXP 	window1: recordFrameIntervals = False
2.9520 	EXP 	Created trialInstrText = TextStim(alignHoriz='center', alignVert='center', antialias=True, autoLog=True, bold=False, color='black', colorSpace='named', contrast=1.0, depth=-1.0, flipHoriz=False, flipVert=False, font='Arial', fontFiles=[], height=0.1, italic=False, name='trialInstrText', opacity=1.0, ori=0, pos=array([ 0. ,  0.8]), rgb=array([ 0.,  0.,  0.]), text=unicode(...), units=u'norm', win=Window(...), wrapWidth=20)
2.9608 	EXP 	Created restaurantText = TextStim(alignHoriz='center', alignVert='center', antialias=True, autoLog=True, bold=False, color='blue', colorSpace='named', contrast=1.0, depth=-2.0, flipHoriz=False, flipVert=False, font='Arial', fontFiles=[], height=0.1, italic=False, name='restaurantText', opacity=1.0, ori=0, pos=array([ 0.  ,  0.35]), rgb=array([   0.,    0.,  255.]), text=u'default text', units=u'norm', win=Window(...), wrapWidth=1)
2.9639 	EXP 	Created foodImg = ImageStim(autoLog=True, color=array([ 1.,  1.,  1.]), colorSpace='rgb', contrast=1.0, depth=-3.0, flipHoriz=False, flipVert=False, image='sin', interpolate=True, mask=None, maskParams=None, name='foodImg', opacity=1.0, ori=0.0, pos=array([ 0.,  0.]), size=array([ 0.5,  0.5]), texRes=128, units=u'norm', win=Window(...))
2.9704 	EXP 	Created fixationJitterText = TextStim(alignHoriz='center', alignVert='center', antialias=True, autoLog=True, bold=False, color='black', colorSpace='named', contrast=1.0, depth=-4.0, flipHoriz=False, flipVert=False, font='Arial', fontFiles=[], height=0.1, italic=False, name='fixationJitterText', opacity=1.0, ori=0, pos=array([ 0.,  0.]), rgb=array([ 0.,  0.,  0.]), text=u'+', units=u'norm', win=Window(...), wrapWidth=1)
2.9754 	EXP 	Created sickImg = ImageStim(autoLog=True, color=array([ 1.,  1.,  1.]), colorSpace='rgb', contrast=1.0, depth=-6.0, flipHoriz=False, flipVert=False, image='images/sick.png', interpolate=True, mask=None, maskParams=None, name='sickImg', opacity=1.0, ori=0.0, pos=array([-0.5, -0.6]), size=array([ 0.3 ,  0.45]), texRes=128, units=u'norm', win=Window(...))
2.9780 	EXP 	Created notsickImg = ImageStim(autoLog=True, color=array([ 1.,  1.,  1.]), colorSpace='rgb', contrast=1.0, depth=-7.0, flipHoriz=False, flipVert=False, image='images/smiley.png', interpolate=True, mask=None, maskParams=None, name='notsickImg', opacity=1.0, ori=0.0, pos=array([ 0.5, -0.6]), size=array([ 0.3 ,  0.45]), texRes=128, units=u'norm', win=Window(...))
2.9806 	EXP 	Created fixationITIText = TextStim(alignHoriz='center', alignVert='center', antialias=True, autoLog=True, bold=False, color='black', colorSpace='named', contrast=1.0, depth=-8.0, flipHoriz=False, flipVert=False, font='Arial', fontFiles=[], height=0.1, italic=False, name='fixationITIText', opacity=1.0, ori=0, pos=array([ 0.,  0.]), rgb=array([ 0.,  0.,  0.]), text=u'+', units=u'norm', win=Window(...), wrapWidth=1)
2.9852 	EXP 	Created sickHighlight = TextStim(alignHoriz='center', alignVert='center', antialias=True, autoLog=True, bold=False, color='white', colorSpace='named', contrast=1.0, depth=-10.0, flipHoriz=False, flipVert=False, font='Arial', fontFiles=[], height=1.0, italic=False, name='sickHighlight', opacity=1.0, ori=0, pos=array([-0.5 , -0.35]), rgb=array([ 255.,  255.,  255.]), text=u'_', units=u'norm', win=Window(...), wrapWidth=1)
2.9877 	EXP 	Created notsickHighlight = TextStim(alignHoriz='center', alignVert='center', antialias=True, autoLog=True, bold=False, color='white', colorSpace='named', contrast=1.0, depth=-11.0, flipHoriz=False, flipVert=False, font='Arial', fontFiles=[], height=1, italic=False, name='notsickHighlight', opacity=1.0, ori=0, pos=array([ 0.5 , -0.35]), rgb=array([ 255.,  255.,  255.]), text=u'_', units=u'norm', win=Window(...), wrapWidth=1)
2.9967 	EXP 	Created correctText = TextStim(alignHoriz='center', alignVert='center', antialias=True, autoLog=True, bold=False, color=u'blue', colorSpace='named', contrast=1.0, depth=-13.0, flipHoriz=False, flipVert=False, font=u'Arial Bold', fontFiles=[], height=0.1, italic=False, name='correctText', opacity=1.0, ori=0, pos=array([ 0. , -0.3]), rgb=array([   0.,    0.,  255.]), text=u'CORRECT', units=u'norm', win=Window(...), wrapWidth=1)
3.0021 	EXP 	Created wrongText = TextStim(alignHoriz='center', alignVert='center', antialias=True, autoLog=True, bold=False, color=u'red', colorSpace='named', contrast=1.0, depth=-14.0, flipHoriz=False, flipVert=False, font=u'Arial Bold', fontFiles=[], height=0.1, italic=False, name='wrongText', opacity=1.0, ori=0, pos=array([ 0. , -0.3]), rgb=array([ 255.,    0.,    0.]), text=u'WRONG', units=u'norm', win=Window(...), wrapWidth=1)
3.0079 	EXP 	Created timeoutText = TextStim(alignHoriz='center', alignVert='center', antialias=True, autoLog=True, bold=False, color=u'purple', colorSpace='named', contrast=1.0, depth=-15.0, flipHoriz=False, flipVert=False, font=u'Arial Bold', fontFiles=[], height=0.1, italic=False, name='timeoutText', opacity=1.0, ori=0, pos=array([ 0. , -0.3]), rgb=array([ 128.,    0.,  128.]), text=u'TIMEOUT', units=u'norm', win=Window(...), wrapWidth=1)
3.0111 	EXP 	Created sickFeedback = ImageStim(autoLog=True, color=array([ 1.,  1.,  1.]), colorSpace='rgb', contrast=1.0, depth=-16.0, flipHoriz=False, flipVert=False, image='images/sick.png', interpolate=True, mask=None, maskParams=None, name='sickFeedback', opacity=1.0, ori=0.0, pos=array([ 0.,  0.]), size=array([ 0.3 ,  0.45]), texRes=128, units=u'norm', win=Window(...))
3.0138 	EXP 	Created notsickFeedback = ImageStim(autoLog=True, color=array([ 1.,  1.,  1.]), colorSpace='rgb', contrast=1.0, depth=-17.0, flipHoriz=False, flipVert=False, image='images/smiley.png', interpolate=True, mask=None, maskParams=None, name='notsickFeedback', opacity=1.0, ori=0.0, pos=array([ 0.,  0.]), size=array([ 0.3 ,  0.45]), texRes=128, units=u'norm', win=Window(...))
3.0257 	EXP 	Created gotSickText = TextStim(alignHoriz='center', alignVert='center', antialias=True, autoLog=True, bold=False, color=u'black', colorSpace='named', contrast=1.0, depth=-18.0, flipHoriz=False, flipVert=False, font=u'Arial', fontFiles=[], height=0.05, italic=False, name='gotSickText', opacity=1.0, ori=0, pos=array([ 0. , -0.5]), rgb=array([ 0.,  0.,  0.]), text=u'The customer got sick!', units=u'norm', win=Window(...), wrapWidth=1)
3.0399 	EXP 	Created didntGetSickText = TextStim(alignHoriz='center', alignVert='center', antialias=True, autoLog=True, bold=False, color=u'black', colorSpace='named', contrast=1.0, depth=-19.0, flipHoriz=False, flipVert=False, font=u'Arial', fontFiles=[], height=0.05, italic=False, name='didntGetSickText', opacity=1.0, ori=0, pos=array([ 0. , -0.5]), rgb=array([ 0.,  0.,  0.]), text=u"The customer didn't get sick!", units=u'norm', win=Window(...), wrapWidth=1)
3.0769 	EXP 	Imported irrelevant.xlsx as conditions, 4 conditions, 4 params
3.0772 	EXP 	Created sequence: random, trialTypes=4, nReps=1, seed=None
3.0777 	EXP 	New trial (rep=0, index=0): {u'food': u'mexican_food2', u'corrAns': u'right', u'sick': u'No', u'restaurant': u'Restaurante Arroyo'}
3.1055 	EXP 	window1: recordFrameIntervals = False
3.1114 	EXP 	restaurantText: text = u'Restaurante Arroyo'
3.1114 	EXP 	foodImg: image = u'foods/mexican_food2.png'
3.1114 	EXP 	sickHighlight: opacity = 0.0
3.1114 	EXP 	notsickHighlight: opacity = 0.0
3.1114 	EXP 	sickHighlight: text = u'_'
3.1114 	EXP 	notsickHighlight: text = u'_'
3.1114 	EXP 	correctText: opacity = 0.0
3.1114 	EXP 	wrongText: opacity = 0.0
3.1114 	EXP 	timeoutText: opacity = 0.0
3.1114 	EXP 	sickFeedback: opacity = 0.0
3.1114 	EXP 	notsickFeedback: opacity = 0.0
3.1114 	EXP 	correctText: text = u'CORRECT'
3.1114 	EXP 	wrongText: text = u'WRONG'
3.1114 	EXP 	timeoutText: text = u'TIMEOUT'
3.1114 	EXP 	fixationITIText: autoDraw = True
3.1114 	EXP 	sickHighlight: text = u'_'
3.1114 	EXP 	notsickHighlight: text = u'_'
3.1153 	EXP 	window1: recordFrameIntervals = False
4.1295 	EXP 	sickHighlight: text = u'_'
4.1295 	EXP 	notsickHighlight: text = u'_'
4.1450 	EXP 	trialInstrText: autoDraw = True
4.1450 	EXP 	restaurantText: autoDraw = True
4.1450 	EXP 	foodImg: autoDraw = True
4.1450 	EXP 	sickImg: autoDraw = True
4.1450 	EXP 	notsickImg: autoDraw = True
4.1450 	EXP 	fixationITIText: autoDraw = False
4.1450 	EXP 	sickHighlight: autoDraw = True
4.1450 	EXP 	notsickHighlight: autoDraw = True
4.1450 	EXP 	sickHighlight: text = u'_'
4.1450 	EXP 	notsickHighlight: text = u'_'
4.1620 	EXP 	sickHighlight: text = u'_'
4.1620 	EXP 	notsickHighlight: text = u'_'
4.1783 	EXP 	sickHighlight: text = u'_'
4.1783 	EXP 	notsickHighlight: text = u'_'
4.1948 	EXP 	sickHighlight: text = u'_'
4.1948 	EXP 	notsickHighlight: text = u'_'
4.2117 	EXP 	sickHighlight: text = u'_'
4.2117 	EXP 	notsickHighlight: text = u'_'
4.2258 	EXP 	sickHighlight: text = u'_'
4.2258 	EXP 	notsickHighlight: text = u'_'
4.2450 	EXP 	sickHighlight: text = u'_'
4.2450 	EXP 	notsickHighlight: text = u'_'
4.2589 	EXP 	sickHighlight: text = u'_'
4.2589 	EXP 	notsickHighlight: text = u'_'
4.2784 	EXP 	sickHighlight: text = u'_'
4.2784 	EXP 	notsickHighlight: text = u'_'
4.2921 	EXP 	sickHighlight: text = u'_'
4.2921 	EXP 	notsickHighlight: text = u'_'
4.3122 	EXP 	sickHighlight: text = u'_'
4.3122 	EXP 	notsickHighlight: text = u'_'
4.3259 	EXP 	sickHighlight: text = u'_'
4.3259 	EXP 	notsickHighlight: text = u'_'
4.3448 	EXP 	sickHighlight: text = u'_'
4.3448 	EXP 	notsickHighlight: text = u'_'
4.3620 	EXP 	sickHighlight: text = u'_'
4.3620 	EXP 	notsickHighlight: text = u'_'
4.3754 	EXP 	sickHighlight: text = u'_'
4.3754 	EXP 	notsickHighlight: text = u'_'
4.3955 	EXP 	sickHighlight: text = u'_'
4.3955 	EXP 	notsickHighlight: text = u'_'
4.4092 	EXP 	sickHighlight: text = u'_'
4.4092 	EXP 	notsickHighlight: text = u'_'
4.4284 	EXP 	sickHighlight: text = u'_'
4.4284 	EXP 	notsickHighlight: text = u'_'
4.4420 	EXP 	sickHighlight: text = u'_'
4.4420 	EXP 	notsickHighlight: text = u'_'
4.4618 	EXP 	sickHighlight: text = u'_'
4.4618 	EXP 	notsickHighlight: text = u'_'
4.4758 	EXP 	sickHighlight: text = u'_'
4.4758 	EXP 	notsickHighlight: text = u'_'
4.4950 	EXP 	sickHighlight: text = u'_'
4.4950 	EXP 	notsickHighlight: text = u'_'
4.5090 	EXP 	sickHighlight: text = u'_'
4.5090 	EXP 	notsickHighlight: text = u'_'
4.5283 	EXP 	sickHighlight: text = u'_'
4.5283 	EXP 	notsickHighlight: text = u'_'
4.5422 	EXP 	sickHighlight: text = u'_'
4.5422 	EXP 	notsickHighlight: text = u'_'
4.5616 	EXP 	sickHighlight: text = u'_'
4.5616 	EXP 	notsickHighlight: text = u'_'
4.5754 	EXP 	sickHighlight: text = u'_'
4.5754 	EXP 	notsickHighlight: text = u'_'
4.5950 	EXP 	sickHighlight: text = u'_'
4.5950 	EXP 	notsickHighlight: text = u'_'
4.6092 	EXP 	sickHighlight: text = u'_'
4.6092 	EXP 	notsickHighlight: text = u'_'
4.6284 	EXP 	sickHighlight: text = u'_'
4.6284 	EXP 	notsickHighlight: text = u'_'
4.6452 	EXP 	sickHighlight: text = u'_'
4.6452 	EXP 	notsickHighlight: text = u'_'
4.6619 	EXP 	sickHighlight: text = u'_'
4.6619 	EXP 	notsickHighlight: text = u'_'
4.6754 	EXP 	sickHighlight: text = u'_'
4.6754 	EXP 	notsickHighlight: text = u'_'
4.6952 	EXP 	sickHighlight: text = u'_'
4.6952 	EXP 	notsickHighlight: text = u'_'
4.7089 	EXP 	sickHighlight: text = u'_'
4.7089 	EXP 	notsickHighlight: text = u'_'
4.7283 	EXP 	sickHighlight: text = u'_'
4.7283 	EXP 	notsickHighlight: text = u'_'
4.7506 	EXP 	sickHighlight: text = u'_'
4.7506 	EXP 	notsickHighlight: text = u'_'
4.7784 	EXP 	sickHighlight: text = u'_'
4.7784 	EXP 	notsickHighlight: text = u'_'
4.7923 	EXP 	sickHighlight: text = u'_'
4.7923 	EXP 	notsickHighlight: text = u'_'
4.8120 	EXP 	sickHighlight: text = u'_'
4.8120 	EXP 	notsickHighlight: text = u'_'
4.8257 	EXP 	sickHighlight: text = u'_'
4.8257 	EXP 	notsickHighlight: text = u'_'
4.8453 	EXP 	sickHighlight: text = u'_'
4.8453 	EXP 	notsickHighlight: text = u'_'
4.8593 	EXP 	sickHighlight: text = u'_'
4.8593 	EXP 	notsickHighlight: text = u'_'
4.8784 	EXP 	sickHighlight: text = u'_'
4.8784 	EXP 	notsickHighlight: text = u'_'
4.8922 	EXP 	sickHighlight: text = u'_'
4.8922 	EXP 	notsickHighlight: text = u'_'
4.9118 	EXP 	sickHighlight: text = u'_'
4.9118 	EXP 	notsickHighlight: text = u'_'
4.9256 	EXP 	sickHighlight: text = u'_'
4.9256 	EXP 	notsickHighlight: text = u'_'
4.9450 	EXP 	sickHighlight: text = u'_'
4.9450 	EXP 	notsickHighlight: text = u'_'
4.9590 	EXP 	sickHighlight: text = u'_'
4.9590 	EXP 	notsickHighlight: text = u'_'
4.9784 	EXP 	sickHighlight: text = u'_'
4.9784 	EXP 	notsickHighlight: text = u'_'
4.9923 	EXP 	sickHighlight: text = u'_'
4.9923 	EXP 	notsickHighlight: text = u'_'
5.0117 	EXP 	sickHighlight: text = u'_'
5.0117 	EXP 	notsickHighlight: text = u'_'
5.0257 	EXP 	sickHighlight: text = u'_'
5.0257 	EXP 	notsickHighlight: text = u'_'
5.0451 	EXP 	sickHighlight: text = u'_'
5.0451 	EXP 	notsickHighlight: text = u'_'
5.0593 	EXP 	sickHighlight: text = u'_'
5.0593 	EXP 	notsickHighlight: text = u'_'
5.0786 	EXP 	sickHighlight: text = u'_'
5.0786 	EXP 	notsickHighlight: text = u'_'
5.0953 	EXP 	sickHighlight: text = u'_'
5.0953 	EXP 	notsickHighlight: text = u'_'
5.1121 	EXP 	sickHighlight: text = u'_'
5.1121 	EXP 	notsickHighlight: text = u'_'
5.1264 	EXP 	sickHighlight: text = u'_'
5.1264 	EXP 	notsickHighlight: text = u'_'
5.1453 	EXP 	sickHighlight: text = u'_'
5.1453 	EXP 	notsickHighlight: text = u'_'
5.1617 	EXP 	sickHighlight: text = u'_'
5.1617 	EXP 	notsickHighlight: text = u'_'
5.1784 	EXP 	sickHighlight: text = u'_'
5.1784 	EXP 	notsickHighlight: text = u'_'
5.1954 	EXP 	sickHighlight: text = u'_'
5.1954 	EXP 	notsickHighlight: text = u'_'
5.2094 	EXP 	sickHighlight: text = u'_'
5.2094 	EXP 	notsickHighlight: text = u'_'
5.2284 	EXP 	sickHighlight: text = u'_'
5.2284 	EXP 	notsickHighlight: text = u'_'
5.2432 	EXP 	sickHighlight: text = u'_'
5.2432 	EXP 	notsickHighlight: text = u'_'
5.2617 	EXP 	sickHighlight: text = u'_'
5.2617 	EXP 	notsickHighlight: text = u'_'
5.2757 	EXP 	sickHighlight: text = u'_'
5.2757 	EXP 	notsickHighlight: text = u'_'
5.2953 	EXP 	sickHighlight: text = u'_'
5.2953 	EXP 	notsickHighlight: text = u'_'
5.3093 	EXP 	sickHighlight: text = u'_'
5.3093 	EXP 	notsickHighlight: text = u'_'
5.3287 	EXP 	sickHighlight: text = u'_'
5.3287 	EXP 	notsickHighlight: text = u'_'
5.3429 	EXP 	sickHighlight: text = u'_'
5.3429 	EXP 	notsickHighlight: text = u'_'
5.3617 	EXP 	sickHighlight: text = u'_'
5.3617 	EXP 	notsickHighlight: text = u'_'
5.3787 	EXP 	sickHighlight: text = u'_'
5.3787 	EXP 	notsickHighlight: text = u'_'
5.3953 	EXP 	sickHighlight: text = u'_'
5.3953 	EXP 	notsickHighlight: text = u'_'
5.4120 	EXP 	sickHighlight: text = u'_'
5.4120 	EXP 	notsickHighlight: text = u'_'
5.4284 	EXP 	sickHighlight: text = u'_'
5.4284 	EXP 	notsickHighlight: text = u'_'
5.4453 	EXP 	sickHighlight: text = u'_'
5.4453 	EXP 	notsickHighlight: text = u'_'
5.4590 	EXP 	sickHighlight: text = u'_'
5.4590 	EXP 	notsickHighlight: text = u'_'
5.4784 	EXP 	sickHighlight: text = u'_'
5.4784 	EXP 	notsickHighlight: text = u'_'
5.4924 	EXP 	sickHighlight: text = u'_'
5.4924 	EXP 	notsickHighlight: text = u'_'
5.5119 	EXP 	sickHighlight: text = u'_'
5.5119 	EXP 	notsickHighlight: text = u'_'
5.5258 	EXP 	sickHighlight: text = u'_'
5.5258 	EXP 	notsickHighlight: text = u'_'
5.5451 	EXP 	sickHighlight: text = u'_'
5.5451 	EXP 	notsickHighlight: text = u'_'
5.5621 	EXP 	sickHighlight: text = u'_'
5.5621 	EXP 	notsickHighlight: text = u'_'
5.5783 	EXP 	sickHighlight: text = u'_'
5.5783 	EXP 	notsickHighlight: text = u'_'
5.5951 	EXP 	sickHighlight: text = u'_'
5.5951 	EXP 	notsickHighlight: text = u'_'
5.6119 	EXP 	sickHighlight: text = u'_'
5.6119 	EXP 	notsickHighlight: text = u'_'
5.6286 	EXP 	sickHighlight: text = u'_'
5.6286 	EXP 	notsickHighlight: text = u'_'
5.6510 	EXP 	sickHighlight: text = u'_'
5.6510 	EXP 	notsickHighlight: text = u'_'
5.6654 	EXP 	sickHighlight: text = u'_'
5.6654 	EXP 	notsickHighlight: text = u'_'
5.6844 	EXP 	sickHighlight: text = u'_'
5.6844 	EXP 	notsickHighlight: text = u'_'
5.7017 	EXP 	sickHighlight: text = u'_'
5.7017 	EXP 	notsickHighlight: text = u'_'
5.7283 	EXP 	sickHighlight: text = u'_'
5.7283 	EXP 	notsickHighlight: text = u'_'
5.7425 	EXP 	sickHighlight: text = u'_'
5.7425 	EXP 	notsickHighlight: text = u'_'
5.7616 	EXP 	sickHighlight: text = u'_'
5.7616 	EXP 	notsickHighlight: text = u'_'
5.7756 	EXP 	sickHighlight: text = u'_'
5.7756 	EXP 	notsickHighlight: text = u'_'
5.7950 	EXP 	sickHighlight: text = u'_'
5.7950 	EXP 	notsickHighlight: text = u'_'
5.8182 	EXP 	sickHighlight: text = u'_'
5.8182 	EXP 	notsickHighlight: text = u'_'
5.8319 	EXP 	sickHighlight: text = u'_'
5.8319 	EXP 	notsickHighlight: text = u'_'
5.8430 	EXP 	sickHighlight: text = u'_'
5.8430 	EXP 	notsickHighlight: text = u'_'
5.8619 	EXP 	sickHighlight: text = u'_'
5.8619 	EXP 	notsickHighlight: text = u'_'
5.8758 	EXP 	sickHighlight: text = u'_'
5.8758 	EXP 	notsickHighlight: text = u'_'
5.8952 	EXP 	sickHighlight: text = u'_'
5.8952 	EXP 	notsickHighlight: text = u'_'
5.9120 	EXP 	sickHighlight: text = u'_'
5.9120 	EXP 	notsickHighlight: text = u'_'
5.9261 	EXP 	sickHighlight: text = u'_'
5.9261 	EXP 	notsickHighlight: text = u'_'
5.9451 	EXP 	sickHighlight: text = u'_'
5.9451 	EXP 	notsickHighlight: text = u'_'
5.9622 	EXP 	sickHighlight: text = u'_'
5.9622 	EXP 	notsickHighlight: text = u'_'
5.9782 	EXP 	sickHighlight: text = u'_'
5.9782 	EXP 	notsickHighlight: text = u'_'
5.9950 	EXP 	sickHighlight: text = u'_'
5.9950 	EXP 	notsickHighlight: text = u'_'
6.0092 	EXP 	sickHighlight: text = u'_'
6.0092 	EXP 	notsickHighlight: text = u'_'
6.0282 	EXP 	sickHighlight: text = u'_'
6.0282 	EXP 	notsickHighlight: text = u'_'
6.0427 	EXP 	sickHighlight: text = u'_'
6.0427 	EXP 	notsickHighlight: text = u'_'
6.0614 	EXP 	sickHighlight: text = u'_'
6.0614 	EXP 	notsickHighlight: text = u'_'
6.0787 	EXP 	sickHighlight: text = u'_'
6.0787 	EXP 	notsickHighlight: text = u'_'
6.0954 	EXP 	sickHighlight: text = u'_'
6.0954 	EXP 	notsickHighlight: text = u'_'
6.1093 	EXP 	sickHighlight: text = u'_'
6.1093 	EXP 	notsickHighlight: text = u'_'
6.1287 	EXP 	sickHighlight: text = u'_'
6.1287 	EXP 	notsickHighlight: text = u'_'
6.1430 	EXP 	sickHighlight: text = u'_'
6.1430 	EXP 	notsickHighlight: text = u'_'
6.1615 	EXP 	sickHighlight: text = u'_'
6.1615 	EXP 	notsickHighlight: text = u'_'
6.1788 	EXP 	sickHighlight: text = u'_'
6.1788 	EXP 	notsickHighlight: text = u'_'
6.1947 	EXP 	sickHighlight: text = u'_'
6.1947 	EXP 	notsickHighlight: text = u'_'
6.2114 	EXP 	sickHighlight: text = u'_'
6.2114 	EXP 	notsickHighlight: text = u'_'
6.2287 	EXP 	sickHighlight: text = u'_'
6.2287 	EXP 	notsickHighlight: text = u'_'
6.2448 	EXP 	sickHighlight: text = u'_'
6.2448 	EXP 	notsickHighlight: text = u'_'
6.2618 	EXP 	sickHighlight: text = u'_'
6.2618 	EXP 	notsickHighlight: text = u'_'
6.2789 	EXP 	sickHighlight: text = u'_'
6.2789 	EXP 	notsickHighlight: text = u'_'
6.2949 	EXP 	sickHighlight: text = u'_'
6.2949 	EXP 	notsickHighlight: text = u'_'
6.3121 	EXP 	sickHighlight: text = u'_'
6.3121 	EXP 	notsickHighlight: text = u'_'
6.3285 	EXP 	sickHighlight: text = u'_'
6.3285 	EXP 	notsickHighlight: text = u'_'
6.3429 	EXP 	sickHighlight: text = u'_'
6.3429 	EXP 	notsickHighlight: text = u'_'
6.3620 	EXP 	sickHighlight: text = u'_'
6.3620 	EXP 	notsickHighlight: text = u'_'
6.3759 	EXP 	sickHighlight: text = u'_'
6.3759 	EXP 	notsickHighlight: text = u'_'
6.3954 	EXP 	sickHighlight: text = u'_'
6.3954 	EXP 	notsickHighlight: text = u'_'
6.4093 	EXP 	sickHighlight: text = u'_'
6.4093 	EXP 	notsickHighlight: text = u'_'
6.4284 	EXP 	sickHighlight: text = u'_'
6.4284 	EXP 	notsickHighlight: text = u'_'
6.4425 	EXP 	sickHighlight: text = u'_'
6.4425 	EXP 	notsickHighlight: text = u'_'
6.4617 	EXP 	sickHighlight: text = u'_'
6.4617 	EXP 	notsickHighlight: text = u'_'
6.4760 	EXP 	sickHighlight: text = u'_'
6.4760 	EXP 	notsickHighlight: text = u'_'
6.4950 	EXP 	sickHighlight: text = u'_'
6.4950 	EXP 	notsickHighlight: text = u'_'
6.5091 	EXP 	sickHighlight: text = u'_'
6.5091 	EXP 	notsickHighlight: text = u'_'
6.5282 	EXP 	sickHighlight: text = u'_'
6.5282 	EXP 	notsickHighlight: text = u'_'
6.5524 	EXP 	sickHighlight: text = u'_'
6.5524 	EXP 	notsickHighlight: text = u'_'
6.5661 	EXP 	sickHighlight: text = u'_'
6.5661 	EXP 	notsickHighlight: text = u'_'
6.5849 	EXP 	sickHighlight: text = u'_'
6.5849 	EXP 	notsickHighlight: text = u'_'
6.5988 	EXP 	sickHighlight: text = u'_'
6.5988 	EXP 	notsickHighlight: text = u'_'
6.6191 	EXP 	sickHighlight: text = u'_'
6.6191 	EXP 	notsickHighlight: text = u'_'
6.6330 	EXP 	sickHighlight: text = u'_'
6.6330 	EXP 	notsickHighlight: text = u'_'
6.6518 	EXP 	sickHighlight: text = u'_'
6.6518 	EXP 	notsickHighlight: text = u'_'
6.6659 	EXP 	sickHighlight: text = u'_'
6.6659 	EXP 	notsickHighlight: text = u'_'
6.6849 	EXP 	sickHighlight: text = u'_'
6.6849 	EXP 	notsickHighlight: text = u'_'
6.7024 	EXP 	sickHighlight: text = u'_'
6.7024 	EXP 	notsickHighlight: text = u'_'
6.7187 	EXP 	sickHighlight: text = u'_'
6.7187 	EXP 	notsickHighlight: text = u'_'
6.7353 	EXP 	sickHighlight: text = u'_'
6.7353 	EXP 	notsickHighlight: text = u'_'
6.7520 	EXP 	sickHighlight: text = u'_'
6.7520 	EXP 	notsickHighlight: text = u'_'
6.7688 	EXP 	sickHighlight: text = u'_'
6.7688 	EXP 	notsickHighlight: text = u'_'
6.7952 	EXP 	sickHighlight: text = u'_'
6.7952 	EXP 	notsickHighlight: text = u'_'
6.8093 	EXP 	sickHighlight: text = u'_'
6.8093 	EXP 	notsickHighlight: text = u'_'
6.8286 	EXP 	sickHighlight: text = u'_'
6.8286 	EXP 	notsickHighlight: text = u'_'
6.8431 	EXP 	sickHighlight: text = u'_'
6.8431 	EXP 	notsickHighlight: text = u'_'
6.8617 	EXP 	sickHighlight: text = u'_'
6.8617 	EXP 	notsickHighlight: text = u'_'
6.8786 	EXP 	sickHighlight: text = u'_'
6.8786 	EXP 	notsickHighlight: text = u'_'
6.8950 	EXP 	sickHighlight: text = u'_'
6.8950 	EXP 	notsickHighlight: text = u'_'
6.9117 	EXP 	sickHighlight: text = u'_'
6.9117 	EXP 	notsickHighlight: text = u'_'
6.9286 	EXP 	sickHighlight: text = u'_'
6.9286 	EXP 	notsickHighlight: text = u'_'
6.9452 	EXP 	sickHighlight: text = u'_'
6.9452 	EXP 	notsickHighlight: text = u'_'
6.9621 	EXP 	sickHighlight: text = u'_'
6.9621 	EXP 	notsickHighlight: text = u'_'
6.9764 	EXP 	sickHighlight: text = u'_'
6.9764 	EXP 	notsickHighlight: text = u'_'
6.9951 	EXP 	sickHighlight: text = u'_'
6.9951 	EXP 	notsickHighlight: text = u'_'
7.0096 	EXP 	sickHighlight: text = u'_'
7.0096 	EXP 	notsickHighlight: text = u'_'
7.0283 	EXP 	sickHighlight: text = u'_'
7.0283 	EXP 	notsickHighlight: text = u'_'
7.0453 	EXP 	sickHighlight: text = u'_'
7.0453 	EXP 	notsickHighlight: text = u'_'
7.0598 	EXP 	sickHighlight: text = u'_'
7.0598 	EXP 	notsickHighlight: text = u'_'
7.0787 	EXP 	sickHighlight: text = u'_'
7.0787 	EXP 	notsickHighlight: text = u'_'
7.1022 	EXP 	trialInstrText: autoDraw = False
7.1022 	EXP 	restaurantText: autoDraw = False
7.1022 	EXP 	foodImg: autoDraw = False
7.1022 	EXP 	sickImg: autoDraw = False
7.1022 	EXP 	notsickImg: autoDraw = False
7.1022 	EXP 	sickHighlight: autoDraw = False
7.1022 	EXP 	notsickHighlight: autoDraw = False
7.1022 	EXP 	sickHighlight: text = u'_'
7.1022 	EXP 	notsickHighlight: text = u'_'
7.1022 	EXP 	correctText: autoDraw = True
7.1022 	EXP 	wrongText: autoDraw = True
7.1022 	EXP 	timeoutText: autoDraw = True
7.1022 	EXP 	sickFeedback: autoDraw = True
7.1022 	EXP 	notsickFeedback: autoDraw = True
7.1022 	EXP 	gotSickText: autoDraw = True
7.1022 	EXP 	didntGetSickText: autoDraw = True
7.1022 	EXP 	timeoutText: opacity = 1.0
7.1022 	EXP 	timeoutText: text = u'TIMEOUT'
7.1182 	EXP 	sickHighlight: text = u'_'
7.1182 	EXP 	notsickHighlight: text = u'_'
7.1346 	EXP 	sickHighlight: text = u'_'
7.1346 	EXP 	notsickHighlight: text = u'_'
7.1514 	EXP 	sickHighlight: text = u'_'
7.1514 	EXP 	notsickHighlight: text = u'_'
7.1677 	EXP 	sickHighlight: text = u'_'
7.1677 	EXP 	notsickHighlight: text = u'_'
7.1849 	EXP 	sickHighlight: text = u'_'
7.1849 	EXP 	notsickHighlight: text = u'_'
7.1978 	EXP 	sickHighlight: text = u'_'
7.1978 	EXP 	notsickHighlight: text = u'_'
7.2185 	EXP 	sickHighlight: text = u'_'
7.2185 	EXP 	notsickHighlight: text = u'_'
7.2351 	EXP 	sickHighlight: text = u'_'
7.2351 	EXP 	notsickHighlight: text = u'_'
7.2514 	EXP 	sickHighlight: text = u'_'
7.2514 	EXP 	notsickHighlight: text = u'_'
7.2679 	EXP 	sickHighlight: text = u'_'
7.2679 	EXP 	notsickHighlight: text = u'_'
7.2840 	EXP 	sickHighlight: text = u'_'
7.2840 	EXP 	notsickHighlight: text = u'_'
7.3007 	EXP 	sickHighlight: text = u'_'
7.3007 	EXP 	notsickHighlight: text = u'_'
7.3184 	EXP 	sickHighlight: text = u'_'
7.3184 	EXP 	notsickHighlight: text = u'_'
7.3344 	EXP 	sickHighlight: text = u'_'
7.3344 	EXP 	notsickHighlight: text = u'_'
7.3518 	EXP 	sickHighlight: text = u'_'
7.3518 	EXP 	notsickHighlight: text = u'_'
7.3687 	EXP 	sickHighlight: text = u'_'
7.3687 	EXP 	notsickHighlight: text = u'_'
7.3966 	EXP 	sickHighlight: text = u'_'
7.3966 	EXP 	notsickHighlight: text = u'_'
7.4108 	EXP 	sickHighlight: text = u'_'
7.4108 	EXP 	notsickHighlight: text = u'_'
7.4296 	EXP 	sickHighlight: text = u'_'
7.4296 	EXP 	notsickHighlight: text = u'_'
7.4443 	EXP 	sickHighlight: text = u'_'
7.4443 	EXP 	notsickHighlight: text = u'_'
7.4628 	EXP 	sickHighlight: text = u'_'
7.4628 	EXP 	notsickHighlight: text = u'_'
7.4774 	EXP 	sickHighlight: text = u'_'
7.4774 	EXP 	notsickHighlight: text = u'_'
7.4963 	EXP 	sickHighlight: text = u'_'
7.4963 	EXP 	notsickHighlight: text = u'_'
7.5108 	EXP 	sickHighlight: text = u'_'
7.5108 	EXP 	notsickHighlight: text = u'_'
7.5300 	EXP 	sickHighlight: text = u'_'
7.5300 	EXP 	notsickHighlight: text = u'_'
7.5443 	EXP 	sickHighlight: text = u'_'
7.5443 	EXP 	notsickHighlight: text = u'_'
7.5632 	EXP 	sickHighlight: text = u'_'
7.5632 	EXP 	notsickHighlight: text = u'_'
7.5776 	EXP 	sickHighlight: text = u'_'
7.5776 	EXP 	notsickHighlight: text = u'_'
7.5961 	EXP 	sickHighlight: text = u'_'
7.5961 	EXP 	notsickHighlight: text = u'_'
7.6105 	EXP 	sickHighlight: text = u'_'
7.6105 	EXP 	notsickHighlight: text = u'_'
7.6298 	EXP 	sickHighlight: text = u'_'
7.6298 	EXP 	notsickHighlight: text = u'_'
7.6443 	EXP 	sickHighlight: text = u'_'
7.6443 	EXP 	notsickHighlight: text = u'_'
7.6627 	EXP 	sickHighlight: text = u'_'
7.6627 	EXP 	notsickHighlight: text = u'_'
7.6775 	EXP 	sickHighlight: text = u'_'
7.6775 	EXP 	notsickHighlight: text = u'_'
7.6963 	EXP 	sickHighlight: text = u'_'
7.6963 	EXP 	notsickHighlight: text = u'_'
7.7110 	EXP 	sickHighlight: text = u'_'
7.7110 	EXP 	notsickHighlight: text = u'_'
7.7295 	EXP 	sickHighlight: text = u'_'
7.7295 	EXP 	notsickHighlight: text = u'_'
7.7437 	EXP 	sickHighlight: text = u'_'
7.7437 	EXP 	notsickHighlight: text = u'_'
7.7634 	EXP 	sickHighlight: text = u'_'
7.7634 	EXP 	notsickHighlight: text = u'_'
7.7849 	EXP 	sickHighlight: text = u'_'
7.7849 	EXP 	notsickHighlight: text = u'_'
7.8013 	EXP 	sickHighlight: text = u'_'
7.8013 	EXP 	notsickHighlight: text = u'_'
7.8189 	EXP 	sickHighlight: text = u'_'
7.8189 	EXP 	notsickHighlight: text = u'_'
7.8316 	EXP 	sickHighlight: text = u'_'
7.8316 	EXP 	notsickHighlight: text = u'_'
7.8522 	EXP 	sickHighlight: text = u'_'
7.8522 	EXP 	notsickHighlight: text = u'_'
7.8685 	EXP 	sickHighlight: text = u'_'
7.8685 	EXP 	notsickHighlight: text = u'_'
7.8854 	EXP 	sickHighlight: text = u'_'
7.8854 	EXP 	notsickHighlight: text = u'_'
7.9019 	EXP 	sickHighlight: text = u'_'
7.9019 	EXP 	notsickHighlight: text = u'_'
7.9181 	EXP 	sickHighlight: text = u'_'
7.9181 	EXP 	notsickHighlight: text = u'_'
7.9351 	EXP 	sickHighlight: text = u'_'
7.9351 	EXP 	notsickHighlight: text = u'_'
7.9522 	EXP 	sickHighlight: text = u'_'
7.9522 	EXP 	notsickHighlight: text = u'_'
7.9683 	EXP 	sickHighlight: text = u'_'
7.9683 	EXP 	notsickHighlight: text = u'_'
7.9854 	EXP 	sickHighlight: text = u'_'
7.9854 	EXP 	notsickHighlight: text = u'_'
8.0021 	EXP 	sickHighlight: text = u'_'
8.0021 	EXP 	notsickHighlight: text = u'_'
8.0184 	EXP 	sickHighlight: text = u'_'
8.0184 	EXP 	notsickHighlight: text = u'_'
8.0346 	EXP 	sickHighlight: text = u'_'
8.0346 	EXP 	notsickHighlight: text = u'_'
8.0514 	EXP 	sickHighlight: text = u'_'
8.0514 	EXP 	notsickHighlight: text = u'_'
8.0689 	EXP 	sickHighlight: text = u'_'
8.0689 	EXP 	notsickHighlight: text = u'_'
8.0849 	EXP 	sickHighlight: text = u'_'
8.0849 	EXP 	notsickHighlight: text = u'_'
8.0849 	EXP 	correctText: autoDraw = False
8.0849 	EXP 	wrongText: autoDraw = False
8.0849 	EXP 	timeoutText: autoDraw = False
8.0849 	EXP 	sickFeedback: autoDraw = False
8.0849 	EXP 	notsickFeedback: autoDraw = False
8.0849 	EXP 	gotSickText: autoDraw = False
8.0849 	EXP 	didntGetSickText: autoDraw = False
8.0911 	EXP 	window1: recordFrameIntervals = False
8.1025 	EXP 	fixationJitterText: autoDraw = True
8.1025 	EXP 	sickHighlight: text = u'_'
8.1025 	EXP 	notsickHighlight: text = u'_'
8.1122 	EXP 	window1: recordFrameIntervals = False
8.6131 	EXP 	sickHighlight: text = u'_'
8.6131 	EXP 	notsickHighlight: text = u'_'
8.6142 	EXP 	New trial (rep=0, index=1): {u'food': u'mexican_food2', u'corrAns': u'right', u'sick': u'No', u'restaurant': u"Molina's Cantina"}
8.6406 	EXP 	window1: recordFrameIntervals = False
8.6528 	EXP 	trialInstrText: autoDraw = False
8.6528 	EXP 	restaurantText: autoDraw = False
8.6528 	EXP 	foodImg: autoDraw = False
8.6528 	EXP 	fixationJitterText: autoDraw = False
8.6528 	EXP 	sickImg: autoDraw = False
8.6528 	EXP 	notsickImg: autoDraw = False
8.6528 	EXP 	fixationITIText: autoDraw = False
8.6528 	EXP 	sickHighlight: autoDraw = False
8.6528 	EXP 	notsickHighlight: autoDraw = False
8.6528 	EXP 	correctText: autoDraw = False
8.6528 	EXP 	wrongText: autoDraw = False
8.6528 	EXP 	timeoutText: autoDraw = False
8.6528 	EXP 	sickFeedback: autoDraw = False
8.6528 	EXP 	notsickFeedback: autoDraw = False
8.6528 	EXP 	gotSickText: autoDraw = False
8.6528 	EXP 	didntGetSickText: autoDraw = False
8.6528 	EXP 	restaurantText: text = u"Molina's Cantina"
8.6528 	EXP 	foodImg: image = u'foods/mexican_food2.png'
8.6528 	EXP 	sickHighlight: opacity = 0.0
8.6528 	EXP 	notsickHighlight: opacity = 0.0
8.6528 	EXP 	sickHighlight: text = u'_'
8.6528 	EXP 	notsickHighlight: text = u'_'
8.6528 	EXP 	correctText: opacity = 0.0
8.6528 	EXP 	wrongText: opacity = 0.0
8.6528 	EXP 	timeoutText: opacity = 0.0
8.6528 	EXP 	sickFeedback: opacity = 0.0
8.6528 	EXP 	notsickFeedback: opacity = 0.0
8.6528 	EXP 	correctText: text = u'CORRECT'
8.6528 	EXP 	wrongText: text = u'WRONG'
8.6528 	EXP 	timeoutText: text = u'TIMEOUT'
8.6528 	EXP 	fixationITIText: autoDraw = True
8.6528 	EXP 	sickHighlight: text = u'_'
8.6528 	EXP 	notsickHighlight: text = u'_'
8.6594 	EXP 	window1: recordFrameIntervals = False
9.6530 	EXP 	sickHighlight: text = u'_'
9.6530 	EXP 	notsickHighlight: text = u'_'
9.6692 	EXP 	trialInstrText: autoDraw = True
9.6692 	EXP 	restaurantText: autoDraw = True
9.6692 	EXP 	foodImg: autoDraw = True
9.6692 	EXP 	sickImg: autoDraw = True
9.6692 	EXP 	notsickImg: autoDraw = True
9.6692 	EXP 	fixationITIText: autoDraw = False
9.6692 	EXP 	sickHighlight: autoDraw = True
9.6692 	EXP 	notsickHighlight: autoDraw = True
9.6692 	EXP 	sickHighlight: text = u'_'
9.6692 	EXP 	notsickHighlight: text = u'_'
9.6867 	EXP 	sickHighlight: text = u'_'
9.6867 	EXP 	notsickHighlight: text = u'_'
9.7037 	EXP 	sickHighlight: text = u'_'
9.7037 	EXP 	notsickHighlight: text = u'_'
9.7206 	EXP 	sickHighlight: text = u'_'
9.7206 	EXP 	notsickHighlight: text = u'_'
9.7377 	EXP 	sickHighlight: text = u'_'
9.7377 	EXP 	notsickHighlight: text = u'_'
9.7516 	EXP 	sickHighlight: text = u'_'
9.7516 	EXP 	notsickHighlight: text = u'_'
9.7711 	EXP 	sickHighlight: text = u'_'
9.7711 	EXP 	notsickHighlight: text = u'_'
9.7882 	EXP 	sickHighlight: text = u'_'
9.7882 	EXP 	notsickHighlight: text = u'_'
9.8040 	EXP 	sickHighlight: text = u'_'
9.8040 	EXP 	notsickHighlight: text = u'_'
9.8200 	EXP 	sickHighlight: text = u'_'
9.8200 	EXP 	notsickHighlight: text = u'_'
9.8378 	EXP 	sickHighlight: text = u'_'
9.8378 	EXP 	notsickHighlight: text = u'_'
9.8518 	EXP 	sickHighlight: text = u'_'
9.8518 	EXP 	notsickHighlight: text = u'_'
9.8710 	EXP 	sickHighlight: text = u'_'
9.8710 	EXP 	notsickHighlight: text = u'_'
9.8850 	EXP 	sickHighlight: text = u'_'
9.8850 	EXP 	notsickHighlight: text = u'_'
9.9037 	EXP 	sickHighlight: text = u'_'
9.9037 	EXP 	notsickHighlight: text = u'_'
9.9179 	EXP 	sickHighlight: text = u'_'
9.9179 	EXP 	notsickHighlight: text = u'_'
9.9371 	EXP 	sickHighlight: text = u'_'
9.9371 	EXP 	notsickHighlight: text = u'_'
9.9542 	EXP 	sickHighlight: text = u'_'
9.9542 	EXP 	notsickHighlight: text = u'_'
9.9701 	EXP 	sickHighlight: text = u'_'
9.9701 	EXP 	notsickHighlight: text = u'_'
9.9847 	EXP 	sickHighlight: text = u'_'
9.9847 	EXP 	notsickHighlight: text = u'_'
10.0041 	EXP 	sickHighlight: text = u'_'
10.0041 	EXP 	notsickHighlight: text = u'_'
10.0212 	EXP 	sickHighlight: text = u'_'
10.0212 	EXP 	notsickHighlight: text = u'_'
10.0348 	EXP 	sickHighlight: text = u'_'
10.0348 	EXP 	notsickHighlight: text = u'_'
10.0545 	EXP 	sickHighlight: text = u'_'
10.0545 	EXP 	notsickHighlight: text = u'_'
10.0685 	EXP 	sickHighlight: text = u'_'
10.0685 	EXP 	notsickHighlight: text = u'_'
10.0874 	EXP 	sickHighlight: text = u'_'
10.0874 	EXP 	notsickHighlight: text = u'_'
10.1016 	EXP 	sickHighlight: text = u'_'
10.1016 	EXP 	notsickHighlight: text = u'_'
10.1207 	EXP 	sickHighlight: text = u'_'
10.1207 	EXP 	notsickHighlight: text = u'_'
10.1348 	EXP 	sickHighlight: text = u'_'
10.1348 	EXP 	notsickHighlight: text = u'_'
10.1547 	EXP 	sickHighlight: text = u'_'
10.1547 	EXP 	notsickHighlight: text = u'_'
10.1684 	EXP 	sickHighlight: text = u'_'
10.1684 	EXP 	notsickHighlight: text = u'_'
10.1881 	EXP 	sickHighlight: text = u'_'
10.1881 	EXP 	notsickHighlight: text = u'_'
10.2021 	EXP 	sickHighlight: text = u'_'
10.2021 	EXP 	notsickHighlight: text = u'_'
10.2212 	EXP 	sickHighlight: text = u'_'
10.2212 	EXP 	notsickHighlight: text = u'_'
10.2459 	EXP 	sickHighlight: text = u'_'
10.2459 	EXP 	notsickHighlight: text = u'_'
10.2602 	EXP 	sickHighlight: text = u'_'
10.2602 	EXP 	notsickHighlight: text = u'_'
10.2795 	EXP 	sickHighlight: text = u'_'
10.2795 	EXP 	notsickHighlight: text = u'_'
10.2937 	EXP 	sickHighlight: text = u'_'
10.2937 	EXP 	notsickHighlight: text = u'_'
10.3129 	EXP 	sickHighlight: text = u'_'
10.3129 	EXP 	notsickHighlight: text = u'_'
10.3273 	EXP 	sickHighlight: text = u'_'
10.3273 	EXP 	notsickHighlight: text = u'_'
10.3459 	EXP 	sickHighlight: text = u'_'
10.3459 	EXP 	notsickHighlight: text = u'_'
10.3599 	EXP 	sickHighlight: text = u'_'
10.3599 	EXP 	notsickHighlight: text = u'_'
10.3792 	EXP 	sickHighlight: text = u'_'
10.3792 	EXP 	notsickHighlight: text = u'_'
10.4045 	EXP 	sickHighlight: text = u'_'
10.4045 	EXP 	notsickHighlight: text = u'_'
10.4184 	EXP 	sickHighlight: text = u'_'
10.4184 	EXP 	notsickHighlight: text = u'_'
10.4382 	EXP 	sickHighlight: text = u'_'
10.4382 	EXP 	notsickHighlight: text = u'_'
10.4518 	EXP 	sickHighlight: text = u'_'
10.4518 	EXP 	notsickHighlight: text = u'_'
10.4712 	EXP 	sickHighlight: text = u'_'
10.4712 	EXP 	notsickHighlight: text = u'_'
10.4854 	EXP 	sickHighlight: text = u'_'
10.4854 	EXP 	notsickHighlight: text = u'_'
10.5048 	EXP 	sickHighlight: text = u'_'
10.5048 	EXP 	notsickHighlight: text = u'_'
10.5186 	EXP 	sickHighlight: text = u'_'
10.5186 	EXP 	notsickHighlight: text = u'_'
10.5379 	EXP 	sickHighlight: text = u'_'
10.5379 	EXP 	notsickHighlight: text = u'_'
10.5525 	EXP 	sickHighlight: text = u'_'
10.5525 	EXP 	notsickHighlight: text = u'_'
10.5713 	EXP 	sickHighlight: text = u'_'
10.5713 	EXP 	notsickHighlight: text = u'_'
10.5850 	EXP 	sickHighlight: text = u'_'
10.5850 	EXP 	notsickHighlight: text = u'_'
10.6042 	EXP 	sickHighlight: text = u'_'
10.6042 	EXP 	notsickHighlight: text = u'_'
10.6182 	EXP 	sickHighlight: text = u'_'
10.6182 	EXP 	notsickHighlight: text = u'_'
10.6378 	EXP 	sickHighlight: text = u'_'
10.6378 	EXP 	notsickHighlight: text = u'_'
10.6518 	EXP 	sickHighlight: text = u'_'
10.6518 	EXP 	notsickHighlight: text = u'_'
10.6710 	EXP 	sickHighlight: text = u'_'
10.6710 	EXP 	notsickHighlight: text = u'_'
10.6852 	EXP 	sickHighlight: text = u'_'
10.6852 	EXP 	notsickHighlight: text = u'_'
10.7050 	EXP 	sickHighlight: text = u'_'
10.7050 	EXP 	notsickHighlight: text = u'_'
10.7188 	EXP 	sickHighlight: text = u'_'
10.7188 	EXP 	notsickHighlight: text = u'_'
10.7382 	EXP 	sickHighlight: text = u'_'
10.7382 	EXP 	notsickHighlight: text = u'_'
10.7542 	EXP 	sickHighlight: text = u'_'
10.7542 	EXP 	notsickHighlight: text = u'_'
10.7714 	EXP 	sickHighlight: text = u'_'
10.7714 	EXP 	notsickHighlight: text = u'_'
10.7855 	EXP 	sickHighlight: text = u'_'
10.7855 	EXP 	notsickHighlight: text = u'_'
10.8047 	EXP 	sickHighlight: text = u'_'
10.8047 	EXP 	notsickHighlight: text = u'_'
10.8187 	EXP 	sickHighlight: text = u'_'
10.8187 	EXP 	notsickHighlight: text = u'_'
10.8380 	EXP 	sickHighlight: text = u'_'
10.8380 	EXP 	notsickHighlight: text = u'_'
10.8523 	EXP 	sickHighlight: text = u'_'
10.8523 	EXP 	notsickHighlight: text = u'_'
10.8711 	EXP 	sickHighlight: text = u'_'
10.8711 	EXP 	notsickHighlight: text = u'_'
10.8850 	EXP 	sickHighlight: text = u'_'
10.8850 	EXP 	notsickHighlight: text = u'_'
10.9052 	EXP 	sickHighlight: text = u'_'
10.9052 	EXP 	notsickHighlight: text = u'_'
10.9192 	EXP 	sickHighlight: text = u'_'
10.9192 	EXP 	notsickHighlight: text = u'_'
10.9377 	EXP 	sickHighlight: text = u'_'
10.9377 	EXP 	notsickHighlight: text = u'_'
10.9548 	EXP 	sickHighlight: text = u'_'
10.9548 	EXP 	notsickHighlight: text = u'_'
10.9717 	EXP 	sickHighlight: text = u'_'
10.9717 	EXP 	notsickHighlight: text = u'_'
10.9888 	EXP 	sickHighlight: text = u'_'
10.9888 	EXP 	notsickHighlight: text = u'_'
11.0018 	EXP 	sickHighlight: text = u'_'
11.0018 	EXP 	notsickHighlight: text = u'_'
11.0219 	EXP 	sickHighlight: text = u'_'
11.0219 	EXP 	notsickHighlight: text = u'_'
11.0358 	EXP 	sickHighlight: text = u'_'
11.0358 	EXP 	notsickHighlight: text = u'_'
11.0542 	EXP 	sickHighlight: text = u'_'
11.0542 	EXP 	notsickHighlight: text = u'_'
11.0687 	EXP 	sickHighlight: text = u'_'
11.0687 	EXP 	notsickHighlight: text = u'_'
11.0878 	EXP 	sickHighlight: text = u'_'
11.0878 	EXP 	notsickHighlight: text = u'_'
11.1018 	EXP 	sickHighlight: text = u'_'
11.1018 	EXP 	notsickHighlight: text = u'_'
11.1207 	EXP 	sickHighlight: text = u'_'
11.1207 	EXP 	notsickHighlight: text = u'_'
11.1379 	EXP 	sickHighlight: text = u'_'
11.1379 	EXP 	notsickHighlight: text = u'_'
11.1545 	EXP 	sickHighlight: text = u'_'
11.1545 	EXP 	notsickHighlight: text = u'_'
11.1714 	EXP 	sickHighlight: text = u'_'
11.1714 	EXP 	notsickHighlight: text = u'_'
11.1880 	EXP 	sickHighlight: text = u'_'
11.1880 	EXP 	notsickHighlight: text = u'_'
11.2044 	EXP 	sickHighlight: text = u'_'
11.2044 	EXP 	notsickHighlight: text = u'_'
11.2212 	EXP 	sickHighlight: text = u'_'
11.2212 	EXP 	notsickHighlight: text = u'_'
11.2380 	EXP 	sickHighlight: text = u'_'
11.2380 	EXP 	notsickHighlight: text = u'_'
11.2543 	EXP 	sickHighlight: text = u'_'
11.2543 	EXP 	notsickHighlight: text = u'_'
11.2709 	EXP 	sickHighlight: text = u'_'
11.2709 	EXP 	notsickHighlight: text = u'_'
11.2878 	EXP 	sickHighlight: text = u'_'
11.2878 	EXP 	notsickHighlight: text = u'_'
11.3051 	EXP 	sickHighlight: text = u'_'
11.3051 	EXP 	notsickHighlight: text = u'_'
11.3217 	EXP 	sickHighlight: text = u'_'
11.3217 	EXP 	notsickHighlight: text = u'_'
11.3381 	EXP 	sickHighlight: text = u'_'
11.3381 	EXP 	notsickHighlight: text = u'_'
11.3547 	EXP 	sickHighlight: text = u'_'
11.3547 	EXP 	notsickHighlight: text = u'_'
11.3717 	EXP 	sickHighlight: text = u'_'
11.3717 	EXP 	notsickHighlight: text = u'_'
11.3886 	EXP 	sickHighlight: text = u'_'
11.3886 	EXP 	notsickHighlight: text = u'_'
11.4022 	EXP 	sickHighlight: text = u'_'
11.4022 	EXP 	notsickHighlight: text = u'_'
11.4213 	EXP 	sickHighlight: text = u'_'
11.4213 	EXP 	notsickHighlight: text = u'_'
11.4358 	EXP 	sickHighlight: text = u'_'
11.4358 	EXP 	notsickHighlight: text = u'_'
11.4551 	EXP 	sickHighlight: text = u'_'
11.4551 	EXP 	notsickHighlight: text = u'_'
11.4689 	EXP 	sickHighlight: text = u'_'
11.4689 	EXP 	notsickHighlight: text = u'_'
11.4882 	EXP 	sickHighlight: text = u'_'
11.4882 	EXP 	notsickHighlight: text = u'_'
11.5052 	EXP 	sickHighlight: text = u'_'
11.5052 	EXP 	notsickHighlight: text = u'_'
11.5183 	EXP 	sickHighlight: text = u'_'
11.5183 	EXP 	notsickHighlight: text = u'_'
11.5388 	EXP 	sickHighlight: text = u'_'
11.5388 	EXP 	notsickHighlight: text = u'_'
11.5527 	EXP 	sickHighlight: text = u'_'
11.5527 	EXP 	notsickHighlight: text = u'_'
11.5714 	EXP 	sickHighlight: text = u'_'
11.5714 	EXP 	notsickHighlight: text = u'_'
11.5854 	EXP 	sickHighlight: text = u'_'
11.5854 	EXP 	notsickHighlight: text = u'_'
11.6047 	EXP 	sickHighlight: text = u'_'
11.6047 	EXP 	notsickHighlight: text = u'_'
11.6189 	EXP 	sickHighlight: text = u'_'
11.6189 	EXP 	notsickHighlight: text = u'_'
11.6381 	EXP 	sickHighlight: text = u'_'
11.6381 	EXP 	notsickHighlight: text = u'_'
11.6552 	EXP 	sickHighlight: text = u'_'
11.6552 	EXP 	notsickHighlight: text = u'_'
11.6720 	EXP 	sickHighlight: text = u'_'
11.6720 	EXP 	notsickHighlight: text = u'_'
11.6879 	EXP 	sickHighlight: text = u'_'
11.6879 	EXP 	notsickHighlight: text = u'_'
11.7019 	EXP 	sickHighlight: text = u'_'
11.7019 	EXP 	notsickHighlight: text = u'_'
11.7217 	EXP 	sickHighlight: text = u'_'
11.7217 	EXP 	notsickHighlight: text = u'_'
11.7386 	EXP 	sickHighlight: text = u'_'
11.7386 	EXP 	notsickHighlight: text = u'_'
11.7546 	EXP 	sickHighlight: text = u'_'
11.7546 	EXP 	notsickHighlight: text = u'_'
11.7716 	EXP 	sickHighlight: text = u'_'
11.7716 	EXP 	notsickHighlight: text = u'_'
11.7890 	EXP 	sickHighlight: text = u'_'
11.7890 	EXP 	notsickHighlight: text = u'_'
11.8027 	EXP 	sickHighlight: text = u'_'
11.8027 	EXP 	notsickHighlight: text = u'_'
11.8225 	EXP 	sickHighlight: text = u'_'
11.8225 	EXP 	notsickHighlight: text = u'_'
11.8364 	EXP 	sickHighlight: text = u'_'
11.8364 	EXP 	notsickHighlight: text = u'_'
11.8559 	EXP 	sickHighlight: text = u'_'
11.8559 	EXP 	notsickHighlight: text = u'_'
11.8727 	EXP 	sickHighlight: text = u'_'
11.8727 	EXP 	notsickHighlight: text = u'_'
11.8887 	EXP 	sickHighlight: text = u'_'
11.8887 	EXP 	notsickHighlight: text = u'_'
11.9056 	EXP 	sickHighlight: text = u'_'
11.9056 	EXP 	notsickHighlight: text = u'_'
11.9196 	EXP 	sickHighlight: text = u'_'
11.9196 	EXP 	notsickHighlight: text = u'_'
11.9387 	EXP 	sickHighlight: text = u'_'
11.9387 	EXP 	notsickHighlight: text = u'_'
11.9527 	EXP 	sickHighlight: text = u'_'
11.9527 	EXP 	notsickHighlight: text = u'_'
11.9718 	EXP 	sickHighlight: text = u'_'
11.9718 	EXP 	notsickHighlight: text = u'_'
11.9856 	EXP 	sickHighlight: text = u'_'
11.9856 	EXP 	notsickHighlight: text = u'_'
12.0055 	EXP 	sickHighlight: text = u'_'
12.0055 	EXP 	notsickHighlight: text = u'_'
12.0224 	EXP 	sickHighlight: text = u'_'
12.0224 	EXP 	notsickHighlight: text = u'_'
12.0391 	EXP 	sickHighlight: text = u'_'
12.0391 	EXP 	notsickHighlight: text = u'_'
12.0533 	EXP 	sickHighlight: text = u'_'
12.0533 	EXP 	notsickHighlight: text = u'_'
12.0722 	EXP 	sickHighlight: text = u'_'
12.0722 	EXP 	notsickHighlight: text = u'_'
12.0892 	EXP 	sickHighlight: text = u'_'
12.0892 	EXP 	notsickHighlight: text = u'_'
12.1022 	EXP 	sickHighlight: text = u'_'
12.1022 	EXP 	notsickHighlight: text = u'_'
12.1216 	EXP 	sickHighlight: text = u'_'
12.1216 	EXP 	notsickHighlight: text = u'_'
12.1386 	EXP 	sickHighlight: text = u'_'
12.1386 	EXP 	notsickHighlight: text = u'_'
12.1555 	EXP 	sickHighlight: text = u'_'
12.1555 	EXP 	notsickHighlight: text = u'_'
12.1694 	EXP 	sickHighlight: text = u'_'
12.1694 	EXP 	notsickHighlight: text = u'_'
12.2451 	EXP 	sickHighlight: text = u'_'
12.2451 	EXP 	notsickHighlight: text = u'_'
12.2632 	EXP 	sickHighlight: text = u'_'
12.2632 	EXP 	notsickHighlight: text = u'_'
12.2768 	EXP 	sickHighlight: text = u'_'
12.2768 	EXP 	notsickHighlight: text = u'_'
12.2966 	EXP 	sickHighlight: text = u'_'
12.2966 	EXP 	notsickHighlight: text = u'_'
12.3112 	EXP 	sickHighlight: text = u'_'
12.3112 	EXP 	notsickHighlight: text = u'_'
12.3297 	EXP 	sickHighlight: text = u'_'
12.3297 	EXP 	notsickHighlight: text = u'_'
12.3437 	EXP 	sickHighlight: text = u'_'
12.3437 	EXP 	notsickHighlight: text = u'_'
12.3628 	EXP 	sickHighlight: text = u'_'
12.3628 	EXP 	notsickHighlight: text = u'_'
12.3796 	EXP 	sickHighlight: text = u'_'
12.3796 	EXP 	notsickHighlight: text = u'_'
12.3968 	EXP 	sickHighlight: text = u'_'
12.3968 	EXP 	notsickHighlight: text = u'_'
12.4108 	EXP 	sickHighlight: text = u'_'
12.4108 	EXP 	notsickHighlight: text = u'_'
12.4296 	EXP 	sickHighlight: text = u'_'
12.4296 	EXP 	notsickHighlight: text = u'_'
12.4434 	EXP 	sickHighlight: text = u'_'
12.4434 	EXP 	notsickHighlight: text = u'_'
12.4630 	EXP 	sickHighlight: text = u'_'
12.4630 	EXP 	notsickHighlight: text = u'_'
12.4796 	EXP 	sickHighlight: text = u'_'
12.4796 	EXP 	notsickHighlight: text = u'_'
12.4965 	EXP 	sickHighlight: text = u'_'
12.4965 	EXP 	notsickHighlight: text = u'_'
12.5101 	EXP 	sickHighlight: text = u'_'
12.5101 	EXP 	notsickHighlight: text = u'_'
12.5296 	EXP 	sickHighlight: text = u'_'
12.5296 	EXP 	notsickHighlight: text = u'_'
12.5438 	EXP 	sickHighlight: text = u'_'
12.5438 	EXP 	notsickHighlight: text = u'_'
12.5629 	EXP 	sickHighlight: text = u'_'
12.5629 	EXP 	notsickHighlight: text = u'_'
12.5795 	EXP 	sickHighlight: text = u'_'
12.5795 	EXP 	notsickHighlight: text = u'_'
12.5963 	EXP 	sickHighlight: text = u'_'
12.5963 	EXP 	notsickHighlight: text = u'_'
12.6105 	EXP 	sickHighlight: text = u'_'
12.6105 	EXP 	notsickHighlight: text = u'_'
12.6296 	EXP 	trialInstrText: autoDraw = False
12.6296 	EXP 	restaurantText: autoDraw = False
12.6296 	EXP 	foodImg: autoDraw = False
12.6296 	EXP 	sickImg: autoDraw = False
12.6296 	EXP 	notsickImg: autoDraw = False
12.6296 	EXP 	sickHighlight: autoDraw = False
12.6296 	EXP 	notsickHighlight: autoDraw = False
12.6296 	EXP 	sickHighlight: text = u'_'
12.6296 	EXP 	notsickHighlight: text = u'_'
12.6552 	EXP 	sickHighlight: text = u'_'
12.6552 	EXP 	notsickHighlight: text = u'_'
12.6552 	EXP 	correctText: autoDraw = True
12.6552 	EXP 	wrongText: autoDraw = True
12.6552 	EXP 	timeoutText: autoDraw = True
12.6552 	EXP 	sickFeedback: autoDraw = True
12.6552 	EXP 	notsickFeedback: autoDraw = True
12.6552 	EXP 	gotSickText: autoDraw = True
12.6552 	EXP 	didntGetSickText: autoDraw = True
12.6552 	EXP 	timeoutText: opacity = 1.0
12.6552 	EXP 	timeoutText: text = u'TIMEOUT'
12.6719 	EXP 	sickHighlight: text = u'_'
12.6719 	EXP 	notsickHighlight: text = u'_'
12.6888 	EXP 	sickHighlight: text = u'_'
12.6888 	EXP 	notsickHighlight: text = u'_'
12.7059 	EXP 	sickHighlight: text = u'_'
12.7059 	EXP 	notsickHighlight: text = u'_'
12.7228 	EXP 	sickHighlight: text = u'_'
12.7228 	EXP 	notsickHighlight: text = u'_'
12.7393 	EXP 	sickHighlight: text = u'_'
12.7393 	EXP 	notsickHighlight: text = u'_'
12.7558 	EXP 	sickHighlight: text = u'_'
12.7558 	EXP 	notsickHighlight: text = u'_'
12.7720 	EXP 	sickHighlight: text = u'_'
12.7720 	EXP 	notsickHighlight: text = u'_'
12.7890 	EXP 	sickHighlight: text = u'_'
12.7890 	EXP 	notsickHighlight: text = u'_'
12.8053 	EXP 	sickHighlight: text = u'_'
12.8053 	EXP 	notsickHighlight: text = u'_'
12.8223 	EXP 	sickHighlight: text = u'_'
12.8223 	EXP 	notsickHighlight: text = u'_'
12.8396 	EXP 	sickHighlight: text = u'_'
12.8396 	EXP 	notsickHighlight: text = u'_'
12.8558 	EXP 	sickHighlight: text = u'_'
12.8558 	EXP 	notsickHighlight: text = u'_'
12.8721 	EXP 	sickHighlight: text = u'_'
12.8721 	EXP 	notsickHighlight: text = u'_'
12.8889 	EXP 	sickHighlight: text = u'_'
12.8889 	EXP 	notsickHighlight: text = u'_'
12.9059 	EXP 	sickHighlight: text = u'_'
12.9059 	EXP 	notsickHighlight: text = u'_'
12.9227 	EXP 	sickHighlight: text = u'_'
12.9227 	EXP 	notsickHighlight: text = u'_'
12.9395 	EXP 	sickHighlight: text = u'_'
12.9395 	EXP 	notsickHighlight: text = u'_'
12.9557 	EXP 	sickHighlight: text = u'_'
12.9557 	EXP 	notsickHighlight: text = u'_'
12.9730 	EXP 	sickHighlight: text = u'_'
12.9730 	EXP 	notsickHighlight: text = u'_'
12.9896 	EXP 	sickHighlight: text = u'_'
12.9896 	EXP 	notsickHighlight: text = u'_'
13.0056 	EXP 	sickHighlight: text = u'_'
13.0056 	EXP 	notsickHighlight: text = u'_'
13.0228 	EXP 	sickHighlight: text = u'_'
13.0228 	EXP 	notsickHighlight: text = u'_'
13.0367 	EXP 	sickHighlight: text = u'_'
13.0367 	EXP 	notsickHighlight: text = u'_'
13.0560 	EXP 	sickHighlight: text = u'_'
13.0560 	EXP 	notsickHighlight: text = u'_'
13.0732 	EXP 	sickHighlight: text = u'_'
13.0732 	EXP 	notsickHighlight: text = u'_'
13.0858 	EXP 	sickHighlight: text = u'_'
13.0858 	EXP 	notsickHighlight: text = u'_'
13.1062 	EXP 	sickHighlight: text = u'_'
13.1062 	EXP 	notsickHighlight: text = u'_'
13.1227 	EXP 	sickHighlight: text = u'_'
13.1227 	EXP 	notsickHighlight: text = u'_'
13.1398 	EXP 	sickHighlight: text = u'_'
13.1398 	EXP 	notsickHighlight: text = u'_'
13.1563 	EXP 	sickHighlight: text = u'_'
13.1563 	EXP 	notsickHighlight: text = u'_'
13.1692 	EXP 	sickHighlight: text = u'_'
13.1692 	EXP 	notsickHighlight: text = u'_'
13.1888 	EXP 	sickHighlight: text = u'_'
13.1888 	EXP 	notsickHighlight: text = u'_'
13.2063 	EXP 	sickHighlight: text = u'_'
13.2063 	EXP 	notsickHighlight: text = u'_'
13.2229 	EXP 	sickHighlight: text = u'_'
13.2229 	EXP 	notsickHighlight: text = u'_'
13.2399 	EXP 	sickHighlight: text = u'_'
13.2399 	EXP 	notsickHighlight: text = u'_'
13.2525 	EXP 	sickHighlight: text = u'_'
13.2525 	EXP 	notsickHighlight: text = u'_'
13.2732 	EXP 	sickHighlight: text = u'_'
13.2732 	EXP 	notsickHighlight: text = u'_'
13.2858 	EXP 	sickHighlight: text = u'_'
13.2858 	EXP 	notsickHighlight: text = u'_'
13.3061 	EXP 	sickHighlight: text = u'_'
13.3061 	EXP 	notsickHighlight: text = u'_'
13.3226 	EXP 	sickHighlight: text = u'_'
13.3226 	EXP 	notsickHighlight: text = u'_'
13.3401 	EXP 	sickHighlight: text = u'_'
13.3401 	EXP 	notsickHighlight: text = u'_'
13.3537 	EXP 	sickHighlight: text = u'_'
13.3537 	EXP 	notsickHighlight: text = u'_'
13.3726 	EXP 	sickHighlight: text = u'_'
13.3726 	EXP 	notsickHighlight: text = u'_'
13.3896 	EXP 	sickHighlight: text = u'_'
13.3896 	EXP 	notsickHighlight: text = u'_'
13.4061 	EXP 	sickHighlight: text = u'_'
13.4061 	EXP 	notsickHighlight: text = u'_'
13.4230 	EXP 	sickHighlight: text = u'_'
13.4230 	EXP 	notsickHighlight: text = u'_'
13.4396 	EXP 	sickHighlight: text = u'_'
13.4396 	EXP 	notsickHighlight: text = u'_'
13.4558 	EXP 	sickHighlight: text = u'_'
13.4558 	EXP 	notsickHighlight: text = u'_'
13.4734 	EXP 	sickHighlight: text = u'_'
13.4734 	EXP 	notsickHighlight: text = u'_'
13.4895 	EXP 	sickHighlight: text = u'_'
13.4895 	EXP 	notsickHighlight: text = u'_'
13.5068 	EXP 	sickHighlight: text = u'_'
13.5068 	EXP 	notsickHighlight: text = u'_'
13.5228 	EXP 	sickHighlight: text = u'_'
13.5228 	EXP 	notsickHighlight: text = u'_'
13.5401 	EXP 	sickHighlight: text = u'_'
13.5401 	EXP 	notsickHighlight: text = u'_'
13.5560 	EXP 	sickHighlight: text = u'_'
13.5560 	EXP 	notsickHighlight: text = u'_'
13.5735 	EXP 	sickHighlight: text = u'_'
13.5735 	EXP 	notsickHighlight: text = u'_'
13.5898 	EXP 	sickHighlight: text = u'_'
13.5898 	EXP 	notsickHighlight: text = u'_'
13.6062 	EXP 	sickHighlight: text = u'_'
13.6062 	EXP 	notsickHighlight: text = u'_'
13.6233 	EXP 	sickHighlight: text = u'_'
13.6233 	EXP 	notsickHighlight: text = u'_'
13.6233 	EXP 	correctText: autoDraw = False
13.6233 	EXP 	wrongText: autoDraw = False
13.6233 	EXP 	timeoutText: autoDraw = False
13.6233 	EXP 	sickFeedback: autoDraw = False
13.6233 	EXP 	notsickFeedback: autoDraw = False
13.6233 	EXP 	gotSickText: autoDraw = False
13.6233 	EXP 	didntGetSickText: autoDraw = False
13.6298 	EXP 	window1: recordFrameIntervals = False
13.6398 	EXP 	fixationJitterText: autoDraw = True
13.6398 	EXP 	sickHighlight: text = u'_'
13.6398 	EXP 	notsickHighlight: text = u'_'
13.6462 	EXP 	window1: recordFrameIntervals = False
14.1475 	EXP 	sickHighlight: text = u'_'
14.1475 	EXP 	notsickHighlight: text = u'_'
14.1485 	EXP 	New trial (rep=0, index=2): {u'food': u'mexican_food1', u'corrAns': u'left', u'sick': u'Yes', u'restaurant': u"Molina's Cantina"}
14.1752 	EXP 	window1: recordFrameIntervals = False
14.1903 	EXP 	trialInstrText: autoDraw = False
14.1903 	EXP 	restaurantText: autoDraw = False
14.1903 	EXP 	foodImg: autoDraw = False
14.1903 	EXP 	fixationJitterText: autoDraw = False
14.1903 	EXP 	sickImg: autoDraw = False
14.1903 	EXP 	notsickImg: autoDraw = False
14.1903 	EXP 	fixationITIText: autoDraw = False
14.1903 	EXP 	sickHighlight: autoDraw = False
14.1903 	EXP 	notsickHighlight: autoDraw = False
14.1903 	EXP 	correctText: autoDraw = False
14.1903 	EXP 	wrongText: autoDraw = False
14.1903 	EXP 	timeoutText: autoDraw = False
14.1903 	EXP 	sickFeedback: autoDraw = False
14.1903 	EXP 	notsickFeedback: autoDraw = False
14.1903 	EXP 	gotSickText: autoDraw = False
14.1903 	EXP 	didntGetSickText: autoDraw = False
14.1903 	EXP 	restaurantText: text = u"Molina's Cantina"
14.1903 	EXP 	foodImg: image = u'foods/mexican_food1.png'
14.1903 	EXP 	sickHighlight: opacity = 0.0
14.1903 	EXP 	notsickHighlight: opacity = 0.0
14.1903 	EXP 	sickHighlight: text = u'_'
14.1903 	EXP 	notsickHighlight: text = u'_'
14.1903 	EXP 	correctText: opacity = 0.0
14.1903 	EXP 	wrongText: opacity = 0.0
14.1903 	EXP 	timeoutText: opacity = 0.0
14.1903 	EXP 	sickFeedback: opacity = 0.0
14.1903 	EXP 	notsickFeedback: opacity = 0.0
14.1903 	EXP 	correctText: text = u'CORRECT'
14.1903 	EXP 	wrongText: text = u'WRONG'
14.1903 	EXP 	timeoutText: text = u'TIMEOUT'
14.1903 	EXP 	fixationITIText: autoDraw = True
14.1903 	EXP 	sickHighlight: text = u'_'
14.1903 	EXP 	notsickHighlight: text = u'_'
14.1971 	EXP 	window1: recordFrameIntervals = False
15.1927 	EXP 	sickHighlight: text = u'_'
15.1927 	EXP 	notsickHighlight: text = u'_'
15.2146 	EXP 	trialInstrText: autoDraw = True
15.2146 	EXP 	restaurantText: autoDraw = True
15.2146 	EXP 	foodImg: autoDraw = True
15.2146 	EXP 	sickImg: autoDraw = True
15.2146 	EXP 	notsickImg: autoDraw = True
15.2146 	EXP 	fixationITIText: autoDraw = False
15.2146 	EXP 	sickHighlight: autoDraw = True
15.2146 	EXP 	notsickHighlight: autoDraw = True
15.2146 	EXP 	sickHighlight: text = u'_'
15.2146 	EXP 	notsickHighlight: text = u'_'
15.2417 	EXP 	sickHighlight: text = u'_'
15.2417 	EXP 	notsickHighlight: text = u'_'
15.2551 	EXP 	sickHighlight: text = u'_'
15.2551 	EXP 	notsickHighlight: text = u'_'
15.2739 	EXP 	sickHighlight: text = u'_'
15.2739 	EXP 	notsickHighlight: text = u'_'
15.2924 	EXP 	sickHighlight: text = u'_'
15.2924 	EXP 	notsickHighlight: text = u'_'
15.3046 	EXP 	sickHighlight: text = u'_'
15.3046 	EXP 	notsickHighlight: text = u'_'
15.3261 	EXP 	sickHighlight: text = u'_'
15.3261 	EXP 	notsickHighlight: text = u'_'
15.3470 	EXP 	sickHighlight: text = u'_'
15.3470 	EXP 	notsickHighlight: text = u'_'
15.3619 	EXP 	sickHighlight: text = u'_'
15.3619 	EXP 	notsickHighlight: text = u'_'
15.3803 	EXP 	sickHighlight: text = u'_'
15.3803 	EXP 	notsickHighlight: text = u'_'
15.3967 	EXP 	sickHighlight: text = u'_'
15.3967 	EXP 	notsickHighlight: text = u'_'
15.4107 	EXP 	sickHighlight: text = u'_'
15.4107 	EXP 	notsickHighlight: text = u'_'
15.4299 	EXP 	sickHighlight: text = u'_'
15.4299 	EXP 	notsickHighlight: text = u'_'
15.4445 	EXP 	sickHighlight: text = u'_'
15.4445 	EXP 	notsickHighlight: text = u'_'
15.4632 	EXP 	sickHighlight: text = u'_'
15.4632 	EXP 	notsickHighlight: text = u'_'
15.4804 	EXP 	sickHighlight: text = u'_'
15.4804 	EXP 	notsickHighlight: text = u'_'
15.5101 	EXP 	sickHighlight: text = u'_'
15.5101 	EXP 	notsickHighlight: text = u'_'
15.5108 	DATA 	Keypress: left
15.5302 	EXP 	sickHighlight: opacity = 1
15.5302 	EXP 	notsickHighlight: opacity = 0
15.5302 	EXP 	sickHighlight: text = u'_'
15.5302 	EXP 	notsickHighlight: text = u'_'
15.5582 	EXP 	sickHighlight: opacity = 1
15.5582 	EXP 	notsickHighlight: opacity = 0
15.5582 	EXP 	sickHighlight: text = u'_'
15.5582 	EXP 	notsickHighlight: text = u'_'
15.5719 	EXP 	sickHighlight: opacity = 1
15.5719 	EXP 	notsickHighlight: opacity = 0
15.5719 	EXP 	sickHighlight: text = u'_'
15.5719 	EXP 	notsickHighlight: text = u'_'
15.5932 	EXP 	sickHighlight: opacity = 1
15.5932 	EXP 	notsickHighlight: opacity = 0
15.5932 	EXP 	sickHighlight: text = u'_'
15.5932 	EXP 	notsickHighlight: text = u'_'
15.6136 	EXP 	sickHighlight: opacity = 1
15.6136 	EXP 	notsickHighlight: opacity = 0
15.6136 	EXP 	sickHighlight: text = u'_'
15.6136 	EXP 	notsickHighlight: text = u'_'
15.6301 	EXP 	sickHighlight: opacity = 1
15.6301 	EXP 	notsickHighlight: opacity = 0
15.6301 	EXP 	sickHighlight: text = u'_'
15.6301 	EXP 	notsickHighlight: text = u'_'
15.6468 	EXP 	sickHighlight: opacity = 1
15.6468 	EXP 	notsickHighlight: opacity = 0
15.6468 	EXP 	sickHighlight: text = u'_'
15.6468 	EXP 	notsickHighlight: text = u'_'
15.6633 	EXP 	sickHighlight: opacity = 1
15.6633 	EXP 	notsickHighlight: opacity = 0
15.6633 	EXP 	sickHighlight: text = u'_'
15.6633 	EXP 	notsickHighlight: text = u'_'
15.6775 	EXP 	sickHighlight: opacity = 1
15.6775 	EXP 	notsickHighlight: opacity = 0
15.6775 	EXP 	sickHighlight: text = u'_'
15.6775 	EXP 	notsickHighlight: text = u'_'
15.6967 	EXP 	sickHighlight: opacity = 1
15.6967 	EXP 	notsickHighlight: opacity = 0
15.6967 	EXP 	sickHighlight: text = u'_'
15.6967 	EXP 	notsickHighlight: text = u'_'
15.7111 	EXP 	sickHighlight: opacity = 1
15.7111 	EXP 	notsickHighlight: opacity = 0
15.7111 	EXP 	sickHighlight: text = u'_'
15.7111 	EXP 	notsickHighlight: text = u'_'
15.7303 	EXP 	sickHighlight: opacity = 1
15.7303 	EXP 	notsickHighlight: opacity = 0
15.7303 	EXP 	sickHighlight: text = u'_'
15.7303 	EXP 	notsickHighlight: text = u'_'
15.7445 	EXP 	sickHighlight: opacity = 1
15.7445 	EXP 	notsickHighlight: opacity = 0
15.7445 	EXP 	sickHighlight: text = u'_'
15.7445 	EXP 	notsickHighlight: text = u'_'
15.7636 	EXP 	sickHighlight: opacity = 1
15.7636 	EXP 	notsickHighlight: opacity = 0
15.7636 	EXP 	sickHighlight: text = u'_'
15.7636 	EXP 	notsickHighlight: text = u'_'
15.7935 	EXP 	sickHighlight: opacity = 1
15.7935 	EXP 	notsickHighlight: opacity = 0
15.7935 	EXP 	sickHighlight: text = u'_'
15.7935 	EXP 	notsickHighlight: text = u'_'
15.8136 	EXP 	sickHighlight: opacity = 1
15.8136 	EXP 	notsickHighlight: opacity = 0
15.8136 	EXP 	sickHighlight: text = u'_'
15.8136 	EXP 	notsickHighlight: text = u'_'
15.8279 	EXP 	sickHighlight: opacity = 1
15.8279 	EXP 	notsickHighlight: opacity = 0
15.8279 	EXP 	sickHighlight: text = u'_'
15.8279 	EXP 	notsickHighlight: text = u'_'
15.8469 	EXP 	sickHighlight: opacity = 1
15.8469 	EXP 	notsickHighlight: opacity = 0
15.8469 	EXP 	sickHighlight: text = u'_'
15.8469 	EXP 	notsickHighlight: text = u'_'
15.8768 	EXP 	sickHighlight: opacity = 1
15.8768 	EXP 	notsickHighlight: opacity = 0
15.8768 	EXP 	sickHighlight: text = u'_'
15.8768 	EXP 	notsickHighlight: text = u'_'
15.8970 	EXP 	sickHighlight: opacity = 1
15.8970 	EXP 	notsickHighlight: opacity = 0
15.8970 	EXP 	sickHighlight: text = u'_'
15.8970 	EXP 	notsickHighlight: text = u'_'
15.9269 	EXP 	sickHighlight: opacity = 1
15.9269 	EXP 	notsickHighlight: opacity = 0
15.9269 	EXP 	sickHighlight: text = u'_'
15.9269 	EXP 	notsickHighlight: text = u'_'
15.9470 	EXP 	sickHighlight: opacity = 1
15.9470 	EXP 	notsickHighlight: opacity = 0
15.9470 	EXP 	sickHighlight: text = u'_'
15.9470 	EXP 	notsickHighlight: text = u'_'
15.9635 	EXP 	sickHighlight: opacity = 1
15.9635 	EXP 	notsickHighlight: opacity = 0
15.9635 	EXP 	sickHighlight: text = u'_'
15.9635 	EXP 	notsickHighlight: text = u'_'
15.9934 	EXP 	sickHighlight: opacity = 1
15.9934 	EXP 	notsickHighlight: opacity = 0
15.9934 	EXP 	sickHighlight: text = u'_'
15.9934 	EXP 	notsickHighlight: text = u'_'
16.0133 	EXP 	sickHighlight: opacity = 1
16.0133 	EXP 	notsickHighlight: opacity = 0
16.0133 	EXP 	sickHighlight: text = u'_'
16.0133 	EXP 	notsickHighlight: text = u'_'
16.0274 	EXP 	sickHighlight: opacity = 1
16.0274 	EXP 	notsickHighlight: opacity = 0
16.0274 	EXP 	sickHighlight: text = u'_'
16.0274 	EXP 	notsickHighlight: text = u'_'
16.0470 	EXP 	sickHighlight: opacity = 1
16.0470 	EXP 	notsickHighlight: opacity = 0
16.0470 	EXP 	sickHighlight: text = u'_'
16.0470 	EXP 	notsickHighlight: text = u'_'
16.0768 	EXP 	sickHighlight: opacity = 1
16.0768 	EXP 	notsickHighlight: opacity = 0
16.0768 	EXP 	sickHighlight: text = u'_'
16.0768 	EXP 	notsickHighlight: text = u'_'
16.0970 	EXP 	sickHighlight: opacity = 1
16.0970 	EXP 	notsickHighlight: opacity = 0
16.0970 	EXP 	sickHighlight: text = u'_'
16.0970 	EXP 	notsickHighlight: text = u'_'
16.1111 	EXP 	sickHighlight: opacity = 1
16.1111 	EXP 	notsickHighlight: opacity = 0
16.1111 	EXP 	sickHighlight: text = u'_'
16.1111 	EXP 	notsickHighlight: text = u'_'
16.1300 	EXP 	sickHighlight: opacity = 1
16.1300 	EXP 	notsickHighlight: opacity = 0
16.1300 	EXP 	sickHighlight: text = u'_'
16.1300 	EXP 	notsickHighlight: text = u'_'
16.1598 	EXP 	sickHighlight: opacity = 1
16.1598 	EXP 	notsickHighlight: opacity = 0
16.1598 	EXP 	sickHighlight: text = u'_'
16.1598 	EXP 	notsickHighlight: text = u'_'
16.1936 	EXP 	sickHighlight: opacity = 1
16.1936 	EXP 	notsickHighlight: opacity = 0
16.1936 	EXP 	sickHighlight: text = u'_'
16.1936 	EXP 	notsickHighlight: text = u'_'
16.2136 	EXP 	sickHighlight: opacity = 1
16.2136 	EXP 	notsickHighlight: opacity = 0
16.2136 	EXP 	sickHighlight: text = u'_'
16.2136 	EXP 	notsickHighlight: text = u'_'
16.2275 	EXP 	sickHighlight: opacity = 1
16.2275 	EXP 	notsickHighlight: opacity = 0
16.2275 	EXP 	sickHighlight: text = u'_'
16.2275 	EXP 	notsickHighlight: text = u'_'
16.2468 	EXP 	sickHighlight: opacity = 1
16.2468 	EXP 	notsickHighlight: opacity = 0
16.2468 	EXP 	sickHighlight: text = u'_'
16.2468 	EXP 	notsickHighlight: text = u'_'
16.2634 	EXP 	sickHighlight: opacity = 1
16.2634 	EXP 	notsickHighlight: opacity = 0
16.2634 	EXP 	sickHighlight: text = u'_'
16.2634 	EXP 	notsickHighlight: text = u'_'
16.2930 	EXP 	sickHighlight: opacity = 1
16.2930 	EXP 	notsickHighlight: opacity = 0
16.2930 	EXP 	sickHighlight: text = u'_'
16.2930 	EXP 	notsickHighlight: text = u'_'
16.3135 	EXP 	sickHighlight: opacity = 1
16.3135 	EXP 	notsickHighlight: opacity = 0
16.3135 	EXP 	sickHighlight: text = u'_'
16.3135 	EXP 	notsickHighlight: text = u'_'
16.3225 	DATA 	Keypress: right
16.3280 	EXP 	sickHighlight: opacity = 1
16.3280 	EXP 	notsickHighlight: opacity = 0
16.3280 	EXP 	sickHighlight: text = u'_'
16.3280 	EXP 	notsickHighlight: text = u'_'
16.3466 	EXP 	sickHighlight: opacity = 0
16.3466 	EXP 	notsickHighlight: opacity = 1
16.3466 	EXP 	sickHighlight: text = u'_'
16.3466 	EXP 	notsickHighlight: text = u'_'
16.3615 	EXP 	sickHighlight: opacity = 0
16.3615 	EXP 	notsickHighlight: opacity = 1
16.3615 	EXP 	sickHighlight: text = u'_'
16.3615 	EXP 	notsickHighlight: text = u'_'
16.3803 	EXP 	sickHighlight: opacity = 0
16.3803 	EXP 	notsickHighlight: opacity = 1
16.3803 	EXP 	sickHighlight: text = u'_'
16.3803 	EXP 	notsickHighlight: text = u'_'
16.3942 	EXP 	sickHighlight: opacity = 0
16.3942 	EXP 	notsickHighlight: opacity = 1
16.3942 	EXP 	sickHighlight: text = u'_'
16.3942 	EXP 	notsickHighlight: text = u'_'
16.4136 	EXP 	sickHighlight: opacity = 0
16.4136 	EXP 	notsickHighlight: opacity = 1
16.4136 	EXP 	sickHighlight: text = u'_'
16.4136 	EXP 	notsickHighlight: text = u'_'
16.4281 	EXP 	sickHighlight: opacity = 0
16.4281 	EXP 	notsickHighlight: opacity = 1
16.4281 	EXP 	sickHighlight: text = u'_'
16.4281 	EXP 	notsickHighlight: text = u'_'
16.4471 	EXP 	sickHighlight: opacity = 0
16.4471 	EXP 	notsickHighlight: opacity = 1
16.4471 	EXP 	sickHighlight: text = u'_'
16.4471 	EXP 	notsickHighlight: text = u'_'
16.4607 	EXP 	sickHighlight: opacity = 0
16.4607 	EXP 	notsickHighlight: opacity = 1
16.4607 	EXP 	sickHighlight: text = u'_'
16.4607 	EXP 	notsickHighlight: text = u'_'
16.4804 	EXP 	sickHighlight: opacity = 0
16.4804 	EXP 	notsickHighlight: opacity = 1
16.4804 	EXP 	sickHighlight: text = u'_'
16.4804 	EXP 	notsickHighlight: text = u'_'
16.5100 	EXP 	sickHighlight: opacity = 0
16.5100 	EXP 	notsickHighlight: opacity = 1
16.5100 	EXP 	sickHighlight: text = u'_'
16.5100 	EXP 	notsickHighlight: text = u'_'
16.5233 	EXP 	sickHighlight: opacity = 0
16.5233 	EXP 	notsickHighlight: opacity = 1
16.5233 	EXP 	sickHighlight: text = u'_'
16.5233 	EXP 	notsickHighlight: text = u'_'
16.5439 	EXP 	sickHighlight: opacity = 0
16.5439 	EXP 	notsickHighlight: opacity = 1
16.5439 	EXP 	sickHighlight: text = u'_'
16.5439 	EXP 	notsickHighlight: text = u'_'
16.5567 	EXP 	sickHighlight: opacity = 0
16.5567 	EXP 	notsickHighlight: opacity = 1
16.5567 	EXP 	sickHighlight: text = u'_'
16.5567 	EXP 	notsickHighlight: text = u'_'
16.5774 	EXP 	sickHighlight: opacity = 0
16.5774 	EXP 	notsickHighlight: opacity = 1
16.5774 	EXP 	sickHighlight: text = u'_'
16.5774 	EXP 	notsickHighlight: text = u'_'
16.5970 	EXP 	sickHighlight: opacity = 0
16.5970 	EXP 	notsickHighlight: opacity = 1
16.5970 	EXP 	sickHighlight: text = u'_'
16.5970 	EXP 	notsickHighlight: text = u'_'
16.6118 	EXP 	sickHighlight: opacity = 0
16.6118 	EXP 	notsickHighlight: opacity = 1
16.6118 	EXP 	sickHighlight: text = u'_'
16.6118 	EXP 	notsickHighlight: text = u'_'
16.6303 	EXP 	sickHighlight: opacity = 0
16.6303 	EXP 	notsickHighlight: opacity = 1
16.6303 	EXP 	sickHighlight: text = u'_'
16.6303 	EXP 	notsickHighlight: text = u'_'
16.6470 	EXP 	sickHighlight: opacity = 0
16.6470 	EXP 	notsickHighlight: opacity = 1
16.6470 	EXP 	sickHighlight: text = u'_'
16.6470 	EXP 	notsickHighlight: text = u'_'
16.6609 	EXP 	sickHighlight: opacity = 0
16.6609 	EXP 	notsickHighlight: opacity = 1
16.6609 	EXP 	sickHighlight: text = u'_'
16.6609 	EXP 	notsickHighlight: text = u'_'
16.6804 	EXP 	sickHighlight: opacity = 0
16.6804 	EXP 	notsickHighlight: opacity = 1
16.6804 	EXP 	sickHighlight: text = u'_'
16.6804 	EXP 	notsickHighlight: text = u'_'
16.6950 	EXP 	sickHighlight: opacity = 0
16.6950 	EXP 	notsickHighlight: opacity = 1
16.6950 	EXP 	sickHighlight: text = u'_'
16.6950 	EXP 	notsickHighlight: text = u'_'
16.7136 	EXP 	sickHighlight: opacity = 0
16.7136 	EXP 	notsickHighlight: opacity = 1
16.7136 	EXP 	sickHighlight: text = u'_'
16.7136 	EXP 	notsickHighlight: text = u'_'
16.7435 	EXP 	sickHighlight: opacity = 0
16.7435 	EXP 	notsickHighlight: opacity = 1
16.7435 	EXP 	sickHighlight: text = u'_'
16.7435 	EXP 	notsickHighlight: text = u'_'
16.7567 	EXP 	sickHighlight: opacity = 0
16.7567 	EXP 	notsickHighlight: opacity = 1
16.7567 	EXP 	sickHighlight: text = u'_'
16.7567 	EXP 	notsickHighlight: text = u'_'
16.7773 	EXP 	sickHighlight: opacity = 0
16.7773 	EXP 	notsickHighlight: opacity = 1
16.7773 	EXP 	sickHighlight: text = u'_'
16.7773 	EXP 	notsickHighlight: text = u'_'
16.7900 	EXP 	sickHighlight: opacity = 0
16.7900 	EXP 	notsickHighlight: opacity = 1
16.7900 	EXP 	sickHighlight: text = u'_'
16.7900 	EXP 	notsickHighlight: text = u'_'
16.8104 	EXP 	sickHighlight: opacity = 0
16.8104 	EXP 	notsickHighlight: opacity = 1
16.8104 	EXP 	sickHighlight: text = u'_'
16.8104 	EXP 	notsickHighlight: text = u'_'
16.8235 	EXP 	sickHighlight: opacity = 0
16.8235 	EXP 	notsickHighlight: opacity = 1
16.8235 	EXP 	sickHighlight: text = u'_'
16.8235 	EXP 	notsickHighlight: text = u'_'
16.8433 	EXP 	sickHighlight: opacity = 0
16.8433 	EXP 	notsickHighlight: opacity = 1
16.8433 	EXP 	sickHighlight: text = u'_'
16.8433 	EXP 	notsickHighlight: text = u'_'
16.8572 	EXP 	sickHighlight: opacity = 0
16.8572 	EXP 	notsickHighlight: opacity = 1
16.8572 	EXP 	sickHighlight: text = u'_'
16.8572 	EXP 	notsickHighlight: text = u'_'
16.8768 	EXP 	sickHighlight: opacity = 0
16.8768 	EXP 	notsickHighlight: opacity = 1
16.8768 	EXP 	sickHighlight: text = u'_'
16.8768 	EXP 	notsickHighlight: text = u'_'
16.8901 	EXP 	sickHighlight: opacity = 0
16.8901 	EXP 	notsickHighlight: opacity = 1
16.8901 	EXP 	sickHighlight: text = u'_'
16.8901 	EXP 	notsickHighlight: text = u'_'
16.9106 	EXP 	sickHighlight: opacity = 0
16.9106 	EXP 	notsickHighlight: opacity = 1
16.9106 	EXP 	sickHighlight: text = u'_'
16.9106 	EXP 	notsickHighlight: text = u'_'
16.9305 	EXP 	sickHighlight: opacity = 0
16.9305 	EXP 	notsickHighlight: opacity = 1
16.9305 	EXP 	sickHighlight: text = u'_'
16.9305 	EXP 	notsickHighlight: text = u'_'
16.9447 	EXP 	sickHighlight: opacity = 0
16.9447 	EXP 	notsickHighlight: opacity = 1
16.9447 	EXP 	sickHighlight: text = u'_'
16.9447 	EXP 	notsickHighlight: text = u'_'
16.9634 	EXP 	sickHighlight: opacity = 0
16.9634 	EXP 	notsickHighlight: opacity = 1
16.9634 	EXP 	sickHighlight: text = u'_'
16.9634 	EXP 	notsickHighlight: text = u'_'
16.9829 	EXP 	sickHighlight: opacity = 0
16.9829 	EXP 	notsickHighlight: opacity = 1
16.9829 	EXP 	sickHighlight: text = u'_'
16.9829 	EXP 	notsickHighlight: text = u'_'
17.0104 	EXP 	sickHighlight: opacity = 0
17.0104 	EXP 	notsickHighlight: opacity = 1
17.0104 	EXP 	sickHighlight: text = u'_'
17.0104 	EXP 	notsickHighlight: text = u'_'
17.0304 	EXP 	sickHighlight: opacity = 0
17.0304 	EXP 	notsickHighlight: opacity = 1
17.0304 	EXP 	sickHighlight: text = u'_'
17.0304 	EXP 	notsickHighlight: text = u'_'
17.0472 	EXP 	sickHighlight: opacity = 0
17.0472 	EXP 	notsickHighlight: opacity = 1
17.0472 	EXP 	sickHighlight: text = u'_'
17.0472 	EXP 	notsickHighlight: text = u'_'
17.0775 	EXP 	sickHighlight: opacity = 0
17.0775 	EXP 	notsickHighlight: opacity = 1
17.0775 	EXP 	sickHighlight: text = u'_'
17.0775 	EXP 	notsickHighlight: text = u'_'
17.0969 	EXP 	sickHighlight: opacity = 0
17.0969 	EXP 	notsickHighlight: opacity = 1
17.0969 	EXP 	sickHighlight: text = u'_'
17.0969 	EXP 	notsickHighlight: text = u'_'
17.1108 	EXP 	sickHighlight: opacity = 0
17.1108 	EXP 	notsickHighlight: opacity = 1
17.1108 	EXP 	sickHighlight: text = u'_'
17.1108 	EXP 	notsickHighlight: text = u'_'
17.1304 	EXP 	sickHighlight: opacity = 0
17.1304 	EXP 	notsickHighlight: opacity = 1
17.1304 	EXP 	sickHighlight: text = u'_'
17.1304 	EXP 	notsickHighlight: text = u'_'
17.1613 	EXP 	sickHighlight: opacity = 0
17.1613 	EXP 	notsickHighlight: opacity = 1
17.1613 	EXP 	sickHighlight: text = u'_'
17.1613 	EXP 	notsickHighlight: text = u'_'
17.1734 	EXP 	sickHighlight: opacity = 0
17.1734 	EXP 	notsickHighlight: opacity = 1
17.1734 	EXP 	sickHighlight: text = u'_'
17.1734 	EXP 	notsickHighlight: text = u'_'
17.1937 	EXP 	sickHighlight: opacity = 0
17.1937 	EXP 	notsickHighlight: opacity = 1
17.1937 	EXP 	sickHighlight: text = u'_'
17.1937 	EXP 	notsickHighlight: text = u'_'
17.2137 	EXP 	sickHighlight: opacity = 0
17.2137 	EXP 	notsickHighlight: opacity = 1
17.2137 	EXP 	sickHighlight: text = u'_'
17.2137 	EXP 	notsickHighlight: text = u'_'
17.2280 	EXP 	sickHighlight: opacity = 0
17.2280 	EXP 	notsickHighlight: opacity = 1
17.2280 	EXP 	sickHighlight: text = u'_'
17.2280 	EXP 	notsickHighlight: text = u'_'
17.2470 	EXP 	sickHighlight: opacity = 0
17.2470 	EXP 	notsickHighlight: opacity = 1
17.2470 	EXP 	sickHighlight: text = u'_'
17.2470 	EXP 	notsickHighlight: text = u'_'
17.2636 	EXP 	sickHighlight: opacity = 0
17.2636 	EXP 	notsickHighlight: opacity = 1
17.2636 	EXP 	sickHighlight: text = u'_'
17.2636 	EXP 	notsickHighlight: text = u'_'
17.2803 	EXP 	sickHighlight: opacity = 0
17.2803 	EXP 	notsickHighlight: opacity = 1
17.2803 	EXP 	sickHighlight: text = u'_'
17.2803 	EXP 	notsickHighlight: text = u'_'
17.2970 	EXP 	sickHighlight: opacity = 0
17.2970 	EXP 	notsickHighlight: opacity = 1
17.2970 	EXP 	sickHighlight: text = u'_'
17.2970 	EXP 	notsickHighlight: text = u'_'
17.3138 	EXP 	sickHighlight: opacity = 0
17.3138 	EXP 	notsickHighlight: opacity = 1
17.3138 	EXP 	sickHighlight: text = u'_'
17.3138 	EXP 	notsickHighlight: text = u'_'
17.3277 	EXP 	sickHighlight: opacity = 0
17.3277 	EXP 	notsickHighlight: opacity = 1
17.3277 	EXP 	sickHighlight: text = u'_'
17.3277 	EXP 	notsickHighlight: text = u'_'
17.3469 	EXP 	sickHighlight: opacity = 0
17.3469 	EXP 	notsickHighlight: opacity = 1
17.3469 	EXP 	sickHighlight: text = u'_'
17.3469 	EXP 	notsickHighlight: text = u'_'
17.3780 	EXP 	sickHighlight: opacity = 0
17.3780 	EXP 	notsickHighlight: opacity = 1
17.3780 	EXP 	sickHighlight: text = u'_'
17.3780 	EXP 	notsickHighlight: text = u'_'
17.3971 	EXP 	sickHighlight: opacity = 0
17.3971 	EXP 	notsickHighlight: opacity = 1
17.3971 	EXP 	sickHighlight: text = u'_'
17.3971 	EXP 	notsickHighlight: text = u'_'
17.4110 	EXP 	sickHighlight: opacity = 0
17.4110 	EXP 	notsickHighlight: opacity = 1
17.4110 	EXP 	sickHighlight: text = u'_'
17.4110 	EXP 	notsickHighlight: text = u'_'
17.4304 	EXP 	sickHighlight: opacity = 0
17.4304 	EXP 	notsickHighlight: opacity = 1
17.4304 	EXP 	sickHighlight: text = u'_'
17.4304 	EXP 	notsickHighlight: text = u'_'
17.4444 	EXP 	sickHighlight: opacity = 0
17.4444 	EXP 	notsickHighlight: opacity = 1
17.4444 	EXP 	sickHighlight: text = u'_'
17.4444 	EXP 	notsickHighlight: text = u'_'
17.4640 	EXP 	sickHighlight: opacity = 0
17.4640 	EXP 	notsickHighlight: opacity = 1
17.4640 	EXP 	sickHighlight: text = u'_'
17.4640 	EXP 	notsickHighlight: text = u'_'
17.4939 	EXP 	sickHighlight: opacity = 0
17.4939 	EXP 	notsickHighlight: opacity = 1
17.4939 	EXP 	sickHighlight: text = u'_'
17.4939 	EXP 	notsickHighlight: text = u'_'
17.5137 	EXP 	sickHighlight: opacity = 0
17.5137 	EXP 	notsickHighlight: opacity = 1
17.5137 	EXP 	sickHighlight: text = u'_'
17.5137 	EXP 	notsickHighlight: text = u'_'
17.5283 	EXP 	sickHighlight: opacity = 0
17.5283 	EXP 	notsickHighlight: opacity = 1
17.5283 	EXP 	sickHighlight: text = u'_'
17.5283 	EXP 	notsickHighlight: text = u'_'
17.5471 	EXP 	sickHighlight: opacity = 0
17.5471 	EXP 	notsickHighlight: opacity = 1
17.5471 	EXP 	sickHighlight: text = u'_'
17.5471 	EXP 	notsickHighlight: text = u'_'
17.5637 	EXP 	sickHighlight: opacity = 0
17.5637 	EXP 	notsickHighlight: opacity = 1
17.5637 	EXP 	sickHighlight: text = u'_'
17.5637 	EXP 	notsickHighlight: text = u'_'
17.5807 	EXP 	sickHighlight: opacity = 0
17.5807 	EXP 	notsickHighlight: opacity = 1
17.5807 	EXP 	sickHighlight: text = u'_'
17.5807 	EXP 	notsickHighlight: text = u'_'
17.5947 	EXP 	sickHighlight: opacity = 0
17.5947 	EXP 	notsickHighlight: opacity = 1
17.5947 	EXP 	sickHighlight: text = u'_'
17.5947 	EXP 	notsickHighlight: text = u'_'
17.6137 	EXP 	sickHighlight: opacity = 0
17.6137 	EXP 	notsickHighlight: opacity = 1
17.6137 	EXP 	sickHighlight: text = u'_'
17.6137 	EXP 	notsickHighlight: text = u'_'
17.6305 	EXP 	sickHighlight: opacity = 0
17.6305 	EXP 	notsickHighlight: opacity = 1
17.6305 	EXP 	sickHighlight: text = u'_'
17.6305 	EXP 	notsickHighlight: text = u'_'
17.6607 	EXP 	sickHighlight: opacity = 0
17.6607 	EXP 	notsickHighlight: opacity = 1
17.6607 	EXP 	sickHighlight: text = u'_'
17.6607 	EXP 	notsickHighlight: text = u'_'
17.6738 	EXP 	sickHighlight: opacity = 0
17.6738 	EXP 	notsickHighlight: opacity = 1
17.6738 	EXP 	sickHighlight: text = u'_'
17.6738 	EXP 	notsickHighlight: text = u'_'
17.6946 	EXP 	sickHighlight: opacity = 0
17.6946 	EXP 	notsickHighlight: opacity = 1
17.6946 	EXP 	sickHighlight: text = u'_'
17.6946 	EXP 	notsickHighlight: text = u'_'
17.7137 	EXP 	sickHighlight: opacity = 0
17.7137 	EXP 	notsickHighlight: opacity = 1
17.7137 	EXP 	sickHighlight: text = u'_'
17.7137 	EXP 	notsickHighlight: text = u'_'
17.7301 	EXP 	sickHighlight: opacity = 0
17.7301 	EXP 	notsickHighlight: opacity = 1
17.7301 	EXP 	sickHighlight: text = u'_'
17.7301 	EXP 	notsickHighlight: text = u'_'
17.7470 	EXP 	sickHighlight: opacity = 0
17.7470 	EXP 	notsickHighlight: opacity = 1
17.7470 	EXP 	sickHighlight: text = u'_'
17.7470 	EXP 	notsickHighlight: text = u'_'
17.7636 	EXP 	sickHighlight: opacity = 0
17.7636 	EXP 	notsickHighlight: opacity = 1
17.7636 	EXP 	sickHighlight: text = u'_'
17.7636 	EXP 	notsickHighlight: text = u'_'
17.7802 	EXP 	sickHighlight: opacity = 0
17.7802 	EXP 	notsickHighlight: opacity = 1
17.7802 	EXP 	sickHighlight: text = u'_'
17.7802 	EXP 	notsickHighlight: text = u'_'
17.7971 	EXP 	sickHighlight: opacity = 0
17.7971 	EXP 	notsickHighlight: opacity = 1
17.7971 	EXP 	sickHighlight: text = u'_'
17.7971 	EXP 	notsickHighlight: text = u'_'
17.8135 	EXP 	sickHighlight: opacity = 0
17.8135 	EXP 	notsickHighlight: opacity = 1
17.8135 	EXP 	sickHighlight: text = u'_'
17.8135 	EXP 	notsickHighlight: text = u'_'
17.8301 	EXP 	sickHighlight: opacity = 0
17.8301 	EXP 	notsickHighlight: opacity = 1
17.8301 	EXP 	sickHighlight: text = u'_'
17.8301 	EXP 	notsickHighlight: text = u'_'
17.8472 	EXP 	sickHighlight: opacity = 0
17.8472 	EXP 	notsickHighlight: opacity = 1
17.8472 	EXP 	sickHighlight: text = u'_'
17.8472 	EXP 	notsickHighlight: text = u'_'
17.8638 	EXP 	sickHighlight: opacity = 0
17.8638 	EXP 	notsickHighlight: opacity = 1
17.8638 	EXP 	sickHighlight: text = u'_'
17.8638 	EXP 	notsickHighlight: text = u'_'
17.8804 	EXP 	sickHighlight: opacity = 0
17.8804 	EXP 	notsickHighlight: opacity = 1
17.8804 	EXP 	sickHighlight: text = u'_'
17.8804 	EXP 	notsickHighlight: text = u'_'
17.9110 	EXP 	sickHighlight: opacity = 0
17.9110 	EXP 	notsickHighlight: opacity = 1
17.9110 	EXP 	sickHighlight: text = u'_'
17.9110 	EXP 	notsickHighlight: text = u'_'
17.9243 	EXP 	sickHighlight: opacity = 0
17.9243 	EXP 	notsickHighlight: opacity = 1
17.9243 	EXP 	sickHighlight: text = u'_'
17.9243 	EXP 	notsickHighlight: text = u'_'
17.9446 	EXP 	sickHighlight: opacity = 0
17.9446 	EXP 	notsickHighlight: opacity = 1
17.9446 	EXP 	sickHighlight: text = u'_'
17.9446 	EXP 	notsickHighlight: text = u'_'
17.9577 	EXP 	sickHighlight: opacity = 0
17.9577 	EXP 	notsickHighlight: opacity = 1
17.9577 	EXP 	sickHighlight: text = u'_'
17.9577 	EXP 	notsickHighlight: text = u'_'
17.9777 	EXP 	sickHighlight: opacity = 0
17.9777 	EXP 	notsickHighlight: opacity = 1
17.9777 	EXP 	sickHighlight: text = u'_'
17.9777 	EXP 	notsickHighlight: text = u'_'
17.9912 	EXP 	sickHighlight: opacity = 0
17.9912 	EXP 	notsickHighlight: opacity = 1
17.9912 	EXP 	sickHighlight: text = u'_'
17.9912 	EXP 	notsickHighlight: text = u'_'
18.0115 	EXP 	sickHighlight: opacity = 0
18.0115 	EXP 	notsickHighlight: opacity = 1
18.0115 	EXP 	sickHighlight: text = u'_'
18.0115 	EXP 	notsickHighlight: text = u'_'
18.0306 	EXP 	sickHighlight: opacity = 0
18.0306 	EXP 	notsickHighlight: opacity = 1
18.0306 	EXP 	sickHighlight: text = u'_'
18.0306 	EXP 	notsickHighlight: text = u'_'
18.0618 	EXP 	sickHighlight: opacity = 0
18.0618 	EXP 	notsickHighlight: opacity = 1
18.0618 	EXP 	sickHighlight: text = u'_'
18.0618 	EXP 	notsickHighlight: text = u'_'
18.0806 	EXP 	sickHighlight: opacity = 0
18.0806 	EXP 	notsickHighlight: opacity = 1
18.0806 	EXP 	sickHighlight: text = u'_'
18.0806 	EXP 	notsickHighlight: text = u'_'
18.1115 	EXP 	sickHighlight: opacity = 0
18.1115 	EXP 	notsickHighlight: opacity = 1
18.1115 	EXP 	sickHighlight: text = u'_'
18.1115 	EXP 	notsickHighlight: text = u'_'
18.1306 	EXP 	sickHighlight: opacity = 0
18.1306 	EXP 	notsickHighlight: opacity = 1
18.1306 	EXP 	sickHighlight: text = u'_'
18.1306 	EXP 	notsickHighlight: text = u'_'
18.1451 	EXP 	sickHighlight: opacity = 0
18.1451 	EXP 	notsickHighlight: opacity = 1
18.1451 	EXP 	sickHighlight: text = u'_'
18.1451 	EXP 	notsickHighlight: text = u'_'
18.1638 	EXP 	trialInstrText: autoDraw = False
18.1638 	EXP 	restaurantText: autoDraw = False
18.1638 	EXP 	foodImg: autoDraw = False
18.1638 	EXP 	sickImg: autoDraw = False
18.1638 	EXP 	notsickImg: autoDraw = False
18.1638 	EXP 	sickHighlight: autoDraw = False
18.1638 	EXP 	notsickHighlight: autoDraw = False
18.1638 	EXP 	sickHighlight: opacity = 0
18.1638 	EXP 	notsickHighlight: opacity = 1
18.1638 	EXP 	sickHighlight: text = u'_'
18.1638 	EXP 	notsickHighlight: text = u'_'
18.1957 	EXP 	sickHighlight: opacity = 0
18.1957 	EXP 	notsickHighlight: opacity = 1
18.1957 	EXP 	sickHighlight: text = u'_'
18.1957 	EXP 	notsickHighlight: text = u'_'
18.1957 	EXP 	correctText: autoDraw = True
18.1957 	EXP 	wrongText: autoDraw = True
18.1957 	EXP 	timeoutText: autoDraw = True
18.1957 	EXP 	sickFeedback: autoDraw = True
18.1957 	EXP 	notsickFeedback: autoDraw = True
18.1957 	EXP 	gotSickText: autoDraw = True
18.1957 	EXP 	didntGetSickText: autoDraw = True
18.1957 	EXP 	correctText: opacity = 0.0
18.1957 	EXP 	wrongText: opacity = 1.0
18.1957 	EXP 	correctText: text = u'CORRECT'
18.1957 	EXP 	wrongText: text = u'WRONG'
18.1957 	EXP 	sickFeedback: opacity = 1.0
18.1957 	EXP 	notsickFeedback: opacity = 0.0
18.2143 	EXP 	sickHighlight: opacity = 0
18.2143 	EXP 	notsickHighlight: opacity = 1
18.2143 	EXP 	sickHighlight: text = u'_'
18.2143 	EXP 	notsickHighlight: text = u'_'
18.2311 	EXP 	sickHighlight: opacity = 0
18.2311 	EXP 	notsickHighlight: opacity = 1
18.2311 	EXP 	sickHighlight: text = u'_'
18.2311 	EXP 	notsickHighlight: text = u'_'
18.2616 	EXP 	sickHighlight: opacity = 0
18.2616 	EXP 	notsickHighlight: opacity = 1
18.2616 	EXP 	sickHighlight: text = u'_'
18.2616 	EXP 	notsickHighlight: text = u'_'
18.2807 	EXP 	sickHighlight: opacity = 0
18.2807 	EXP 	notsickHighlight: opacity = 1
18.2807 	EXP 	sickHighlight: text = u'_'
18.2807 	EXP 	notsickHighlight: text = u'_'
18.2949 	EXP 	sickHighlight: opacity = 0
18.2949 	EXP 	notsickHighlight: opacity = 1
18.2949 	EXP 	sickHighlight: text = u'_'
18.2949 	EXP 	notsickHighlight: text = u'_'
18.3141 	EXP 	sickHighlight: opacity = 0
18.3141 	EXP 	notsickHighlight: opacity = 1
18.3141 	EXP 	sickHighlight: text = u'_'
18.3141 	EXP 	notsickHighlight: text = u'_'
18.3279 	EXP 	sickHighlight: opacity = 0
18.3279 	EXP 	notsickHighlight: opacity = 1
18.3279 	EXP 	sickHighlight: text = u'_'
18.3279 	EXP 	notsickHighlight: text = u'_'
18.3475 	EXP 	sickHighlight: opacity = 0
18.3475 	EXP 	notsickHighlight: opacity = 1
18.3475 	EXP 	sickHighlight: text = u'_'
18.3475 	EXP 	notsickHighlight: text = u'_'
18.3613 	EXP 	sickHighlight: opacity = 0
18.3613 	EXP 	notsickHighlight: opacity = 1
18.3613 	EXP 	sickHighlight: text = u'_'
18.3613 	EXP 	notsickHighlight: text = u'_'
18.3808 	EXP 	sickHighlight: opacity = 0
18.3808 	EXP 	notsickHighlight: opacity = 1
18.3808 	EXP 	sickHighlight: text = u'_'
18.3808 	EXP 	notsickHighlight: text = u'_'
18.3945 	EXP 	sickHighlight: opacity = 0
18.3945 	EXP 	notsickHighlight: opacity = 1
18.3945 	EXP 	sickHighlight: text = u'_'
18.3945 	EXP 	notsickHighlight: text = u'_'
18.4143 	EXP 	sickHighlight: opacity = 0
18.4143 	EXP 	notsickHighlight: opacity = 1
18.4143 	EXP 	sickHighlight: text = u'_'
18.4143 	EXP 	notsickHighlight: text = u'_'
18.4320 	EXP 	sickHighlight: opacity = 0
18.4320 	EXP 	notsickHighlight: opacity = 1
18.4320 	EXP 	sickHighlight: text = u'_'
18.4320 	EXP 	notsickHighlight: text = u'_'
18.4451 	EXP 	sickHighlight: opacity = 0
18.4451 	EXP 	notsickHighlight: opacity = 1
18.4451 	EXP 	sickHighlight: text = u'_'
18.4451 	EXP 	notsickHighlight: text = u'_'
18.4644 	EXP 	sickHighlight: opacity = 0
18.4644 	EXP 	notsickHighlight: opacity = 1
18.4644 	EXP 	sickHighlight: text = u'_'
18.4644 	EXP 	notsickHighlight: text = u'_'
18.4959 	EXP 	sickHighlight: opacity = 0
18.4959 	EXP 	notsickHighlight: opacity = 1
18.4959 	EXP 	sickHighlight: text = u'_'
18.4959 	EXP 	notsickHighlight: text = u'_'
18.5142 	EXP 	sickHighlight: opacity = 0
18.5142 	EXP 	notsickHighlight: opacity = 1
18.5142 	EXP 	sickHighlight: text = u'_'
18.5142 	EXP 	notsickHighlight: text = u'_'
18.5306 	EXP 	sickHighlight: opacity = 0
18.5306 	EXP 	notsickHighlight: opacity = 1
18.5306 	EXP 	sickHighlight: text = u'_'
18.5306 	EXP 	notsickHighlight: text = u'_'
18.5474 	EXP 	sickHighlight: opacity = 0
18.5474 	EXP 	notsickHighlight: opacity = 1
18.5474 	EXP 	sickHighlight: text = u'_'
18.5474 	EXP 	notsickHighlight: text = u'_'
18.5642 	EXP 	sickHighlight: opacity = 0
18.5642 	EXP 	notsickHighlight: opacity = 1
18.5642 	EXP 	sickHighlight: text = u'_'
18.5642 	EXP 	notsickHighlight: text = u'_'
18.5962 	EXP 	sickHighlight: opacity = 0
18.5962 	EXP 	notsickHighlight: opacity = 1
18.5962 	EXP 	sickHighlight: text = u'_'
18.5962 	EXP 	notsickHighlight: text = u'_'
18.6142 	EXP 	sickHighlight: opacity = 0
18.6142 	EXP 	notsickHighlight: opacity = 1
18.6142 	EXP 	sickHighlight: text = u'_'
18.6142 	EXP 	notsickHighlight: text = u'_'
18.6278 	EXP 	sickHighlight: opacity = 0
18.6278 	EXP 	notsickHighlight: opacity = 1
18.6278 	EXP 	sickHighlight: text = u'_'
18.6278 	EXP 	notsickHighlight: text = u'_'
18.6475 	EXP 	sickHighlight: opacity = 0
18.6475 	EXP 	notsickHighlight: opacity = 1
18.6475 	EXP 	sickHighlight: text = u'_'
18.6475 	EXP 	notsickHighlight: text = u'_'
18.6615 	EXP 	sickHighlight: opacity = 0
18.6615 	EXP 	notsickHighlight: opacity = 1
18.6615 	EXP 	sickHighlight: text = u'_'
18.6615 	EXP 	notsickHighlight: text = u'_'
18.6810 	EXP 	sickHighlight: opacity = 0
18.6810 	EXP 	notsickHighlight: opacity = 1
18.6810 	EXP 	sickHighlight: text = u'_'
18.6810 	EXP 	notsickHighlight: text = u'_'
18.6989 	EXP 	sickHighlight: opacity = 0
18.6989 	EXP 	notsickHighlight: opacity = 1
18.6989 	EXP 	sickHighlight: text = u'_'
18.6989 	EXP 	notsickHighlight: text = u'_'
18.7295 	EXP 	sickHighlight: opacity = 0
18.7295 	EXP 	notsickHighlight: opacity = 1
18.7295 	EXP 	sickHighlight: text = u'_'
18.7295 	EXP 	notsickHighlight: text = u'_'
18.7478 	EXP 	sickHighlight: opacity = 0
18.7478 	EXP 	notsickHighlight: opacity = 1
18.7478 	EXP 	sickHighlight: text = u'_'
18.7478 	EXP 	notsickHighlight: text = u'_'
18.7643 	EXP 	sickHighlight: opacity = 0
18.7643 	EXP 	notsickHighlight: opacity = 1
18.7643 	EXP 	sickHighlight: text = u'_'
18.7643 	EXP 	notsickHighlight: text = u'_'
18.7785 	EXP 	sickHighlight: opacity = 0
18.7785 	EXP 	notsickHighlight: opacity = 1
18.7785 	EXP 	sickHighlight: text = u'_'
18.7785 	EXP 	notsickHighlight: text = u'_'
18.7974 	EXP 	sickHighlight: opacity = 0
18.7974 	EXP 	notsickHighlight: opacity = 1
18.7974 	EXP 	sickHighlight: text = u'_'
18.7974 	EXP 	notsickHighlight: text = u'_'
18.8144 	EXP 	sickHighlight: opacity = 0
18.8144 	EXP 	notsickHighlight: opacity = 1
18.8144 	EXP 	sickHighlight: text = u'_'
18.8144 	EXP 	notsickHighlight: text = u'_'
18.8280 	EXP 	sickHighlight: opacity = 0
18.8280 	EXP 	notsickHighlight: opacity = 1
18.8280 	EXP 	sickHighlight: text = u'_'
18.8280 	EXP 	notsickHighlight: text = u'_'
18.8476 	EXP 	sickHighlight: opacity = 0
18.8476 	EXP 	notsickHighlight: opacity = 1
18.8476 	EXP 	sickHighlight: text = u'_'
18.8476 	EXP 	notsickHighlight: text = u'_'
18.8619 	EXP 	sickHighlight: opacity = 0
18.8619 	EXP 	notsickHighlight: opacity = 1
18.8619 	EXP 	sickHighlight: text = u'_'
18.8619 	EXP 	notsickHighlight: text = u'_'
18.8810 	EXP 	sickHighlight: opacity = 0
18.8810 	EXP 	notsickHighlight: opacity = 1
18.8810 	EXP 	sickHighlight: text = u'_'
18.8810 	EXP 	notsickHighlight: text = u'_'
18.8946 	EXP 	sickHighlight: opacity = 0
18.8946 	EXP 	notsickHighlight: opacity = 1
18.8946 	EXP 	sickHighlight: text = u'_'
18.8946 	EXP 	notsickHighlight: text = u'_'
18.9142 	EXP 	sickHighlight: opacity = 0
18.9142 	EXP 	notsickHighlight: opacity = 1
18.9142 	EXP 	sickHighlight: text = u'_'
18.9142 	EXP 	notsickHighlight: text = u'_'
18.9465 	EXP 	sickHighlight: opacity = 0
18.9465 	EXP 	notsickHighlight: opacity = 1
18.9465 	EXP 	sickHighlight: text = u'_'
18.9465 	EXP 	notsickHighlight: text = u'_'
18.9643 	EXP 	sickHighlight: opacity = 0
18.9643 	EXP 	notsickHighlight: opacity = 1
18.9643 	EXP 	sickHighlight: text = u'_'
18.9643 	EXP 	notsickHighlight: text = u'_'
18.9816 	EXP 	sickHighlight: opacity = 0
18.9816 	EXP 	notsickHighlight: opacity = 1
18.9816 	EXP 	sickHighlight: text = u'_'
18.9816 	EXP 	notsickHighlight: text = u'_'
19.0132 	EXP 	sickHighlight: opacity = 0
19.0132 	EXP 	notsickHighlight: opacity = 1
19.0132 	EXP 	sickHighlight: text = u'_'
19.0132 	EXP 	notsickHighlight: text = u'_'
19.0309 	EXP 	sickHighlight: opacity = 0
19.0309 	EXP 	notsickHighlight: opacity = 1
19.0309 	EXP 	sickHighlight: text = u'_'
19.0309 	EXP 	notsickHighlight: text = u'_'
19.0474 	EXP 	sickHighlight: opacity = 0
19.0474 	EXP 	notsickHighlight: opacity = 1
19.0474 	EXP 	sickHighlight: text = u'_'
19.0474 	EXP 	notsickHighlight: text = u'_'
19.0646 	EXP 	sickHighlight: opacity = 0
19.0646 	EXP 	notsickHighlight: opacity = 1
19.0646 	EXP 	sickHighlight: text = u'_'
19.0646 	EXP 	notsickHighlight: text = u'_'
19.0785 	EXP 	sickHighlight: opacity = 0
19.0785 	EXP 	notsickHighlight: opacity = 1
19.0785 	EXP 	sickHighlight: text = u'_'
19.0785 	EXP 	notsickHighlight: text = u'_'
19.0978 	EXP 	sickHighlight: opacity = 0
19.0978 	EXP 	notsickHighlight: opacity = 1
19.0978 	EXP 	sickHighlight: text = u'_'
19.0978 	EXP 	notsickHighlight: text = u'_'
19.1115 	EXP 	sickHighlight: opacity = 0
19.1115 	EXP 	notsickHighlight: opacity = 1
19.1115 	EXP 	sickHighlight: text = u'_'
19.1115 	EXP 	notsickHighlight: text = u'_'
19.1312 	EXP 	sickHighlight: opacity = 0
19.1312 	EXP 	notsickHighlight: opacity = 1
19.1312 	EXP 	sickHighlight: text = u'_'
19.1312 	EXP 	notsickHighlight: text = u'_'
19.1451 	EXP 	sickHighlight: opacity = 0
19.1451 	EXP 	notsickHighlight: opacity = 1
19.1451 	EXP 	sickHighlight: text = u'_'
19.1451 	EXP 	notsickHighlight: text = u'_'
19.1645 	EXP 	sickHighlight: opacity = 0
19.1645 	EXP 	notsickHighlight: opacity = 1
19.1645 	EXP 	sickHighlight: text = u'_'
19.1645 	EXP 	notsickHighlight: text = u'_'
19.1645 	EXP 	correctText: autoDraw = False
19.1645 	EXP 	wrongText: autoDraw = False
19.1645 	EXP 	timeoutText: autoDraw = False
19.1645 	EXP 	sickFeedback: autoDraw = False
19.1645 	EXP 	notsickFeedback: autoDraw = False
19.1645 	EXP 	gotSickText: autoDraw = False
19.1645 	EXP 	didntGetSickText: autoDraw = False
19.1709 	EXP 	window1: recordFrameIntervals = False
19.1814 	EXP 	fixationJitterText: autoDraw = True
19.1814 	EXP 	sickHighlight: opacity = 0
19.1814 	EXP 	notsickHighlight: opacity = 1
19.1814 	EXP 	sickHighlight: text = u'_'
19.1814 	EXP 	notsickHighlight: text = u'_'
19.1868 	EXP 	window1: recordFrameIntervals = False
19.6971 	EXP 	sickHighlight: opacity = 0
19.6971 	EXP 	notsickHighlight: opacity = 1
19.6971 	EXP 	sickHighlight: text = u'_'
19.6971 	EXP 	notsickHighlight: text = u'_'
19.6983 	EXP 	New trial (rep=0, index=3): {u'food': u'mexican_food1', u'corrAns': u'left', u'sick': u'Yes', u'restaurant': u'Restaurante Arroyo'}
19.7253 	EXP 	window1: recordFrameIntervals = False
19.7472 	EXP 	trialInstrText: autoDraw = False
19.7472 	EXP 	restaurantText: autoDraw = False
19.7472 	EXP 	foodImg: autoDraw = False
19.7472 	EXP 	fixationJitterText: autoDraw = False
19.7472 	EXP 	sickImg: autoDraw = False
19.7472 	EXP 	notsickImg: autoDraw = False
19.7472 	EXP 	fixationITIText: autoDraw = False
19.7472 	EXP 	sickHighlight: autoDraw = False
19.7472 	EXP 	notsickHighlight: autoDraw = False
19.7472 	EXP 	correctText: autoDraw = False
19.7472 	EXP 	wrongText: autoDraw = False
19.7472 	EXP 	timeoutText: autoDraw = False
19.7472 	EXP 	sickFeedback: autoDraw = False
19.7472 	EXP 	notsickFeedback: autoDraw = False
19.7472 	EXP 	gotSickText: autoDraw = False
19.7472 	EXP 	didntGetSickText: autoDraw = False
19.7472 	EXP 	restaurantText: text = u'Restaurante Arroyo'
19.7472 	EXP 	foodImg: image = u'foods/mexican_food1.png'
19.7472 	EXP 	sickHighlight: opacity = 0.0
19.7472 	EXP 	notsickHighlight: opacity = 0.0
19.7472 	EXP 	sickHighlight: text = u'_'
19.7472 	EXP 	notsickHighlight: text = u'_'
19.7472 	EXP 	correctText: opacity = 0.0
19.7472 	EXP 	wrongText: opacity = 0.0
19.7472 	EXP 	timeoutText: opacity = 0.0
19.7472 	EXP 	sickFeedback: opacity = 0.0
19.7472 	EXP 	notsickFeedback: opacity = 0.0
19.7472 	EXP 	correctText: text = u'CORRECT'
19.7472 	EXP 	wrongText: text = u'WRONG'
19.7472 	EXP 	timeoutText: text = u'TIMEOUT'
19.7472 	EXP 	fixationITIText: autoDraw = True
19.7472 	EXP 	sickHighlight: text = u'_'
19.7472 	EXP 	notsickHighlight: text = u'_'
19.7540 	EXP 	window1: recordFrameIntervals = False
20.5315 	DATA 	Keypress: escape
