0.3196 	WARNING 	Movie2 stim could not be imported and won't be available
0.5623 	WARNING 	TextBox stim could not be imported and won't be available.
0.5624 	WARNING 	TextBox Font Manager Found No Fonts.
2.2689 	EXP 	Created window1 = Window(allowGUI=False, allowStencil=False, autoLog=True, bitsMode=UNKNOWN, blendMode='avg', color=array([ 0.,  0.,  0.]), colorSpace='rgb', fullscr=UNKNOWN, gamma=None, lms=UNKNOWN, monitor=<psychopy.monitors.calibTools.Monitor instance at 0xefdc760>, name='window1', pos=[0, 0], screen=0, size=array([1440,  900]), stereo=False, units=u'norm', useFBO=True, viewOri=0.0, viewPos=None, viewScale=None, waitBlanking=True, winType='pyglet')
2.2689 	EXP 	window1: recordFrameIntervals = False
2.4342 	EXP 	window1: recordFrameIntervals = True
2.6177 	EXP 	window1: recordFrameIntervals = False
2.6890 	EXP 	Created trialInstrText = TextStim(alignHoriz='center', alignVert='center', antialias=True, autoLog=True, bold=False, color=u'black', colorSpace='named', contrast=1.0, depth=-1.0, flipHoriz=False, flipVert=False, font=u'Arial', fontFiles=[], height=0.1, italic=False, name='trialInstrText', opacity=1.0, ori=0, pos=array([ 0. ,  0.8]), rgb=array([ 0.,  0.,  0.]), text=unicode(...), units=u'norm', win=Window(...), wrapWidth=20)
2.6958 	EXP 	Created restaurantText = TextStim(alignHoriz='center', alignVert='center', antialias=True, autoLog=True, bold=False, color=u'blue', colorSpace='named', contrast=1.0, depth=-2.0, flipHoriz=False, flipVert=False, font=u'Arial', fontFiles=[], height=0.1, italic=False, name='restaurantText', opacity=1.0, ori=0, pos=array([ 0.  ,  0.35]), rgb=array([   0.,    0.,  255.]), text=u'default text', units=u'norm', win=Window(...), wrapWidth=1)
2.6988 	EXP 	Created foodImg = ImageStim(autoLog=True, color=array([ 1.,  1.,  1.]), colorSpace='rgb', contrast=1.0, depth=-3.0, flipHoriz=False, flipVert=False, image='sin', interpolate=True, mask=None, maskParams=None, name='foodImg', opacity=1.0, ori=0.0, pos=array([ 0.,  0.]), size=array([ 0.5,  0.5]), texRes=128, units=u'norm', win=Window(...))
2.7046 	EXP 	Created fixationtext = TextStim(alignHoriz='center', alignVert='center', antialias=True, autoLog=True, bold=False, color=u'black', colorSpace='named', contrast=1.0, depth=-4.0, flipHoriz=False, flipVert=False, font=u'Arial', fontFiles=[], height=0.1, italic=False, name='fixationtext', opacity=1.0, ori=0, pos=array([ 0.,  0.]), rgb=array([ 0.,  0.,  0.]), text=u'+', units=u'norm', win=Window(...), wrapWidth=1)
2.7092 	EXP 	Created sickImg = ImageStim(autoLog=True, color=array([ 1.,  1.,  1.]), colorSpace='rgb', contrast=1.0, depth=-6.0, flipHoriz=False, flipVert=False, image=u'images/sick.png', interpolate=True, mask=None, maskParams=None, name='sickImg', opacity=1.0, ori=0.0, pos=array([-0.5, -0.6]), size=array([ 0.3 ,  0.45]), texRes=128, units=u'norm', win=Window(...))
2.7118 	EXP 	Created notsickImg = ImageStim(autoLog=True, color=array([ 1.,  1.,  1.]), colorSpace='rgb', contrast=1.0, depth=-7.0, flipHoriz=False, flipVert=False, image=u'images/smiley.png', interpolate=True, mask=None, maskParams=None, name='notsickImg', opacity=1.0, ori=0.0, pos=array([ 0.5, -0.6]), size=array([ 0.3 ,  0.45]), texRes=128, units=u'norm', win=Window(...))
2.7178 	EXP 	Imported irrelevant.xlsx as conditions, 4 conditions, 4 params
2.7180 	EXP 	Created sequence: random, trialTypes=4, nReps=1, seed=None
2.7185 	EXP 	New trial (rep=0, index=0): {u'food': u'mexican_food1', u'corrAns': u'left', u'sick': u'Yes', u'restaurant': u"Molina's Cantina"}
2.7322 	EXP 	window1: recordFrameIntervals = False
2.7511 	EXP 	restaurantText: text = u"Molina's Cantina"
2.7511 	EXP 	foodImg: image = u'foods/mexican_food1.png'
2.7511 	EXP 	trialInstrText: autoDraw = True
2.7511 	EXP 	restaurantText: autoDraw = True
2.7511 	EXP 	foodImg: autoDraw = True
2.7511 	EXP 	sickImg: autoDraw = True
2.7511 	EXP 	notsickImg: autoDraw = True
2.7514 	EXP 	window1: recordFrameIntervals = False
5.5349 	DATA 	Keypress: 5
5.5358 	DATA 	Keypress: 6
5.5362 	DATA 	Keypress: 6
5.5365 	DATA 	Keypress: 6
5.5368 	DATA 	Keypress: 5
5.5372 	DATA 	Keypress: 5
5.5374 	DATA 	Keypress: 6
5.5377 	DATA 	Keypress: 5
5.5379 	DATA 	Keypress: 6
5.5383 	DATA 	Keypress: 5
5.5385 	DATA 	Keypress: 6
5.7510 	EXP 	window1: recordFrameIntervals = False
5.7670 	EXP 	trialInstrText: autoDraw = False
5.7670 	EXP 	restaurantText: autoDraw = False
5.7670 	EXP 	foodImg: autoDraw = False
5.7670 	EXP 	fixationtext: autoDraw = True
5.7670 	EXP 	sickImg: autoDraw = False
5.7670 	EXP 	notsickImg: autoDraw = False
5.7671 	EXP 	window1: recordFrameIntervals = False
6.0686 	DATA 	Keypress: 5
6.1405 	DATA 	Keypress: 6
6.2693 	EXP 	New trial (rep=0, index=1): {u'food': u'mexican_food1', u'corrAns': u'left', u'sick': u'Yes', u'restaurant': u'Restaurante Arroyo'}
6.2833 	EXP 	window1: recordFrameIntervals = False
6.3013 	EXP 	trialInstrText: autoDraw = False
6.3013 	EXP 	restaurantText: autoDraw = False
6.3013 	EXP 	foodImg: autoDraw = False
6.3013 	EXP 	fixationtext: autoDraw = False
6.3013 	EXP 	sickImg: autoDraw = False
6.3013 	EXP 	notsickImg: autoDraw = False
6.3013 	EXP 	restaurantText: text = u'Restaurante Arroyo'
6.3013 	EXP 	foodImg: image = u'foods/mexican_food1.png'
6.3013 	EXP 	trialInstrText: autoDraw = True
6.3013 	EXP 	restaurantText: autoDraw = True
6.3013 	EXP 	foodImg: autoDraw = True
6.3013 	EXP 	sickImg: autoDraw = True
6.3013 	EXP 	notsickImg: autoDraw = True
6.3018 	DATA 	Keypress: 5
6.3021 	EXP 	window1: recordFrameIntervals = False
9.0884 	DATA 	Keypress: 6
9.0891 	DATA 	Keypress: 5
9.0897 	DATA 	Keypress: escape
9.0901 	DATA 	Keypress: escape
9.0906 	DATA 	Keypress: grave
9.0909 	DATA 	Keypress: escape
9.0913 	DATA 	Keypress: escape
9.0917 	DATA 	Keypress: escape
9.0920 	DATA 	Keypress: escape
9.0924 	DATA 	Keypress: escape
9.0927 	DATA 	Keypress: escape
9.0930 	DATA 	Keypress: escape
9.0934 	DATA 	Keypress: escape
9.0937 	DATA 	Keypress: escape
9.0940 	DATA 	Keypress: escape
9.0943 	DATA 	Keypress: escape
9.0947 	DATA 	Keypress: escape
9.0950 	DATA 	Keypress: escape
9.2444 	DATA 	Keypress: escape
9.2879 	EXP 	New trial (rep=0, index=2): {u'food': u'mexican_food2', u'corrAns': u'right', u'sick': u'No', u'restaurant': u"Molina's Cantina"}
9.2963 	EXP 	window1: recordFrameIntervals = False
9.3027 	EXP 	trialInstrText: autoDraw = False
9.3027 	EXP 	restaurantText: autoDraw = False
9.3027 	EXP 	foodImg: autoDraw = False
9.3027 	EXP 	fixationtext: autoDraw = False
9.3027 	EXP 	sickImg: autoDraw = False
9.3027 	EXP 	notsickImg: autoDraw = False
9.3027 	EXP 	restaurantText: text = u"Molina's Cantina"
9.3027 	EXP 	foodImg: image = u'foods/mexican_food2.png'
9.3027 	EXP 	trialInstrText: autoDraw = True
9.3027 	EXP 	restaurantText: autoDraw = True
9.3027 	EXP 	foodImg: autoDraw = True
9.3027 	EXP 	sickImg: autoDraw = True
9.3027 	EXP 	notsickImg: autoDraw = True
9.3029 	EXP 	window1: recordFrameIntervals = False
12.1010 	DATA 	Keypress: escape
12.1015 	DATA 	Keypress: escape
12.1020 	DATA 	Keypress: escape
12.1023 	DATA 	Keypress: escape
12.1027 	DATA 	Keypress: escape
12.1032 	DATA 	Keypress: escape
12.1036 	DATA 	Keypress: escape
12.1039 	DATA 	Keypress: escape
12.1043 	DATA 	Keypress: escape
12.1046 	DATA 	Keypress: escape
12.1050 	DATA 	Keypress: escape
12.1054 	DATA 	Keypress: escape
12.1057 	DATA 	Keypress: escape
12.2362 	DATA 	Keypress: escape
0.3411 	WARNING 	Movie2 stim could not be imported and won't be available
0.5958 	WARNING 	TextBox stim could not be imported and won't be available.
0.5958 	WARNING 	TextBox Font Manager Found No Fonts.
2.4382 	EXP 	Created window1 = Window(allowGUI=False, allowStencil=False, autoLog=True, bitsMode=UNKNOWN, blendMode='avg', color=array([ 0.,  0.,  0.]), colorSpace='rgb', fullscr=UNKNOWN, gamma=None, lms=UNKNOWN, monitor=<psychopy.monitors.calibTools.Monitor instance at 0xf0c9738>, name='window1', pos=[0, 0], screen=0, size=array([1440,  900]), stereo=False, units=u'norm', useFBO=True, viewOri=0.0, viewPos=None, viewScale=None, waitBlanking=True, winType='pyglet')
2.4382 	EXP 	window1: recordFrameIntervals = False
2.6052 	EXP 	window1: recordFrameIntervals = True
2.7878 	EXP 	window1: recordFrameIntervals = False
2.8601 	EXP 	Created trialInstrText = TextStim(alignHoriz='center', alignVert='center', antialias=True, autoLog=True, bold=False, color=u'black', colorSpace='named', contrast=1.0, depth=-1.0, flipHoriz=False, flipVert=False, font=u'Arial', fontFiles=[], height=0.1, italic=False, name='trialInstrText', opacity=1.0, ori=0, pos=array([ 0. ,  0.8]), rgb=array([ 0.,  0.,  0.]), text=unicode(...), units=u'norm', win=Window(...), wrapWidth=20)
2.8668 	EXP 	Created restaurantText = TextStim(alignHoriz='center', alignVert='center', antialias=True, autoLog=True, bold=False, color=u'blue', colorSpace='named', contrast=1.0, depth=-2.0, flipHoriz=False, flipVert=False, font=u'Arial', fontFiles=[], height=0.1, italic=False, name='restaurantText', opacity=1.0, ori=0, pos=array([ 0.  ,  0.35]), rgb=array([   0.,    0.,  255.]), text=u'default text', units=u'norm', win=Window(...), wrapWidth=1)
2.8698 	EXP 	Created foodImg = ImageStim(autoLog=True, color=array([ 1.,  1.,  1.]), colorSpace='rgb', contrast=1.0, depth=-3.0, flipHoriz=False, flipVert=False, image='sin', interpolate=True, mask=None, maskParams=None, name='foodImg', opacity=1.0, ori=0.0, pos=array([ 0.,  0.]), size=array([ 0.5,  0.5]), texRes=128, units=u'norm', win=Window(...))
2.8755 	EXP 	Created fixationtext = TextStim(alignHoriz='center', alignVert='center', antialias=True, autoLog=True, bold=False, color=u'black', colorSpace='named', contrast=1.0, depth=-4.0, flipHoriz=False, flipVert=False, font=u'Arial', fontFiles=[], height=0.1, italic=False, name='fixationtext', opacity=1.0, ori=0, pos=array([ 0.,  0.]), rgb=array([ 0.,  0.,  0.]), text=u'+', units=u'norm', win=Window(...), wrapWidth=1)
2.8802 	EXP 	Created sickImg = ImageStim(autoLog=True, color=array([ 1.,  1.,  1.]), colorSpace='rgb', contrast=1.0, depth=-6.0, flipHoriz=False, flipVert=False, image=u'images/sick.png', interpolate=True, mask=None, maskParams=None, name='sickImg', opacity=1.0, ori=0.0, pos=array([-0.5, -0.6]), size=array([ 0.3 ,  0.45]), texRes=128, units=u'norm', win=Window(...))
2.8827 	EXP 	Created notsickImg = ImageStim(autoLog=True, color=array([ 1.,  1.,  1.]), colorSpace='rgb', contrast=1.0, depth=-7.0, flipHoriz=False, flipVert=False, image=u'images/smiley.png', interpolate=True, mask=None, maskParams=None, name='notsickImg', opacity=1.0, ori=0.0, pos=array([ 0.5, -0.6]), size=array([ 0.3 ,  0.45]), texRes=128, units=u'norm', win=Window(...))
2.8887 	EXP 	Imported irrelevant.xlsx as conditions, 4 conditions, 4 params
2.8890 	EXP 	Created sequence: random, trialTypes=4, nReps=1, seed=None
2.8894 	EXP 	New trial (rep=0, index=0): {u'food': u'mexican_food1', u'corrAns': u'left', u'sick': u'Yes', u'restaurant': u'Restaurante Arroyo'}
2.9031 	EXP 	window1: recordFrameIntervals = False
2.9212 	EXP 	restaurantText: text = u'Restaurante Arroyo'
2.9212 	EXP 	foodImg: image = u'foods/mexican_food1.png'
2.9212 	EXP 	trialInstrText: autoDraw = True
2.9212 	EXP 	restaurantText: autoDraw = True
2.9212 	EXP 	foodImg: autoDraw = True
2.9212 	EXP 	sickImg: autoDraw = True
2.9212 	EXP 	notsickImg: autoDraw = True
2.9214 	EXP 	window1: recordFrameIntervals = False
5.7051 	DATA 	Keypress: 5
5.7061 	DATA 	Keypress: 6
5.7064 	DATA 	Keypress: 5
5.7066 	DATA 	Keypress: 6
5.7070 	DATA 	Keypress: 5
5.7072 	DATA 	Keypress: 6
5.7077 	DATA 	Keypress: 5
5.7080 	DATA 	Keypress: 6
5.7085 	DATA 	Keypress: 5
5.7087 	DATA 	Keypress: 6
5.7091 	DATA 	Keypress: 5
5.7093 	DATA 	Keypress: 6
5.7097 	DATA 	Keypress: 5
5.7099 	DATA 	Keypress: 6
5.7105 	DATA 	Keypress: 5
5.7107 	DATA 	Keypress: 6
5.7111 	DATA 	Keypress: 5
5.7113 	DATA 	Keypress: 6
5.8997 	DATA 	Keypress: 5
5.9205 	EXP 	window1: recordFrameIntervals = False
5.9370 	EXP 	trialInstrText: autoDraw = False
5.9370 	EXP 	restaurantText: autoDraw = False
5.9370 	EXP 	foodImg: autoDraw = False
5.9370 	EXP 	fixationtext: autoDraw = True
5.9370 	EXP 	sickImg: autoDraw = False
5.9370 	EXP 	notsickImg: autoDraw = False
5.9371 	EXP 	window1: recordFrameIntervals = False
6.2243 	DATA 	Keypress: 6
6.4389 	EXP 	New trial (rep=0, index=1): {u'food': u'mexican_food2', u'corrAns': u'right', u'sick': u'No', u'restaurant': u"Molina's Cantina"}
6.4501 	EXP 	window1: recordFrameIntervals = False
6.4506 	EXP 	New trial (rep=0, index=2): {u'food': u'mexican_food2', u'corrAns': u'right', u'sick': u'No', u'restaurant': u'Restaurante Arroyo'}
6.4612 	EXP 	window1: recordFrameIntervals = False
6.4729 	EXP 	trialInstrText: autoDraw = False
6.4729 	EXP 	restaurantText: autoDraw = False
6.4729 	EXP 	foodImg: autoDraw = False
6.4729 	EXP 	fixationtext: autoDraw = False
6.4729 	EXP 	sickImg: autoDraw = False
6.4729 	EXP 	notsickImg: autoDraw = False
6.4729 	EXP 	restaurantText: text = u"Molina's Cantina"
6.4729 	EXP 	foodImg: image = u'foods/mexican_food2.png'
6.4729 	EXP 	trialInstrText: autoDraw = True
6.4729 	EXP 	restaurantText: autoDraw = True
6.4729 	EXP 	foodImg: autoDraw = True
6.4729 	EXP 	sickImg: autoDraw = True
6.4729 	EXP 	notsickImg: autoDraw = True
6.4729 	EXP 	trialInstrText: autoDraw = False
6.4729 	EXP 	restaurantText: autoDraw = False
6.4729 	EXP 	foodImg: autoDraw = False
6.4729 	EXP 	fixationtext: autoDraw = False
6.4729 	EXP 	sickImg: autoDraw = False
6.4729 	EXP 	notsickImg: autoDraw = False
6.4729 	EXP 	restaurantText: text = u'Restaurante Arroyo'
6.4729 	EXP 	foodImg: image = u'foods/mexican_food2.png'
6.4729 	EXP 	trialInstrText: autoDraw = True
6.4729 	EXP 	restaurantText: autoDraw = True
6.4729 	EXP 	foodImg: autoDraw = True
6.4729 	EXP 	sickImg: autoDraw = True
6.4729 	EXP 	notsickImg: autoDraw = True
6.4732 	EXP 	window1: recordFrameIntervals = False
9.2672 	DATA 	Keypress: 5
9.2675 	DATA 	Keypress: 6
9.2681 	DATA 	Keypress: 5
9.2684 	DATA 	Keypress: 6
9.2690 	DATA 	Keypress: 5
9.2693 	DATA 	Keypress: 6
9.2698 	DATA 	Keypress: 5
9.2701 	DATA 	Keypress: 6
9.2705 	DATA 	Keypress: 5
9.2708 	DATA 	Keypress: 6
9.2712 	DATA 	Keypress: 5
9.2714 	DATA 	Keypress: 6
9.2719 	DATA 	Keypress: 5
9.2721 	DATA 	Keypress: 6
9.2725 	DATA 	Keypress: 5
9.2727 	DATA 	Keypress: 6
9.2732 	DATA 	Keypress: 5
9.2734 	DATA 	Keypress: 6
9.4788 	EXP 	window1: recordFrameIntervals = False
9.4877 	EXP 	trialInstrText: autoDraw = False
9.4877 	EXP 	restaurantText: autoDraw = False
9.4877 	EXP 	foodImg: autoDraw = False
9.4877 	EXP 	fixationtext: autoDraw = True
9.4877 	EXP 	sickImg: autoDraw = False
9.4877 	EXP 	notsickImg: autoDraw = False
9.4878 	EXP 	window1: recordFrameIntervals = False
9.9959 	EXP 	New trial (rep=0, index=3): {u'food': u'mexican_food1', u'corrAns': u'left', u'sick': u'Yes', u'restaurant': u"Molina's Cantina"}
10.0111 	EXP 	window1: recordFrameIntervals = False
