0.3200 	WARNING 	Movie2 stim could not be imported and won't be available
0.5642 	WARNING 	TextBox stim could not be imported and won't be available.
0.5642 	WARNING 	TextBox Font Manager Found No Fonts.
2.4109 	EXP 	Created window1 = Window(allowGUI=False, allowStencil=False, autoLog=True, bitsMode=UNKNOWN, blendMode='avg', color=array([ 0.,  0.,  0.]), colorSpace='rgb', fullscr=UNKNOWN, gamma=None, lms=UNKNOWN, monitor=<psychopy.monitors.calibTools.Monitor instance at 0xefe17b0>, name='window1', pos=[0, 0], screen=0, size=array([1440,  900]), stereo=False, units=u'norm', useFBO=True, viewOri=0.0, viewPos=None, viewScale=None, waitBlanking=True, winType='pyglet')
2.4109 	EXP 	window1: recordFrameIntervals = False
2.5767 	EXP 	window1: recordFrameIntervals = True
2.7602 	EXP 	window1: recordFrameIntervals = False
2.8278 	EXP 	Created trialInstrText = TextStim(alignHoriz='center', alignVert='center', antialias=True, autoLog=True, bold=False, color=u'black', colorSpace='named', contrast=1.0, depth=-1.0, flipHoriz=False, flipVert=False, font=u'Arial', fontFiles=[], height=0.1, italic=False, name='trialInstrText', opacity=1.0, ori=0, pos=array([ 0. ,  0.8]), rgb=array([ 0.,  0.,  0.]), text=unicode(...), units=u'norm', win=Window(...), wrapWidth=20)
2.8345 	EXP 	Created restaurantText = TextStim(alignHoriz='center', alignVert='center', antialias=True, autoLog=True, bold=False, color=u'blue', colorSpace='named', contrast=1.0, depth=-2.0, flipHoriz=False, flipVert=False, font=u'Arial', fontFiles=[], height=0.1, italic=False, name='restaurantText', opacity=1.0, ori=0, pos=array([ 0.  ,  0.35]), rgb=array([   0.,    0.,  255.]), text=u'default text', units=u'norm', win=Window(...), wrapWidth=1)
2.8374 	EXP 	Created foodImg = ImageStim(autoLog=True, color=array([ 1.,  1.,  1.]), colorSpace='rgb', contrast=1.0, depth=-3.0, flipHoriz=False, flipVert=False, image='sin', interpolate=True, mask=None, maskParams=None, name='foodImg', opacity=1.0, ori=0.0, pos=array([ 0.,  0.]), size=array([ 0.5,  0.5]), texRes=128, units=u'norm', win=Window(...))
2.8431 	EXP 	Created fixationJitterText = TextStim(alignHoriz='center', alignVert='center', antialias=True, autoLog=True, bold=False, color=u'black', colorSpace='named', contrast=1.0, depth=-4.0, flipHoriz=False, flipVert=False, font=u'Arial', fontFiles=[], height=0.1, italic=False, name='fixationJitterText', opacity=1.0, ori=0, pos=array([ 0.,  0.]), rgb=array([ 0.,  0.,  0.]), text=u'+', units=u'norm', win=Window(...), wrapWidth=1)
2.8491 	EXP 	Created sickImg = ImageStim(autoLog=True, color=array([ 1.,  1.,  1.]), colorSpace='rgb', contrast=1.0, depth=-6.0, flipHoriz=False, flipVert=False, image=u'images/sick.png', interpolate=True, mask=None, maskParams=None, name='sickImg', opacity=1.0, ori=0.0, pos=array([-0.5, -0.6]), size=array([ 0.3 ,  0.45]), texRes=128, units=u'norm', win=Window(...))
2.8521 	EXP 	Created notsickImg = ImageStim(autoLog=True, color=array([ 1.,  1.,  1.]), colorSpace='rgb', contrast=1.0, depth=-7.0, flipHoriz=False, flipVert=False, image=u'images/smiley.png', interpolate=True, mask=None, maskParams=None, name='notsickImg', opacity=1.0, ori=0.0, pos=array([ 0.5, -0.6]), size=array([ 0.3 ,  0.45]), texRes=128, units=u'norm', win=Window(...))
2.8650 	EXP 	Created fixationITIText = TextStim(alignHoriz='center', alignVert='center', antialias=True, autoLog=True, bold=False, color=u'white', colorSpace='named', contrast=1.0, depth=-9.0, flipHoriz=False, flipVert=False, font=u'Arial', fontFiles=[], height=0.1, italic=False, name='fixationITIText', opacity=1.0, ori=0, pos=array([ 0.,  0.]), rgb=array([ 255.,  255.,  255.]), text=u'Any text\n\nincluding line breaks', units=u'norm', win=Window(...), wrapWidth=1)
2.8711 	EXP 	Imported irrelevant.xlsx as conditions, 4 conditions, 4 params
2.8714 	EXP 	Created sequence: random, trialTypes=4, nReps=1, seed=None
2.8718 	EXP 	New trial (rep=0, index=0): {u'food': u'mexican_food2', u'corrAns': u'right', u'sick': u'No', u'restaurant': u"Molina's Cantina"}
2.8825 	EXP 	window1: recordFrameIntervals = False
2.8932 	EXP 	restaurantText: text = u"Molina's Cantina"
2.8932 	EXP 	foodImg: image = u'foods/mexican_food2.png'
2.8932 	EXP 	fixationITIText: autoDraw = True
2.8933 	EXP 	window1: recordFrameIntervals = False
3.8946 	EXP 	window1: recordFrameIntervals = False
3.9099 	EXP 	trialInstrText: autoDraw = True
3.9099 	EXP 	restaurantText: autoDraw = True
3.9099 	EXP 	foodImg: autoDraw = True
3.9099 	EXP 	sickImg: autoDraw = True
3.9099 	EXP 	notsickImg: autoDraw = True
3.9099 	EXP 	fixationITIText: autoDraw = False
3.9101 	EXP 	window1: recordFrameIntervals = False
6.6961 	DATA 	Keypress: left
6.6981 	DATA 	Keypress: right
6.9079 	EXP 	window1: recordFrameIntervals = False
6.9243 	EXP 	trialInstrText: autoDraw = False
6.9243 	EXP 	restaurantText: autoDraw = False
6.9243 	EXP 	foodImg: autoDraw = False
6.9243 	EXP 	fixationJitterText: autoDraw = True
6.9243 	EXP 	sickImg: autoDraw = False
6.9243 	EXP 	notsickImg: autoDraw = False
6.9245 	EXP 	window1: recordFrameIntervals = False
7.2127 	DATA 	Keypress: right
7.4273 	EXP 	New trial (rep=0, index=1): {u'food': u'mexican_food1', u'corrAns': u'left', u'sick': u'Yes', u'restaurant': u'Restaurante Arroyo'}
7.4457 	EXP 	window1: recordFrameIntervals = False
7.4600 	EXP 	trialInstrText: autoDraw = False
7.4600 	EXP 	restaurantText: autoDraw = False
7.4600 	EXP 	foodImg: autoDraw = False
7.4600 	EXP 	fixationJitterText: autoDraw = False
7.4600 	EXP 	sickImg: autoDraw = False
7.4600 	EXP 	notsickImg: autoDraw = False
7.4600 	EXP 	fixationITIText: autoDraw = False
7.4600 	EXP 	restaurantText: text = u'Restaurante Arroyo'
7.4600 	EXP 	foodImg: image = u'foods/mexican_food1.png'
7.4600 	EXP 	fixationITIText: autoDraw = True
7.4601 	EXP 	window1: recordFrameIntervals = False
8.4611 	EXP 	window1: recordFrameIntervals = False
8.4773 	EXP 	trialInstrText: autoDraw = True
8.4773 	EXP 	restaurantText: autoDraw = True
8.4773 	EXP 	foodImg: autoDraw = True
8.4773 	EXP 	sickImg: autoDraw = True
8.4773 	EXP 	notsickImg: autoDraw = True
8.4773 	EXP 	fixationITIText: autoDraw = False
8.4776 	EXP 	window1: recordFrameIntervals = False
11.2630 	DATA 	Keypress: left
11.2635 	DATA 	Keypress: left
11.2638 	DATA 	Keypress: left
11.2642 	DATA 	Keypress: left
11.2647 	DATA 	Keypress: left
11.2652 	DATA 	Keypress: escape
11.2657 	DATA 	Keypress: escape
11.2660 	DATA 	Keypress: escape
11.2665 	DATA 	Keypress: escape
11.3566 	DATA 	Keypress: space
0.3209 	WARNING 	Movie2 stim could not be imported and won't be available
0.5654 	WARNING 	TextBox stim could not be imported and won't be available.
0.5654 	WARNING 	TextBox Font Manager Found No Fonts.
2.3603 	EXP 	Created window1 = Window(allowGUI=False, allowStencil=False, autoLog=True, bitsMode=UNKNOWN, blendMode='avg', color=array([ 0.,  0.,  0.]), colorSpace='rgb', fullscr=UNKNOWN, gamma=None, lms=UNKNOWN, monitor=<psychopy.monitors.calibTools.Monitor instance at 0xf0987b0>, name='window1', pos=[0, 0], screen=0, size=array([1440,  900]), stereo=False, units=u'norm', useFBO=True, viewOri=0.0, viewPos=None, viewScale=None, waitBlanking=True, winType='pyglet')
2.3603 	EXP 	window1: recordFrameIntervals = False
2.5259 	EXP 	window1: recordFrameIntervals = True
2.7095 	EXP 	window1: recordFrameIntervals = False
2.7803 	EXP 	Created trialInstrText = TextStim(alignHoriz='center', alignVert='center', antialias=True, autoLog=True, bold=False, color=u'black', colorSpace='named', contrast=1.0, depth=-1.0, flipHoriz=False, flipVert=False, font=u'Arial', fontFiles=[], height=0.1, italic=False, name='trialInstrText', opacity=1.0, ori=0, pos=array([ 0. ,  0.8]), rgb=array([ 0.,  0.,  0.]), text=unicode(...), units=u'norm', win=Window(...), wrapWidth=20)
2.7870 	EXP 	Created restaurantText = TextStim(alignHoriz='center', alignVert='center', antialias=True, autoLog=True, bold=False, color=u'blue', colorSpace='named', contrast=1.0, depth=-2.0, flipHoriz=False, flipVert=False, font=u'Arial', fontFiles=[], height=0.1, italic=False, name='restaurantText', opacity=1.0, ori=0, pos=array([ 0.  ,  0.35]), rgb=array([   0.,    0.,  255.]), text=u'default text', units=u'norm', win=Window(...), wrapWidth=1)
2.7898 	EXP 	Created foodImg = ImageStim(autoLog=True, color=array([ 1.,  1.,  1.]), colorSpace='rgb', contrast=1.0, depth=-3.0, flipHoriz=False, flipVert=False, image='sin', interpolate=True, mask=None, maskParams=None, name='foodImg', opacity=1.0, ori=0.0, pos=array([ 0.,  0.]), size=array([ 0.5,  0.5]), texRes=128, units=u'norm', win=Window(...))
2.7953 	EXP 	Created fixationJitterText = TextStim(alignHoriz='center', alignVert='center', antialias=True, autoLog=True, bold=False, color=u'black', colorSpace='named', contrast=1.0, depth=-4.0, flipHoriz=False, flipVert=False, font=u'Arial', fontFiles=[], height=0.1, italic=False, name='fixationJitterText', opacity=1.0, ori=0, pos=array([ 0.,  0.]), rgb=array([ 0.,  0.,  0.]), text=u'+', units=u'norm', win=Window(...), wrapWidth=1)
2.8001 	EXP 	Created sickImg = ImageStim(autoLog=True, color=array([ 1.,  1.,  1.]), colorSpace='rgb', contrast=1.0, depth=-6.0, flipHoriz=False, flipVert=False, image=u'images/sick.png', interpolate=True, mask=None, maskParams=None, name='sickImg', opacity=1.0, ori=0.0, pos=array([-0.5, -0.6]), size=array([ 0.3 ,  0.45]), texRes=128, units=u'norm', win=Window(...))
2.8026 	EXP 	Created notsickImg = ImageStim(autoLog=True, color=array([ 1.,  1.,  1.]), colorSpace='rgb', contrast=1.0, depth=-7.0, flipHoriz=False, flipVert=False, image=u'images/smiley.png', interpolate=True, mask=None, maskParams=None, name='notsickImg', opacity=1.0, ori=0.0, pos=array([ 0.5, -0.6]), size=array([ 0.3 ,  0.45]), texRes=128, units=u'norm', win=Window(...))
2.8051 	EXP 	Created fixationITIText = TextStim(alignHoriz='center', alignVert='center', antialias=True, autoLog=True, bold=False, color=u'black', colorSpace='named', contrast=1.0, depth=-9.0, flipHoriz=False, flipVert=False, font=u'Arial', fontFiles=[], height=0.1, italic=False, name='fixationITIText', opacity=1.0, ori=0, pos=array([ 0.,  0.]), rgb=array([ 0.,  0.,  0.]), text=u'+', units=u'norm', win=Window(...), wrapWidth=1)
2.8110 	EXP 	Imported irrelevant.xlsx as conditions, 4 conditions, 4 params
2.8113 	EXP 	Created sequence: random, trialTypes=4, nReps=1, seed=None
2.8117 	EXP 	New trial (rep=0, index=0): {u'food': u'mexican_food2', u'corrAns': u'right', u'sick': u'No', u'restaurant': u"Molina's Cantina"}
2.8248 	EXP 	window1: recordFrameIntervals = False
2.8399 	EXP 	restaurantText: text = u"Molina's Cantina"
2.8399 	EXP 	foodImg: image = u'foods/mexican_food2.png'
2.8399 	EXP 	fixationITIText: autoDraw = True
2.8400 	EXP 	window1: recordFrameIntervals = False
3.8412 	EXP 	window1: recordFrameIntervals = False
3.8583 	EXP 	trialInstrText: autoDraw = True
3.8583 	EXP 	restaurantText: autoDraw = True
3.8583 	EXP 	foodImg: autoDraw = True
3.8583 	EXP 	sickImg: autoDraw = True
3.8583 	EXP 	notsickImg: autoDraw = True
3.8583 	EXP 	fixationITIText: autoDraw = False
3.8588 	EXP 	window1: recordFrameIntervals = False
6.6435 	DATA 	Keypress: left
6.6449 	DATA 	Keypress: left
6.6452 	DATA 	Keypress: left
6.6457 	DATA 	Keypress: right
6.6461 	DATA 	Keypress: right
6.6465 	DATA 	Keypress: right
6.6468 	DATA 	Keypress: left
6.6472 	DATA 	Keypress: left
6.6475 	DATA 	Keypress: right
6.6478 	DATA 	Keypress: down
6.6482 	DATA 	Keypress: left
6.8592 	EXP 	window1: recordFrameIntervals = False
6.8758 	EXP 	trialInstrText: autoDraw = False
6.8758 	EXP 	restaurantText: autoDraw = False
6.8758 	EXP 	foodImg: autoDraw = False
6.8758 	EXP 	fixationJitterText: autoDraw = True
6.8758 	EXP 	sickImg: autoDraw = False
6.8758 	EXP 	notsickImg: autoDraw = False
6.8759 	EXP 	window1: recordFrameIntervals = False
7.3778 	EXP 	New trial (rep=0, index=1): {u'food': u'mexican_food1', u'corrAns': u'left', u'sick': u'Yes', u'restaurant': u'Restaurante Arroyo'}
7.3896 	EXP 	window1: recordFrameIntervals = False
7.4102 	EXP 	trialInstrText: autoDraw = False
7.4102 	EXP 	restaurantText: autoDraw = False
7.4102 	EXP 	foodImg: autoDraw = False
7.4102 	EXP 	fixationJitterText: autoDraw = False
7.4102 	EXP 	sickImg: autoDraw = False
7.4102 	EXP 	notsickImg: autoDraw = False
7.4102 	EXP 	fixationITIText: autoDraw = False
7.4102 	EXP 	restaurantText: text = u'Restaurante Arroyo'
7.4102 	EXP 	foodImg: image = u'foods/mexican_food1.png'
7.4102 	EXP 	fixationITIText: autoDraw = True
7.4104 	EXP 	window1: recordFrameIntervals = False
8.1911 	DATA 	Keypress: left
8.1916 	DATA 	Keypress: left
8.1919 	DATA 	Keypress: right
8.4106 	EXP 	window1: recordFrameIntervals = False
8.4267 	EXP 	trialInstrText: autoDraw = True
8.4267 	EXP 	restaurantText: autoDraw = True
8.4267 	EXP 	foodImg: autoDraw = True
8.4267 	EXP 	sickImg: autoDraw = True
8.4267 	EXP 	notsickImg: autoDraw = True
8.4267 	EXP 	fixationITIText: autoDraw = False
8.4271 	EXP 	window1: recordFrameIntervals = False
11.2143 	DATA 	Keypress: escape
11.2150 	DATA 	Keypress: escape
11.2154 	DATA 	Keypress: escape
11.2157 	DATA 	Keypress: escape
11.2161 	DATA 	Keypress: escape
11.2164 	DATA 	Keypress: escape
11.2168 	DATA 	Keypress: escape
11.2171 	DATA 	Keypress: escape
11.2174 	DATA 	Keypress: escape
11.2177 	DATA 	Keypress: escape
11.2180 	DATA 	Keypress: escape
11.2183 	DATA 	Keypress: escape
11.2856 	DATA 	Keypress: escape
