0.3135 	WARNING 	Movie2 stim could not be imported and won't be available
0.5599 	WARNING 	TextBox stim could not be imported and won't be available.
0.5599 	WARNING 	TextBox Font Manager Found No Fonts.
2.5069 	EXP 	Created window1 = Window(allowGUI=False, allowStencil=False, autoLog=True, bitsMode=UNKNOWN, blendMode='avg', color=array([ 0.,  0.,  0.]), colorSpace='rgb', fullscr=UNKNOWN, gamma=None, lms=UNKNOWN, monitor=<psychopy.monitors.calibTools.Monitor instance at 0xeed3a08>, name='window1', pos=[0, 0], screen=0, size=array([1440,  900]), stereo=False, units=u'norm', useFBO=True, viewOri=0.0, viewPos=None, viewScale=None, waitBlanking=True, winType='pyglet')
2.5069 	EXP 	window1: recordFrameIntervals = False
2.6723 	EXP 	window1: recordFrameIntervals = True
2.8559 	EXP 	window1: recordFrameIntervals = False
2.9248 	EXP 	Created trialInstrText = TextStim(alignHoriz='center', alignVert='center', antialias=True, autoLog=True, bold=False, color='black', colorSpace='named', contrast=1.0, depth=-1.0, flipHoriz=False, flipVert=False, font='Arial', fontFiles=[], height=0.1, italic=False, name='trialInstrText', opacity=1.0, ori=0, pos=array([ 0. ,  0.8]), rgb=array([ 0.,  0.,  0.]), text=unicode(...), units=u'norm', win=Window(...), wrapWidth=20)
2.9316 	EXP 	Created restaurantText = TextStim(alignHoriz='center', alignVert='center', antialias=True, autoLog=True, bold=False, color='blue', colorSpace='named', contrast=1.0, depth=-2.0, flipHoriz=False, flipVert=False, font='Arial', fontFiles=[], height=0.1, italic=False, name='restaurantText', opacity=1.0, ori=0, pos=array([ 0.  ,  0.35]), rgb=array([   0.,    0.,  255.]), text=u'default text', units=u'norm', win=Window(...), wrapWidth=1)
2.9344 	EXP 	Created foodImg = ImageStim(autoLog=True, color=array([ 1.,  1.,  1.]), colorSpace='rgb', contrast=1.0, depth=-3.0, flipHoriz=False, flipVert=False, image='sin', interpolate=True, mask=None, maskParams=None, name='foodImg', opacity=1.0, ori=0.0, pos=array([ 0.,  0.]), size=array([ 0.5,  0.5]), texRes=128, units=u'norm', win=Window(...))
2.9397 	EXP 	Created fixationJitterText = TextStim(alignHoriz='center', alignVert='center', antialias=True, autoLog=True, bold=False, color='black', colorSpace='named', contrast=1.0, depth=-4.0, flipHoriz=False, flipVert=False, font='Arial', fontFiles=[], height=0.1, italic=False, name='fixationJitterText', opacity=1.0, ori=0, pos=array([ 0.,  0.]), rgb=array([ 0.,  0.,  0.]), text=u'+', units=u'norm', win=Window(...), wrapWidth=1)
2.9445 	EXP 	Created sickImg = ImageStim(autoLog=True, color=array([ 1.,  1.,  1.]), colorSpace='rgb', contrast=1.0, depth=-6.0, flipHoriz=False, flipVert=False, image='images/sick.png', interpolate=True, mask=None, maskParams=None, name='sickImg', opacity=1.0, ori=0.0, pos=array([-0.5, -0.6]), size=array([ 0.3 ,  0.45]), texRes=128, units=u'norm', win=Window(...))
2.9471 	EXP 	Created notsickImg = ImageStim(autoLog=True, color=array([ 1.,  1.,  1.]), colorSpace='rgb', contrast=1.0, depth=-7.0, flipHoriz=False, flipVert=False, image='images/smiley.png', interpolate=True, mask=None, maskParams=None, name='notsickImg', opacity=1.0, ori=0.0, pos=array([ 0.5, -0.6]), size=array([ 0.3 ,  0.45]), texRes=128, units=u'norm', win=Window(...))
2.9496 	EXP 	Created fixationITIText = TextStim(alignHoriz='center', alignVert='center', antialias=True, autoLog=True, bold=False, color='black', colorSpace='named', contrast=1.0, depth=-8.0, flipHoriz=False, flipVert=False, font='Arial', fontFiles=[], height=0.1, italic=False, name='fixationITIText', opacity=1.0, ori=0, pos=array([ 0.,  0.]), rgb=array([ 0.,  0.,  0.]), text=u'+', units=u'norm', win=Window(...), wrapWidth=1)
2.9541 	EXP 	Created sickHighlight = TextStim(alignHoriz='center', alignVert='center', antialias=True, autoLog=True, bold=False, color='white', colorSpace='named', contrast=1.0, depth=-10.0, flipHoriz=False, flipVert=False, font='Arial', fontFiles=[], height=1.0, italic=False, name='sickHighlight', opacity=1.0, ori=0, pos=array([-0.5 , -0.35]), rgb=array([ 255.,  255.,  255.]), text=u'_', units=u'norm', win=Window(...), wrapWidth=1)
2.9566 	EXP 	Created notsickHighlight = TextStim(alignHoriz='center', alignVert='center', antialias=True, autoLog=True, bold=False, color='white', colorSpace='named', contrast=1.0, depth=-11.0, flipHoriz=False, flipVert=False, font='Arial', fontFiles=[], height=1, italic=False, name='notsickHighlight', opacity=1.0, ori=0, pos=array([ 0.5 , -0.35]), rgb=array([ 255.,  255.,  255.]), text=u'_', units=u'norm', win=Window(...), wrapWidth=1)
2.9656 	EXP 	Created correctText = TextStim(alignHoriz='center', alignVert='center', antialias=True, autoLog=True, bold=False, color=u'blue', colorSpace='named', contrast=1.0, depth=-13.0, flipHoriz=False, flipVert=False, font=u'Arial Bold', fontFiles=[], height=0.1, italic=False, name='correctText', opacity=1.0, ori=0, pos=array([ 0. , -0.3]), rgb=array([   0.,    0.,  255.]), text=u'CORRECT', units=u'norm', win=Window(...), wrapWidth=1)
2.9709 	EXP 	Created wrongText = TextStim(alignHoriz='center', alignVert='center', antialias=True, autoLog=True, bold=False, color=u'red', colorSpace='named', contrast=1.0, depth=-14.0, flipHoriz=False, flipVert=False, font=u'Arial Bold', fontFiles=[], height=0.1, italic=False, name='wrongText', opacity=1.0, ori=0, pos=array([ 0. , -0.3]), rgb=array([ 255.,    0.,    0.]), text=u'WRONG', units=u'norm', win=Window(...), wrapWidth=1)
2.9768 	EXP 	Created timeoutText = TextStim(alignHoriz='center', alignVert='center', antialias=True, autoLog=True, bold=False, color=u'purple', colorSpace='named', contrast=1.0, depth=-15.0, flipHoriz=False, flipVert=False, font=u'Arial Bold', fontFiles=[], height=0.1, italic=False, name='timeoutText', opacity=1.0, ori=0, pos=array([ 0. , -0.3]), rgb=array([ 128.,    0.,  128.]), text=u'TIMEOUT', units=u'norm', win=Window(...), wrapWidth=1)
2.9801 	EXP 	Created sickFeedback = ImageStim(autoLog=True, color=array([ 1.,  1.,  1.]), colorSpace='rgb', contrast=1.0, depth=-16.0, flipHoriz=False, flipVert=False, image='images/sick.png', interpolate=True, mask=None, maskParams=None, name='sickFeedback', opacity=1.0, ori=0.0, pos=array([ 0.,  0.]), size=array([ 0.3 ,  0.45]), texRes=128, units=u'norm', win=Window(...))
2.9826 	EXP 	Created notsickFeedback = ImageStim(autoLog=True, color=array([ 1.,  1.,  1.]), colorSpace='rgb', contrast=1.0, depth=-17.0, flipHoriz=False, flipVert=False, image='images/smiley.png', interpolate=True, mask=None, maskParams=None, name='notsickFeedback', opacity=1.0, ori=0.0, pos=array([ 0.,  0.]), size=array([ 0.3 ,  0.45]), texRes=128, units=u'norm', win=Window(...))
3.0130 	EXP 	Created gotSickText = TextStim(alignHoriz='center', alignVert='center', antialias=True, autoLog=True, bold=False, color=u'black', colorSpace='named', contrast=1.0, depth=-18.0, flipHoriz=False, flipVert=False, font=u'Arial', fontFiles=[], height=0.75, italic=False, name='gotSickText', opacity=1.0, ori=0, pos=array([ 0. , -0.5]), rgb=array([ 0.,  0.,  0.]), text=u'The customer got sick!', units=u'norm', win=Window(...), wrapWidth=1)
3.0685 	EXP 	Created didntGetSickText = TextStim(alignHoriz='center', alignVert='center', antialias=True, autoLog=True, bold=False, color=u'black', colorSpace='named', contrast=1.0, depth=-19.0, flipHoriz=False, flipVert=False, font=u'Arial', fontFiles=[], height=0.75, italic=False, name='didntGetSickText', opacity=1.0, ori=0, pos=array([ 0. , -0.5]), rgb=array([ 0.,  0.,  0.]), text=u"The customer didn't get sick!", units=u'norm', win=Window(...), wrapWidth=1)
3.0747 	EXP 	Imported irrelevant.xlsx as conditions, 4 conditions, 4 params
3.0750 	EXP 	Created sequence: random, trialTypes=4, nReps=1, seed=None
3.0755 	EXP 	New trial (rep=0, index=0): {u'food': u'mexican_food1', u'corrAns': u'left', u'sick': u'Yes', u'restaurant': u'Restaurante Arroyo'}
3.1408 	EXP 	window1: recordFrameIntervals = False
3.1590 	EXP 	restaurantText: text = u'Restaurante Arroyo'
3.1590 	EXP 	foodImg: image = u'foods/mexican_food1.png'
3.1590 	EXP 	sickHighlight: opacity = 0.0
3.1590 	EXP 	notsickHighlight: opacity = 0.0
3.1590 	EXP 	sickHighlight: text = u'_'
3.1590 	EXP 	notsickHighlight: text = u'_'
3.1590 	EXP 	correctText: opacity = 0.0
3.1590 	EXP 	wrongText: opacity = 0.0
3.1590 	EXP 	timeoutText: opacity = 0.0
3.1590 	EXP 	sickFeedback: opacity = 0.0
3.1590 	EXP 	notsickFeedback: opacity = 0.0
3.1590 	EXP 	gotSickText: opacity = 0.0
3.1590 	EXP 	didntGetSickText: opacity = 0.0
3.1590 	EXP 	correctText: text = u'CORRECT'
3.1590 	EXP 	wrongText: text = u'WRONG'
3.1590 	EXP 	timeoutText: text = u'TIMEOUT'
3.1590 	EXP 	gotSickText: text = u'The customer got sick!'
3.1590 	EXP 	didntGetSickText: text = u"The customer didn't get sick!"
3.1590 	EXP 	fixationITIText: autoDraw = True
3.1590 	EXP 	sickHighlight: text = u'_'
3.1590 	EXP 	notsickHighlight: text = u'_'
3.1641 	EXP 	window1: recordFrameIntervals = False
4.1556 	EXP 	sickHighlight: text = u'_'
4.1556 	EXP 	notsickHighlight: text = u'_'
4.1761 	EXP 	trialInstrText: autoDraw = True
4.1761 	EXP 	restaurantText: autoDraw = True
4.1761 	EXP 	foodImg: autoDraw = True
4.1761 	EXP 	sickImg: autoDraw = True
4.1761 	EXP 	notsickImg: autoDraw = True
4.1761 	EXP 	fixationITIText: autoDraw = False
4.1761 	EXP 	sickHighlight: autoDraw = True
4.1761 	EXP 	notsickHighlight: autoDraw = True
4.1761 	EXP 	sickHighlight: text = u'_'
4.1761 	EXP 	notsickHighlight: text = u'_'
4.1938 	EXP 	sickHighlight: text = u'_'
4.1938 	EXP 	notsickHighlight: text = u'_'
4.2105 	EXP 	sickHighlight: text = u'_'
4.2105 	EXP 	notsickHighlight: text = u'_'
4.2244 	EXP 	sickHighlight: text = u'_'
4.2244 	EXP 	notsickHighlight: text = u'_'
4.2442 	EXP 	sickHighlight: text = u'_'
4.2442 	EXP 	notsickHighlight: text = u'_'
4.2581 	EXP 	sickHighlight: text = u'_'
4.2581 	EXP 	notsickHighlight: text = u'_'
4.2694 	EXP 	sickHighlight: text = u'_'
4.2694 	EXP 	notsickHighlight: text = u'_'
4.2875 	EXP 	sickHighlight: text = u'_'
4.2875 	EXP 	notsickHighlight: text = u'_'
4.3020 	EXP 	sickHighlight: text = u'_'
4.3020 	EXP 	notsickHighlight: text = u'_'
4.3209 	EXP 	sickHighlight: text = u'_'
4.3209 	EXP 	notsickHighlight: text = u'_'
4.3381 	EXP 	sickHighlight: text = u'_'
4.3381 	EXP 	notsickHighlight: text = u'_'
4.3547 	EXP 	sickHighlight: text = u'_'
4.3547 	EXP 	notsickHighlight: text = u'_'
4.3693 	EXP 	sickHighlight: text = u'_'
4.3693 	EXP 	notsickHighlight: text = u'_'
4.3882 	EXP 	sickHighlight: text = u'_'
4.3882 	EXP 	notsickHighlight: text = u'_'
4.4049 	EXP 	sickHighlight: text = u'_'
4.4049 	EXP 	notsickHighlight: text = u'_'
4.4208 	EXP 	sickHighlight: text = u'_'
4.4208 	EXP 	notsickHighlight: text = u'_'
4.4381 	EXP 	sickHighlight: text = u'_'
4.4381 	EXP 	notsickHighlight: text = u'_'
4.4526 	EXP 	sickHighlight: text = u'_'
4.4526 	EXP 	notsickHighlight: text = u'_'
4.4714 	EXP 	sickHighlight: text = u'_'
4.4714 	EXP 	notsickHighlight: text = u'_'
4.4855 	EXP 	sickHighlight: text = u'_'
4.4855 	EXP 	notsickHighlight: text = u'_'
4.5044 	EXP 	sickHighlight: text = u'_'
4.5044 	EXP 	notsickHighlight: text = u'_'
4.5191 	EXP 	sickHighlight: text = u'_'
4.5191 	EXP 	notsickHighlight: text = u'_'
4.5378 	EXP 	sickHighlight: text = u'_'
4.5378 	EXP 	notsickHighlight: text = u'_'
4.5547 	EXP 	sickHighlight: text = u'_'
4.5547 	EXP 	notsickHighlight: text = u'_'
4.5776 	EXP 	sickHighlight: text = u'_'
4.5776 	EXP 	notsickHighlight: text = u'_'
4.5912 	EXP 	sickHighlight: text = u'_'
4.5912 	EXP 	notsickHighlight: text = u'_'
4.6111 	EXP 	sickHighlight: text = u'_'
4.6111 	EXP 	notsickHighlight: text = u'_'
4.6251 	EXP 	sickHighlight: text = u'_'
4.6251 	EXP 	notsickHighlight: text = u'_'
4.6441 	EXP 	sickHighlight: text = u'_'
4.6441 	EXP 	notsickHighlight: text = u'_'
4.6580 	EXP 	sickHighlight: text = u'_'
4.6580 	EXP 	notsickHighlight: text = u'_'
4.6776 	EXP 	sickHighlight: text = u'_'
4.6776 	EXP 	notsickHighlight: text = u'_'
4.6915 	EXP 	sickHighlight: text = u'_'
4.6915 	EXP 	notsickHighlight: text = u'_'
4.7111 	EXP 	sickHighlight: text = u'_'
4.7111 	EXP 	notsickHighlight: text = u'_'
4.7376 	EXP 	sickHighlight: text = u'_'
4.7376 	EXP 	notsickHighlight: text = u'_'
4.7546 	EXP 	sickHighlight: text = u'_'
4.7546 	EXP 	notsickHighlight: text = u'_'
4.7713 	EXP 	sickHighlight: text = u'_'
4.7713 	EXP 	notsickHighlight: text = u'_'
4.7942 	EXP 	sickHighlight: text = u'_'
4.7942 	EXP 	notsickHighlight: text = u'_'
4.8115 	EXP 	sickHighlight: text = u'_'
4.8115 	EXP 	notsickHighlight: text = u'_'
4.8278 	EXP 	sickHighlight: text = u'_'
4.8278 	EXP 	notsickHighlight: text = u'_'
4.8447 	EXP 	sickHighlight: text = u'_'
4.8447 	EXP 	notsickHighlight: text = u'_'
4.8577 	EXP 	sickHighlight: text = u'_'
4.8577 	EXP 	notsickHighlight: text = u'_'
4.8776 	EXP 	sickHighlight: text = u'_'
4.8776 	EXP 	notsickHighlight: text = u'_'
4.8916 	EXP 	sickHighlight: text = u'_'
4.8916 	EXP 	notsickHighlight: text = u'_'
4.9116 	EXP 	sickHighlight: text = u'_'
4.9116 	EXP 	notsickHighlight: text = u'_'
4.9255 	EXP 	sickHighlight: text = u'_'
4.9255 	EXP 	notsickHighlight: text = u'_'
4.9442 	EXP 	sickHighlight: text = u'_'
4.9442 	EXP 	notsickHighlight: text = u'_'
4.9586 	EXP 	sickHighlight: text = u'_'
4.9586 	EXP 	notsickHighlight: text = u'_'
4.9783 	EXP 	sickHighlight: text = u'_'
4.9783 	EXP 	notsickHighlight: text = u'_'
4.9922 	EXP 	sickHighlight: text = u'_'
4.9922 	EXP 	notsickHighlight: text = u'_'
5.0108 	EXP 	sickHighlight: text = u'_'
5.0108 	EXP 	notsickHighlight: text = u'_'
5.0253 	EXP 	sickHighlight: text = u'_'
5.0253 	EXP 	notsickHighlight: text = u'_'
5.0453 	EXP 	sickHighlight: text = u'_'
5.0453 	EXP 	notsickHighlight: text = u'_'
5.0712 	EXP 	sickHighlight: text = u'_'
5.0712 	EXP 	notsickHighlight: text = u'_'
5.0853 	EXP 	sickHighlight: text = u'_'
5.0853 	EXP 	notsickHighlight: text = u'_'
5.1044 	EXP 	sickHighlight: text = u'_'
5.1044 	EXP 	notsickHighlight: text = u'_'
5.1190 	EXP 	sickHighlight: text = u'_'
5.1190 	EXP 	notsickHighlight: text = u'_'
5.1380 	EXP 	sickHighlight: text = u'_'
5.1380 	EXP 	notsickHighlight: text = u'_'
5.1523 	EXP 	sickHighlight: text = u'_'
5.1523 	EXP 	notsickHighlight: text = u'_'
5.1711 	EXP 	sickHighlight: text = u'_'
5.1711 	EXP 	notsickHighlight: text = u'_'
5.1853 	EXP 	sickHighlight: text = u'_'
5.1853 	EXP 	notsickHighlight: text = u'_'
5.2048 	EXP 	sickHighlight: text = u'_'
5.2048 	EXP 	notsickHighlight: text = u'_'
5.2188 	EXP 	sickHighlight: text = u'_'
5.2188 	EXP 	notsickHighlight: text = u'_'
5.2380 	EXP 	sickHighlight: text = u'_'
5.2380 	EXP 	notsickHighlight: text = u'_'
5.2528 	EXP 	sickHighlight: text = u'_'
5.2528 	EXP 	notsickHighlight: text = u'_'
5.2711 	EXP 	sickHighlight: text = u'_'
5.2711 	EXP 	notsickHighlight: text = u'_'
5.2854 	EXP 	sickHighlight: text = u'_'
5.2854 	EXP 	notsickHighlight: text = u'_'
5.3047 	EXP 	sickHighlight: text = u'_'
5.3047 	EXP 	notsickHighlight: text = u'_'
5.3212 	EXP 	sickHighlight: text = u'_'
5.3212 	EXP 	notsickHighlight: text = u'_'
5.3381 	EXP 	sickHighlight: text = u'_'
5.3381 	EXP 	notsickHighlight: text = u'_'
5.3544 	EXP 	sickHighlight: text = u'_'
5.3544 	EXP 	notsickHighlight: text = u'_'
5.3711 	EXP 	sickHighlight: text = u'_'
5.3711 	EXP 	notsickHighlight: text = u'_'
5.3878 	EXP 	sickHighlight: text = u'_'
5.3878 	EXP 	notsickHighlight: text = u'_'
5.4043 	EXP 	sickHighlight: text = u'_'
5.4043 	EXP 	notsickHighlight: text = u'_'
5.4210 	EXP 	sickHighlight: text = u'_'
5.4210 	EXP 	notsickHighlight: text = u'_'
5.4378 	EXP 	sickHighlight: text = u'_'
5.4378 	EXP 	notsickHighlight: text = u'_'
5.4523 	EXP 	sickHighlight: text = u'_'
5.4523 	EXP 	notsickHighlight: text = u'_'
5.4710 	EXP 	sickHighlight: text = u'_'
5.4710 	EXP 	notsickHighlight: text = u'_'
5.4881 	EXP 	sickHighlight: text = u'_'
5.4881 	EXP 	notsickHighlight: text = u'_'
5.5047 	EXP 	sickHighlight: text = u'_'
5.5047 	EXP 	notsickHighlight: text = u'_'
5.5213 	EXP 	sickHighlight: text = u'_'
5.5213 	EXP 	notsickHighlight: text = u'_'
5.5379 	EXP 	sickHighlight: text = u'_'
5.5379 	EXP 	notsickHighlight: text = u'_'
5.5548 	EXP 	sickHighlight: text = u'_'
5.5548 	EXP 	notsickHighlight: text = u'_'
5.5691 	EXP 	sickHighlight: text = u'_'
5.5691 	EXP 	notsickHighlight: text = u'_'
5.5881 	EXP 	sickHighlight: text = u'_'
5.5881 	EXP 	notsickHighlight: text = u'_'
5.6025 	EXP 	sickHighlight: text = u'_'
5.6025 	EXP 	notsickHighlight: text = u'_'
5.6214 	EXP 	sickHighlight: text = u'_'
5.6214 	EXP 	notsickHighlight: text = u'_'
5.6356 	EXP 	sickHighlight: text = u'_'
5.6356 	EXP 	notsickHighlight: text = u'_'
5.6546 	EXP 	sickHighlight: text = u'_'
5.6546 	EXP 	notsickHighlight: text = u'_'
5.6688 	EXP 	sickHighlight: text = u'_'
5.6688 	EXP 	notsickHighlight: text = u'_'
5.6881 	EXP 	sickHighlight: text = u'_'
5.6881 	EXP 	notsickHighlight: text = u'_'
5.7028 	EXP 	sickHighlight: text = u'_'
5.7028 	EXP 	notsickHighlight: text = u'_'
5.7212 	EXP 	sickHighlight: text = u'_'
5.7212 	EXP 	notsickHighlight: text = u'_'
5.7451 	EXP 	sickHighlight: text = u'_'
5.7451 	EXP 	notsickHighlight: text = u'_'
5.7458 	DATA 	Keypress: right
5.7716 	EXP 	sickHighlight: opacity = 0
5.7716 	EXP 	notsickHighlight: opacity = 1
5.7716 	EXP 	sickHighlight: text = u'_'
5.7716 	EXP 	notsickHighlight: text = u'_'
5.7856 	EXP 	sickHighlight: opacity = 0
5.7856 	EXP 	notsickHighlight: opacity = 1
5.7856 	EXP 	sickHighlight: text = u'_'
5.7856 	EXP 	notsickHighlight: text = u'_'
5.8047 	EXP 	sickHighlight: opacity = 0
5.8047 	EXP 	notsickHighlight: opacity = 1
5.8047 	EXP 	sickHighlight: text = u'_'
5.8047 	EXP 	notsickHighlight: text = u'_'
5.8215 	EXP 	sickHighlight: opacity = 0
5.8215 	EXP 	notsickHighlight: opacity = 1
5.8215 	EXP 	sickHighlight: text = u'_'
5.8215 	EXP 	notsickHighlight: text = u'_'
5.8355 	EXP 	sickHighlight: opacity = 0
5.8355 	EXP 	notsickHighlight: opacity = 1
5.8355 	EXP 	sickHighlight: text = u'_'
5.8355 	EXP 	notsickHighlight: text = u'_'
5.8548 	EXP 	sickHighlight: opacity = 0
5.8548 	EXP 	notsickHighlight: opacity = 1
5.8548 	EXP 	sickHighlight: text = u'_'
5.8548 	EXP 	notsickHighlight: text = u'_'
5.8691 	EXP 	sickHighlight: opacity = 0
5.8691 	EXP 	notsickHighlight: opacity = 1
5.8691 	EXP 	sickHighlight: text = u'_'
5.8691 	EXP 	notsickHighlight: text = u'_'
5.8882 	EXP 	sickHighlight: opacity = 0
5.8882 	EXP 	notsickHighlight: opacity = 1
5.8882 	EXP 	sickHighlight: text = u'_'
5.8882 	EXP 	notsickHighlight: text = u'_'
5.9023 	EXP 	sickHighlight: opacity = 0
5.9023 	EXP 	notsickHighlight: opacity = 1
5.9023 	EXP 	sickHighlight: text = u'_'
5.9023 	EXP 	notsickHighlight: text = u'_'
5.9213 	EXP 	sickHighlight: opacity = 0
5.9213 	EXP 	notsickHighlight: opacity = 1
5.9213 	EXP 	sickHighlight: text = u'_'
5.9213 	EXP 	notsickHighlight: text = u'_'
5.9355 	EXP 	sickHighlight: opacity = 0
5.9355 	EXP 	notsickHighlight: opacity = 1
5.9355 	EXP 	sickHighlight: text = u'_'
5.9355 	EXP 	notsickHighlight: text = u'_'
5.9548 	EXP 	sickHighlight: opacity = 0
5.9548 	EXP 	notsickHighlight: opacity = 1
5.9548 	EXP 	sickHighlight: text = u'_'
5.9548 	EXP 	notsickHighlight: text = u'_'
5.9691 	EXP 	sickHighlight: opacity = 0
5.9691 	EXP 	notsickHighlight: opacity = 1
5.9691 	EXP 	sickHighlight: text = u'_'
5.9691 	EXP 	notsickHighlight: text = u'_'
5.9883 	EXP 	sickHighlight: opacity = 0
5.9883 	EXP 	notsickHighlight: opacity = 1
5.9883 	EXP 	sickHighlight: text = u'_'
5.9883 	EXP 	notsickHighlight: text = u'_'
6.0027 	EXP 	sickHighlight: opacity = 0
6.0027 	EXP 	notsickHighlight: opacity = 1
6.0027 	EXP 	sickHighlight: text = u'_'
6.0027 	EXP 	notsickHighlight: text = u'_'
6.0216 	EXP 	sickHighlight: opacity = 0
6.0216 	EXP 	notsickHighlight: opacity = 1
6.0216 	EXP 	sickHighlight: text = u'_'
6.0216 	EXP 	notsickHighlight: text = u'_'
6.0359 	EXP 	sickHighlight: opacity = 0
6.0359 	EXP 	notsickHighlight: opacity = 1
6.0359 	EXP 	sickHighlight: text = u'_'
6.0359 	EXP 	notsickHighlight: text = u'_'
6.0548 	EXP 	sickHighlight: opacity = 0
6.0548 	EXP 	notsickHighlight: opacity = 1
6.0548 	EXP 	sickHighlight: text = u'_'
6.0548 	EXP 	notsickHighlight: text = u'_'
6.0689 	EXP 	sickHighlight: opacity = 0
6.0689 	EXP 	notsickHighlight: opacity = 1
6.0689 	EXP 	sickHighlight: text = u'_'
6.0689 	EXP 	notsickHighlight: text = u'_'
6.0882 	EXP 	sickHighlight: opacity = 0
6.0882 	EXP 	notsickHighlight: opacity = 1
6.0882 	EXP 	sickHighlight: text = u'_'
6.0882 	EXP 	notsickHighlight: text = u'_'
6.1027 	EXP 	sickHighlight: opacity = 0
6.1027 	EXP 	notsickHighlight: opacity = 1
6.1027 	EXP 	sickHighlight: text = u'_'
6.1027 	EXP 	notsickHighlight: text = u'_'
6.1214 	EXP 	sickHighlight: opacity = 0
6.1214 	EXP 	notsickHighlight: opacity = 1
6.1214 	EXP 	sickHighlight: text = u'_'
6.1214 	EXP 	notsickHighlight: text = u'_'
6.1357 	EXP 	sickHighlight: opacity = 0
6.1357 	EXP 	notsickHighlight: opacity = 1
6.1357 	EXP 	sickHighlight: text = u'_'
6.1357 	EXP 	notsickHighlight: text = u'_'
6.1548 	EXP 	sickHighlight: opacity = 0
6.1548 	EXP 	notsickHighlight: opacity = 1
6.1548 	EXP 	sickHighlight: text = u'_'
6.1548 	EXP 	notsickHighlight: text = u'_'
6.1719 	EXP 	sickHighlight: opacity = 0
6.1719 	EXP 	notsickHighlight: opacity = 1
6.1719 	EXP 	sickHighlight: text = u'_'
6.1719 	EXP 	notsickHighlight: text = u'_'
6.1882 	EXP 	sickHighlight: opacity = 0
6.1882 	EXP 	notsickHighlight: opacity = 1
6.1882 	EXP 	sickHighlight: text = u'_'
6.1882 	EXP 	notsickHighlight: text = u'_'
6.2123 	EXP 	sickHighlight: opacity = 0
6.2123 	EXP 	notsickHighlight: opacity = 1
6.2123 	EXP 	sickHighlight: text = u'_'
6.2123 	EXP 	notsickHighlight: text = u'_'
6.2381 	EXP 	sickHighlight: opacity = 0
6.2381 	EXP 	notsickHighlight: opacity = 1
6.2381 	EXP 	sickHighlight: text = u'_'
6.2381 	EXP 	notsickHighlight: text = u'_'
6.2523 	EXP 	sickHighlight: opacity = 0
6.2523 	EXP 	notsickHighlight: opacity = 1
6.2523 	EXP 	sickHighlight: text = u'_'
6.2523 	EXP 	notsickHighlight: text = u'_'
6.2716 	EXP 	sickHighlight: opacity = 0
6.2716 	EXP 	notsickHighlight: opacity = 1
6.2716 	EXP 	sickHighlight: text = u'_'
6.2716 	EXP 	notsickHighlight: text = u'_'
6.2858 	EXP 	sickHighlight: opacity = 0
6.2858 	EXP 	notsickHighlight: opacity = 1
6.2858 	EXP 	sickHighlight: text = u'_'
6.2858 	EXP 	notsickHighlight: text = u'_'
6.3049 	EXP 	sickHighlight: opacity = 0
6.3049 	EXP 	notsickHighlight: opacity = 1
6.3049 	EXP 	sickHighlight: text = u'_'
6.3049 	EXP 	notsickHighlight: text = u'_'
6.3190 	EXP 	sickHighlight: opacity = 0
6.3190 	EXP 	notsickHighlight: opacity = 1
6.3190 	EXP 	sickHighlight: text = u'_'
6.3190 	EXP 	notsickHighlight: text = u'_'
6.3383 	EXP 	sickHighlight: opacity = 0
6.3383 	EXP 	notsickHighlight: opacity = 1
6.3383 	EXP 	sickHighlight: text = u'_'
6.3383 	EXP 	notsickHighlight: text = u'_'
6.3550 	EXP 	sickHighlight: opacity = 0
6.3550 	EXP 	notsickHighlight: opacity = 1
6.3550 	EXP 	sickHighlight: text = u'_'
6.3550 	EXP 	notsickHighlight: text = u'_'
6.3695 	EXP 	sickHighlight: opacity = 0
6.3695 	EXP 	notsickHighlight: opacity = 1
6.3695 	EXP 	sickHighlight: text = u'_'
6.3695 	EXP 	notsickHighlight: text = u'_'
6.3882 	EXP 	sickHighlight: opacity = 0
6.3882 	EXP 	notsickHighlight: opacity = 1
6.3882 	EXP 	sickHighlight: text = u'_'
6.3882 	EXP 	notsickHighlight: text = u'_'
6.4050 	EXP 	sickHighlight: opacity = 0
6.4050 	EXP 	notsickHighlight: opacity = 1
6.4050 	EXP 	sickHighlight: text = u'_'
6.4050 	EXP 	notsickHighlight: text = u'_'
6.4218 	EXP 	sickHighlight: opacity = 0
6.4218 	EXP 	notsickHighlight: opacity = 1
6.4218 	EXP 	sickHighlight: text = u'_'
6.4218 	EXP 	notsickHighlight: text = u'_'
6.4364 	EXP 	sickHighlight: opacity = 0
6.4364 	EXP 	notsickHighlight: opacity = 1
6.4364 	EXP 	sickHighlight: text = u'_'
6.4364 	EXP 	notsickHighlight: text = u'_'
6.4550 	EXP 	sickHighlight: opacity = 0
6.4550 	EXP 	notsickHighlight: opacity = 1
6.4550 	EXP 	sickHighlight: text = u'_'
6.4550 	EXP 	notsickHighlight: text = u'_'
6.4717 	EXP 	sickHighlight: opacity = 0
6.4717 	EXP 	notsickHighlight: opacity = 1
6.4717 	EXP 	sickHighlight: text = u'_'
6.4717 	EXP 	notsickHighlight: text = u'_'
6.4862 	EXP 	sickHighlight: opacity = 0
6.4862 	EXP 	notsickHighlight: opacity = 1
6.4862 	EXP 	sickHighlight: text = u'_'
6.4862 	EXP 	notsickHighlight: text = u'_'
6.5047 	EXP 	sickHighlight: opacity = 0
6.5047 	EXP 	notsickHighlight: opacity = 1
6.5047 	EXP 	sickHighlight: text = u'_'
6.5047 	EXP 	notsickHighlight: text = u'_'
6.5191 	EXP 	sickHighlight: opacity = 0
6.5191 	EXP 	notsickHighlight: opacity = 1
6.5191 	EXP 	sickHighlight: text = u'_'
6.5191 	EXP 	notsickHighlight: text = u'_'
6.5383 	EXP 	sickHighlight: opacity = 0
6.5383 	EXP 	notsickHighlight: opacity = 1
6.5383 	EXP 	sickHighlight: text = u'_'
6.5383 	EXP 	notsickHighlight: text = u'_'
6.5551 	EXP 	sickHighlight: opacity = 0
6.5551 	EXP 	notsickHighlight: opacity = 1
6.5551 	EXP 	sickHighlight: text = u'_'
6.5551 	EXP 	notsickHighlight: text = u'_'
6.5715 	EXP 	sickHighlight: opacity = 0
6.5715 	EXP 	notsickHighlight: opacity = 1
6.5715 	EXP 	sickHighlight: text = u'_'
6.5715 	EXP 	notsickHighlight: text = u'_'
6.5885 	EXP 	sickHighlight: opacity = 0
6.5885 	EXP 	notsickHighlight: opacity = 1
6.5885 	EXP 	sickHighlight: text = u'_'
6.5885 	EXP 	notsickHighlight: text = u'_'
6.6027 	EXP 	sickHighlight: opacity = 0
6.6027 	EXP 	notsickHighlight: opacity = 1
6.6027 	EXP 	sickHighlight: text = u'_'
6.6027 	EXP 	notsickHighlight: text = u'_'
6.6217 	EXP 	sickHighlight: opacity = 0
6.6217 	EXP 	notsickHighlight: opacity = 1
6.6217 	EXP 	sickHighlight: text = u'_'
6.6217 	EXP 	notsickHighlight: text = u'_'
6.6362 	EXP 	sickHighlight: opacity = 0
6.6362 	EXP 	notsickHighlight: opacity = 1
6.6362 	EXP 	sickHighlight: text = u'_'
6.6362 	EXP 	notsickHighlight: text = u'_'
6.6552 	EXP 	sickHighlight: opacity = 0
6.6552 	EXP 	notsickHighlight: opacity = 1
6.6552 	EXP 	sickHighlight: text = u'_'
6.6552 	EXP 	notsickHighlight: text = u'_'
6.6698 	EXP 	sickHighlight: opacity = 0
6.6698 	EXP 	notsickHighlight: opacity = 1
6.6698 	EXP 	sickHighlight: text = u'_'
6.6698 	EXP 	notsickHighlight: text = u'_'
6.6883 	EXP 	sickHighlight: opacity = 0
6.6883 	EXP 	notsickHighlight: opacity = 1
6.6883 	EXP 	sickHighlight: text = u'_'
6.6883 	EXP 	notsickHighlight: text = u'_'
6.7025 	EXP 	sickHighlight: opacity = 0
6.7025 	EXP 	notsickHighlight: opacity = 1
6.7025 	EXP 	sickHighlight: text = u'_'
6.7025 	EXP 	notsickHighlight: text = u'_'
6.7215 	EXP 	sickHighlight: opacity = 0
6.7215 	EXP 	notsickHighlight: opacity = 1
6.7215 	EXP 	sickHighlight: text = u'_'
6.7215 	EXP 	notsickHighlight: text = u'_'
6.7355 	EXP 	sickHighlight: opacity = 0
6.7355 	EXP 	notsickHighlight: opacity = 1
6.7355 	EXP 	sickHighlight: text = u'_'
6.7355 	EXP 	notsickHighlight: text = u'_'
6.7548 	EXP 	sickHighlight: opacity = 0
6.7548 	EXP 	notsickHighlight: opacity = 1
6.7548 	EXP 	sickHighlight: text = u'_'
6.7548 	EXP 	notsickHighlight: text = u'_'
6.7692 	EXP 	sickHighlight: opacity = 0
6.7692 	EXP 	notsickHighlight: opacity = 1
6.7692 	EXP 	sickHighlight: text = u'_'
6.7692 	EXP 	notsickHighlight: text = u'_'
6.7883 	EXP 	sickHighlight: opacity = 0
6.7883 	EXP 	notsickHighlight: opacity = 1
6.7883 	EXP 	sickHighlight: text = u'_'
6.7883 	EXP 	notsickHighlight: text = u'_'
6.8128 	EXP 	sickHighlight: opacity = 0
6.8128 	EXP 	notsickHighlight: opacity = 1
6.8128 	EXP 	sickHighlight: text = u'_'
6.8128 	EXP 	notsickHighlight: text = u'_'
6.8271 	EXP 	sickHighlight: opacity = 0
6.8271 	EXP 	notsickHighlight: opacity = 1
6.8271 	EXP 	sickHighlight: text = u'_'
6.8271 	EXP 	notsickHighlight: text = u'_'
6.8456 	EXP 	sickHighlight: opacity = 0
6.8456 	EXP 	notsickHighlight: opacity = 1
6.8456 	EXP 	sickHighlight: text = u'_'
6.8456 	EXP 	notsickHighlight: text = u'_'
6.8623 	EXP 	sickHighlight: opacity = 0
6.8623 	EXP 	notsickHighlight: opacity = 1
6.8623 	EXP 	sickHighlight: text = u'_'
6.8623 	EXP 	notsickHighlight: text = u'_'
6.8785 	EXP 	sickHighlight: opacity = 0
6.8785 	EXP 	notsickHighlight: opacity = 1
6.8785 	EXP 	sickHighlight: text = u'_'
6.8785 	EXP 	notsickHighlight: text = u'_'
6.8956 	EXP 	sickHighlight: opacity = 0
6.8956 	EXP 	notsickHighlight: opacity = 1
6.8956 	EXP 	sickHighlight: text = u'_'
6.8956 	EXP 	notsickHighlight: text = u'_'
6.9128 	EXP 	sickHighlight: opacity = 0
6.9128 	EXP 	notsickHighlight: opacity = 1
6.9128 	EXP 	sickHighlight: text = u'_'
6.9128 	EXP 	notsickHighlight: text = u'_'
6.9288 	EXP 	sickHighlight: opacity = 0
6.9288 	EXP 	notsickHighlight: opacity = 1
6.9288 	EXP 	sickHighlight: text = u'_'
6.9288 	EXP 	notsickHighlight: text = u'_'
6.9461 	EXP 	sickHighlight: opacity = 0
6.9461 	EXP 	notsickHighlight: opacity = 1
6.9461 	EXP 	sickHighlight: text = u'_'
6.9461 	EXP 	notsickHighlight: text = u'_'
6.9622 	EXP 	sickHighlight: opacity = 0
6.9622 	EXP 	notsickHighlight: opacity = 1
6.9622 	EXP 	sickHighlight: text = u'_'
6.9622 	EXP 	notsickHighlight: text = u'_'
6.9795 	EXP 	sickHighlight: opacity = 0
6.9795 	EXP 	notsickHighlight: opacity = 1
6.9795 	EXP 	sickHighlight: text = u'_'
6.9795 	EXP 	notsickHighlight: text = u'_'
6.9935 	EXP 	sickHighlight: opacity = 0
6.9935 	EXP 	notsickHighlight: opacity = 1
6.9935 	EXP 	sickHighlight: text = u'_'
6.9935 	EXP 	notsickHighlight: text = u'_'
7.0129 	EXP 	sickHighlight: opacity = 0
7.0129 	EXP 	notsickHighlight: opacity = 1
7.0129 	EXP 	sickHighlight: text = u'_'
7.0129 	EXP 	notsickHighlight: text = u'_'
7.0268 	EXP 	sickHighlight: opacity = 0
7.0268 	EXP 	notsickHighlight: opacity = 1
7.0268 	EXP 	sickHighlight: text = u'_'
7.0268 	EXP 	notsickHighlight: text = u'_'
7.0461 	EXP 	sickHighlight: opacity = 0
7.0461 	EXP 	notsickHighlight: opacity = 1
7.0461 	EXP 	sickHighlight: text = u'_'
7.0461 	EXP 	notsickHighlight: text = u'_'
7.0624 	EXP 	sickHighlight: opacity = 0
7.0624 	EXP 	notsickHighlight: opacity = 1
7.0624 	EXP 	sickHighlight: text = u'_'
7.0624 	EXP 	notsickHighlight: text = u'_'
7.0764 	EXP 	sickHighlight: opacity = 0
7.0764 	EXP 	notsickHighlight: opacity = 1
7.0764 	EXP 	sickHighlight: text = u'_'
7.0764 	EXP 	notsickHighlight: text = u'_'
7.1382 	EXP 	trialInstrText: autoDraw = False
7.1382 	EXP 	restaurantText: autoDraw = False
7.1382 	EXP 	foodImg: autoDraw = False
7.1382 	EXP 	sickImg: autoDraw = False
7.1382 	EXP 	notsickImg: autoDraw = False
7.1382 	EXP 	sickHighlight: autoDraw = False
7.1382 	EXP 	notsickHighlight: autoDraw = False
7.1382 	EXP 	sickHighlight: opacity = 0
7.1382 	EXP 	notsickHighlight: opacity = 1
7.1382 	EXP 	sickHighlight: text = u'_'
7.1382 	EXP 	notsickHighlight: text = u'_'
7.1382 	EXP 	correctText: autoDraw = True
7.1382 	EXP 	wrongText: autoDraw = True
7.1382 	EXP 	timeoutText: autoDraw = True
7.1382 	EXP 	sickFeedback: autoDraw = True
7.1382 	EXP 	notsickFeedback: autoDraw = True
7.1382 	EXP 	gotSickText: autoDraw = True
7.1382 	EXP 	didntGetSickText: autoDraw = True
7.1382 	EXP 	correctText: opacity = 0.0
7.1382 	EXP 	wrongText: opacity = 1.0
7.1382 	EXP 	sickFeedback: opacity = 1.0
7.1382 	EXP 	notsickFeedback: opacity = 0.0
7.1382 	EXP 	gotSickText: opacity = 1.0
7.1382 	EXP 	didntGetSickText: opacity = 0.0
7.1382 	EXP 	correctText: text = u'CORRECT'
7.1382 	EXP 	wrongText: text = u'WRONG'
7.1382 	EXP 	gotSickText: text = u'The customer got sick!'
7.1382 	EXP 	didntGetSickText: text = u"The customer didn't get sick!"
7.1534 	EXP 	sickHighlight: opacity = 0
7.1534 	EXP 	notsickHighlight: opacity = 1
7.1534 	EXP 	sickHighlight: text = u'_'
7.1534 	EXP 	notsickHighlight: text = u'_'
7.1715 	EXP 	sickHighlight: opacity = 0
7.1715 	EXP 	notsickHighlight: opacity = 1
7.1715 	EXP 	sickHighlight: text = u'_'
7.1715 	EXP 	notsickHighlight: text = u'_'
7.1861 	EXP 	sickHighlight: opacity = 0
7.1861 	EXP 	notsickHighlight: opacity = 1
7.1861 	EXP 	sickHighlight: text = u'_'
7.1861 	EXP 	notsickHighlight: text = u'_'
7.2026 	EXP 	sickHighlight: opacity = 0
7.2026 	EXP 	notsickHighlight: opacity = 1
7.2026 	EXP 	sickHighlight: text = u'_'
7.2026 	EXP 	notsickHighlight: text = u'_'
7.2215 	EXP 	sickHighlight: opacity = 0
7.2215 	EXP 	notsickHighlight: opacity = 1
7.2215 	EXP 	sickHighlight: text = u'_'
7.2215 	EXP 	notsickHighlight: text = u'_'
7.2360 	EXP 	sickHighlight: opacity = 0
7.2360 	EXP 	notsickHighlight: opacity = 1
7.2360 	EXP 	sickHighlight: text = u'_'
7.2360 	EXP 	notsickHighlight: text = u'_'
7.2552 	EXP 	sickHighlight: opacity = 0
7.2552 	EXP 	notsickHighlight: opacity = 1
7.2552 	EXP 	sickHighlight: text = u'_'
7.2552 	EXP 	notsickHighlight: text = u'_'
7.2701 	EXP 	sickHighlight: opacity = 0
7.2701 	EXP 	notsickHighlight: opacity = 1
7.2701 	EXP 	sickHighlight: text = u'_'
7.2701 	EXP 	notsickHighlight: text = u'_'
7.2882 	EXP 	sickHighlight: opacity = 0
7.2882 	EXP 	notsickHighlight: opacity = 1
7.2882 	EXP 	sickHighlight: text = u'_'
7.2882 	EXP 	notsickHighlight: text = u'_'
7.3036 	EXP 	sickHighlight: opacity = 0
7.3036 	EXP 	notsickHighlight: opacity = 1
7.3036 	EXP 	sickHighlight: text = u'_'
7.3036 	EXP 	notsickHighlight: text = u'_'
7.3192 	EXP 	sickHighlight: opacity = 0
7.3192 	EXP 	notsickHighlight: opacity = 1
7.3192 	EXP 	sickHighlight: text = u'_'
7.3192 	EXP 	notsickHighlight: text = u'_'
7.3383 	EXP 	sickHighlight: opacity = 0
7.3383 	EXP 	notsickHighlight: opacity = 1
7.3383 	EXP 	sickHighlight: text = u'_'
7.3383 	EXP 	notsickHighlight: text = u'_'
7.3534 	EXP 	sickHighlight: opacity = 0
7.3534 	EXP 	notsickHighlight: opacity = 1
7.3534 	EXP 	sickHighlight: text = u'_'
7.3534 	EXP 	notsickHighlight: text = u'_'
7.3716 	EXP 	sickHighlight: opacity = 0
7.3716 	EXP 	notsickHighlight: opacity = 1
7.3716 	EXP 	sickHighlight: text = u'_'
7.3716 	EXP 	notsickHighlight: text = u'_'
7.3855 	EXP 	sickHighlight: opacity = 0
7.3855 	EXP 	notsickHighlight: opacity = 1
7.3855 	EXP 	sickHighlight: text = u'_'
7.3855 	EXP 	notsickHighlight: text = u'_'
7.4023 	EXP 	sickHighlight: opacity = 0
7.4023 	EXP 	notsickHighlight: opacity = 1
7.4023 	EXP 	sickHighlight: text = u'_'
7.4023 	EXP 	notsickHighlight: text = u'_'
7.4224 	EXP 	sickHighlight: opacity = 0
7.4224 	EXP 	notsickHighlight: opacity = 1
7.4224 	EXP 	sickHighlight: text = u'_'
7.4224 	EXP 	notsickHighlight: text = u'_'
7.4399 	EXP 	sickHighlight: opacity = 0
7.4399 	EXP 	notsickHighlight: opacity = 1
7.4399 	EXP 	sickHighlight: text = u'_'
7.4399 	EXP 	notsickHighlight: text = u'_'
7.4628 	EXP 	sickHighlight: opacity = 0
7.4628 	EXP 	notsickHighlight: opacity = 1
7.4628 	EXP 	sickHighlight: text = u'_'
7.4628 	EXP 	notsickHighlight: text = u'_'
7.4769 	EXP 	sickHighlight: opacity = 0
7.4769 	EXP 	notsickHighlight: opacity = 1
7.4769 	EXP 	sickHighlight: text = u'_'
7.4769 	EXP 	notsickHighlight: text = u'_'
7.4967 	EXP 	sickHighlight: opacity = 0
7.4967 	EXP 	notsickHighlight: opacity = 1
7.4967 	EXP 	sickHighlight: text = u'_'
7.4967 	EXP 	notsickHighlight: text = u'_'
7.5107 	EXP 	sickHighlight: opacity = 0
7.5107 	EXP 	notsickHighlight: opacity = 1
7.5107 	EXP 	sickHighlight: text = u'_'
7.5107 	EXP 	notsickHighlight: text = u'_'
7.5263 	EXP 	sickHighlight: opacity = 0
7.5263 	EXP 	notsickHighlight: opacity = 1
7.5263 	EXP 	sickHighlight: text = u'_'
7.5263 	EXP 	notsickHighlight: text = u'_'
7.5456 	EXP 	sickHighlight: opacity = 0
7.5456 	EXP 	notsickHighlight: opacity = 1
7.5456 	EXP 	sickHighlight: text = u'_'
7.5456 	EXP 	notsickHighlight: text = u'_'
7.5609 	EXP 	sickHighlight: opacity = 0
7.5609 	EXP 	notsickHighlight: opacity = 1
7.5609 	EXP 	sickHighlight: text = u'_'
7.5609 	EXP 	notsickHighlight: text = u'_'
7.5797 	EXP 	sickHighlight: opacity = 0
7.5797 	EXP 	notsickHighlight: opacity = 1
7.5797 	EXP 	sickHighlight: text = u'_'
7.5797 	EXP 	notsickHighlight: text = u'_'
7.6052 	EXP 	sickHighlight: opacity = 0
7.6052 	EXP 	notsickHighlight: opacity = 1
7.6052 	EXP 	sickHighlight: text = u'_'
7.6052 	EXP 	notsickHighlight: text = u'_'
7.6296 	EXP 	sickHighlight: opacity = 0
7.6296 	EXP 	notsickHighlight: opacity = 1
7.6296 	EXP 	sickHighlight: text = u'_'
7.6296 	EXP 	notsickHighlight: text = u'_'
7.6446 	EXP 	sickHighlight: opacity = 0
7.6446 	EXP 	notsickHighlight: opacity = 1
7.6446 	EXP 	sickHighlight: text = u'_'
7.6446 	EXP 	notsickHighlight: text = u'_'
7.6625 	EXP 	sickHighlight: opacity = 0
7.6625 	EXP 	notsickHighlight: opacity = 1
7.6625 	EXP 	sickHighlight: text = u'_'
7.6625 	EXP 	notsickHighlight: text = u'_'
7.6885 	EXP 	sickHighlight: opacity = 0
7.6885 	EXP 	notsickHighlight: opacity = 1
7.6885 	EXP 	sickHighlight: text = u'_'
7.6885 	EXP 	notsickHighlight: text = u'_'
7.7125 	EXP 	sickHighlight: opacity = 0
7.7125 	EXP 	notsickHighlight: opacity = 1
7.7125 	EXP 	sickHighlight: text = u'_'
7.7125 	EXP 	notsickHighlight: text = u'_'
7.7275 	EXP 	sickHighlight: opacity = 0
7.7275 	EXP 	notsickHighlight: opacity = 1
7.7275 	EXP 	sickHighlight: text = u'_'
7.7275 	EXP 	notsickHighlight: text = u'_'
7.7464 	EXP 	sickHighlight: opacity = 0
7.7464 	EXP 	notsickHighlight: opacity = 1
7.7464 	EXP 	sickHighlight: text = u'_'
7.7464 	EXP 	notsickHighlight: text = u'_'
7.7718 	EXP 	sickHighlight: opacity = 0
7.7718 	EXP 	notsickHighlight: opacity = 1
7.7718 	EXP 	sickHighlight: text = u'_'
7.7718 	EXP 	notsickHighlight: text = u'_'
7.7871 	EXP 	sickHighlight: opacity = 0
7.7871 	EXP 	notsickHighlight: opacity = 1
7.7871 	EXP 	sickHighlight: text = u'_'
7.7871 	EXP 	notsickHighlight: text = u'_'
7.8052 	EXP 	sickHighlight: opacity = 0
7.8052 	EXP 	notsickHighlight: opacity = 1
7.8052 	EXP 	sickHighlight: text = u'_'
7.8052 	EXP 	notsickHighlight: text = u'_'
7.8205 	EXP 	sickHighlight: opacity = 0
7.8205 	EXP 	notsickHighlight: opacity = 1
7.8205 	EXP 	sickHighlight: text = u'_'
7.8205 	EXP 	notsickHighlight: text = u'_'
7.8383 	EXP 	sickHighlight: opacity = 0
7.8383 	EXP 	notsickHighlight: opacity = 1
7.8383 	EXP 	sickHighlight: text = u'_'
7.8383 	EXP 	notsickHighlight: text = u'_'
7.8526 	EXP 	sickHighlight: opacity = 0
7.8526 	EXP 	notsickHighlight: opacity = 1
7.8526 	EXP 	sickHighlight: text = u'_'
7.8526 	EXP 	notsickHighlight: text = u'_'
7.8718 	EXP 	sickHighlight: opacity = 0
7.8718 	EXP 	notsickHighlight: opacity = 1
7.8718 	EXP 	sickHighlight: text = u'_'
7.8718 	EXP 	notsickHighlight: text = u'_'
7.8962 	EXP 	sickHighlight: opacity = 0
7.8962 	EXP 	notsickHighlight: opacity = 1
7.8962 	EXP 	sickHighlight: text = u'_'
7.8962 	EXP 	notsickHighlight: text = u'_'
7.9113 	EXP 	sickHighlight: opacity = 0
7.9113 	EXP 	notsickHighlight: opacity = 1
7.9113 	EXP 	sickHighlight: text = u'_'
7.9113 	EXP 	notsickHighlight: text = u'_'
7.9300 	EXP 	sickHighlight: opacity = 0
7.9300 	EXP 	notsickHighlight: opacity = 1
7.9300 	EXP 	sickHighlight: text = u'_'
7.9300 	EXP 	notsickHighlight: text = u'_'
7.9443 	EXP 	sickHighlight: opacity = 0
7.9443 	EXP 	notsickHighlight: opacity = 1
7.9443 	EXP 	sickHighlight: text = u'_'
7.9443 	EXP 	notsickHighlight: text = u'_'
7.9631 	EXP 	sickHighlight: opacity = 0
7.9631 	EXP 	notsickHighlight: opacity = 1
7.9631 	EXP 	sickHighlight: text = u'_'
7.9631 	EXP 	notsickHighlight: text = u'_'
7.9778 	EXP 	sickHighlight: opacity = 0
7.9778 	EXP 	notsickHighlight: opacity = 1
7.9778 	EXP 	sickHighlight: text = u'_'
7.9778 	EXP 	notsickHighlight: text = u'_'
7.9965 	EXP 	sickHighlight: opacity = 0
7.9965 	EXP 	notsickHighlight: opacity = 1
7.9965 	EXP 	sickHighlight: text = u'_'
7.9965 	EXP 	notsickHighlight: text = u'_'
8.0219 	EXP 	sickHighlight: opacity = 0
8.0219 	EXP 	notsickHighlight: opacity = 1
8.0219 	EXP 	sickHighlight: text = u'_'
8.0219 	EXP 	notsickHighlight: text = u'_'
8.0372 	EXP 	sickHighlight: opacity = 0
8.0372 	EXP 	notsickHighlight: opacity = 1
8.0372 	EXP 	sickHighlight: text = u'_'
8.0372 	EXP 	notsickHighlight: text = u'_'
8.0550 	EXP 	sickHighlight: opacity = 0
8.0550 	EXP 	notsickHighlight: opacity = 1
8.0550 	EXP 	sickHighlight: text = u'_'
8.0550 	EXP 	notsickHighlight: text = u'_'
8.0694 	EXP 	sickHighlight: opacity = 0
8.0694 	EXP 	notsickHighlight: opacity = 1
8.0694 	EXP 	sickHighlight: text = u'_'
8.0694 	EXP 	notsickHighlight: text = u'_'
8.0885 	EXP 	sickHighlight: opacity = 0
8.0885 	EXP 	notsickHighlight: opacity = 1
8.0885 	EXP 	sickHighlight: text = u'_'
8.0885 	EXP 	notsickHighlight: text = u'_'
8.0885 	EXP 	correctText: autoDraw = False
8.0885 	EXP 	wrongText: autoDraw = False
8.0885 	EXP 	timeoutText: autoDraw = False
8.0885 	EXP 	sickFeedback: autoDraw = False
8.0885 	EXP 	notsickFeedback: autoDraw = False
8.0885 	EXP 	gotSickText: autoDraw = False
8.0885 	EXP 	didntGetSickText: autoDraw = False
8.0951 	EXP 	window1: recordFrameIntervals = False
8.1062 	EXP 	fixationJitterText: autoDraw = True
8.1062 	EXP 	sickHighlight: opacity = 0
8.1062 	EXP 	notsickHighlight: opacity = 1
8.1062 	EXP 	sickHighlight: text = u'_'
8.1062 	EXP 	notsickHighlight: text = u'_'
8.1123 	EXP 	window1: recordFrameIntervals = False
8.5477 	DATA 	Keypress: escape
