0.3298 	WARNING 	Movie2 stim could not be imported and won't be available
0.5796 	WARNING 	TextBox stim could not be imported and won't be available.
0.5796 	WARNING 	TextBox Font Manager Found No Fonts.
2.6881 	EXP 	Created window1 = Window(allowGUI=False, allowStencil=False, autoLog=True, bitsMode=UNKNOWN, blendMode='avg', color=array([ 0.,  0.,  0.]), colorSpace='rgb', fullscr=UNKNOWN, gamma=None, lms=UNKNOWN, monitor=<psychopy.monitors.calibTools.Monitor instance at 0xe6937b0>, name='window1', pos=[0, 0], screen=0, size=array([1440,  900]), stereo=False, units=u'norm', useFBO=True, viewOri=0.0, viewPos=None, viewScale=None, waitBlanking=True, winType='pyglet')
2.6881 	EXP 	window1: recordFrameIntervals = False
2.8530 	EXP 	window1: recordFrameIntervals = True
3.0366 	EXP 	window1: recordFrameIntervals = False
3.1138 	EXP 	Created trialInstrText = TextStim(alignHoriz='center', alignVert='center', antialias=True, autoLog=True, bold=False, color=u'black', colorSpace='named', contrast=1.0, depth=-1.0, flipHoriz=False, flipVert=False, font=u'Arial', fontFiles=[], height=0.1, italic=False, name='trialInstrText', opacity=1.0, ori=0, pos=array([ 0. ,  0.8]), rgb=array([ 0.,  0.,  0.]), text=unicode(...), units=u'norm', win=Window(...), wrapWidth=20)
3.1235 	EXP 	Created restaurantText = TextStim(alignHoriz='center', alignVert='center', antialias=True, autoLog=True, bold=False, color=u'blue', colorSpace='named', contrast=1.0, depth=-2.0, flipHoriz=False, flipVert=False, font=u'Arial', fontFiles=[], height=0.1, italic=False, name='restaurantText', opacity=1.0, ori=0, pos=array([ 0.  ,  0.35]), rgb=array([   0.,    0.,  255.]), text=u'default text', units=u'norm', win=Window(...), wrapWidth=1)
3.1272 	EXP 	Created foodImg = ImageStim(autoLog=True, color=array([ 1.,  1.,  1.]), colorSpace='rgb', contrast=1.0, depth=-3.0, flipHoriz=False, flipVert=False, image='sin', interpolate=True, mask=None, maskParams=None, name='foodImg', opacity=1.0, ori=0.0, pos=array([ 0.,  0.]), size=array([ 0.5,  0.5]), texRes=128, units=u'norm', win=Window(...))
3.1335 	EXP 	Created fixationJitterText = TextStim(alignHoriz='center', alignVert='center', antialias=True, autoLog=True, bold=False, color=u'black', colorSpace='named', contrast=1.0, depth=-4.0, flipHoriz=False, flipVert=False, font=u'Arial', fontFiles=[], height=0.1, italic=False, name='fixationJitterText', opacity=1.0, ori=0, pos=array([ 0.,  0.]), rgb=array([ 0.,  0.,  0.]), text=u'+', units=u'norm', win=Window(...), wrapWidth=1)
3.1409 	EXP 	Created sickImg = ImageStim(autoLog=True, color=array([ 1.,  1.,  1.]), colorSpace='rgb', contrast=1.0, depth=-6.0, flipHoriz=False, flipVert=False, image=u'images/sick.png', interpolate=True, mask=None, maskParams=None, name='sickImg', opacity=1.0, ori=0.0, pos=array([-0.5, -0.6]), size=array([ 0.3 ,  0.45]), texRes=128, units=u'norm', win=Window(...))
3.1450 	EXP 	Created notsickImg = ImageStim(autoLog=True, color=array([ 1.,  1.,  1.]), colorSpace='rgb', contrast=1.0, depth=-7.0, flipHoriz=False, flipVert=False, image=u'images/smiley.png', interpolate=True, mask=None, maskParams=None, name='notsickImg', opacity=1.0, ori=0.0, pos=array([ 0.5, -0.6]), size=array([ 0.3 ,  0.45]), texRes=128, units=u'norm', win=Window(...))
3.1490 	EXP 	Created fixationITIText = TextStim(alignHoriz='center', alignVert='center', antialias=True, autoLog=True, bold=False, color=u'black', colorSpace='named', contrast=1.0, depth=-9.0, flipHoriz=False, flipVert=False, font=u'Arial', fontFiles=[], height=0.1, italic=False, name='fixationITIText', opacity=1.0, ori=0, pos=array([ 0.,  0.]), rgb=array([ 0.,  0.,  0.]), text=u'+', units=u'norm', win=Window(...), wrapWidth=1)
3.1566 	EXP 	Imported irrelevant.xlsx as conditions, 4 conditions, 4 params
3.1569 	EXP 	Created sequence: random, trialTypes=4, nReps=1, seed=None
3.1574 	EXP 	New trial (rep=0, index=0): {u'food': u'mexican_food2', u'corrAns': u'right', u'sick': u'No', u'restaurant': u"Molina's Cantina"}
3.1715 	EXP 	window1: recordFrameIntervals = False
3.1867 	EXP 	restaurantText: text = u"Molina's Cantina"
3.1867 	EXP 	foodImg: image = u'foods/mexican_food2.png'
3.1867 	EXP 	fixationITIText: autoDraw = True
3.1868 	EXP 	window1: recordFrameIntervals = False
3.9771 	DATA 	Keypress: left
4.0205 	DATA 	Keypress: left
4.1871 	EXP 	window1: recordFrameIntervals = False
4.2032 	EXP 	trialInstrText: autoDraw = True
4.2032 	EXP 	restaurantText: autoDraw = True
4.2032 	EXP 	foodImg: autoDraw = True
4.2032 	EXP 	sickImg: autoDraw = True
4.2032 	EXP 	notsickImg: autoDraw = True
4.2032 	EXP 	fixationITIText: autoDraw = False
4.2035 	EXP 	window1: recordFrameIntervals = False
6.9927 	DATA 	Keypress: left
6.9936 	DATA 	Keypress: right
6.9940 	DATA 	Keypress: left
6.9943 	DATA 	Keypress: right
6.9947 	DATA 	Keypress: space
6.9950 	DATA 	Keypress: space
6.9953 	DATA 	Keypress: space
6.9956 	DATA 	Keypress: space
6.9959 	DATA 	Keypress: space
6.9963 	DATA 	Keypress: space
6.9966 	DATA 	Keypress: space
7.2041 	EXP 	window1: recordFrameIntervals = False
7.2206 	EXP 	trialInstrText: autoDraw = False
7.2206 	EXP 	restaurantText: autoDraw = False
7.2206 	EXP 	foodImg: autoDraw = False
7.2206 	EXP 	fixationJitterText: autoDraw = True
7.2206 	EXP 	sickImg: autoDraw = False
7.2206 	EXP 	notsickImg: autoDraw = False
7.2208 	EXP 	window1: recordFrameIntervals = False
7.7212 	EXP 	New trial (rep=0, index=1): {u'food': u'mexican_food1', u'corrAns': u'left', u'sick': u'Yes', u'restaurant': u'Restaurante Arroyo'}
7.7328 	EXP 	window1: recordFrameIntervals = False
7.7455 	EXP 	trialInstrText: autoDraw = False
7.7455 	EXP 	restaurantText: autoDraw = False
7.7455 	EXP 	foodImg: autoDraw = False
7.7455 	EXP 	fixationJitterText: autoDraw = False
7.7455 	EXP 	sickImg: autoDraw = False
7.7455 	EXP 	notsickImg: autoDraw = False
7.7455 	EXP 	fixationITIText: autoDraw = False
7.7455 	EXP 	restaurantText: text = u'Restaurante Arroyo'
7.7455 	EXP 	foodImg: image = u'foods/mexican_food1.png'
7.7455 	EXP 	fixationITIText: autoDraw = True
7.7458 	EXP 	window1: recordFrameIntervals = False
8.5384 	DATA 	Keypress: escape
8.5389 	DATA 	Keypress: escape
8.5394 	DATA 	Keypress: escape
8.6762 	DATA 	Keypress: escape
