0.3157 	WARNING 	Movie2 stim could not be imported and won't be available
0.5761 	WARNING 	TextBox stim could not be imported and won't be available.
0.5761 	WARNING 	TextBox Font Manager Found No Fonts.
3.1158 	EXP 	Created window1 = Window(allowGUI=False, allowStencil=False, autoLog=True, bitsMode=UNKNOWN, blendMode='avg', color=array([ 0.,  0.,  0.]), colorSpace='rgb', fullscr=UNKNOWN, gamma=None, lms=UNKNOWN, monitor=<psychopy.monitors.calibTools.Monitor instance at 0xe8e1850>, name='window1', pos=[0, 0], screen=0, size=array([1440,  900]), stereo=False, units=u'norm', useFBO=True, viewOri=0.0, viewPos=None, viewScale=None, waitBlanking=True, winType='pyglet')
3.1158 	EXP 	window1: recordFrameIntervals = False
3.2809 	EXP 	window1: recordFrameIntervals = True
3.4643 	EXP 	window1: recordFrameIntervals = False
3.5327 	EXP 	Created trialInstrText = TextStim(alignHoriz='center', alignVert='center', antialias=True, autoLog=True, bold=False, color=u'black', colorSpace='named', contrast=1.0, depth=-1.0, flipHoriz=False, flipVert=False, font=u'Arial', fontFiles=[], height=0.1, italic=False, name='trialInstrText', opacity=1.0, ori=0, pos=array([ 0. ,  0.8]), rgb=array([ 0.,  0.,  0.]), text=unicode(...), units=u'norm', win=Window(...), wrapWidth=20)
3.5394 	EXP 	Created restaurantText = TextStim(alignHoriz='center', alignVert='center', antialias=True, autoLog=True, bold=False, color=u'blue', colorSpace='named', contrast=1.0, depth=-2.0, flipHoriz=False, flipVert=False, font=u'Arial', fontFiles=[], height=0.1, italic=False, name='restaurantText', opacity=1.0, ori=0, pos=array([ 0.  ,  0.35]), rgb=array([   0.,    0.,  255.]), text=u'default text', units=u'norm', win=Window(...), wrapWidth=1)
3.5422 	EXP 	Created foodImg = ImageStim(autoLog=True, color=array([ 1.,  1.,  1.]), colorSpace='rgb', contrast=1.0, depth=-3.0, flipHoriz=False, flipVert=False, image='sin', interpolate=True, mask=None, maskParams=None, name='foodImg', opacity=1.0, ori=0.0, pos=array([ 0.,  0.]), size=array([ 0.5,  0.5]), texRes=128, units=u'norm', win=Window(...))
3.5479 	EXP 	Created fixationJitterText = TextStim(alignHoriz='center', alignVert='center', antialias=True, autoLog=True, bold=False, color=u'black', colorSpace='named', contrast=1.0, depth=-4.0, flipHoriz=False, flipVert=False, font=u'Arial', fontFiles=[], height=0.1, italic=False, name='fixationJitterText', opacity=1.0, ori=0, pos=array([ 0.,  0.]), rgb=array([ 0.,  0.,  0.]), text=u'+', units=u'norm', win=Window(...), wrapWidth=1)
3.5526 	EXP 	Created sickImg = ImageStim(autoLog=True, color=array([ 1.,  1.,  1.]), colorSpace='rgb', contrast=1.0, depth=-6.0, flipHoriz=False, flipVert=False, image=u'images/sick.png', interpolate=True, mask=None, maskParams=None, name='sickImg', opacity=1.0, ori=0.0, pos=array([-0.5, -0.6]), size=array([ 0.3 ,  0.45]), texRes=128, units=u'norm', win=Window(...))
3.5551 	EXP 	Created notsickImg = ImageStim(autoLog=True, color=array([ 1.,  1.,  1.]), colorSpace='rgb', contrast=1.0, depth=-7.0, flipHoriz=False, flipVert=False, image=u'images/smiley.png', interpolate=True, mask=None, maskParams=None, name='notsickImg', opacity=1.0, ori=0.0, pos=array([ 0.5, -0.6]), size=array([ 0.3 ,  0.45]), texRes=128, units=u'norm', win=Window(...))
3.5577 	EXP 	Created fixationITIText = TextStim(alignHoriz='center', alignVert='center', antialias=True, autoLog=True, bold=False, color=u'black', colorSpace='named', contrast=1.0, depth=-8.0, flipHoriz=False, flipVert=False, font=u'Arial', fontFiles=[], height=0.1, italic=False, name='fixationITIText', opacity=1.0, ori=0, pos=array([ 0.,  0.]), rgb=array([ 0.,  0.,  0.]), text=u'+', units=u'norm', win=Window(...), wrapWidth=1)
3.5621 	EXP 	Created sickHighlight = TextStim(alignHoriz='center', alignVert='center', antialias=True, autoLog=True, bold=False, color=u'white', colorSpace='named', contrast=1.0, depth=-10.0, flipHoriz=False, flipVert=False, font=u'Arial', fontFiles=[], height=1.0, italic=False, name='sickHighlight', opacity=1.0, ori=0, pos=array([-0.5 , -0.35]), rgb=array([ 255.,  255.,  255.]), text=u'_', units=u'norm', win=Window(...), wrapWidth=1)
3.5646 	EXP 	Created notsickHighlight = TextStim(alignHoriz='center', alignVert='center', antialias=True, autoLog=True, bold=False, color=u'white', colorSpace='named', contrast=1.0, depth=-11.0, flipHoriz=False, flipVert=False, font=u'Arial', fontFiles=[], height=1, italic=False, name='notsickHighlight', opacity=1.0, ori=0, pos=array([ 0.5 , -0.35]), rgb=array([ 255.,  255.,  255.]), text=u'_', units=u'norm', win=Window(...), wrapWidth=1)
3.5710 	EXP 	Imported irrelevant.xlsx as conditions, 4 conditions, 4 params
3.5713 	EXP 	Created sequence: random, trialTypes=4, nReps=1, seed=None
3.5718 	EXP 	New trial (rep=0, index=0): {u'food': u'mexican_food2', u'corrAns': u'right', u'sick': u'No', u'restaurant': u"Molina's Cantina"}
3.5964 	EXP 	window1: recordFrameIntervals = False
3.6141 	EXP 	restaurantText: text = u"Molina's Cantina"
3.6141 	EXP 	foodImg: image = u'foods/mexican_food2.png'
3.6141 	EXP 	sickHighlight: opacity = 0.0
3.6141 	EXP 	notsickHighlight: opacity = 0.0
3.6141 	EXP 	sickHighlight: text = u'_'
3.6141 	EXP 	notsickHighlight: text = u'_'
3.6141 	EXP 	fixationITIText: autoDraw = True
3.6141 	EXP 	sickHighlight: text = u'_'
3.6141 	EXP 	notsickHighlight: text = u'_'
3.6204 	EXP 	window1: recordFrameIntervals = False
4.6141 	EXP 	sickHighlight: text = u'_'
4.6141 	EXP 	notsickHighlight: text = u'_'
4.6644 	EXP 	trialInstrText: autoDraw = True
4.6644 	EXP 	restaurantText: autoDraw = True
4.6644 	EXP 	foodImg: autoDraw = True
4.6644 	EXP 	sickImg: autoDraw = True
4.6644 	EXP 	notsickImg: autoDraw = True
4.6644 	EXP 	fixationITIText: autoDraw = False
4.6644 	EXP 	sickHighlight: autoDraw = True
4.6644 	EXP 	notsickHighlight: autoDraw = True
4.6644 	EXP 	sickHighlight: text = u'_'
4.6644 	EXP 	notsickHighlight: text = u'_'
4.6873 	EXP 	sickHighlight: text = u'_'
4.6873 	EXP 	notsickHighlight: text = u'_'
4.7046 	EXP 	sickHighlight: text = u'_'
4.7046 	EXP 	notsickHighlight: text = u'_'
4.7300 	EXP 	sickHighlight: text = u'_'
4.7300 	EXP 	notsickHighlight: text = u'_'
4.7467 	EXP 	sickHighlight: text = u'_'
4.7467 	EXP 	notsickHighlight: text = u'_'
4.7636 	EXP 	sickHighlight: text = u'_'
4.7636 	EXP 	notsickHighlight: text = u'_'
4.7802 	EXP 	sickHighlight: text = u'_'
4.7802 	EXP 	notsickHighlight: text = u'_'
4.7939 	EXP 	sickHighlight: text = u'_'
4.7939 	EXP 	notsickHighlight: text = u'_'
4.8134 	EXP 	sickHighlight: text = u'_'
4.8134 	EXP 	notsickHighlight: text = u'_'
4.8300 	EXP 	sickHighlight: text = u'_'
4.8300 	EXP 	notsickHighlight: text = u'_'
4.8464 	EXP 	sickHighlight: text = u'_'
4.8464 	EXP 	notsickHighlight: text = u'_'
4.8635 	EXP 	sickHighlight: text = u'_'
4.8635 	EXP 	notsickHighlight: text = u'_'
4.8797 	EXP 	sickHighlight: text = u'_'
4.8797 	EXP 	notsickHighlight: text = u'_'
4.8966 	EXP 	sickHighlight: text = u'_'
4.8966 	EXP 	notsickHighlight: text = u'_'
4.9134 	EXP 	sickHighlight: text = u'_'
4.9134 	EXP 	notsickHighlight: text = u'_'
4.9193 	DATA 	Keypress: left
4.9301 	EXP 	sickHighlight: text = u'_'
4.9301 	EXP 	notsickHighlight: text = u'_'
4.9465 	EXP 	sickHighlight: opacity = 1
4.9465 	EXP 	notsickHighlight: opacity = 0
4.9465 	EXP 	sickHighlight: text = u'_'
4.9465 	EXP 	notsickHighlight: text = u'_'
4.9630 	EXP 	sickHighlight: opacity = 1
4.9630 	EXP 	notsickHighlight: opacity = 0
4.9630 	EXP 	sickHighlight: text = u'_'
4.9630 	EXP 	notsickHighlight: text = u'_'
4.9799 	EXP 	sickHighlight: opacity = 1
4.9799 	EXP 	notsickHighlight: opacity = 0
4.9799 	EXP 	sickHighlight: text = u'_'
4.9799 	EXP 	notsickHighlight: text = u'_'
4.9967 	EXP 	sickHighlight: opacity = 1
4.9967 	EXP 	notsickHighlight: opacity = 0
4.9967 	EXP 	sickHighlight: text = u'_'
4.9967 	EXP 	notsickHighlight: text = u'_'
5.0132 	EXP 	sickHighlight: opacity = 1
5.0132 	EXP 	notsickHighlight: opacity = 0
5.0132 	EXP 	sickHighlight: text = u'_'
5.0132 	EXP 	notsickHighlight: text = u'_'
5.0300 	EXP 	sickHighlight: opacity = 1
5.0300 	EXP 	notsickHighlight: opacity = 0
5.0300 	EXP 	sickHighlight: text = u'_'
5.0300 	EXP 	notsickHighlight: text = u'_'
5.0304 	DATA 	Keypress: right
5.0464 	EXP 	sickHighlight: opacity = 0
5.0464 	EXP 	notsickHighlight: opacity = 1
5.0464 	EXP 	sickHighlight: text = u'_'
5.0464 	EXP 	notsickHighlight: text = u'_'
5.0634 	EXP 	sickHighlight: opacity = 0
5.0634 	EXP 	notsickHighlight: opacity = 1
5.0634 	EXP 	sickHighlight: text = u'_'
5.0634 	EXP 	notsickHighlight: text = u'_'
5.0802 	EXP 	sickHighlight: opacity = 0
5.0802 	EXP 	notsickHighlight: opacity = 1
5.0802 	EXP 	sickHighlight: text = u'_'
5.0802 	EXP 	notsickHighlight: text = u'_'
5.0942 	EXP 	sickHighlight: opacity = 0
5.0942 	EXP 	notsickHighlight: opacity = 1
5.0942 	EXP 	sickHighlight: text = u'_'
5.0942 	EXP 	notsickHighlight: text = u'_'
5.1135 	EXP 	sickHighlight: opacity = 0
5.1135 	EXP 	notsickHighlight: opacity = 1
5.1135 	EXP 	sickHighlight: text = u'_'
5.1135 	EXP 	notsickHighlight: text = u'_'
5.1233 	DATA 	Keypress: left
5.1377 	EXP 	sickHighlight: opacity = 0
5.1377 	EXP 	notsickHighlight: opacity = 1
5.1377 	EXP 	sickHighlight: text = u'_'
5.1377 	EXP 	notsickHighlight: text = u'_'
5.1636 	EXP 	sickHighlight: opacity = 1
5.1636 	EXP 	notsickHighlight: opacity = 0
5.1636 	EXP 	sickHighlight: text = u'_'
5.1636 	EXP 	notsickHighlight: text = u'_'
5.1780 	EXP 	sickHighlight: opacity = 1
5.1780 	EXP 	notsickHighlight: opacity = 0
5.1780 	EXP 	sickHighlight: text = u'_'
5.1780 	EXP 	notsickHighlight: text = u'_'
5.1968 	EXP 	sickHighlight: opacity = 1
5.1968 	EXP 	notsickHighlight: opacity = 0
5.1968 	EXP 	sickHighlight: text = u'_'
5.1968 	EXP 	notsickHighlight: text = u'_'
5.2112 	EXP 	sickHighlight: opacity = 1
5.2112 	EXP 	notsickHighlight: opacity = 0
5.2112 	EXP 	sickHighlight: text = u'_'
5.2112 	EXP 	notsickHighlight: text = u'_'
5.2300 	EXP 	sickHighlight: opacity = 1
5.2300 	EXP 	notsickHighlight: opacity = 0
5.2300 	EXP 	sickHighlight: text = u'_'
5.2300 	EXP 	notsickHighlight: text = u'_'
5.2306 	DATA 	Keypress: right
5.2443 	EXP 	sickHighlight: opacity = 0
5.2443 	EXP 	notsickHighlight: opacity = 1
5.2443 	EXP 	sickHighlight: text = u'_'
5.2443 	EXP 	notsickHighlight: text = u'_'
5.2635 	EXP 	sickHighlight: opacity = 0
5.2635 	EXP 	notsickHighlight: opacity = 1
5.2635 	EXP 	sickHighlight: text = u'_'
5.2635 	EXP 	notsickHighlight: text = u'_'
5.2882 	EXP 	sickHighlight: opacity = 0
5.2882 	EXP 	notsickHighlight: opacity = 1
5.2882 	EXP 	sickHighlight: text = u'_'
5.2882 	EXP 	notsickHighlight: text = u'_'
5.3134 	EXP 	sickHighlight: opacity = 0
5.3134 	EXP 	notsickHighlight: opacity = 1
5.3134 	EXP 	sickHighlight: text = u'_'
5.3134 	EXP 	notsickHighlight: text = u'_'
5.3301 	EXP 	sickHighlight: opacity = 0
5.3301 	EXP 	notsickHighlight: opacity = 1
5.3301 	EXP 	sickHighlight: text = u'_'
5.3301 	EXP 	notsickHighlight: text = u'_'
5.3469 	EXP 	sickHighlight: opacity = 0
5.3469 	EXP 	notsickHighlight: opacity = 1
5.3469 	EXP 	sickHighlight: text = u'_'
5.3469 	EXP 	notsickHighlight: text = u'_'
5.3608 	EXP 	sickHighlight: opacity = 0
5.3608 	EXP 	notsickHighlight: opacity = 1
5.3608 	EXP 	sickHighlight: text = u'_'
5.3608 	EXP 	notsickHighlight: text = u'_'
5.3691 	DATA 	Keypress: right
5.3802 	EXP 	sickHighlight: opacity = 0
5.3802 	EXP 	notsickHighlight: opacity = 1
5.3802 	EXP 	sickHighlight: text = u'_'
5.3802 	EXP 	notsickHighlight: text = u'_'
5.3969 	EXP 	sickHighlight: opacity = 0
5.3969 	EXP 	notsickHighlight: opacity = 1
5.3969 	EXP 	sickHighlight: text = u'_'
5.3969 	EXP 	notsickHighlight: text = u'_'
5.4106 	EXP 	sickHighlight: opacity = 0
5.4106 	EXP 	notsickHighlight: opacity = 1
5.4106 	EXP 	sickHighlight: text = u'_'
5.4106 	EXP 	notsickHighlight: text = u'_'
5.4301 	EXP 	sickHighlight: opacity = 0
5.4301 	EXP 	notsickHighlight: opacity = 1
5.4301 	EXP 	sickHighlight: text = u'_'
5.4301 	EXP 	notsickHighlight: text = u'_'
5.4470 	EXP 	sickHighlight: opacity = 0
5.4470 	EXP 	notsickHighlight: opacity = 1
5.4470 	EXP 	sickHighlight: text = u'_'
5.4470 	EXP 	notsickHighlight: text = u'_'
5.4636 	EXP 	sickHighlight: opacity = 0
5.4636 	EXP 	notsickHighlight: opacity = 1
5.4636 	EXP 	sickHighlight: text = u'_'
5.4636 	EXP 	notsickHighlight: text = u'_'
5.4805 	EXP 	sickHighlight: opacity = 0
5.4805 	EXP 	notsickHighlight: opacity = 1
5.4805 	EXP 	sickHighlight: text = u'_'
5.4805 	EXP 	notsickHighlight: text = u'_'
5.4942 	EXP 	sickHighlight: opacity = 0
5.4942 	EXP 	notsickHighlight: opacity = 1
5.4942 	EXP 	sickHighlight: text = u'_'
5.4942 	EXP 	notsickHighlight: text = u'_'
5.5133 	EXP 	sickHighlight: opacity = 0
5.5133 	EXP 	notsickHighlight: opacity = 1
5.5133 	EXP 	sickHighlight: text = u'_'
5.5133 	EXP 	notsickHighlight: text = u'_'
5.5301 	EXP 	sickHighlight: opacity = 0
5.5301 	EXP 	notsickHighlight: opacity = 1
5.5301 	EXP 	sickHighlight: text = u'_'
5.5301 	EXP 	notsickHighlight: text = u'_'
5.5467 	EXP 	sickHighlight: opacity = 0
5.5467 	EXP 	notsickHighlight: opacity = 1
5.5467 	EXP 	sickHighlight: text = u'_'
5.5467 	EXP 	notsickHighlight: text = u'_'
5.5472 	DATA 	Keypress: right
5.5636 	EXP 	sickHighlight: opacity = 0
5.5636 	EXP 	notsickHighlight: opacity = 1
5.5636 	EXP 	sickHighlight: text = u'_'
5.5636 	EXP 	notsickHighlight: text = u'_'
5.5799 	EXP 	sickHighlight: opacity = 0
5.5799 	EXP 	notsickHighlight: opacity = 1
5.5799 	EXP 	sickHighlight: text = u'_'
5.5799 	EXP 	notsickHighlight: text = u'_'
5.5969 	EXP 	sickHighlight: opacity = 0
5.5969 	EXP 	notsickHighlight: opacity = 1
5.5969 	EXP 	sickHighlight: text = u'_'
5.5969 	EXP 	notsickHighlight: text = u'_'
5.6136 	EXP 	sickHighlight: opacity = 0
5.6136 	EXP 	notsickHighlight: opacity = 1
5.6136 	EXP 	sickHighlight: text = u'_'
5.6136 	EXP 	notsickHighlight: text = u'_'
5.6300 	EXP 	sickHighlight: opacity = 0
5.6300 	EXP 	notsickHighlight: opacity = 1
5.6300 	EXP 	sickHighlight: text = u'_'
5.6300 	EXP 	notsickHighlight: text = u'_'
5.6467 	EXP 	sickHighlight: opacity = 0
5.6467 	EXP 	notsickHighlight: opacity = 1
5.6467 	EXP 	sickHighlight: text = u'_'
5.6467 	EXP 	notsickHighlight: text = u'_'
5.6472 	DATA 	Keypress: left
5.6612 	EXP 	sickHighlight: opacity = 1
5.6612 	EXP 	notsickHighlight: opacity = 0
5.6612 	EXP 	sickHighlight: text = u'_'
5.6612 	EXP 	notsickHighlight: text = u'_'
5.6802 	EXP 	sickHighlight: opacity = 1
5.6802 	EXP 	notsickHighlight: opacity = 0
5.6802 	EXP 	sickHighlight: text = u'_'
5.6802 	EXP 	notsickHighlight: text = u'_'
5.6940 	EXP 	sickHighlight: opacity = 1
5.6940 	EXP 	notsickHighlight: opacity = 0
5.6940 	EXP 	sickHighlight: text = u'_'
5.6940 	EXP 	notsickHighlight: text = u'_'
5.7133 	EXP 	sickHighlight: opacity = 1
5.7133 	EXP 	notsickHighlight: opacity = 0
5.7133 	EXP 	sickHighlight: text = u'_'
5.7133 	EXP 	notsickHighlight: text = u'_'
5.7301 	EXP 	sickHighlight: opacity = 1
5.7301 	EXP 	notsickHighlight: opacity = 0
5.7301 	EXP 	sickHighlight: text = u'_'
5.7301 	EXP 	notsickHighlight: text = u'_'
5.7468 	EXP 	sickHighlight: opacity = 1
5.7468 	EXP 	notsickHighlight: opacity = 0
5.7468 	EXP 	sickHighlight: text = u'_'
5.7468 	EXP 	notsickHighlight: text = u'_'
5.7636 	EXP 	sickHighlight: opacity = 1
5.7636 	EXP 	notsickHighlight: opacity = 0
5.7636 	EXP 	sickHighlight: text = u'_'
5.7636 	EXP 	notsickHighlight: text = u'_'
5.7775 	EXP 	sickHighlight: opacity = 1
5.7775 	EXP 	notsickHighlight: opacity = 0
5.7775 	EXP 	sickHighlight: text = u'_'
5.7775 	EXP 	notsickHighlight: text = u'_'
5.7867 	DATA 	Keypress: right
5.7968 	EXP 	sickHighlight: opacity = 1
5.7968 	EXP 	notsickHighlight: opacity = 0
5.7968 	EXP 	sickHighlight: text = u'_'
5.7968 	EXP 	notsickHighlight: text = u'_'
5.8136 	EXP 	sickHighlight: opacity = 0
5.8136 	EXP 	notsickHighlight: opacity = 1
5.8136 	EXP 	sickHighlight: text = u'_'
5.8136 	EXP 	notsickHighlight: text = u'_'
5.8299 	EXP 	sickHighlight: opacity = 0
5.8299 	EXP 	notsickHighlight: opacity = 1
5.8299 	EXP 	sickHighlight: text = u'_'
5.8299 	EXP 	notsickHighlight: text = u'_'
5.8470 	EXP 	sickHighlight: opacity = 0
5.8470 	EXP 	notsickHighlight: opacity = 1
5.8470 	EXP 	sickHighlight: text = u'_'
5.8470 	EXP 	notsickHighlight: text = u'_'
5.8610 	EXP 	sickHighlight: opacity = 0
5.8610 	EXP 	notsickHighlight: opacity = 1
5.8610 	EXP 	sickHighlight: text = u'_'
5.8610 	EXP 	notsickHighlight: text = u'_'
5.8803 	EXP 	sickHighlight: opacity = 0
5.8803 	EXP 	notsickHighlight: opacity = 1
5.8803 	EXP 	sickHighlight: text = u'_'
5.8803 	EXP 	notsickHighlight: text = u'_'
5.8943 	EXP 	sickHighlight: opacity = 0
5.8943 	EXP 	notsickHighlight: opacity = 1
5.8943 	EXP 	sickHighlight: text = u'_'
5.8943 	EXP 	notsickHighlight: text = u'_'
5.9136 	EXP 	sickHighlight: opacity = 0
5.9136 	EXP 	notsickHighlight: opacity = 1
5.9136 	EXP 	sickHighlight: text = u'_'
5.9136 	EXP 	notsickHighlight: text = u'_'
5.9278 	EXP 	sickHighlight: opacity = 0
5.9278 	EXP 	notsickHighlight: opacity = 1
5.9278 	EXP 	sickHighlight: text = u'_'
5.9278 	EXP 	notsickHighlight: text = u'_'
5.9468 	EXP 	sickHighlight: opacity = 0
5.9468 	EXP 	notsickHighlight: opacity = 1
5.9468 	EXP 	sickHighlight: text = u'_'
5.9468 	EXP 	notsickHighlight: text = u'_'
5.9636 	EXP 	sickHighlight: opacity = 0
5.9636 	EXP 	notsickHighlight: opacity = 1
5.9636 	EXP 	sickHighlight: text = u'_'
5.9636 	EXP 	notsickHighlight: text = u'_'
5.9801 	EXP 	sickHighlight: opacity = 0
5.9801 	EXP 	notsickHighlight: opacity = 1
5.9801 	EXP 	sickHighlight: text = u'_'
5.9801 	EXP 	notsickHighlight: text = u'_'
5.9969 	EXP 	sickHighlight: opacity = 0
5.9969 	EXP 	notsickHighlight: opacity = 1
5.9969 	EXP 	sickHighlight: text = u'_'
5.9969 	EXP 	notsickHighlight: text = u'_'
6.0109 	EXP 	sickHighlight: opacity = 0
6.0109 	EXP 	notsickHighlight: opacity = 1
6.0109 	EXP 	sickHighlight: text = u'_'
6.0109 	EXP 	notsickHighlight: text = u'_'
6.0301 	EXP 	sickHighlight: opacity = 0
6.0301 	EXP 	notsickHighlight: opacity = 1
6.0301 	EXP 	sickHighlight: text = u'_'
6.0301 	EXP 	notsickHighlight: text = u'_'
6.0470 	EXP 	sickHighlight: opacity = 0
6.0470 	EXP 	notsickHighlight: opacity = 1
6.0470 	EXP 	sickHighlight: text = u'_'
6.0470 	EXP 	notsickHighlight: text = u'_'
6.0635 	EXP 	sickHighlight: opacity = 0
6.0635 	EXP 	notsickHighlight: opacity = 1
6.0635 	EXP 	sickHighlight: text = u'_'
6.0635 	EXP 	notsickHighlight: text = u'_'
6.0803 	EXP 	sickHighlight: opacity = 0
6.0803 	EXP 	notsickHighlight: opacity = 1
6.0803 	EXP 	sickHighlight: text = u'_'
6.0803 	EXP 	notsickHighlight: text = u'_'
6.0808 	DATA 	Keypress: left
6.0943 	EXP 	sickHighlight: opacity = 1
6.0943 	EXP 	notsickHighlight: opacity = 0
6.0943 	EXP 	sickHighlight: text = u'_'
6.0943 	EXP 	notsickHighlight: text = u'_'
6.1135 	EXP 	sickHighlight: opacity = 1
6.1135 	EXP 	notsickHighlight: opacity = 0
6.1135 	EXP 	sickHighlight: text = u'_'
6.1135 	EXP 	notsickHighlight: text = u'_'
6.1299 	EXP 	sickHighlight: opacity = 1
6.1299 	EXP 	notsickHighlight: opacity = 0
6.1299 	EXP 	sickHighlight: text = u'_'
6.1299 	EXP 	notsickHighlight: text = u'_'
6.1467 	EXP 	sickHighlight: opacity = 1
6.1467 	EXP 	notsickHighlight: opacity = 0
6.1467 	EXP 	sickHighlight: text = u'_'
6.1467 	EXP 	notsickHighlight: text = u'_'
6.1637 	EXP 	sickHighlight: opacity = 1
6.1637 	EXP 	notsickHighlight: opacity = 0
6.1637 	EXP 	sickHighlight: text = u'_'
6.1637 	EXP 	notsickHighlight: text = u'_'
6.1782 	EXP 	sickHighlight: opacity = 1
6.1782 	EXP 	notsickHighlight: opacity = 0
6.1782 	EXP 	sickHighlight: text = u'_'
6.1782 	EXP 	notsickHighlight: text = u'_'
6.1970 	EXP 	sickHighlight: opacity = 1
6.1970 	EXP 	notsickHighlight: opacity = 0
6.1970 	EXP 	sickHighlight: text = u'_'
6.1970 	EXP 	notsickHighlight: text = u'_'
6.2136 	EXP 	sickHighlight: opacity = 1
6.2136 	EXP 	notsickHighlight: opacity = 0
6.2136 	EXP 	sickHighlight: text = u'_'
6.2136 	EXP 	notsickHighlight: text = u'_'
6.2304 	EXP 	sickHighlight: opacity = 1
6.2304 	EXP 	notsickHighlight: opacity = 0
6.2304 	EXP 	sickHighlight: text = u'_'
6.2304 	EXP 	notsickHighlight: text = u'_'
6.2468 	EXP 	sickHighlight: opacity = 1
6.2468 	EXP 	notsickHighlight: opacity = 0
6.2468 	EXP 	sickHighlight: text = u'_'
6.2468 	EXP 	notsickHighlight: text = u'_'
6.2637 	EXP 	sickHighlight: opacity = 1
6.2637 	EXP 	notsickHighlight: opacity = 0
6.2637 	EXP 	sickHighlight: text = u'_'
6.2637 	EXP 	notsickHighlight: text = u'_'
6.2744 	DATA 	Keypress: right
6.2889 	EXP 	sickHighlight: opacity = 1
6.2889 	EXP 	notsickHighlight: opacity = 0
6.2889 	EXP 	sickHighlight: text = u'_'
6.2889 	EXP 	notsickHighlight: text = u'_'
6.3030 	EXP 	sickHighlight: opacity = 0
6.3030 	EXP 	notsickHighlight: opacity = 1
6.3030 	EXP 	sickHighlight: text = u'_'
6.3030 	EXP 	notsickHighlight: text = u'_'
6.3218 	EXP 	sickHighlight: opacity = 0
6.3218 	EXP 	notsickHighlight: opacity = 1
6.3218 	EXP 	sickHighlight: text = u'_'
6.3218 	EXP 	notsickHighlight: text = u'_'
6.3384 	EXP 	sickHighlight: opacity = 0
6.3384 	EXP 	notsickHighlight: opacity = 1
6.3384 	EXP 	sickHighlight: text = u'_'
6.3384 	EXP 	notsickHighlight: text = u'_'
6.3526 	EXP 	sickHighlight: opacity = 0
6.3526 	EXP 	notsickHighlight: opacity = 1
6.3526 	EXP 	sickHighlight: text = u'_'
6.3526 	EXP 	notsickHighlight: text = u'_'
6.3723 	EXP 	sickHighlight: opacity = 0
6.3723 	EXP 	notsickHighlight: opacity = 1
6.3723 	EXP 	sickHighlight: text = u'_'
6.3723 	EXP 	notsickHighlight: text = u'_'
6.3889 	EXP 	sickHighlight: opacity = 0
6.3889 	EXP 	notsickHighlight: opacity = 1
6.3889 	EXP 	sickHighlight: text = u'_'
6.3889 	EXP 	notsickHighlight: text = u'_'
6.4049 	EXP 	sickHighlight: opacity = 0
6.4049 	EXP 	notsickHighlight: opacity = 1
6.4049 	EXP 	sickHighlight: text = u'_'
6.4049 	EXP 	notsickHighlight: text = u'_'
6.4217 	EXP 	sickHighlight: opacity = 0
6.4217 	EXP 	notsickHighlight: opacity = 1
6.4217 	EXP 	sickHighlight: text = u'_'
6.4217 	EXP 	notsickHighlight: text = u'_'
6.4386 	EXP 	sickHighlight: opacity = 0
6.4386 	EXP 	notsickHighlight: opacity = 1
6.4386 	EXP 	sickHighlight: text = u'_'
6.4386 	EXP 	notsickHighlight: text = u'_'
6.4555 	EXP 	sickHighlight: opacity = 0
6.4555 	EXP 	notsickHighlight: opacity = 1
6.4555 	EXP 	sickHighlight: text = u'_'
6.4555 	EXP 	notsickHighlight: text = u'_'
6.4718 	EXP 	sickHighlight: opacity = 0
6.4718 	EXP 	notsickHighlight: opacity = 1
6.4718 	EXP 	sickHighlight: text = u'_'
6.4718 	EXP 	notsickHighlight: text = u'_'
6.4885 	EXP 	sickHighlight: opacity = 0
6.4885 	EXP 	notsickHighlight: opacity = 1
6.4885 	EXP 	sickHighlight: text = u'_'
6.4885 	EXP 	notsickHighlight: text = u'_'
6.5057 	EXP 	sickHighlight: opacity = 0
6.5057 	EXP 	notsickHighlight: opacity = 1
6.5057 	EXP 	sickHighlight: text = u'_'
6.5057 	EXP 	notsickHighlight: text = u'_'
6.5129 	DATA 	Keypress: left
6.5201 	EXP 	sickHighlight: opacity = 0
6.5201 	EXP 	notsickHighlight: opacity = 1
6.5201 	EXP 	sickHighlight: text = u'_'
6.5201 	EXP 	notsickHighlight: text = u'_'
6.5391 	EXP 	sickHighlight: opacity = 1
6.5391 	EXP 	notsickHighlight: opacity = 0
6.5391 	EXP 	sickHighlight: text = u'_'
6.5391 	EXP 	notsickHighlight: text = u'_'
6.5532 	EXP 	sickHighlight: opacity = 1
6.5532 	EXP 	notsickHighlight: opacity = 0
6.5532 	EXP 	sickHighlight: text = u'_'
6.5532 	EXP 	notsickHighlight: text = u'_'
6.5725 	EXP 	sickHighlight: opacity = 1
6.5725 	EXP 	notsickHighlight: opacity = 0
6.5725 	EXP 	sickHighlight: text = u'_'
6.5725 	EXP 	notsickHighlight: text = u'_'
6.5883 	EXP 	sickHighlight: opacity = 1
6.5883 	EXP 	notsickHighlight: opacity = 0
6.5883 	EXP 	sickHighlight: text = u'_'
6.5883 	EXP 	notsickHighlight: text = u'_'
6.6053 	EXP 	sickHighlight: opacity = 1
6.6053 	EXP 	notsickHighlight: opacity = 0
6.6053 	EXP 	sickHighlight: text = u'_'
6.6053 	EXP 	notsickHighlight: text = u'_'
6.6225 	EXP 	sickHighlight: opacity = 1
6.6225 	EXP 	notsickHighlight: opacity = 0
6.6225 	EXP 	sickHighlight: text = u'_'
6.6225 	EXP 	notsickHighlight: text = u'_'
6.6382 	EXP 	sickHighlight: opacity = 1
6.6382 	EXP 	notsickHighlight: opacity = 0
6.6382 	EXP 	sickHighlight: text = u'_'
6.6382 	EXP 	notsickHighlight: text = u'_'
6.6554 	EXP 	sickHighlight: opacity = 1
6.6554 	EXP 	notsickHighlight: opacity = 0
6.6554 	EXP 	sickHighlight: text = u'_'
6.6554 	EXP 	notsickHighlight: text = u'_'
6.6716 	EXP 	sickHighlight: opacity = 1
6.6716 	EXP 	notsickHighlight: opacity = 0
6.6716 	EXP 	sickHighlight: text = u'_'
6.6716 	EXP 	notsickHighlight: text = u'_'
6.6891 	EXP 	sickHighlight: opacity = 1
6.6891 	EXP 	notsickHighlight: opacity = 0
6.6891 	EXP 	sickHighlight: text = u'_'
6.6891 	EXP 	notsickHighlight: text = u'_'
6.6897 	DATA 	Keypress: right
6.7034 	EXP 	sickHighlight: opacity = 0
6.7034 	EXP 	notsickHighlight: opacity = 1
6.7034 	EXP 	sickHighlight: text = u'_'
6.7034 	EXP 	notsickHighlight: text = u'_'
6.7225 	EXP 	sickHighlight: opacity = 0
6.7225 	EXP 	notsickHighlight: opacity = 1
6.7225 	EXP 	sickHighlight: text = u'_'
6.7225 	EXP 	notsickHighlight: text = u'_'
6.7369 	EXP 	sickHighlight: opacity = 0
6.7369 	EXP 	notsickHighlight: opacity = 1
6.7369 	EXP 	sickHighlight: text = u'_'
6.7369 	EXP 	notsickHighlight: text = u'_'
6.7559 	EXP 	sickHighlight: opacity = 0
6.7559 	EXP 	notsickHighlight: opacity = 1
6.7559 	EXP 	sickHighlight: text = u'_'
6.7559 	EXP 	notsickHighlight: text = u'_'
6.7722 	EXP 	sickHighlight: opacity = 0
6.7722 	EXP 	notsickHighlight: opacity = 1
6.7722 	EXP 	sickHighlight: text = u'_'
6.7722 	EXP 	notsickHighlight: text = u'_'
6.7891 	EXP 	sickHighlight: opacity = 0
6.7891 	EXP 	notsickHighlight: opacity = 1
6.7891 	EXP 	sickHighlight: text = u'_'
6.7891 	EXP 	notsickHighlight: text = u'_'
6.8031 	EXP 	sickHighlight: opacity = 0
6.8031 	EXP 	notsickHighlight: opacity = 1
6.8031 	EXP 	sickHighlight: text = u'_'
6.8031 	EXP 	notsickHighlight: text = u'_'
6.8225 	EXP 	sickHighlight: opacity = 0
6.8225 	EXP 	notsickHighlight: opacity = 1
6.8225 	EXP 	sickHighlight: text = u'_'
6.8225 	EXP 	notsickHighlight: text = u'_'
6.8384 	EXP 	sickHighlight: opacity = 0
6.8384 	EXP 	notsickHighlight: opacity = 1
6.8384 	EXP 	sickHighlight: text = u'_'
6.8384 	EXP 	notsickHighlight: text = u'_'
6.8530 	EXP 	sickHighlight: opacity = 0
6.8530 	EXP 	notsickHighlight: opacity = 1
6.8530 	EXP 	sickHighlight: text = u'_'
6.8530 	EXP 	notsickHighlight: text = u'_'
6.8726 	EXP 	sickHighlight: opacity = 0
6.8726 	EXP 	notsickHighlight: opacity = 1
6.8726 	EXP 	sickHighlight: text = u'_'
6.8726 	EXP 	notsickHighlight: text = u'_'
6.8864 	EXP 	sickHighlight: opacity = 0
6.8864 	EXP 	notsickHighlight: opacity = 1
6.8864 	EXP 	sickHighlight: text = u'_'
6.8864 	EXP 	notsickHighlight: text = u'_'
6.9061 	EXP 	sickHighlight: opacity = 0
6.9061 	EXP 	notsickHighlight: opacity = 1
6.9061 	EXP 	sickHighlight: text = u'_'
6.9061 	EXP 	notsickHighlight: text = u'_'
6.9223 	EXP 	sickHighlight: opacity = 0
6.9223 	EXP 	notsickHighlight: opacity = 1
6.9223 	EXP 	sickHighlight: text = u'_'
6.9223 	EXP 	notsickHighlight: text = u'_'
6.9228 	DATA 	Keypress: left
6.9390 	EXP 	sickHighlight: opacity = 1
6.9390 	EXP 	notsickHighlight: opacity = 0
6.9390 	EXP 	sickHighlight: text = u'_'
6.9390 	EXP 	notsickHighlight: text = u'_'
6.9530 	EXP 	sickHighlight: opacity = 1
6.9530 	EXP 	notsickHighlight: opacity = 0
6.9530 	EXP 	sickHighlight: text = u'_'
6.9530 	EXP 	notsickHighlight: text = u'_'
6.9727 	EXP 	sickHighlight: opacity = 1
6.9727 	EXP 	notsickHighlight: opacity = 0
6.9727 	EXP 	sickHighlight: text = u'_'
6.9727 	EXP 	notsickHighlight: text = u'_'
6.9883 	EXP 	sickHighlight: opacity = 1
6.9883 	EXP 	notsickHighlight: opacity = 0
6.9883 	EXP 	sickHighlight: text = u'_'
6.9883 	EXP 	notsickHighlight: text = u'_'
7.0054 	EXP 	sickHighlight: opacity = 1
7.0054 	EXP 	notsickHighlight: opacity = 0
7.0054 	EXP 	sickHighlight: text = u'_'
7.0054 	EXP 	notsickHighlight: text = u'_'
7.0224 	EXP 	sickHighlight: opacity = 1
7.0224 	EXP 	notsickHighlight: opacity = 0
7.0224 	EXP 	sickHighlight: text = u'_'
7.0224 	EXP 	notsickHighlight: text = u'_'
7.0385 	EXP 	sickHighlight: opacity = 1
7.0385 	EXP 	notsickHighlight: opacity = 0
7.0385 	EXP 	sickHighlight: text = u'_'
7.0385 	EXP 	notsickHighlight: text = u'_'
7.0561 	EXP 	sickHighlight: opacity = 1
7.0561 	EXP 	notsickHighlight: opacity = 0
7.0561 	EXP 	sickHighlight: text = u'_'
7.0561 	EXP 	notsickHighlight: text = u'_'
7.0727 	EXP 	sickHighlight: opacity = 1
7.0727 	EXP 	notsickHighlight: opacity = 0
7.0727 	EXP 	sickHighlight: text = u'_'
7.0727 	EXP 	notsickHighlight: text = u'_'
7.0892 	EXP 	sickHighlight: opacity = 1
7.0892 	EXP 	notsickHighlight: opacity = 0
7.0892 	EXP 	sickHighlight: text = u'_'
7.0892 	EXP 	notsickHighlight: text = u'_'
7.1052 	EXP 	sickHighlight: opacity = 1
7.1052 	EXP 	notsickHighlight: opacity = 0
7.1052 	EXP 	sickHighlight: text = u'_'
7.1052 	EXP 	notsickHighlight: text = u'_'
7.1224 	EXP 	sickHighlight: opacity = 1
7.1224 	EXP 	notsickHighlight: opacity = 0
7.1224 	EXP 	sickHighlight: text = u'_'
7.1224 	EXP 	notsickHighlight: text = u'_'
7.1392 	EXP 	sickHighlight: opacity = 1
7.1392 	EXP 	notsickHighlight: opacity = 0
7.1392 	EXP 	sickHighlight: text = u'_'
7.1392 	EXP 	notsickHighlight: text = u'_'
7.1558 	EXP 	sickHighlight: opacity = 1
7.1558 	EXP 	notsickHighlight: opacity = 0
7.1558 	EXP 	sickHighlight: text = u'_'
7.1558 	EXP 	notsickHighlight: text = u'_'
7.1635 	DATA 	Keypress: right
7.1721 	EXP 	sickHighlight: opacity = 1
7.1721 	EXP 	notsickHighlight: opacity = 0
7.1721 	EXP 	sickHighlight: text = u'_'
7.1721 	EXP 	notsickHighlight: text = u'_'
7.1890 	EXP 	sickHighlight: opacity = 0
7.1890 	EXP 	notsickHighlight: opacity = 1
7.1890 	EXP 	sickHighlight: text = u'_'
7.1890 	EXP 	notsickHighlight: text = u'_'
7.2030 	EXP 	sickHighlight: opacity = 0
7.2030 	EXP 	notsickHighlight: opacity = 1
7.2030 	EXP 	sickHighlight: text = u'_'
7.2030 	EXP 	notsickHighlight: text = u'_'
7.2225 	EXP 	sickHighlight: opacity = 0
7.2225 	EXP 	notsickHighlight: opacity = 1
7.2225 	EXP 	sickHighlight: text = u'_'
7.2225 	EXP 	notsickHighlight: text = u'_'
7.2391 	EXP 	sickHighlight: opacity = 0
7.2391 	EXP 	notsickHighlight: opacity = 1
7.2391 	EXP 	sickHighlight: text = u'_'
7.2391 	EXP 	notsickHighlight: text = u'_'
7.2558 	EXP 	sickHighlight: opacity = 0
7.2558 	EXP 	notsickHighlight: opacity = 1
7.2558 	EXP 	sickHighlight: text = u'_'
7.2558 	EXP 	notsickHighlight: text = u'_'
7.2725 	EXP 	sickHighlight: opacity = 0
7.2725 	EXP 	notsickHighlight: opacity = 1
7.2725 	EXP 	sickHighlight: text = u'_'
7.2725 	EXP 	notsickHighlight: text = u'_'
7.2891 	EXP 	sickHighlight: opacity = 0
7.2891 	EXP 	notsickHighlight: opacity = 1
7.2891 	EXP 	sickHighlight: text = u'_'
7.2891 	EXP 	notsickHighlight: text = u'_'
7.3060 	EXP 	sickHighlight: opacity = 0
7.3060 	EXP 	notsickHighlight: opacity = 1
7.3060 	EXP 	sickHighlight: text = u'_'
7.3060 	EXP 	notsickHighlight: text = u'_'
7.3228 	EXP 	sickHighlight: opacity = 0
7.3228 	EXP 	notsickHighlight: opacity = 1
7.3228 	EXP 	sickHighlight: text = u'_'
7.3228 	EXP 	notsickHighlight: text = u'_'
7.3387 	EXP 	sickHighlight: opacity = 0
7.3387 	EXP 	notsickHighlight: opacity = 1
7.3387 	EXP 	sickHighlight: text = u'_'
7.3387 	EXP 	notsickHighlight: text = u'_'
7.3554 	EXP 	sickHighlight: opacity = 0
7.3554 	EXP 	notsickHighlight: opacity = 1
7.3554 	EXP 	sickHighlight: text = u'_'
7.3554 	EXP 	notsickHighlight: text = u'_'
7.3729 	EXP 	sickHighlight: opacity = 0
7.3729 	EXP 	notsickHighlight: opacity = 1
7.3729 	EXP 	sickHighlight: text = u'_'
7.3729 	EXP 	notsickHighlight: text = u'_'
7.3890 	EXP 	sickHighlight: opacity = 0
7.3890 	EXP 	notsickHighlight: opacity = 1
7.3890 	EXP 	sickHighlight: text = u'_'
7.3890 	EXP 	notsickHighlight: text = u'_'
7.4033 	EXP 	sickHighlight: opacity = 0
7.4033 	EXP 	notsickHighlight: opacity = 1
7.4033 	EXP 	sickHighlight: text = u'_'
7.4033 	EXP 	notsickHighlight: text = u'_'
7.4108 	DATA 	Keypress: left
7.4226 	EXP 	sickHighlight: opacity = 0
7.4226 	EXP 	notsickHighlight: opacity = 1
7.4226 	EXP 	sickHighlight: text = u'_'
7.4226 	EXP 	notsickHighlight: text = u'_'
7.4365 	EXP 	sickHighlight: opacity = 1
7.4365 	EXP 	notsickHighlight: opacity = 0
7.4365 	EXP 	sickHighlight: text = u'_'
7.4365 	EXP 	notsickHighlight: text = u'_'
7.4561 	EXP 	sickHighlight: opacity = 1
7.4561 	EXP 	notsickHighlight: opacity = 0
7.4561 	EXP 	sickHighlight: text = u'_'
7.4561 	EXP 	notsickHighlight: text = u'_'
7.4700 	EXP 	sickHighlight: opacity = 1
7.4700 	EXP 	notsickHighlight: opacity = 0
7.4700 	EXP 	sickHighlight: text = u'_'
7.4700 	EXP 	notsickHighlight: text = u'_'
7.4888 	EXP 	sickHighlight: opacity = 1
7.4888 	EXP 	notsickHighlight: opacity = 0
7.4888 	EXP 	sickHighlight: text = u'_'
7.4888 	EXP 	notsickHighlight: text = u'_'
7.5064 	EXP 	sickHighlight: opacity = 1
7.5064 	EXP 	notsickHighlight: opacity = 0
7.5064 	EXP 	sickHighlight: text = u'_'
7.5064 	EXP 	notsickHighlight: text = u'_'
7.5226 	EXP 	sickHighlight: opacity = 1
7.5226 	EXP 	notsickHighlight: opacity = 0
7.5226 	EXP 	sickHighlight: text = u'_'
7.5226 	EXP 	notsickHighlight: text = u'_'
7.5390 	EXP 	sickHighlight: opacity = 1
7.5390 	EXP 	notsickHighlight: opacity = 0
7.5390 	EXP 	sickHighlight: text = u'_'
7.5390 	EXP 	notsickHighlight: text = u'_'
7.5571 	EXP 	sickHighlight: opacity = 1
7.5571 	EXP 	notsickHighlight: opacity = 0
7.5571 	EXP 	sickHighlight: text = u'_'
7.5571 	EXP 	notsickHighlight: text = u'_'
7.5728 	EXP 	sickHighlight: opacity = 1
7.5728 	EXP 	notsickHighlight: opacity = 0
7.5728 	EXP 	sickHighlight: text = u'_'
7.5728 	EXP 	notsickHighlight: text = u'_'
7.5787 	EXP 	window1: recordFrameIntervals = False
7.5889 	EXP 	trialInstrText: autoDraw = False
7.5889 	EXP 	restaurantText: autoDraw = False
7.5889 	EXP 	foodImg: autoDraw = False
7.5889 	EXP 	fixationJitterText: autoDraw = True
7.5889 	EXP 	sickImg: autoDraw = False
7.5889 	EXP 	notsickImg: autoDraw = False
7.5889 	EXP 	sickHighlight: autoDraw = False
7.5889 	EXP 	notsickHighlight: autoDraw = False
7.5889 	EXP 	sickHighlight: opacity = 1
7.5889 	EXP 	notsickHighlight: opacity = 0
7.5889 	EXP 	sickHighlight: text = u'_'
7.5889 	EXP 	notsickHighlight: text = u'_'
7.5943 	EXP 	window1: recordFrameIntervals = False
7.8829 	DATA 	Keypress: left
8.0893 	EXP 	sickHighlight: opacity = 1
8.0893 	EXP 	notsickHighlight: opacity = 0
8.0893 	EXP 	sickHighlight: text = u'_'
8.0893 	EXP 	notsickHighlight: text = u'_'
8.0902 	EXP 	New trial (rep=0, index=1): {u'food': u'mexican_food1', u'corrAns': u'left', u'sick': u'Yes', u'restaurant': u"Molina's Cantina"}
8.1059 	EXP 	window1: recordFrameIntervals = False
8.1128 	EXP 	trialInstrText: autoDraw = False
8.1128 	EXP 	restaurantText: autoDraw = False
8.1128 	EXP 	foodImg: autoDraw = False
8.1128 	EXP 	fixationJitterText: autoDraw = False
8.1128 	EXP 	sickImg: autoDraw = False
8.1128 	EXP 	notsickImg: autoDraw = False
8.1128 	EXP 	fixationITIText: autoDraw = False
8.1128 	EXP 	sickHighlight: autoDraw = False
8.1128 	EXP 	notsickHighlight: autoDraw = False
8.1128 	EXP 	restaurantText: text = u"Molina's Cantina"
8.1128 	EXP 	foodImg: image = u'foods/mexican_food1.png'
8.1128 	EXP 	sickHighlight: opacity = 0.0
8.1128 	EXP 	notsickHighlight: opacity = 0.0
8.1128 	EXP 	sickHighlight: text = u'_'
8.1128 	EXP 	notsickHighlight: text = u'_'
8.1128 	EXP 	fixationITIText: autoDraw = True
8.1128 	EXP 	sickHighlight: text = u'_'
8.1128 	EXP 	notsickHighlight: text = u'_'
8.1181 	EXP 	window1: recordFrameIntervals = False
9.1240 	EXP 	sickHighlight: text = u'_'
9.1240 	EXP 	notsickHighlight: text = u'_'
9.1406 	EXP 	trialInstrText: autoDraw = True
9.1406 	EXP 	restaurantText: autoDraw = True
9.1406 	EXP 	foodImg: autoDraw = True
9.1406 	EXP 	sickImg: autoDraw = True
9.1406 	EXP 	notsickImg: autoDraw = True
9.1406 	EXP 	fixationITIText: autoDraw = False
9.1406 	EXP 	sickHighlight: autoDraw = True
9.1406 	EXP 	notsickHighlight: autoDraw = True
9.1406 	EXP 	sickHighlight: text = u'_'
9.1406 	EXP 	notsickHighlight: text = u'_'
9.1544 	EXP 	sickHighlight: text = u'_'
9.1544 	EXP 	notsickHighlight: text = u'_'
9.1739 	EXP 	sickHighlight: text = u'_'
9.1739 	EXP 	notsickHighlight: text = u'_'
9.1905 	EXP 	sickHighlight: text = u'_'
9.1905 	EXP 	notsickHighlight: text = u'_'
9.2068 	EXP 	sickHighlight: text = u'_'
9.2068 	EXP 	notsickHighlight: text = u'_'
9.2234 	EXP 	sickHighlight: text = u'_'
9.2234 	EXP 	notsickHighlight: text = u'_'
9.2407 	EXP 	sickHighlight: text = u'_'
9.2407 	EXP 	notsickHighlight: text = u'_'
9.2576 	EXP 	sickHighlight: text = u'_'
9.2576 	EXP 	notsickHighlight: text = u'_'
9.2810 	EXP 	sickHighlight: text = u'_'
9.2810 	EXP 	notsickHighlight: text = u'_'
9.2975 	EXP 	sickHighlight: text = u'_'
9.2975 	EXP 	notsickHighlight: text = u'_'
9.3140 	EXP 	sickHighlight: text = u'_'
9.3140 	EXP 	notsickHighlight: text = u'_'
9.3278 	EXP 	sickHighlight: text = u'_'
9.3278 	EXP 	notsickHighlight: text = u'_'
9.3473 	EXP 	sickHighlight: text = u'_'
9.3473 	EXP 	notsickHighlight: text = u'_'
9.3641 	EXP 	sickHighlight: text = u'_'
9.3641 	EXP 	notsickHighlight: text = u'_'
9.3809 	EXP 	sickHighlight: text = u'_'
9.3809 	EXP 	notsickHighlight: text = u'_'
9.3978 	EXP 	sickHighlight: text = u'_'
9.3978 	EXP 	notsickHighlight: text = u'_'
9.4142 	EXP 	sickHighlight: text = u'_'
9.4142 	EXP 	notsickHighlight: text = u'_'
9.4282 	EXP 	sickHighlight: text = u'_'
9.4282 	EXP 	notsickHighlight: text = u'_'
9.4476 	EXP 	sickHighlight: text = u'_'
9.4476 	EXP 	notsickHighlight: text = u'_'
9.4737 	EXP 	sickHighlight: text = u'_'
9.4737 	EXP 	notsickHighlight: text = u'_'
9.4904 	EXP 	sickHighlight: text = u'_'
9.4904 	EXP 	notsickHighlight: text = u'_'
9.5076 	EXP 	sickHighlight: text = u'_'
9.5076 	EXP 	notsickHighlight: text = u'_'
9.5221 	EXP 	sickHighlight: text = u'_'
9.5221 	EXP 	notsickHighlight: text = u'_'
9.5404 	EXP 	sickHighlight: text = u'_'
9.5404 	EXP 	notsickHighlight: text = u'_'
9.5568 	EXP 	sickHighlight: text = u'_'
9.5568 	EXP 	notsickHighlight: text = u'_'
9.5741 	EXP 	sickHighlight: text = u'_'
9.5741 	EXP 	notsickHighlight: text = u'_'
9.5905 	EXP 	sickHighlight: text = u'_'
9.5905 	EXP 	notsickHighlight: text = u'_'
9.6046 	EXP 	sickHighlight: text = u'_'
9.6046 	EXP 	notsickHighlight: text = u'_'
9.6050 	DATA 	Keypress: left
9.6238 	EXP 	sickHighlight: opacity = 1
9.6238 	EXP 	notsickHighlight: opacity = 0
9.6238 	EXP 	sickHighlight: text = u'_'
9.6238 	EXP 	notsickHighlight: text = u'_'
9.6410 	EXP 	sickHighlight: opacity = 1
9.6410 	EXP 	notsickHighlight: opacity = 0
9.6410 	EXP 	sickHighlight: text = u'_'
9.6410 	EXP 	notsickHighlight: text = u'_'
9.6574 	EXP 	sickHighlight: opacity = 1
9.6574 	EXP 	notsickHighlight: opacity = 0
9.6574 	EXP 	sickHighlight: text = u'_'
9.6574 	EXP 	notsickHighlight: text = u'_'
9.6716 	EXP 	sickHighlight: opacity = 1
9.6716 	EXP 	notsickHighlight: opacity = 0
9.6716 	EXP 	sickHighlight: text = u'_'
9.6716 	EXP 	notsickHighlight: text = u'_'
9.6909 	EXP 	sickHighlight: opacity = 1
9.6909 	EXP 	notsickHighlight: opacity = 0
9.6909 	EXP 	sickHighlight: text = u'_'
9.6909 	EXP 	notsickHighlight: text = u'_'
9.7072 	EXP 	sickHighlight: opacity = 1
9.7072 	EXP 	notsickHighlight: opacity = 0
9.7072 	EXP 	sickHighlight: text = u'_'
9.7072 	EXP 	notsickHighlight: text = u'_'
9.7246 	EXP 	sickHighlight: opacity = 1
9.7246 	EXP 	notsickHighlight: opacity = 0
9.7246 	EXP 	sickHighlight: text = u'_'
9.7246 	EXP 	notsickHighlight: text = u'_'
9.7412 	EXP 	sickHighlight: opacity = 1
9.7412 	EXP 	notsickHighlight: opacity = 0
9.7412 	EXP 	sickHighlight: text = u'_'
9.7412 	EXP 	notsickHighlight: text = u'_'
9.7574 	EXP 	sickHighlight: opacity = 1
9.7574 	EXP 	notsickHighlight: opacity = 0
9.7574 	EXP 	sickHighlight: text = u'_'
9.7574 	EXP 	notsickHighlight: text = u'_'
9.7739 	EXP 	sickHighlight: opacity = 1
9.7739 	EXP 	notsickHighlight: opacity = 0
9.7739 	EXP 	sickHighlight: text = u'_'
9.7739 	EXP 	notsickHighlight: text = u'_'
9.7907 	EXP 	sickHighlight: opacity = 1
9.7907 	EXP 	notsickHighlight: opacity = 0
9.7907 	EXP 	sickHighlight: text = u'_'
9.7907 	EXP 	notsickHighlight: text = u'_'
9.8078 	EXP 	sickHighlight: opacity = 1
9.8078 	EXP 	notsickHighlight: opacity = 0
9.8078 	EXP 	sickHighlight: text = u'_'
9.8078 	EXP 	notsickHighlight: text = u'_'
9.8246 	EXP 	sickHighlight: opacity = 1
9.8246 	EXP 	notsickHighlight: opacity = 0
9.8246 	EXP 	sickHighlight: text = u'_'
9.8246 	EXP 	notsickHighlight: text = u'_'
9.8407 	EXP 	sickHighlight: opacity = 1
9.8407 	EXP 	notsickHighlight: opacity = 0
9.8407 	EXP 	sickHighlight: text = u'_'
9.8407 	EXP 	notsickHighlight: text = u'_'
9.8411 	DATA 	Keypress: right
9.8611 	EXP 	sickHighlight: opacity = 0
9.8611 	EXP 	notsickHighlight: opacity = 1
9.8611 	EXP 	sickHighlight: text = u'_'
9.8611 	EXP 	notsickHighlight: text = u'_'
9.8721 	EXP 	sickHighlight: opacity = 0
9.8721 	EXP 	notsickHighlight: opacity = 1
9.8721 	EXP 	sickHighlight: text = u'_'
9.8721 	EXP 	notsickHighlight: text = u'_'
9.8907 	EXP 	sickHighlight: opacity = 0
9.8907 	EXP 	notsickHighlight: opacity = 1
9.8907 	EXP 	sickHighlight: text = u'_'
9.8907 	EXP 	notsickHighlight: text = u'_'
9.9081 	EXP 	sickHighlight: opacity = 0
9.9081 	EXP 	notsickHighlight: opacity = 1
9.9081 	EXP 	sickHighlight: text = u'_'
9.9081 	EXP 	notsickHighlight: text = u'_'
9.9244 	EXP 	sickHighlight: opacity = 0
9.9244 	EXP 	notsickHighlight: opacity = 1
9.9244 	EXP 	sickHighlight: text = u'_'
9.9244 	EXP 	notsickHighlight: text = u'_'
9.9414 	EXP 	sickHighlight: opacity = 0
9.9414 	EXP 	notsickHighlight: opacity = 1
9.9414 	EXP 	sickHighlight: text = u'_'
9.9414 	EXP 	notsickHighlight: text = u'_'
9.9578 	EXP 	sickHighlight: opacity = 0
9.9578 	EXP 	notsickHighlight: opacity = 1
9.9578 	EXP 	sickHighlight: text = u'_'
9.9578 	EXP 	notsickHighlight: text = u'_'
9.9715 	EXP 	sickHighlight: opacity = 0
9.9715 	EXP 	notsickHighlight: opacity = 1
9.9715 	EXP 	sickHighlight: text = u'_'
9.9715 	EXP 	notsickHighlight: text = u'_'
9.9909 	EXP 	sickHighlight: opacity = 0
9.9909 	EXP 	notsickHighlight: opacity = 1
9.9909 	EXP 	sickHighlight: text = u'_'
9.9909 	EXP 	notsickHighlight: text = u'_'
10.0077 	EXP 	sickHighlight: opacity = 0
10.0077 	EXP 	notsickHighlight: opacity = 1
10.0077 	EXP 	sickHighlight: text = u'_'
10.0077 	EXP 	notsickHighlight: text = u'_'
10.0245 	EXP 	sickHighlight: opacity = 0
10.0245 	EXP 	notsickHighlight: opacity = 1
10.0245 	EXP 	sickHighlight: text = u'_'
10.0245 	EXP 	notsickHighlight: text = u'_'
10.0251 	DATA 	Keypress: right
10.0383 	EXP 	sickHighlight: opacity = 0
10.0383 	EXP 	notsickHighlight: opacity = 1
10.0383 	EXP 	sickHighlight: text = u'_'
10.0383 	EXP 	notsickHighlight: text = u'_'
10.0579 	EXP 	sickHighlight: opacity = 0
10.0579 	EXP 	notsickHighlight: opacity = 1
10.0579 	EXP 	sickHighlight: text = u'_'
10.0579 	EXP 	notsickHighlight: text = u'_'
10.0743 	EXP 	sickHighlight: opacity = 0
10.0743 	EXP 	notsickHighlight: opacity = 1
10.0743 	EXP 	sickHighlight: text = u'_'
10.0743 	EXP 	notsickHighlight: text = u'_'
10.0749 	DATA 	Keypress: left
10.0884 	EXP 	sickHighlight: opacity = 1
10.0884 	EXP 	notsickHighlight: opacity = 0
10.0884 	EXP 	sickHighlight: text = u'_'
10.0884 	EXP 	notsickHighlight: text = u'_'
10.1079 	EXP 	sickHighlight: opacity = 1
10.1079 	EXP 	notsickHighlight: opacity = 0
10.1079 	EXP 	sickHighlight: text = u'_'
10.1079 	EXP 	notsickHighlight: text = u'_'
10.1248 	EXP 	sickHighlight: opacity = 1
10.1248 	EXP 	notsickHighlight: opacity = 0
10.1248 	EXP 	sickHighlight: text = u'_'
10.1248 	EXP 	notsickHighlight: text = u'_'
10.1414 	EXP 	sickHighlight: opacity = 1
10.1414 	EXP 	notsickHighlight: opacity = 0
10.1414 	EXP 	sickHighlight: text = u'_'
10.1414 	EXP 	notsickHighlight: text = u'_'
10.1581 	EXP 	sickHighlight: opacity = 1
10.1581 	EXP 	notsickHighlight: opacity = 0
10.1581 	EXP 	sickHighlight: text = u'_'
10.1581 	EXP 	notsickHighlight: text = u'_'
10.1746 	EXP 	sickHighlight: opacity = 1
10.1746 	EXP 	notsickHighlight: opacity = 0
10.1746 	EXP 	sickHighlight: text = u'_'
10.1746 	EXP 	notsickHighlight: text = u'_'
10.1910 	EXP 	sickHighlight: opacity = 1
10.1910 	EXP 	notsickHighlight: opacity = 0
10.1910 	EXP 	sickHighlight: text = u'_'
10.1910 	EXP 	notsickHighlight: text = u'_'
10.2075 	EXP 	sickHighlight: opacity = 1
10.2075 	EXP 	notsickHighlight: opacity = 0
10.2075 	EXP 	sickHighlight: text = u'_'
10.2075 	EXP 	notsickHighlight: text = u'_'
10.2242 	EXP 	sickHighlight: opacity = 1
10.2242 	EXP 	notsickHighlight: opacity = 0
10.2242 	EXP 	sickHighlight: text = u'_'
10.2242 	EXP 	notsickHighlight: text = u'_'
10.2409 	EXP 	sickHighlight: opacity = 1
10.2409 	EXP 	notsickHighlight: opacity = 0
10.2409 	EXP 	sickHighlight: text = u'_'
10.2409 	EXP 	notsickHighlight: text = u'_'
10.2577 	EXP 	sickHighlight: opacity = 1
10.2577 	EXP 	notsickHighlight: opacity = 0
10.2577 	EXP 	sickHighlight: text = u'_'
10.2577 	EXP 	notsickHighlight: text = u'_'
10.2583 	DATA 	Keypress: left
10.2744 	EXP 	sickHighlight: opacity = 1
10.2744 	EXP 	notsickHighlight: opacity = 0
10.2744 	EXP 	sickHighlight: text = u'_'
10.2744 	EXP 	notsickHighlight: text = u'_'
10.2910 	EXP 	sickHighlight: opacity = 1
10.2910 	EXP 	notsickHighlight: opacity = 0
10.2910 	EXP 	sickHighlight: text = u'_'
10.2910 	EXP 	notsickHighlight: text = u'_'
10.3079 	EXP 	sickHighlight: opacity = 1
10.3079 	EXP 	notsickHighlight: opacity = 0
10.3079 	EXP 	sickHighlight: text = u'_'
10.3079 	EXP 	notsickHighlight: text = u'_'
10.3243 	EXP 	sickHighlight: opacity = 1
10.3243 	EXP 	notsickHighlight: opacity = 0
10.3243 	EXP 	sickHighlight: text = u'_'
10.3243 	EXP 	notsickHighlight: text = u'_'
10.3420 	EXP 	sickHighlight: opacity = 1
10.3420 	EXP 	notsickHighlight: opacity = 0
10.3420 	EXP 	sickHighlight: text = u'_'
10.3420 	EXP 	notsickHighlight: text = u'_'
10.3585 	EXP 	sickHighlight: opacity = 1
10.3585 	EXP 	notsickHighlight: opacity = 0
10.3585 	EXP 	sickHighlight: text = u'_'
10.3585 	EXP 	notsickHighlight: text = u'_'
10.3811 	EXP 	sickHighlight: opacity = 1
10.3811 	EXP 	notsickHighlight: opacity = 0
10.3811 	EXP 	sickHighlight: text = u'_'
10.3811 	EXP 	notsickHighlight: text = u'_'
10.3978 	EXP 	sickHighlight: opacity = 1
10.3978 	EXP 	notsickHighlight: opacity = 0
10.3978 	EXP 	sickHighlight: text = u'_'
10.3978 	EXP 	notsickHighlight: text = u'_'
10.4147 	EXP 	sickHighlight: opacity = 1
10.4147 	EXP 	notsickHighlight: opacity = 0
10.4147 	EXP 	sickHighlight: text = u'_'
10.4147 	EXP 	notsickHighlight: text = u'_'
10.4310 	EXP 	sickHighlight: opacity = 1
10.4310 	EXP 	notsickHighlight: opacity = 0
10.4310 	EXP 	sickHighlight: text = u'_'
10.4310 	EXP 	notsickHighlight: text = u'_'
10.4478 	EXP 	sickHighlight: opacity = 1
10.4478 	EXP 	notsickHighlight: opacity = 0
10.4478 	EXP 	sickHighlight: text = u'_'
10.4478 	EXP 	notsickHighlight: text = u'_'
10.4539 	DATA 	Keypress: right
10.4615 	EXP 	sickHighlight: opacity = 1
10.4615 	EXP 	notsickHighlight: opacity = 0
10.4615 	EXP 	sickHighlight: text = u'_'
10.4615 	EXP 	notsickHighlight: text = u'_'
10.4808 	EXP 	sickHighlight: opacity = 0
10.4808 	EXP 	notsickHighlight: opacity = 1
10.4808 	EXP 	sickHighlight: text = u'_'
10.4808 	EXP 	notsickHighlight: text = u'_'
10.4977 	EXP 	sickHighlight: opacity = 0
10.4977 	EXP 	notsickHighlight: opacity = 1
10.4977 	EXP 	sickHighlight: text = u'_'
10.4977 	EXP 	notsickHighlight: text = u'_'
10.5117 	EXP 	sickHighlight: opacity = 0
10.5117 	EXP 	notsickHighlight: opacity = 1
10.5117 	EXP 	sickHighlight: text = u'_'
10.5117 	EXP 	notsickHighlight: text = u'_'
10.5309 	EXP 	sickHighlight: opacity = 0
10.5309 	EXP 	notsickHighlight: opacity = 1
10.5309 	EXP 	sickHighlight: text = u'_'
10.5309 	EXP 	notsickHighlight: text = u'_'
10.5476 	EXP 	sickHighlight: opacity = 0
10.5476 	EXP 	notsickHighlight: opacity = 1
10.5476 	EXP 	sickHighlight: text = u'_'
10.5476 	EXP 	notsickHighlight: text = u'_'
10.5645 	EXP 	sickHighlight: opacity = 0
10.5645 	EXP 	notsickHighlight: opacity = 1
10.5645 	EXP 	sickHighlight: text = u'_'
10.5645 	EXP 	notsickHighlight: text = u'_'
10.5809 	EXP 	sickHighlight: opacity = 0
10.5809 	EXP 	notsickHighlight: opacity = 1
10.5809 	EXP 	sickHighlight: text = u'_'
10.5809 	EXP 	notsickHighlight: text = u'_'
10.5949 	EXP 	sickHighlight: opacity = 0
10.5949 	EXP 	notsickHighlight: opacity = 1
10.5949 	EXP 	sickHighlight: text = u'_'
10.5949 	EXP 	notsickHighlight: text = u'_'
10.6026 	DATA 	Keypress: right
10.6142 	EXP 	sickHighlight: opacity = 0
10.6142 	EXP 	notsickHighlight: opacity = 1
10.6142 	EXP 	sickHighlight: text = u'_'
10.6142 	EXP 	notsickHighlight: text = u'_'
10.6309 	EXP 	sickHighlight: opacity = 0
10.6309 	EXP 	notsickHighlight: opacity = 1
10.6309 	EXP 	sickHighlight: text = u'_'
10.6309 	EXP 	notsickHighlight: text = u'_'
10.6478 	EXP 	sickHighlight: opacity = 0
10.6478 	EXP 	notsickHighlight: opacity = 1
10.6478 	EXP 	sickHighlight: text = u'_'
10.6478 	EXP 	notsickHighlight: text = u'_'
10.6613 	EXP 	sickHighlight: opacity = 0
10.6613 	EXP 	notsickHighlight: opacity = 1
10.6613 	EXP 	sickHighlight: text = u'_'
10.6613 	EXP 	notsickHighlight: text = u'_'
10.6810 	EXP 	sickHighlight: opacity = 0
10.6810 	EXP 	notsickHighlight: opacity = 1
10.6810 	EXP 	sickHighlight: text = u'_'
10.6810 	EXP 	notsickHighlight: text = u'_'
10.6976 	EXP 	sickHighlight: opacity = 0
10.6976 	EXP 	notsickHighlight: opacity = 1
10.6976 	EXP 	sickHighlight: text = u'_'
10.6976 	EXP 	notsickHighlight: text = u'_'
10.7115 	EXP 	sickHighlight: opacity = 0
10.7115 	EXP 	notsickHighlight: opacity = 1
10.7115 	EXP 	sickHighlight: text = u'_'
10.7115 	EXP 	notsickHighlight: text = u'_'
10.7311 	EXP 	sickHighlight: opacity = 0
10.7311 	EXP 	notsickHighlight: opacity = 1
10.7311 	EXP 	sickHighlight: text = u'_'
10.7311 	EXP 	notsickHighlight: text = u'_'
10.7477 	EXP 	sickHighlight: opacity = 0
10.7477 	EXP 	notsickHighlight: opacity = 1
10.7477 	EXP 	sickHighlight: text = u'_'
10.7477 	EXP 	notsickHighlight: text = u'_'
10.7617 	EXP 	sickHighlight: opacity = 0
10.7617 	EXP 	notsickHighlight: opacity = 1
10.7617 	EXP 	sickHighlight: text = u'_'
10.7617 	EXP 	notsickHighlight: text = u'_'
10.7810 	EXP 	sickHighlight: opacity = 0
10.7810 	EXP 	notsickHighlight: opacity = 1
10.7810 	EXP 	sickHighlight: text = u'_'
10.7810 	EXP 	notsickHighlight: text = u'_'
10.7949 	EXP 	sickHighlight: opacity = 0
10.7949 	EXP 	notsickHighlight: opacity = 1
10.7949 	EXP 	sickHighlight: text = u'_'
10.7949 	EXP 	notsickHighlight: text = u'_'
10.8145 	EXP 	sickHighlight: opacity = 0
10.8145 	EXP 	notsickHighlight: opacity = 1
10.8145 	EXP 	sickHighlight: text = u'_'
10.8145 	EXP 	notsickHighlight: text = u'_'
10.8421 	EXP 	sickHighlight: opacity = 0
10.8421 	EXP 	notsickHighlight: opacity = 1
10.8421 	EXP 	sickHighlight: text = u'_'
10.8421 	EXP 	notsickHighlight: text = u'_'
10.8426 	DATA 	Keypress: left
10.8559 	EXP 	sickHighlight: opacity = 1
10.8559 	EXP 	notsickHighlight: opacity = 0
10.8559 	EXP 	sickHighlight: text = u'_'
10.8559 	EXP 	notsickHighlight: text = u'_'
10.8755 	EXP 	sickHighlight: opacity = 1
10.8755 	EXP 	notsickHighlight: opacity = 0
10.8755 	EXP 	sickHighlight: text = u'_'
10.8755 	EXP 	notsickHighlight: text = u'_'
10.8917 	EXP 	sickHighlight: opacity = 1
10.8917 	EXP 	notsickHighlight: opacity = 0
10.8917 	EXP 	sickHighlight: text = u'_'
10.8917 	EXP 	notsickHighlight: text = u'_'
10.9057 	EXP 	sickHighlight: opacity = 1
10.9057 	EXP 	notsickHighlight: opacity = 0
10.9057 	EXP 	sickHighlight: text = u'_'
10.9057 	EXP 	notsickHighlight: text = u'_'
10.9249 	EXP 	sickHighlight: opacity = 1
10.9249 	EXP 	notsickHighlight: opacity = 0
10.9249 	EXP 	sickHighlight: text = u'_'
10.9249 	EXP 	notsickHighlight: text = u'_'
10.9413 	EXP 	sickHighlight: opacity = 1
10.9413 	EXP 	notsickHighlight: opacity = 0
10.9413 	EXP 	sickHighlight: text = u'_'
10.9413 	EXP 	notsickHighlight: text = u'_'
10.9581 	EXP 	sickHighlight: opacity = 1
10.9581 	EXP 	notsickHighlight: opacity = 0
10.9581 	EXP 	sickHighlight: text = u'_'
10.9581 	EXP 	notsickHighlight: text = u'_'
10.9748 	EXP 	sickHighlight: opacity = 1
10.9748 	EXP 	notsickHighlight: opacity = 0
10.9748 	EXP 	sickHighlight: text = u'_'
10.9748 	EXP 	notsickHighlight: text = u'_'
10.9914 	EXP 	sickHighlight: opacity = 1
10.9914 	EXP 	notsickHighlight: opacity = 0
10.9914 	EXP 	sickHighlight: text = u'_'
10.9914 	EXP 	notsickHighlight: text = u'_'
11.0082 	EXP 	sickHighlight: opacity = 1
11.0082 	EXP 	notsickHighlight: opacity = 0
11.0082 	EXP 	sickHighlight: text = u'_'
11.0082 	EXP 	notsickHighlight: text = u'_'
11.0250 	EXP 	sickHighlight: opacity = 1
11.0250 	EXP 	notsickHighlight: opacity = 0
11.0250 	EXP 	sickHighlight: text = u'_'
11.0250 	EXP 	notsickHighlight: text = u'_'
11.0316 	DATA 	Keypress: left
11.0387 	EXP 	sickHighlight: opacity = 1
11.0387 	EXP 	notsickHighlight: opacity = 0
11.0387 	EXP 	sickHighlight: text = u'_'
11.0387 	EXP 	notsickHighlight: text = u'_'
11.0586 	EXP 	sickHighlight: opacity = 1
11.0586 	EXP 	notsickHighlight: opacity = 0
11.0586 	EXP 	sickHighlight: text = u'_'
11.0586 	EXP 	notsickHighlight: text = u'_'
11.0757 	EXP 	sickHighlight: opacity = 1
11.0757 	EXP 	notsickHighlight: opacity = 0
11.0757 	EXP 	sickHighlight: text = u'_'
11.0757 	EXP 	notsickHighlight: text = u'_'
11.0893 	EXP 	sickHighlight: opacity = 1
11.0893 	EXP 	notsickHighlight: opacity = 0
11.0893 	EXP 	sickHighlight: text = u'_'
11.0893 	EXP 	notsickHighlight: text = u'_'
11.1083 	EXP 	sickHighlight: opacity = 1
11.1083 	EXP 	notsickHighlight: opacity = 0
11.1083 	EXP 	sickHighlight: text = u'_'
11.1083 	EXP 	notsickHighlight: text = u'_'
11.1258 	EXP 	sickHighlight: opacity = 1
11.1258 	EXP 	notsickHighlight: opacity = 0
11.1258 	EXP 	sickHighlight: text = u'_'
11.1258 	EXP 	notsickHighlight: text = u'_'
11.1432 	EXP 	sickHighlight: opacity = 1
11.1432 	EXP 	notsickHighlight: opacity = 0
11.1432 	EXP 	sickHighlight: text = u'_'
11.1432 	EXP 	notsickHighlight: text = u'_'
11.1585 	EXP 	sickHighlight: opacity = 1
11.1585 	EXP 	notsickHighlight: opacity = 0
11.1585 	EXP 	sickHighlight: text = u'_'
11.1585 	EXP 	notsickHighlight: text = u'_'
11.1758 	EXP 	sickHighlight: opacity = 1
11.1758 	EXP 	notsickHighlight: opacity = 0
11.1758 	EXP 	sickHighlight: text = u'_'
11.1758 	EXP 	notsickHighlight: text = u'_'
11.1818 	DATA 	Keypress: right
11.1918 	EXP 	sickHighlight: opacity = 1
11.1918 	EXP 	notsickHighlight: opacity = 0
11.1918 	EXP 	sickHighlight: text = u'_'
11.1918 	EXP 	notsickHighlight: text = u'_'
11.2082 	EXP 	sickHighlight: opacity = 0
11.2082 	EXP 	notsickHighlight: opacity = 1
11.2082 	EXP 	sickHighlight: text = u'_'
11.2082 	EXP 	notsickHighlight: text = u'_'
11.2251 	EXP 	sickHighlight: opacity = 0
11.2251 	EXP 	notsickHighlight: opacity = 1
11.2251 	EXP 	sickHighlight: text = u'_'
11.2251 	EXP 	notsickHighlight: text = u'_'
11.2416 	EXP 	sickHighlight: opacity = 0
11.2416 	EXP 	notsickHighlight: opacity = 1
11.2416 	EXP 	sickHighlight: text = u'_'
11.2416 	EXP 	notsickHighlight: text = u'_'
11.2584 	EXP 	sickHighlight: opacity = 0
11.2584 	EXP 	notsickHighlight: opacity = 1
11.2584 	EXP 	sickHighlight: text = u'_'
11.2584 	EXP 	notsickHighlight: text = u'_'
11.2730 	EXP 	sickHighlight: opacity = 0
11.2730 	EXP 	notsickHighlight: opacity = 1
11.2730 	EXP 	sickHighlight: text = u'_'
11.2730 	EXP 	notsickHighlight: text = u'_'
11.2928 	EXP 	sickHighlight: opacity = 0
11.2928 	EXP 	notsickHighlight: opacity = 1
11.2928 	EXP 	sickHighlight: text = u'_'
11.2928 	EXP 	notsickHighlight: text = u'_'
11.3106 	EXP 	sickHighlight: opacity = 0
11.3106 	EXP 	notsickHighlight: opacity = 1
11.3106 	EXP 	sickHighlight: text = u'_'
11.3106 	EXP 	notsickHighlight: text = u'_'
11.3307 	EXP 	sickHighlight: opacity = 0
11.3307 	EXP 	notsickHighlight: opacity = 1
11.3307 	EXP 	sickHighlight: text = u'_'
11.3307 	EXP 	notsickHighlight: text = u'_'
11.3477 	EXP 	sickHighlight: opacity = 0
11.3477 	EXP 	notsickHighlight: opacity = 1
11.3477 	EXP 	sickHighlight: text = u'_'
11.3477 	EXP 	notsickHighlight: text = u'_'
11.3642 	EXP 	sickHighlight: opacity = 0
11.3642 	EXP 	notsickHighlight: opacity = 1
11.3642 	EXP 	sickHighlight: text = u'_'
11.3642 	EXP 	notsickHighlight: text = u'_'
11.3648 	DATA 	Keypress: right
11.3923 	EXP 	sickHighlight: opacity = 0
11.3923 	EXP 	notsickHighlight: opacity = 1
11.3923 	EXP 	sickHighlight: text = u'_'
11.3923 	EXP 	notsickHighlight: text = u'_'
11.4089 	EXP 	sickHighlight: opacity = 0
11.4089 	EXP 	notsickHighlight: opacity = 1
11.4089 	EXP 	sickHighlight: text = u'_'
11.4089 	EXP 	notsickHighlight: text = u'_'
11.4269 	EXP 	sickHighlight: opacity = 0
11.4269 	EXP 	notsickHighlight: opacity = 1
11.4269 	EXP 	sickHighlight: text = u'_'
11.4269 	EXP 	notsickHighlight: text = u'_'
11.4419 	EXP 	sickHighlight: opacity = 0
11.4419 	EXP 	notsickHighlight: opacity = 1
11.4419 	EXP 	sickHighlight: text = u'_'
11.4419 	EXP 	notsickHighlight: text = u'_'
11.4563 	EXP 	sickHighlight: opacity = 0
11.4563 	EXP 	notsickHighlight: opacity = 1
11.4563 	EXP 	sickHighlight: text = u'_'
11.4563 	EXP 	notsickHighlight: text = u'_'
11.4769 	EXP 	sickHighlight: opacity = 0
11.4769 	EXP 	notsickHighlight: opacity = 1
11.4769 	EXP 	sickHighlight: text = u'_'
11.4769 	EXP 	notsickHighlight: text = u'_'
11.4928 	EXP 	sickHighlight: opacity = 0
11.4928 	EXP 	notsickHighlight: opacity = 1
11.4928 	EXP 	sickHighlight: text = u'_'
11.4928 	EXP 	notsickHighlight: text = u'_'
11.5061 	EXP 	sickHighlight: opacity = 0
11.5061 	EXP 	notsickHighlight: opacity = 1
11.5061 	EXP 	sickHighlight: text = u'_'
11.5061 	EXP 	notsickHighlight: text = u'_'
11.5258 	EXP 	sickHighlight: opacity = 0
11.5258 	EXP 	notsickHighlight: opacity = 1
11.5258 	EXP 	sickHighlight: text = u'_'
11.5258 	EXP 	notsickHighlight: text = u'_'
11.5419 	EXP 	sickHighlight: opacity = 0
11.5419 	EXP 	notsickHighlight: opacity = 1
11.5419 	EXP 	sickHighlight: text = u'_'
11.5419 	EXP 	notsickHighlight: text = u'_'
11.5585 	EXP 	sickHighlight: opacity = 0
11.5585 	EXP 	notsickHighlight: opacity = 1
11.5585 	EXP 	sickHighlight: text = u'_'
11.5585 	EXP 	notsickHighlight: text = u'_'
11.5648 	DATA 	Keypress: left
11.5774 	EXP 	sickHighlight: opacity = 0
11.5774 	EXP 	notsickHighlight: opacity = 1
11.5774 	EXP 	sickHighlight: text = u'_'
11.5774 	EXP 	notsickHighlight: text = u'_'
11.5940 	EXP 	sickHighlight: opacity = 1
11.5940 	EXP 	notsickHighlight: opacity = 0
11.5940 	EXP 	sickHighlight: text = u'_'
11.5940 	EXP 	notsickHighlight: text = u'_'
11.6101 	EXP 	sickHighlight: opacity = 1
11.6101 	EXP 	notsickHighlight: opacity = 0
11.6101 	EXP 	sickHighlight: text = u'_'
11.6101 	EXP 	notsickHighlight: text = u'_'
11.6253 	EXP 	sickHighlight: opacity = 1
11.6253 	EXP 	notsickHighlight: opacity = 0
11.6253 	EXP 	sickHighlight: text = u'_'
11.6253 	EXP 	notsickHighlight: text = u'_'
11.6420 	EXP 	sickHighlight: opacity = 1
11.6420 	EXP 	notsickHighlight: opacity = 0
11.6420 	EXP 	sickHighlight: text = u'_'
11.6420 	EXP 	notsickHighlight: text = u'_'
11.6586 	EXP 	sickHighlight: opacity = 1
11.6586 	EXP 	notsickHighlight: opacity = 0
11.6586 	EXP 	sickHighlight: text = u'_'
11.6586 	EXP 	notsickHighlight: text = u'_'
11.6770 	EXP 	sickHighlight: opacity = 1
11.6770 	EXP 	notsickHighlight: opacity = 0
11.6770 	EXP 	sickHighlight: text = u'_'
11.6770 	EXP 	notsickHighlight: text = u'_'
11.6896 	EXP 	sickHighlight: opacity = 1
11.6896 	EXP 	notsickHighlight: opacity = 0
11.6896 	EXP 	sickHighlight: text = u'_'
11.6896 	EXP 	notsickHighlight: text = u'_'
11.7108 	EXP 	sickHighlight: opacity = 1
11.7108 	EXP 	notsickHighlight: opacity = 0
11.7108 	EXP 	sickHighlight: text = u'_'
11.7108 	EXP 	notsickHighlight: text = u'_'
11.7266 	EXP 	sickHighlight: opacity = 1
11.7266 	EXP 	notsickHighlight: opacity = 0
11.7266 	EXP 	sickHighlight: text = u'_'
11.7266 	EXP 	notsickHighlight: text = u'_'
11.7429 	EXP 	sickHighlight: opacity = 1
11.7429 	EXP 	notsickHighlight: opacity = 0
11.7429 	EXP 	sickHighlight: text = u'_'
11.7429 	EXP 	notsickHighlight: text = u'_'
11.7568 	EXP 	sickHighlight: opacity = 1
11.7568 	EXP 	notsickHighlight: opacity = 0
11.7568 	EXP 	sickHighlight: text = u'_'
11.7568 	EXP 	notsickHighlight: text = u'_'
11.7573 	DATA 	Keypress: left
11.7764 	EXP 	sickHighlight: opacity = 1
11.7764 	EXP 	notsickHighlight: opacity = 0
11.7764 	EXP 	sickHighlight: text = u'_'
11.7764 	EXP 	notsickHighlight: text = u'_'
11.7941 	EXP 	sickHighlight: opacity = 1
11.7941 	EXP 	notsickHighlight: opacity = 0
11.7941 	EXP 	sickHighlight: text = u'_'
11.7941 	EXP 	notsickHighlight: text = u'_'
11.8063 	EXP 	sickHighlight: opacity = 1
11.8063 	EXP 	notsickHighlight: opacity = 0
11.8063 	EXP 	sickHighlight: text = u'_'
11.8063 	EXP 	notsickHighlight: text = u'_'
11.8277 	EXP 	sickHighlight: opacity = 1
11.8277 	EXP 	notsickHighlight: opacity = 0
11.8277 	EXP 	sickHighlight: text = u'_'
11.8277 	EXP 	notsickHighlight: text = u'_'
11.8398 	EXP 	sickHighlight: opacity = 1
11.8398 	EXP 	notsickHighlight: opacity = 0
11.8398 	EXP 	sickHighlight: text = u'_'
11.8398 	EXP 	notsickHighlight: text = u'_'
11.8591 	EXP 	sickHighlight: opacity = 1
11.8591 	EXP 	notsickHighlight: opacity = 0
11.8591 	EXP 	sickHighlight: text = u'_'
11.8591 	EXP 	notsickHighlight: text = u'_'
11.8810 	EXP 	sickHighlight: opacity = 1
11.8810 	EXP 	notsickHighlight: opacity = 0
11.8810 	EXP 	sickHighlight: text = u'_'
11.8810 	EXP 	notsickHighlight: text = u'_'
11.8976 	EXP 	sickHighlight: opacity = 1
11.8976 	EXP 	notsickHighlight: opacity = 0
11.8976 	EXP 	sickHighlight: text = u'_'
11.8976 	EXP 	notsickHighlight: text = u'_'
11.9276 	EXP 	sickHighlight: opacity = 1
11.9276 	EXP 	notsickHighlight: opacity = 0
11.9276 	EXP 	sickHighlight: text = u'_'
11.9276 	EXP 	notsickHighlight: text = u'_'
11.9402 	EXP 	sickHighlight: opacity = 1
11.9402 	EXP 	notsickHighlight: opacity = 0
11.9402 	EXP 	sickHighlight: text = u'_'
11.9402 	EXP 	notsickHighlight: text = u'_'
11.9609 	EXP 	sickHighlight: opacity = 1
11.9609 	EXP 	notsickHighlight: opacity = 0
11.9609 	EXP 	sickHighlight: text = u'_'
11.9609 	EXP 	notsickHighlight: text = u'_'
11.9776 	EXP 	sickHighlight: opacity = 1
11.9776 	EXP 	notsickHighlight: opacity = 0
11.9776 	EXP 	sickHighlight: text = u'_'
11.9776 	EXP 	notsickHighlight: text = u'_'
11.9833 	DATA 	Keypress: right
11.9899 	EXP 	sickHighlight: opacity = 1
11.9899 	EXP 	notsickHighlight: opacity = 0
11.9899 	EXP 	sickHighlight: text = u'_'
11.9899 	EXP 	notsickHighlight: text = u'_'
12.0106 	EXP 	sickHighlight: opacity = 0
12.0106 	EXP 	notsickHighlight: opacity = 1
12.0106 	EXP 	sickHighlight: text = u'_'
12.0106 	EXP 	notsickHighlight: text = u'_'
12.0259 	EXP 	sickHighlight: opacity = 0
12.0259 	EXP 	notsickHighlight: opacity = 1
12.0259 	EXP 	sickHighlight: text = u'_'
12.0259 	EXP 	notsickHighlight: text = u'_'
12.0427 	EXP 	sickHighlight: opacity = 0
12.0427 	EXP 	notsickHighlight: opacity = 1
12.0427 	EXP 	sickHighlight: text = u'_'
12.0427 	EXP 	notsickHighlight: text = u'_'
12.0613 	EXP 	sickHighlight: opacity = 0
12.0613 	EXP 	notsickHighlight: opacity = 1
12.0613 	EXP 	sickHighlight: text = u'_'
12.0613 	EXP 	notsickHighlight: text = u'_'
12.0808 	EXP 	sickHighlight: opacity = 0
12.0808 	EXP 	notsickHighlight: opacity = 1
12.0808 	EXP 	sickHighlight: text = u'_'
12.0808 	EXP 	notsickHighlight: text = u'_'
12.0974 	EXP 	trialInstrText: autoDraw = False
12.0974 	EXP 	restaurantText: autoDraw = False
12.0974 	EXP 	foodImg: autoDraw = False
12.0974 	EXP 	sickImg: autoDraw = False
12.0974 	EXP 	notsickImg: autoDraw = False
12.0974 	EXP 	sickHighlight: autoDraw = False
12.0974 	EXP 	notsickHighlight: autoDraw = False
12.0974 	EXP 	sickHighlight: opacity = 0
12.0974 	EXP 	notsickHighlight: opacity = 1
12.0974 	EXP 	sickHighlight: text = u'_'
12.0974 	EXP 	notsickHighlight: text = u'_'
12.1044 	EXP 	window1: recordFrameIntervals = False
12.1156 	EXP 	fixationJitterText: autoDraw = True
12.1156 	EXP 	sickHighlight: opacity = 0
12.1156 	EXP 	notsickHighlight: opacity = 1
12.1156 	EXP 	sickHighlight: text = u'_'
12.1156 	EXP 	notsickHighlight: text = u'_'
12.1209 	EXP 	window1: recordFrameIntervals = False
12.4096 	DATA 	Keypress: right
12.4742 	DATA 	Keypress: escape
