0.3166 	WARNING 	Movie2 stim could not be imported and won't be available
0.5726 	WARNING 	TextBox stim could not be imported and won't be available.
0.5726 	WARNING 	TextBox Font Manager Found No Fonts.
2.4051 	EXP 	Created window1 = Window(allowGUI=False, allowStencil=False, autoLog=True, bitsMode=UNKNOWN, blendMode='avg', color=array([ 0.,  0.,  0.]), colorSpace='rgb', fullscr=UNKNOWN, gamma=None, lms=UNKNOWN, monitor=<psychopy.monitors.calibTools.Monitor instance at 0xeec9800>, name='window1', pos=[0, 0], screen=0, size=array([1440,  900]), stereo=False, units=u'norm', useFBO=True, viewOri=0.0, viewPos=None, viewScale=None, waitBlanking=True, winType='pyglet')
2.4051 	EXP 	window1: recordFrameIntervals = False
2.5709 	EXP 	window1: recordFrameIntervals = True
2.7545 	EXP 	window1: recordFrameIntervals = False
2.8220 	EXP 	Created trialInstrText = TextStim(alignHoriz='center', alignVert='center', antialias=True, autoLog=True, bold=False, color=u'black', colorSpace='named', contrast=1.0, depth=-1.0, flipHoriz=False, flipVert=False, font=u'Arial', fontFiles=[], height=0.1, italic=False, name='trialInstrText', opacity=1.0, ori=0, pos=array([ 0. ,  0.8]), rgb=array([ 0.,  0.,  0.]), text=unicode(...), units=u'norm', win=Window(...), wrapWidth=20)
2.8288 	EXP 	Created restaurantText = TextStim(alignHoriz='center', alignVert='center', antialias=True, autoLog=True, bold=False, color=u'blue', colorSpace='named', contrast=1.0, depth=-2.0, flipHoriz=False, flipVert=False, font=u'Arial', fontFiles=[], height=0.1, italic=False, name='restaurantText', opacity=1.0, ori=0, pos=array([ 0.  ,  0.35]), rgb=array([   0.,    0.,  255.]), text=u'default text', units=u'norm', win=Window(...), wrapWidth=1)
2.8316 	EXP 	Created foodImg = ImageStim(autoLog=True, color=array([ 1.,  1.,  1.]), colorSpace='rgb', contrast=1.0, depth=-3.0, flipHoriz=False, flipVert=False, image='sin', interpolate=True, mask=None, maskParams=None, name='foodImg', opacity=1.0, ori=0.0, pos=array([ 0.,  0.]), size=array([ 0.5,  0.5]), texRes=128, units=u'norm', win=Window(...))
2.8368 	EXP 	Created fixationJitterText = TextStim(alignHoriz='center', alignVert='center', antialias=True, autoLog=True, bold=False, color=u'black', colorSpace='named', contrast=1.0, depth=-4.0, flipHoriz=False, flipVert=False, font=u'Arial', fontFiles=[], height=0.1, italic=False, name='fixationJitterText', opacity=1.0, ori=0, pos=array([ 0.,  0.]), rgb=array([ 0.,  0.,  0.]), text=u'+', units=u'norm', win=Window(...), wrapWidth=1)
2.8414 	EXP 	Created sickImg = ImageStim(autoLog=True, color=array([ 1.,  1.,  1.]), colorSpace='rgb', contrast=1.0, depth=-6.0, flipHoriz=False, flipVert=False, image=u'images/sick.png', interpolate=True, mask=None, maskParams=None, name='sickImg', opacity=1.0, ori=0.0, pos=array([-0.5, -0.6]), size=array([ 0.3 ,  0.45]), texRes=128, units=u'norm', win=Window(...))
2.8442 	EXP 	Created notsickImg = ImageStim(autoLog=True, color=array([ 1.,  1.,  1.]), colorSpace='rgb', contrast=1.0, depth=-7.0, flipHoriz=False, flipVert=False, image=u'images/smiley.png', interpolate=True, mask=None, maskParams=None, name='notsickImg', opacity=1.0, ori=0.0, pos=array([ 0.5, -0.6]), size=array([ 0.3 ,  0.45]), texRes=128, units=u'norm', win=Window(...))
2.8466 	EXP 	Created fixationITIText = TextStim(alignHoriz='center', alignVert='center', antialias=True, autoLog=True, bold=False, color=u'black', colorSpace='named', contrast=1.0, depth=-8.0, flipHoriz=False, flipVert=False, font=u'Arial', fontFiles=[], height=0.1, italic=False, name='fixationITIText', opacity=1.0, ori=0, pos=array([ 0.,  0.]), rgb=array([ 0.,  0.,  0.]), text=u'+', units=u'norm', win=Window(...), wrapWidth=1)
2.8510 	EXP 	Created sickHighlight = TextStim(alignHoriz='center', alignVert='center', antialias=True, autoLog=True, bold=False, color=u'blue', colorSpace='named', contrast=1.0, depth=-11.0, flipHoriz=False, flipVert=False, font=u'Arial', fontFiles=[], height=0.6, italic=False, name='sickHighlight', opacity=1.0, ori=0, pos=array([-0.5,  0.6]), rgb=array([   0.,    0.,  255.]), text=u'o', units=u'norm', win=Window(...), wrapWidth=1)
2.8570 	EXP 	Imported irrelevant.xlsx as conditions, 4 conditions, 4 params
2.8573 	EXP 	Created sequence: random, trialTypes=4, nReps=1, seed=None
2.8578 	EXP 	New trial (rep=0, index=0): {u'food': u'mexican_food2', u'corrAns': u'right', u'sick': u'No', u'restaurant': u'Restaurante Arroyo'}
2.8732 	EXP 	window1: recordFrameIntervals = False
2.8876 	EXP 	restaurantText: text = u'Restaurante Arroyo'
2.8876 	EXP 	foodImg: image = u'foods/mexican_food2.png'
2.8876 	EXP 	fixationITIText: autoDraw = True
2.8876 	EXP 	sickHighlight: autoDraw = True
2.8877 	EXP 	window1: recordFrameIntervals = False
3.9047 	EXP 	trialInstrText: autoDraw = True
3.9047 	EXP 	restaurantText: autoDraw = True
3.9047 	EXP 	foodImg: autoDraw = True
3.9047 	EXP 	sickImg: autoDraw = True
3.9047 	EXP 	notsickImg: autoDraw = True
3.9047 	EXP 	fixationITIText: autoDraw = False
3.9071 	DATA 	Keypress: escape
0.3181 	WARNING 	Movie2 stim could not be imported and won't be available
0.5633 	WARNING 	TextBox stim could not be imported and won't be available.
0.5633 	WARNING 	TextBox Font Manager Found No Fonts.
2.3337 	EXP 	Created window1 = Window(allowGUI=False, allowStencil=False, autoLog=True, bitsMode=UNKNOWN, blendMode='avg', color=array([ 0.,  0.,  0.]), colorSpace='rgb', fullscr=UNKNOWN, gamma=None, lms=UNKNOWN, monitor=<psychopy.monitors.calibTools.Monitor instance at 0xe591800>, name='window1', pos=[0, 0], screen=0, size=array([1440,  900]), stereo=False, units=u'norm', useFBO=True, viewOri=0.0, viewPos=None, viewScale=None, waitBlanking=True, winType='pyglet')
2.3337 	EXP 	window1: recordFrameIntervals = False
2.4986 	EXP 	window1: recordFrameIntervals = True
2.6821 	EXP 	window1: recordFrameIntervals = False
2.7598 	EXP 	Created trialInstrText = TextStim(alignHoriz='center', alignVert='center', antialias=True, autoLog=True, bold=False, color=u'black', colorSpace='named', contrast=1.0, depth=-1.0, flipHoriz=False, flipVert=False, font=u'Arial', fontFiles=[], height=0.1, italic=False, name='trialInstrText', opacity=1.0, ori=0, pos=array([ 0. ,  0.8]), rgb=array([ 0.,  0.,  0.]), text=unicode(...), units=u'norm', win=Window(...), wrapWidth=20)
2.7666 	EXP 	Created restaurantText = TextStim(alignHoriz='center', alignVert='center', antialias=True, autoLog=True, bold=False, color=u'blue', colorSpace='named', contrast=1.0, depth=-2.0, flipHoriz=False, flipVert=False, font=u'Arial', fontFiles=[], height=0.1, italic=False, name='restaurantText', opacity=1.0, ori=0, pos=array([ 0.  ,  0.35]), rgb=array([   0.,    0.,  255.]), text=u'default text', units=u'norm', win=Window(...), wrapWidth=1)
2.7693 	EXP 	Created foodImg = ImageStim(autoLog=True, color=array([ 1.,  1.,  1.]), colorSpace='rgb', contrast=1.0, depth=-3.0, flipHoriz=False, flipVert=False, image='sin', interpolate=True, mask=None, maskParams=None, name='foodImg', opacity=1.0, ori=0.0, pos=array([ 0.,  0.]), size=array([ 0.5,  0.5]), texRes=128, units=u'norm', win=Window(...))
2.7780 	EXP 	Created fixationJitterText = TextStim(alignHoriz='center', alignVert='center', antialias=True, autoLog=True, bold=False, color=u'black', colorSpace='named', contrast=1.0, depth=-4.0, flipHoriz=False, flipVert=False, font=u'Arial', fontFiles=[], height=0.1, italic=False, name='fixationJitterText', opacity=1.0, ori=0, pos=array([ 0.,  0.]), rgb=array([ 0.,  0.,  0.]), text=u'+', units=u'norm', win=Window(...), wrapWidth=1)
2.7851 	EXP 	Created sickImg = ImageStim(autoLog=True, color=array([ 1.,  1.,  1.]), colorSpace='rgb', contrast=1.0, depth=-6.0, flipHoriz=False, flipVert=False, image=u'images/sick.png', interpolate=True, mask=None, maskParams=None, name='sickImg', opacity=1.0, ori=0.0, pos=array([-0.5, -0.6]), size=array([ 0.3 ,  0.45]), texRes=128, units=u'norm', win=Window(...))
2.7880 	EXP 	Created notsickImg = ImageStim(autoLog=True, color=array([ 1.,  1.,  1.]), colorSpace='rgb', contrast=1.0, depth=-7.0, flipHoriz=False, flipVert=False, image=u'images/smiley.png', interpolate=True, mask=None, maskParams=None, name='notsickImg', opacity=1.0, ori=0.0, pos=array([ 0.5, -0.6]), size=array([ 0.3 ,  0.45]), texRes=128, units=u'norm', win=Window(...))
2.7912 	EXP 	Created fixationITIText = TextStim(alignHoriz='center', alignVert='center', antialias=True, autoLog=True, bold=False, color=u'black', colorSpace='named', contrast=1.0, depth=-8.0, flipHoriz=False, flipVert=False, font=u'Arial', fontFiles=[], height=0.1, italic=False, name='fixationITIText', opacity=1.0, ori=0, pos=array([ 0.,  0.]), rgb=array([ 0.,  0.,  0.]), text=u'+', units=u'norm', win=Window(...), wrapWidth=1)
2.7970 	EXP 	Created sickHighlight = TextStim(alignHoriz='center', alignVert='center', antialias=True, autoLog=True, bold=False, color=u'black', colorSpace='named', contrast=1.0, depth=-11.0, flipHoriz=False, flipVert=False, font=u'Arial', fontFiles=[], height=0.6, italic=False, name='sickHighlight', opacity=1.0, ori=0, pos=array([-0.5, -0.6]), rgb=array([ 0.,  0.,  0.]), text=u'o', units=u'norm', win=Window(...), wrapWidth=1)
2.8045 	EXP 	Imported irrelevant.xlsx as conditions, 4 conditions, 4 params
2.8048 	EXP 	Created sequence: random, trialTypes=4, nReps=1, seed=None
2.8053 	EXP 	New trial (rep=0, index=0): {u'food': u'mexican_food1', u'corrAns': u'left', u'sick': u'Yes', u'restaurant': u'Restaurante Arroyo'}
2.8191 	EXP 	window1: recordFrameIntervals = False
2.8328 	EXP 	restaurantText: text = u'Restaurante Arroyo'
2.8328 	EXP 	foodImg: image = u'foods/mexican_food1.png'
2.8328 	EXP 	fixationITIText: autoDraw = True
2.8328 	EXP 	sickHighlight: autoDraw = True
2.8329 	EXP 	window1: recordFrameIntervals = False
3.6241 	DATA 	Keypress: left
3.6248 	DATA 	Keypress: right
3.8492 	EXP 	trialInstrText: autoDraw = True
3.8492 	EXP 	restaurantText: autoDraw = True
3.8492 	EXP 	foodImg: autoDraw = True
3.8492 	EXP 	sickImg: autoDraw = True
3.8492 	EXP 	notsickImg: autoDraw = True
3.8492 	EXP 	fixationITIText: autoDraw = False
6.8158 	EXP 	trialInstrText: autoDraw = False
6.8158 	EXP 	restaurantText: autoDraw = False
6.8158 	EXP 	foodImg: autoDraw = False
6.8158 	EXP 	sickImg: autoDraw = False
6.8158 	EXP 	notsickImg: autoDraw = False
6.8160 	EXP 	window1: recordFrameIntervals = False
6.8331 	EXP 	fixationJitterText: autoDraw = True
6.8332 	EXP 	window1: recordFrameIntervals = False
7.3497 	EXP 	fixationJitterText: autoDraw = False
7.4170 	DATA 	Keypress: escape
0.3240 	WARNING 	Movie2 stim could not be imported and won't be available
0.6075 	WARNING 	TextBox stim could not be imported and won't be available.
0.6075 	WARNING 	TextBox Font Manager Found No Fonts.
2.7477 	EXP 	Created window1 = Window(allowGUI=False, allowStencil=False, autoLog=True, bitsMode=UNKNOWN, blendMode='avg', color=array([ 0.,  0.,  0.]), colorSpace='rgb', fullscr=UNKNOWN, gamma=None, lms=UNKNOWN, monitor=<psychopy.monitors.calibTools.Monitor instance at 0xf0c9800>, name='window1', pos=[0, 0], screen=0, size=array([1440,  900]), stereo=False, units=u'norm', useFBO=True, viewOri=0.0, viewPos=None, viewScale=None, waitBlanking=True, winType='pyglet')
2.7477 	EXP 	window1: recordFrameIntervals = False
2.9131 	EXP 	window1: recordFrameIntervals = True
3.0967 	EXP 	window1: recordFrameIntervals = False
3.1720 	EXP 	Created trialInstrText = TextStim(alignHoriz='center', alignVert='center', antialias=True, autoLog=True, bold=False, color=u'black', colorSpace='named', contrast=1.0, depth=-1.0, flipHoriz=False, flipVert=False, font=u'Arial', fontFiles=[], height=0.1, italic=False, name='trialInstrText', opacity=1.0, ori=0, pos=array([ 0. ,  0.8]), rgb=array([ 0.,  0.,  0.]), text=unicode(...), units=u'norm', win=Window(...), wrapWidth=20)
3.1822 	EXP 	Created restaurantText = TextStim(alignHoriz='center', alignVert='center', antialias=True, autoLog=True, bold=False, color=u'blue', colorSpace='named', contrast=1.0, depth=-2.0, flipHoriz=False, flipVert=False, font=u'Arial', fontFiles=[], height=0.1, italic=False, name='restaurantText', opacity=1.0, ori=0, pos=array([ 0.  ,  0.35]), rgb=array([   0.,    0.,  255.]), text=u'default text', units=u'norm', win=Window(...), wrapWidth=1)
3.1853 	EXP 	Created foodImg = ImageStim(autoLog=True, color=array([ 1.,  1.,  1.]), colorSpace='rgb', contrast=1.0, depth=-3.0, flipHoriz=False, flipVert=False, image='sin', interpolate=True, mask=None, maskParams=None, name='foodImg', opacity=1.0, ori=0.0, pos=array([ 0.,  0.]), size=array([ 0.5,  0.5]), texRes=128, units=u'norm', win=Window(...))
3.1910 	EXP 	Created fixationJitterText = TextStim(alignHoriz='center', alignVert='center', antialias=True, autoLog=True, bold=False, color=u'black', colorSpace='named', contrast=1.0, depth=-4.0, flipHoriz=False, flipVert=False, font=u'Arial', fontFiles=[], height=0.1, italic=False, name='fixationJitterText', opacity=1.0, ori=0, pos=array([ 0.,  0.]), rgb=array([ 0.,  0.,  0.]), text=u'+', units=u'norm', win=Window(...), wrapWidth=1)
3.1958 	EXP 	Created sickImg = ImageStim(autoLog=True, color=array([ 1.,  1.,  1.]), colorSpace='rgb', contrast=1.0, depth=-6.0, flipHoriz=False, flipVert=False, image=u'images/sick.png', interpolate=True, mask=None, maskParams=None, name='sickImg', opacity=1.0, ori=0.0, pos=array([-0.5, -0.6]), size=array([ 0.3 ,  0.45]), texRes=128, units=u'norm', win=Window(...))
3.1985 	EXP 	Created notsickImg = ImageStim(autoLog=True, color=array([ 1.,  1.,  1.]), colorSpace='rgb', contrast=1.0, depth=-7.0, flipHoriz=False, flipVert=False, image=u'images/smiley.png', interpolate=True, mask=None, maskParams=None, name='notsickImg', opacity=1.0, ori=0.0, pos=array([ 0.5, -0.6]), size=array([ 0.3 ,  0.45]), texRes=128, units=u'norm', win=Window(...))
3.2011 	EXP 	Created fixationITIText = TextStim(alignHoriz='center', alignVert='center', antialias=True, autoLog=True, bold=False, color=u'black', colorSpace='named', contrast=1.0, depth=-8.0, flipHoriz=False, flipVert=False, font=u'Arial', fontFiles=[], height=0.1, italic=False, name='fixationITIText', opacity=1.0, ori=0, pos=array([ 0.,  0.]), rgb=array([ 0.,  0.,  0.]), text=u'+', units=u'norm', win=Window(...), wrapWidth=1)
3.2052 	EXP 	Created sickHighlight = TextStim(alignHoriz='center', alignVert='center', antialias=True, autoLog=True, bold=False, color=u'white', colorSpace='named', contrast=1.0, depth=-11.0, flipHoriz=False, flipVert=False, font=u'Arial', fontFiles=[], height=1.0, italic=False, name='sickHighlight', opacity=1.0, ori=0, pos=array([-0.5, -0.6]), rgb=array([ 255.,  255.,  255.]), text=u'o', units=u'norm', win=Window(...), wrapWidth=1)
3.2114 	EXP 	Imported irrelevant.xlsx as conditions, 4 conditions, 4 params
3.2117 	EXP 	Created sequence: random, trialTypes=4, nReps=1, seed=None
3.2121 	EXP 	New trial (rep=0, index=0): {u'food': u'mexican_food1', u'corrAns': u'left', u'sick': u'Yes', u'restaurant': u'Restaurante Arroyo'}
3.2237 	EXP 	window1: recordFrameIntervals = False
3.2466 	EXP 	restaurantText: text = u'Restaurante Arroyo'
3.2466 	EXP 	foodImg: image = u'foods/mexican_food1.png'
3.2466 	EXP 	fixationITIText: autoDraw = True
3.2466 	EXP 	sickHighlight: autoDraw = True
3.2467 	EXP 	window1: recordFrameIntervals = False
4.2636 	EXP 	trialInstrText: autoDraw = True
4.2636 	EXP 	restaurantText: autoDraw = True
4.2636 	EXP 	foodImg: autoDraw = True
4.2636 	EXP 	sickImg: autoDraw = True
4.2636 	EXP 	notsickImg: autoDraw = True
4.2636 	EXP 	fixationITIText: autoDraw = False
7.2149 	EXP 	window1: recordFrameIntervals = False
7.2309 	EXP 	trialInstrText: autoDraw = False
7.2309 	EXP 	restaurantText: autoDraw = False
7.2309 	EXP 	foodImg: autoDraw = False
7.2309 	EXP 	fixationJitterText: autoDraw = True
7.2309 	EXP 	sickImg: autoDraw = False
7.2309 	EXP 	notsickImg: autoDraw = False
7.2311 	EXP 	window1: recordFrameIntervals = False
7.7473 	EXP 	fixationJitterText: autoDraw = False
8.2152 	EXP 	New trial (rep=0, index=1): {u'food': u'mexican_food1', u'corrAns': u'left', u'sick': u'Yes', u'restaurant': u"Molina's Cantina"}
8.2352 	EXP 	window1: recordFrameIntervals = False
8.2472 	EXP 	trialInstrText: autoDraw = False
8.2472 	EXP 	restaurantText: autoDraw = False
8.2472 	EXP 	foodImg: autoDraw = False
8.2472 	EXP 	fixationJitterText: autoDraw = False
8.2472 	EXP 	sickImg: autoDraw = False
8.2472 	EXP 	notsickImg: autoDraw = False
8.2472 	EXP 	fixationITIText: autoDraw = False
8.2472 	EXP 	sickHighlight: autoDraw = False
8.2472 	EXP 	restaurantText: text = u"Molina's Cantina"
8.2472 	EXP 	foodImg: image = u'foods/mexican_food1.png'
8.2472 	EXP 	fixationITIText: autoDraw = True
8.2472 	EXP 	sickHighlight: autoDraw = True
8.2474 	EXP 	window1: recordFrameIntervals = False
9.2643 	EXP 	trialInstrText: autoDraw = True
9.2643 	EXP 	restaurantText: autoDraw = True
9.2643 	EXP 	foodImg: autoDraw = True
9.2643 	EXP 	sickImg: autoDraw = True
9.2643 	EXP 	notsickImg: autoDraw = True
9.2643 	EXP 	fixationITIText: autoDraw = False
12.2312 	EXP 	trialInstrText: autoDraw = False
12.2312 	EXP 	restaurantText: autoDraw = False
12.2312 	EXP 	foodImg: autoDraw = False
12.2312 	EXP 	sickImg: autoDraw = False
12.2312 	EXP 	notsickImg: autoDraw = False
12.2314 	EXP 	window1: recordFrameIntervals = False
12.2480 	EXP 	fixationJitterText: autoDraw = True
12.2481 	EXP 	window1: recordFrameIntervals = False
12.7648 	EXP 	fixationJitterText: autoDraw = False
13.2157 	EXP 	New trial (rep=0, index=2): {u'food': u'mexican_food2', u'corrAns': u'right', u'sick': u'No', u'restaurant': u"Molina's Cantina"}
13.2267 	EXP 	window1: recordFrameIntervals = False
13.2365 	EXP 	trialInstrText: autoDraw = False
13.2365 	EXP 	restaurantText: autoDraw = False
13.2365 	EXP 	foodImg: autoDraw = False
13.2365 	EXP 	fixationJitterText: autoDraw = False
13.2365 	EXP 	sickImg: autoDraw = False
13.2365 	EXP 	notsickImg: autoDraw = False
13.2365 	EXP 	fixationITIText: autoDraw = False
13.2365 	EXP 	sickHighlight: autoDraw = False
13.2365 	EXP 	restaurantText: text = u"Molina's Cantina"
13.2365 	EXP 	foodImg: image = u'foods/mexican_food2.png'
13.2365 	EXP 	fixationITIText: autoDraw = True
13.2365 	EXP 	sickHighlight: autoDraw = True
13.2366 	EXP 	window1: recordFrameIntervals = False
14.2648 	EXP 	trialInstrText: autoDraw = True
14.2648 	EXP 	restaurantText: autoDraw = True
14.2648 	EXP 	foodImg: autoDraw = True
14.2648 	EXP 	sickImg: autoDraw = True
14.2648 	EXP 	notsickImg: autoDraw = True
14.2648 	EXP 	fixationITIText: autoDraw = False
17.2317 	EXP 	trialInstrText: autoDraw = False
17.2317 	EXP 	restaurantText: autoDraw = False
17.2317 	EXP 	foodImg: autoDraw = False
17.2317 	EXP 	sickImg: autoDraw = False
17.2317 	EXP 	notsickImg: autoDraw = False
17.2319 	EXP 	window1: recordFrameIntervals = False
17.2487 	EXP 	fixationJitterText: autoDraw = True
17.2489 	EXP 	window1: recordFrameIntervals = False
17.7652 	EXP 	fixationJitterText: autoDraw = False
18.2164 	EXP 	New trial (rep=0, index=3): {u'food': u'mexican_food2', u'corrAns': u'right', u'sick': u'No', u'restaurant': u'Restaurante Arroyo'}
18.2281 	EXP 	window1: recordFrameIntervals = False
18.2416 	EXP 	trialInstrText: autoDraw = False
18.2416 	EXP 	restaurantText: autoDraw = False
18.2416 	EXP 	foodImg: autoDraw = False
18.2416 	EXP 	fixationJitterText: autoDraw = False
18.2416 	EXP 	sickImg: autoDraw = False
18.2416 	EXP 	notsickImg: autoDraw = False
18.2416 	EXP 	fixationITIText: autoDraw = False
18.2416 	EXP 	sickHighlight: autoDraw = False
18.2416 	EXP 	restaurantText: text = u'Restaurante Arroyo'
18.2416 	EXP 	foodImg: image = u'foods/mexican_food2.png'
18.2416 	EXP 	fixationITIText: autoDraw = True
18.2416 	EXP 	sickHighlight: autoDraw = True
18.2418 	EXP 	window1: recordFrameIntervals = False
19.2610 	EXP 	trialInstrText: autoDraw = True
19.2610 	EXP 	restaurantText: autoDraw = True
19.2610 	EXP 	foodImg: autoDraw = True
19.2610 	EXP 	sickImg: autoDraw = True
19.2610 	EXP 	notsickImg: autoDraw = True
19.2610 	EXP 	fixationITIText: autoDraw = False
22.2287 	EXP 	trialInstrText: autoDraw = False
22.2287 	EXP 	restaurantText: autoDraw = False
22.2287 	EXP 	foodImg: autoDraw = False
22.2287 	EXP 	sickImg: autoDraw = False
22.2287 	EXP 	notsickImg: autoDraw = False
22.2289 	EXP 	window1: recordFrameIntervals = False
22.2468 	EXP 	fixationJitterText: autoDraw = True
22.2469 	EXP 	window1: recordFrameIntervals = False
22.7640 	EXP 	fixationJitterText: autoDraw = False
