0.3214 	WARNING 	Movie2 stim could not be imported and won't be available
0.5882 	WARNING 	TextBox stim could not be imported and won't be available.
0.5883 	WARNING 	TextBox Font Manager Found No Fonts.
2.3792 	EXP 	Created window1 = Window(allowGUI=False, allowStencil=False, autoLog=True, bitsMode=UNKNOWN, blendMode='avg', color=array([ 0.,  0.,  0.]), colorSpace='rgb', fullscr=UNKNOWN, gamma=None, lms=UNKNOWN, monitor=<psychopy.monitors.calibTools.Monitor instance at 0xef93800>, name='window1', pos=[0, 0], screen=0, size=array([1440,  900]), stereo=False, units=u'norm', useFBO=True, viewOri=0.0, viewPos=None, viewScale=None, waitBlanking=True, winType='pyglet')
2.3792 	EXP 	window1: recordFrameIntervals = False
2.5442 	EXP 	window1: recordFrameIntervals = True
2.7282 	EXP 	window1: recordFrameIntervals = False
2.8016 	EXP 	Created trialInstrText = TextStim(alignHoriz='center', alignVert='center', antialias=True, autoLog=True, bold=False, color=u'black', colorSpace='named', contrast=1.0, depth=-1.0, flipHoriz=False, flipVert=False, font=u'Arial', fontFiles=[], height=0.1, italic=False, name='trialInstrText', opacity=1.0, ori=0, pos=array([ 0. ,  0.8]), rgb=array([ 0.,  0.,  0.]), text=unicode(...), units=u'norm', win=Window(...), wrapWidth=20)
2.8089 	EXP 	Created restaurantText = TextStim(alignHoriz='center', alignVert='center', antialias=True, autoLog=True, bold=False, color=u'blue', colorSpace='named', contrast=1.0, depth=-2.0, flipHoriz=False, flipVert=False, font=u'Arial', fontFiles=[], height=0.1, italic=False, name='restaurantText', opacity=1.0, ori=0, pos=array([ 0.  ,  0.35]), rgb=array([   0.,    0.,  255.]), text=u'default text', units=u'norm', win=Window(...), wrapWidth=1)
2.8117 	EXP 	Created foodImg = ImageStim(autoLog=True, color=array([ 1.,  1.,  1.]), colorSpace='rgb', contrast=1.0, depth=-3.0, flipHoriz=False, flipVert=False, image='sin', interpolate=True, mask=None, maskParams=None, name='foodImg', opacity=1.0, ori=0.0, pos=array([ 0.,  0.]), size=array([ 0.5,  0.5]), texRes=128, units=u'norm', win=Window(...))
2.8175 	EXP 	Created fixationJitterText = TextStim(alignHoriz='center', alignVert='center', antialias=True, autoLog=True, bold=False, color=u'black', colorSpace='named', contrast=1.0, depth=-4.0, flipHoriz=False, flipVert=False, font=u'Arial', fontFiles=[], height=0.1, italic=False, name='fixationJitterText', opacity=1.0, ori=0, pos=array([ 0.,  0.]), rgb=array([ 0.,  0.,  0.]), text=u'+', units=u'norm', win=Window(...), wrapWidth=1)
2.8223 	EXP 	Created sickImg = ImageStim(autoLog=True, color=array([ 1.,  1.,  1.]), colorSpace='rgb', contrast=1.0, depth=-6.0, flipHoriz=False, flipVert=False, image=u'images/sick.png', interpolate=True, mask=None, maskParams=None, name='sickImg', opacity=1.0, ori=0.0, pos=array([-0.5, -0.6]), size=array([ 0.3 ,  0.45]), texRes=128, units=u'norm', win=Window(...))
2.8249 	EXP 	Created notsickImg = ImageStim(autoLog=True, color=array([ 1.,  1.,  1.]), colorSpace='rgb', contrast=1.0, depth=-7.0, flipHoriz=False, flipVert=False, image=u'images/smiley.png', interpolate=True, mask=None, maskParams=None, name='notsickImg', opacity=1.0, ori=0.0, pos=array([ 0.5, -0.6]), size=array([ 0.3 ,  0.45]), texRes=128, units=u'norm', win=Window(...))
2.8275 	EXP 	Created fixationITIText = TextStim(alignHoriz='center', alignVert='center', antialias=True, autoLog=True, bold=False, color=u'black', colorSpace='named', contrast=1.0, depth=-8.0, flipHoriz=False, flipVert=False, font=u'Arial', fontFiles=[], height=0.1, italic=False, name='fixationITIText', opacity=1.0, ori=0, pos=array([ 0.,  0.]), rgb=array([ 0.,  0.,  0.]), text=u'+', units=u'norm', win=Window(...), wrapWidth=1)
2.8314 	EXP 	Created sickHighlight = TextStim(alignHoriz='center', alignVert='center', antialias=True, autoLog=True, bold=False, color=u'black', colorSpace='named', contrast=1.0, depth=-11.0, flipHoriz=False, flipVert=False, font=u'Arial', fontFiles=[], height=0.3, italic=False, name='sickHighlight', opacity=1.0, ori=0, pos=array([ 0.,  0.]), rgb=array([ 0.,  0.,  0.]), text=u'o', units=u'norm', win=Window(...), wrapWidth=1)
2.8375 	EXP 	Imported irrelevant.xlsx as conditions, 4 conditions, 4 params
2.8378 	EXP 	Created sequence: random, trialTypes=4, nReps=1, seed=None
2.8383 	EXP 	New trial (rep=0, index=0): {u'food': u'mexican_food1', u'corrAns': u'left', u'sick': u'Yes', u'restaurant': u'Restaurante Arroyo'}
2.8528 	EXP 	window1: recordFrameIntervals = False
2.8775 	EXP 	restaurantText: text = u'Restaurante Arroyo'
2.8775 	EXP 	foodImg: image = u'foods/mexican_food1.png'
2.8775 	EXP 	fixationITIText: autoDraw = True
2.8775 	EXP 	sickHighlight: autoDraw = True
2.8776 	EXP 	window1: recordFrameIntervals = False
3.8948 	EXP 	trialInstrText: autoDraw = True
3.8948 	EXP 	restaurantText: autoDraw = True
3.8948 	EXP 	foodImg: autoDraw = True
3.8948 	EXP 	sickImg: autoDraw = True
3.8948 	EXP 	notsickImg: autoDraw = True
3.8948 	EXP 	fixationITIText: autoDraw = False
6.8439 	EXP 	trialInstrText: autoDraw = False
6.8439 	EXP 	restaurantText: autoDraw = False
6.8439 	EXP 	foodImg: autoDraw = False
6.8439 	EXP 	sickImg: autoDraw = False
6.8439 	EXP 	notsickImg: autoDraw = False
6.8441 	EXP 	window1: recordFrameIntervals = False
6.8615 	EXP 	fixationJitterText: autoDraw = True
6.8616 	EXP 	window1: recordFrameIntervals = False
7.3309 	DATA 	Keypress: escape
