0.3228 	WARNING 	Movie2 stim could not be imported and won't be available
0.5590 	WARNING 	TextBox stim could not be imported and won't be available.
0.5591 	WARNING 	TextBox Font Manager Found No Fonts.
2.4653 	EXP 	Created window1 = Window(allowGUI=False, allowStencil=False, autoLog=True, bitsMode=UNKNOWN, blendMode='avg', color=array([ 0.,  0.,  0.]), colorSpace='rgb', fullscr=UNKNOWN, gamma=None, lms=UNKNOWN, monitor=<psychopy.monitors.calibTools.Monitor instance at 0xf0a1828>, name='window1', pos=[0, 0], screen=0, size=array([1440,  900]), stereo=False, units=u'norm', useFBO=True, viewOri=0.0, viewPos=None, viewScale=None, waitBlanking=True, winType='pyglet')
2.4653 	EXP 	window1: recordFrameIntervals = False
2.6308 	EXP 	window1: recordFrameIntervals = True
2.8145 	EXP 	window1: recordFrameIntervals = False
2.8804 	EXP 	Created text = TextStim(alignHoriz='center', alignVert='center', antialias=True, autoLog=True, bold=False, color=u'white', colorSpace='named', contrast=1.0, depth=0.0, flipHoriz=False, flipVert=False, font=u'Arial', fontFiles=[], height=0.1, italic=False, name='text', opacity=1.0, ori=0, pos=array([ 0.,  0.]), rgb=array([ 255.,  255.,  255.]), text=u'Any text\n\nincluding line breaks', units=u'norm', win=Window(...), wrapWidth=1)
2.8952 	EXP 	Created trialInstrText = TextStim(alignHoriz='center', alignVert='center', antialias=True, autoLog=True, bold=False, color=u'black', colorSpace='named', contrast=1.0, depth=-1.0, flipHoriz=False, flipVert=False, font=u'Arial', fontFiles=[], height=0.1, italic=False, name='trialInstrText', opacity=1.0, ori=0, pos=array([ 0. ,  0.8]), rgb=array([ 0.,  0.,  0.]), text=unicode(...), units=u'norm', win=Window(...), wrapWidth=20)
2.9000 	EXP 	Created restaurantText = TextStim(alignHoriz='center', alignVert='center', antialias=True, autoLog=True, bold=False, color=u'blue', colorSpace='named', contrast=1.0, depth=-2.0, flipHoriz=False, flipVert=False, font=u'Arial', fontFiles=[], height=0.1, italic=False, name='restaurantText', opacity=1.0, ori=0, pos=array([ 0.  ,  0.35]), rgb=array([   0.,    0.,  255.]), text=u'default text', units=u'norm', win=Window(...), wrapWidth=1)
2.9029 	EXP 	Created foodImg = ImageStim(autoLog=True, color=array([ 1.,  1.,  1.]), colorSpace='rgb', contrast=1.0, depth=-3.0, flipHoriz=False, flipVert=False, image='sin', interpolate=True, mask=None, maskParams=None, name='foodImg', opacity=1.0, ori=0.0, pos=array([ 0.,  0.]), size=array([ 0.5,  0.5]), texRes=128, units=u'norm', win=Window(...))
2.9098 	EXP 	Created fixationJitterText = TextStim(alignHoriz='center', alignVert='center', antialias=True, autoLog=True, bold=False, color=u'black', colorSpace='named', contrast=1.0, depth=-4.0, flipHoriz=False, flipVert=False, font=u'Arial', fontFiles=[], height=0.1, italic=False, name='fixationJitterText', opacity=1.0, ori=0, pos=array([ 0.,  0.]), rgb=array([ 0.,  0.,  0.]), text=u'+', units=u'norm', win=Window(...), wrapWidth=1)
2.9144 	EXP 	Created sickImg = ImageStim(autoLog=True, color=array([ 1.,  1.,  1.]), colorSpace='rgb', contrast=1.0, depth=-6.0, flipHoriz=False, flipVert=False, image=u'images/sick.png', interpolate=True, mask=None, maskParams=None, name='sickImg', opacity=1.0, ori=0.0, pos=array([-0.5, -0.6]), size=array([ 0.3 ,  0.45]), texRes=128, units=u'norm', win=Window(...))
2.9173 	EXP 	Created notsickImg = ImageStim(autoLog=True, color=array([ 1.,  1.,  1.]), colorSpace='rgb', contrast=1.0, depth=-7.0, flipHoriz=False, flipVert=False, image=u'images/smiley.png', interpolate=True, mask=None, maskParams=None, name='notsickImg', opacity=1.0, ori=0.0, pos=array([ 0.5, -0.6]), size=array([ 0.3 ,  0.45]), texRes=128, units=u'norm', win=Window(...))
2.9202 	EXP 	Created fixationITIText = TextStim(alignHoriz='center', alignVert='center', antialias=True, autoLog=True, bold=False, color=u'black', colorSpace='named', contrast=1.0, depth=-9.0, flipHoriz=False, flipVert=False, font=u'Arial', fontFiles=[], height=0.1, italic=False, name='fixationITIText', opacity=1.0, ori=0, pos=array([ 0.,  0.]), rgb=array([ 0.,  0.,  0.]), text=u'+', units=u'norm', win=Window(...), wrapWidth=1)
2.9286 	EXP 	text: autoDraw = True
3.5647 	DATA 	Keypress: left
3.5724 	EXP 	Imported irrelevant.xlsx as conditions, 4 conditions, 4 params
3.5727 	EXP 	Created sequence: random, trialTypes=4, nReps=1, seed=None
3.5731 	EXP 	New trial (rep=0, index=0): {u'food': u'mexican_food2', u'corrAns': u'right', u'sick': u'No', u'restaurant': u"Molina's Cantina"}
3.5904 	EXP 	window1: recordFrameIntervals = False
3.6000 	EXP 	text: autoDraw = False
3.6000 	EXP 	restaurantText: text = u"Molina's Cantina"
3.6000 	EXP 	foodImg: image = u'foods/mexican_food2.png'
3.6000 	EXP 	fixationITIText: autoDraw = True
3.6001 	EXP 	window1: recordFrameIntervals = False
4.6011 	EXP 	window1: recordFrameIntervals = False
4.6150 	EXP 	trialInstrText: autoDraw = True
4.6150 	EXP 	restaurantText: autoDraw = True
4.6150 	EXP 	foodImg: autoDraw = True
4.6150 	EXP 	sickImg: autoDraw = True
4.6150 	EXP 	notsickImg: autoDraw = True
4.6150 	EXP 	fixationITIText: autoDraw = False
4.6153 	EXP 	window1: recordFrameIntervals = False
7.4069 	DATA 	Keypress: right
7.4079 	DATA 	Keypress: right
7.4082 	DATA 	Keypress: left
7.4085 	DATA 	Keypress: right
7.4087 	DATA 	Keypress: left
7.4090 	DATA 	Keypress: right
7.4093 	DATA 	Keypress: left
7.4097 	DATA 	Keypress: grave
7.4100 	DATA 	Keypress: escape
7.4103 	DATA 	Keypress: escape
7.4106 	DATA 	Keypress: escape
7.4109 	DATA 	Keypress: space
7.4111 	DATA 	Keypress: space
7.4113 	DATA 	Keypress: escape
7.4116 	DATA 	Keypress: escape
7.4645 	DATA 	Keypress: escape
