0.3170 	WARNING 	Movie2 stim could not be imported and won't be available
0.5803 	WARNING 	TextBox stim could not be imported and won't be available.
0.5804 	WARNING 	TextBox Font Manager Found No Fonts.
3.9486 	EXP 	Created window1 = Window(allowGUI=False, allowStencil=False, autoLog=True, bitsMode=UNKNOWN, blendMode='avg', color=array([ 0.,  0.,  0.]), colorSpace='rgb', fullscr=UNKNOWN, gamma=None, lms=UNKNOWN, monitor=<psychopy.monitors.calibTools.Monitor instance at 0xe6ca918>, name='window1', pos=[0, 0], screen=0, size=array([1440,  900]), stereo=False, units=u'norm', useFBO=True, viewOri=0.0, viewPos=None, viewScale=None, waitBlanking=True, winType='pyglet')
3.9486 	EXP 	window1: recordFrameIntervals = False
4.1137 	EXP 	window1: recordFrameIntervals = True
4.2972 	EXP 	window1: recordFrameIntervals = False
4.3688 	EXP 	Created trialInstrText = TextStim(alignHoriz='center', alignVert='center', antialias=True, autoLog=True, bold=False, color=u'black', colorSpace='named', contrast=1.0, depth=-1.0, flipHoriz=False, flipVert=False, font=u'Arial', fontFiles=[], height=0.1, italic=False, name='trialInstrText', opacity=1.0, ori=0, pos=array([ 0. ,  0.8]), rgb=array([ 0.,  0.,  0.]), text=unicode(...), units=u'norm', win=Window(...), wrapWidth=20)
4.3759 	EXP 	Created restaurantText = TextStim(alignHoriz='center', alignVert='center', antialias=True, autoLog=True, bold=False, color=u'blue', colorSpace='named', contrast=1.0, depth=-2.0, flipHoriz=False, flipVert=False, font=u'Arial', fontFiles=[], height=0.1, italic=False, name='restaurantText', opacity=1.0, ori=0, pos=array([ 0.  ,  0.35]), rgb=array([   0.,    0.,  255.]), text=u'default text', units=u'norm', win=Window(...), wrapWidth=1)
4.3788 	EXP 	Created foodImg = ImageStim(autoLog=True, color=array([ 1.,  1.,  1.]), colorSpace='rgb', contrast=1.0, depth=-3.0, flipHoriz=False, flipVert=False, image='sin', interpolate=True, mask=None, maskParams=None, name='foodImg', opacity=1.0, ori=0.0, pos=array([ 0.,  0.]), size=array([ 0.5,  0.5]), texRes=128, units=u'norm', win=Window(...))
4.3844 	EXP 	Created fixationJitterText = TextStim(alignHoriz='center', alignVert='center', antialias=True, autoLog=True, bold=False, color=u'black', colorSpace='named', contrast=1.0, depth=-4.0, flipHoriz=False, flipVert=False, font=u'Arial', fontFiles=[], height=0.1, italic=False, name='fixationJitterText', opacity=1.0, ori=0, pos=array([ 0.,  0.]), rgb=array([ 0.,  0.,  0.]), text=u'+', units=u'norm', win=Window(...), wrapWidth=1)
4.3890 	EXP 	Created sickImg = ImageStim(autoLog=True, color=array([ 1.,  1.,  1.]), colorSpace='rgb', contrast=1.0, depth=-6.0, flipHoriz=False, flipVert=False, image=u'images/sick.png', interpolate=True, mask=None, maskParams=None, name='sickImg', opacity=1.0, ori=0.0, pos=array([-0.5, -0.6]), size=array([ 0.3 ,  0.45]), texRes=128, units=u'norm', win=Window(...))
4.3917 	EXP 	Created notsickImg = ImageStim(autoLog=True, color=array([ 1.,  1.,  1.]), colorSpace='rgb', contrast=1.0, depth=-7.0, flipHoriz=False, flipVert=False, image=u'images/smiley.png', interpolate=True, mask=None, maskParams=None, name='notsickImg', opacity=1.0, ori=0.0, pos=array([ 0.5, -0.6]), size=array([ 0.3 ,  0.45]), texRes=128, units=u'norm', win=Window(...))
4.3942 	EXP 	Created fixationITIText = TextStim(alignHoriz='center', alignVert='center', antialias=True, autoLog=True, bold=False, color=u'black', colorSpace='named', contrast=1.0, depth=-8.0, flipHoriz=False, flipVert=False, font=u'Arial', fontFiles=[], height=0.1, italic=False, name='fixationITIText', opacity=1.0, ori=0, pos=array([ 0.,  0.]), rgb=array([ 0.,  0.,  0.]), text=u'+', units=u'norm', win=Window(...), wrapWidth=1)
4.3989 	EXP 	Created sickHighlight = TextStim(alignHoriz='center', alignVert='center', antialias=True, autoLog=True, bold=False, color=u'white', colorSpace='named', contrast=1.0, depth=-10.0, flipHoriz=False, flipVert=False, font=u'Arial', fontFiles=[], height=1.0, italic=False, name='sickHighlight', opacity=1.0, ori=0, pos=array([-0.5 , -0.35]), rgb=array([ 255.,  255.,  255.]), text=u'_', units=u'norm', win=Window(...), wrapWidth=1)
4.4014 	EXP 	Created notsickHighlight = TextStim(alignHoriz='center', alignVert='center', antialias=True, autoLog=True, bold=False, color=u'white', colorSpace='named', contrast=1.0, depth=-11.0, flipHoriz=False, flipVert=False, font=u'Arial', fontFiles=[], height=1, italic=False, name='notsickHighlight', opacity=1.0, ori=0, pos=array([ 0.5 , -0.35]), rgb=array([ 255.,  255.,  255.]), text=u'_', units=u'norm', win=Window(...), wrapWidth=1)
4.4082 	EXP 	Created correctText = TextStim(alignHoriz='center', alignVert='center', antialias=True, autoLog=True, bold=False, color=u'green', colorSpace='named', contrast=1.0, depth=-13.0, flipHoriz=False, flipVert=False, font=u'Arial', fontFiles=[], height=0.1, italic=False, name='correctText', opacity=1.0, ori=0, pos=array([ 0. , -0.3]), rgb=array([   0.,  128.,    0.]), text=u'CORRECT', units=u'norm', win=Window(...), wrapWidth=1)
4.4132 	EXP 	Created wrongText = TextStim(alignHoriz='center', alignVert='center', antialias=True, autoLog=True, bold=False, color=u'red', colorSpace='named', contrast=1.0, depth=-14.0, flipHoriz=False, flipVert=False, font=u'Arial', fontFiles=[], height=0.1, italic=False, name='wrongText', opacity=1.0, ori=0, pos=array([ 0. , -0.3]), rgb=array([ 255.,    0.,    0.]), text=u'WRONG', units=u'norm', win=Window(...), wrapWidth=1)
4.4162 	EXP 	Created sickFeedback = ImageStim(autoLog=True, color=array([ 1.,  1.,  1.]), colorSpace='rgb', contrast=1.0, depth=-15.0, flipHoriz=False, flipVert=False, image=u'images/sick.png', interpolate=True, mask=None, maskParams=None, name='sickFeedback', opacity=1.0, ori=0.0, pos=array([ 0.,  0.]), size=array([ 0.3 ,  0.45]), texRes=128, units=u'norm', win=Window(...))
4.4188 	EXP 	Created notsickFeedback = ImageStim(autoLog=True, color=array([ 1.,  1.,  1.]), colorSpace='rgb', contrast=1.0, depth=-16.0, flipHoriz=False, flipVert=False, image=u'images/smiley.png', interpolate=True, mask=None, maskParams=None, name='notsickFeedback', opacity=1.0, ori=0.0, pos=array([ 0.,  0.]), size=array([ 0.3 ,  0.45]), texRes=128, units=u'norm', win=Window(...))
4.4318 	EXP 	Imported irrelevant.xlsx as conditions, 4 conditions, 4 params
4.4321 	EXP 	Created sequence: random, trialTypes=4, nReps=1, seed=None
4.4325 	EXP 	New trial (rep=0, index=0): {u'food': u'mexican_food1', u'corrAns': u'left', u'sick': u'Yes', u'restaurant': u'Restaurante Arroyo'}
4.4896 	EXP 	window1: recordFrameIntervals = False
4.5114 	EXP 	restaurantText: text = u'Restaurante Arroyo'
4.5114 	EXP 	foodImg: image = u'foods/mexican_food1.png'
4.5114 	EXP 	sickHighlight: opacity = 0.0
4.5114 	EXP 	notsickHighlight: opacity = 0.0
4.5114 	EXP 	sickHighlight: text = u'_'
4.5114 	EXP 	notsickHighlight: text = u'_'
4.5114 	EXP 	fixationITIText: autoDraw = True
4.5114 	EXP 	sickHighlight: text = u'_'
4.5114 	EXP 	notsickHighlight: text = u'_'
4.5184 	EXP 	window1: recordFrameIntervals = False
5.5120 	EXP 	sickHighlight: text = u'_'
5.5120 	EXP 	notsickHighlight: text = u'_'
5.5318 	EXP 	trialInstrText: autoDraw = True
5.5318 	EXP 	restaurantText: autoDraw = True
5.5318 	EXP 	foodImg: autoDraw = True
5.5318 	EXP 	sickImg: autoDraw = True
5.5318 	EXP 	notsickImg: autoDraw = True
5.5318 	EXP 	fixationITIText: autoDraw = False
5.5318 	EXP 	sickHighlight: autoDraw = True
5.5318 	EXP 	notsickHighlight: autoDraw = True
5.5318 	EXP 	sickHighlight: text = u'_'
5.5318 	EXP 	notsickHighlight: text = u'_'
5.5444 	EXP 	sickHighlight: text = u'_'
5.5444 	EXP 	notsickHighlight: text = u'_'
5.5629 	EXP 	sickHighlight: text = u'_'
5.5629 	EXP 	notsickHighlight: text = u'_'
5.5798 	EXP 	sickHighlight: text = u'_'
5.5798 	EXP 	notsickHighlight: text = u'_'
5.5963 	EXP 	sickHighlight: text = u'_'
5.5963 	EXP 	notsickHighlight: text = u'_'
5.6100 	EXP 	sickHighlight: text = u'_'
5.6100 	EXP 	notsickHighlight: text = u'_'
5.6296 	EXP 	sickHighlight: text = u'_'
5.6296 	EXP 	notsickHighlight: text = u'_'
5.6462 	EXP 	sickHighlight: text = u'_'
5.6462 	EXP 	notsickHighlight: text = u'_'
5.6632 	EXP 	sickHighlight: text = u'_'
5.6632 	EXP 	notsickHighlight: text = u'_'
5.6772 	EXP 	sickHighlight: text = u'_'
5.6772 	EXP 	notsickHighlight: text = u'_'
5.6960 	EXP 	sickHighlight: text = u'_'
5.6960 	EXP 	notsickHighlight: text = u'_'
5.7104 	EXP 	sickHighlight: text = u'_'
5.7104 	EXP 	notsickHighlight: text = u'_'
5.7294 	EXP 	sickHighlight: text = u'_'
5.7294 	EXP 	notsickHighlight: text = u'_'
5.7464 	EXP 	sickHighlight: text = u'_'
5.7464 	EXP 	notsickHighlight: text = u'_'
5.7630 	EXP 	sickHighlight: text = u'_'
5.7630 	EXP 	notsickHighlight: text = u'_'
5.7798 	EXP 	sickHighlight: text = u'_'
5.7798 	EXP 	notsickHighlight: text = u'_'
5.7963 	EXP 	sickHighlight: text = u'_'
5.7963 	EXP 	notsickHighlight: text = u'_'
5.8128 	EXP 	sickHighlight: text = u'_'
5.8128 	EXP 	notsickHighlight: text = u'_'
5.8299 	EXP 	sickHighlight: text = u'_'
5.8299 	EXP 	notsickHighlight: text = u'_'
5.8461 	EXP 	sickHighlight: text = u'_'
5.8461 	EXP 	notsickHighlight: text = u'_'
5.8632 	EXP 	sickHighlight: text = u'_'
5.8632 	EXP 	notsickHighlight: text = u'_'
5.8774 	EXP 	sickHighlight: text = u'_'
5.8774 	EXP 	notsickHighlight: text = u'_'
5.8962 	EXP 	sickHighlight: text = u'_'
5.8962 	EXP 	notsickHighlight: text = u'_'
5.9101 	EXP 	sickHighlight: text = u'_'
5.9101 	EXP 	notsickHighlight: text = u'_'
5.9297 	EXP 	sickHighlight: text = u'_'
5.9297 	EXP 	notsickHighlight: text = u'_'
5.9460 	EXP 	sickHighlight: text = u'_'
5.9460 	EXP 	notsickHighlight: text = u'_'
5.9630 	EXP 	sickHighlight: text = u'_'
5.9630 	EXP 	notsickHighlight: text = u'_'
5.9795 	EXP 	sickHighlight: text = u'_'
5.9795 	EXP 	notsickHighlight: text = u'_'
5.9960 	EXP 	sickHighlight: text = u'_'
5.9960 	EXP 	notsickHighlight: text = u'_'
6.0131 	EXP 	sickHighlight: text = u'_'
6.0131 	EXP 	notsickHighlight: text = u'_'
6.0267 	EXP 	sickHighlight: text = u'_'
6.0267 	EXP 	notsickHighlight: text = u'_'
6.0461 	EXP 	sickHighlight: text = u'_'
6.0461 	EXP 	notsickHighlight: text = u'_'
6.0633 	EXP 	sickHighlight: text = u'_'
6.0633 	EXP 	notsickHighlight: text = u'_'
6.0797 	EXP 	sickHighlight: text = u'_'
6.0797 	EXP 	notsickHighlight: text = u'_'
6.0962 	EXP 	sickHighlight: text = u'_'
6.0962 	EXP 	notsickHighlight: text = u'_'
6.1127 	EXP 	sickHighlight: text = u'_'
6.1127 	EXP 	notsickHighlight: text = u'_'
6.1273 	EXP 	sickHighlight: text = u'_'
6.1273 	EXP 	notsickHighlight: text = u'_'
6.1462 	EXP 	sickHighlight: text = u'_'
6.1462 	EXP 	notsickHighlight: text = u'_'
6.1632 	EXP 	sickHighlight: text = u'_'
6.1632 	EXP 	notsickHighlight: text = u'_'
6.1771 	EXP 	sickHighlight: text = u'_'
6.1771 	EXP 	notsickHighlight: text = u'_'
6.1961 	EXP 	sickHighlight: text = u'_'
6.1961 	EXP 	notsickHighlight: text = u'_'
6.2132 	EXP 	sickHighlight: text = u'_'
6.2132 	EXP 	notsickHighlight: text = u'_'
6.2268 	EXP 	sickHighlight: text = u'_'
6.2268 	EXP 	notsickHighlight: text = u'_'
6.2462 	EXP 	sickHighlight: text = u'_'
6.2462 	EXP 	notsickHighlight: text = u'_'
6.2780 	EXP 	sickHighlight: text = u'_'
6.2780 	EXP 	notsickHighlight: text = u'_'
6.2929 	EXP 	sickHighlight: text = u'_'
6.2929 	EXP 	notsickHighlight: text = u'_'
6.3117 	EXP 	sickHighlight: text = u'_'
6.3117 	EXP 	notsickHighlight: text = u'_'
6.3260 	EXP 	sickHighlight: text = u'_'
6.3260 	EXP 	notsickHighlight: text = u'_'
6.3450 	EXP 	sickHighlight: text = u'_'
6.3450 	EXP 	notsickHighlight: text = u'_'
6.3595 	EXP 	sickHighlight: text = u'_'
6.3595 	EXP 	notsickHighlight: text = u'_'
6.3780 	EXP 	sickHighlight: text = u'_'
6.3780 	EXP 	notsickHighlight: text = u'_'
6.3954 	EXP 	sickHighlight: text = u'_'
6.3954 	EXP 	notsickHighlight: text = u'_'
6.4119 	EXP 	sickHighlight: text = u'_'
6.4119 	EXP 	notsickHighlight: text = u'_'
6.4287 	EXP 	sickHighlight: text = u'_'
6.4287 	EXP 	notsickHighlight: text = u'_'
6.4429 	EXP 	sickHighlight: text = u'_'
6.4429 	EXP 	notsickHighlight: text = u'_'
6.4615 	EXP 	sickHighlight: text = u'_'
6.4615 	EXP 	notsickHighlight: text = u'_'
6.4785 	EXP 	sickHighlight: text = u'_'
6.4785 	EXP 	notsickHighlight: text = u'_'
6.4928 	EXP 	sickHighlight: text = u'_'
6.4928 	EXP 	notsickHighlight: text = u'_'
6.5118 	EXP 	sickHighlight: text = u'_'
6.5118 	EXP 	notsickHighlight: text = u'_'
6.5263 	EXP 	sickHighlight: text = u'_'
6.5263 	EXP 	notsickHighlight: text = u'_'
6.5451 	EXP 	sickHighlight: text = u'_'
6.5451 	EXP 	notsickHighlight: text = u'_'
6.5592 	EXP 	sickHighlight: text = u'_'
6.5592 	EXP 	notsickHighlight: text = u'_'
6.5778 	EXP 	sickHighlight: text = u'_'
6.5778 	EXP 	notsickHighlight: text = u'_'
6.5956 	EXP 	sickHighlight: text = u'_'
6.5956 	EXP 	notsickHighlight: text = u'_'
6.6132 	EXP 	sickHighlight: text = u'_'
6.6132 	EXP 	notsickHighlight: text = u'_'
6.6296 	EXP 	sickHighlight: text = u'_'
6.6296 	EXP 	notsickHighlight: text = u'_'
6.6464 	EXP 	sickHighlight: text = u'_'
6.6464 	EXP 	notsickHighlight: text = u'_'
6.6629 	EXP 	sickHighlight: text = u'_'
6.6629 	EXP 	notsickHighlight: text = u'_'
6.6797 	EXP 	sickHighlight: text = u'_'
6.6797 	EXP 	notsickHighlight: text = u'_'
6.6962 	EXP 	sickHighlight: text = u'_'
6.6962 	EXP 	notsickHighlight: text = u'_'
6.7129 	EXP 	sickHighlight: text = u'_'
6.7129 	EXP 	notsickHighlight: text = u'_'
6.7275 	EXP 	sickHighlight: text = u'_'
6.7275 	EXP 	notsickHighlight: text = u'_'
6.7466 	EXP 	sickHighlight: text = u'_'
6.7466 	EXP 	notsickHighlight: text = u'_'
6.7608 	EXP 	sickHighlight: text = u'_'
6.7608 	EXP 	notsickHighlight: text = u'_'
6.7798 	EXP 	sickHighlight: text = u'_'
6.7798 	EXP 	notsickHighlight: text = u'_'
6.7963 	EXP 	sickHighlight: text = u'_'
6.7963 	EXP 	notsickHighlight: text = u'_'
6.8128 	EXP 	sickHighlight: text = u'_'
6.8128 	EXP 	notsickHighlight: text = u'_'
6.8273 	EXP 	sickHighlight: text = u'_'
6.8273 	EXP 	notsickHighlight: text = u'_'
6.8462 	EXP 	sickHighlight: text = u'_'
6.8462 	EXP 	notsickHighlight: text = u'_'
6.8609 	EXP 	sickHighlight: text = u'_'
6.8609 	EXP 	notsickHighlight: text = u'_'
6.8798 	EXP 	sickHighlight: text = u'_'
6.8798 	EXP 	notsickHighlight: text = u'_'
6.8937 	EXP 	sickHighlight: text = u'_'
6.8937 	EXP 	notsickHighlight: text = u'_'
6.9132 	EXP 	sickHighlight: text = u'_'
6.9132 	EXP 	notsickHighlight: text = u'_'
6.9276 	EXP 	sickHighlight: text = u'_'
6.9276 	EXP 	notsickHighlight: text = u'_'
6.9462 	EXP 	sickHighlight: text = u'_'
6.9462 	EXP 	notsickHighlight: text = u'_'
6.9633 	EXP 	sickHighlight: text = u'_'
6.9633 	EXP 	notsickHighlight: text = u'_'
6.9799 	EXP 	sickHighlight: text = u'_'
6.9799 	EXP 	notsickHighlight: text = u'_'
6.9937 	EXP 	sickHighlight: text = u'_'
6.9937 	EXP 	notsickHighlight: text = u'_'
7.0285 	EXP 	sickHighlight: text = u'_'
7.0285 	EXP 	notsickHighlight: text = u'_'
7.0428 	EXP 	sickHighlight: text = u'_'
7.0428 	EXP 	notsickHighlight: text = u'_'
7.0628 	EXP 	sickHighlight: text = u'_'
7.0628 	EXP 	notsickHighlight: text = u'_'
7.0958 	EXP 	sickHighlight: text = u'_'
7.0958 	EXP 	notsickHighlight: text = u'_'
7.1132 	EXP 	sickHighlight: text = u'_'
7.1132 	EXP 	notsickHighlight: text = u'_'
7.1299 	EXP 	sickHighlight: text = u'_'
7.1299 	EXP 	notsickHighlight: text = u'_'
7.1437 	EXP 	sickHighlight: text = u'_'
7.1437 	EXP 	notsickHighlight: text = u'_'
7.1631 	EXP 	sickHighlight: text = u'_'
7.1631 	EXP 	notsickHighlight: text = u'_'
7.1775 	EXP 	sickHighlight: text = u'_'
7.1775 	EXP 	notsickHighlight: text = u'_'
7.1965 	EXP 	sickHighlight: text = u'_'
7.1965 	EXP 	notsickHighlight: text = u'_'
7.2129 	EXP 	sickHighlight: text = u'_'
7.2129 	EXP 	notsickHighlight: text = u'_'
7.2272 	EXP 	sickHighlight: text = u'_'
7.2272 	EXP 	notsickHighlight: text = u'_'
7.2464 	EXP 	sickHighlight: text = u'_'
7.2464 	EXP 	notsickHighlight: text = u'_'
7.2607 	EXP 	sickHighlight: text = u'_'
7.2607 	EXP 	notsickHighlight: text = u'_'
7.2799 	EXP 	sickHighlight: text = u'_'
7.2799 	EXP 	notsickHighlight: text = u'_'
7.2938 	EXP 	sickHighlight: text = u'_'
7.2938 	EXP 	notsickHighlight: text = u'_'
7.3130 	EXP 	sickHighlight: text = u'_'
7.3130 	EXP 	notsickHighlight: text = u'_'
7.3271 	EXP 	sickHighlight: text = u'_'
7.3271 	EXP 	notsickHighlight: text = u'_'
7.3465 	EXP 	sickHighlight: text = u'_'
7.3465 	EXP 	notsickHighlight: text = u'_'
7.3606 	EXP 	sickHighlight: text = u'_'
7.3606 	EXP 	notsickHighlight: text = u'_'
7.3800 	EXP 	sickHighlight: text = u'_'
7.3800 	EXP 	notsickHighlight: text = u'_'
7.4123 	EXP 	sickHighlight: text = u'_'
7.4123 	EXP 	notsickHighlight: text = u'_'
7.4267 	EXP 	sickHighlight: text = u'_'
7.4267 	EXP 	notsickHighlight: text = u'_'
7.4463 	EXP 	sickHighlight: text = u'_'
7.4463 	EXP 	notsickHighlight: text = u'_'
7.4603 	EXP 	sickHighlight: text = u'_'
7.4603 	EXP 	notsickHighlight: text = u'_'
7.4800 	EXP 	sickHighlight: text = u'_'
7.4800 	EXP 	notsickHighlight: text = u'_'
7.4965 	EXP 	sickHighlight: text = u'_'
7.4965 	EXP 	notsickHighlight: text = u'_'
7.5130 	EXP 	sickHighlight: text = u'_'
7.5130 	EXP 	notsickHighlight: text = u'_'
7.5299 	EXP 	sickHighlight: text = u'_'
7.5299 	EXP 	notsickHighlight: text = u'_'
7.5467 	EXP 	sickHighlight: text = u'_'
7.5467 	EXP 	notsickHighlight: text = u'_'
7.5608 	EXP 	sickHighlight: text = u'_'
7.5608 	EXP 	notsickHighlight: text = u'_'
7.5799 	EXP 	sickHighlight: text = u'_'
7.5799 	EXP 	notsickHighlight: text = u'_'
7.5940 	EXP 	sickHighlight: text = u'_'
7.5940 	EXP 	notsickHighlight: text = u'_'
7.6131 	EXP 	sickHighlight: text = u'_'
7.6131 	EXP 	notsickHighlight: text = u'_'
7.6274 	EXP 	sickHighlight: text = u'_'
7.6274 	EXP 	notsickHighlight: text = u'_'
7.6467 	EXP 	sickHighlight: text = u'_'
7.6467 	EXP 	notsickHighlight: text = u'_'
7.6609 	EXP 	sickHighlight: text = u'_'
7.6609 	EXP 	notsickHighlight: text = u'_'
7.6799 	EXP 	sickHighlight: text = u'_'
7.6799 	EXP 	notsickHighlight: text = u'_'
7.6964 	EXP 	sickHighlight: text = u'_'
7.6964 	EXP 	notsickHighlight: text = u'_'
7.7132 	EXP 	sickHighlight: text = u'_'
7.7132 	EXP 	notsickHighlight: text = u'_'
7.7297 	EXP 	sickHighlight: text = u'_'
7.7297 	EXP 	notsickHighlight: text = u'_'
7.7467 	EXP 	sickHighlight: text = u'_'
7.7467 	EXP 	notsickHighlight: text = u'_'
7.7794 	EXP 	sickHighlight: text = u'_'
7.7794 	EXP 	notsickHighlight: text = u'_'
7.7938 	EXP 	sickHighlight: text = u'_'
7.7938 	EXP 	notsickHighlight: text = u'_'
7.8134 	EXP 	sickHighlight: text = u'_'
7.8134 	EXP 	notsickHighlight: text = u'_'
7.8277 	EXP 	sickHighlight: text = u'_'
7.8277 	EXP 	notsickHighlight: text = u'_'
7.8466 	EXP 	sickHighlight: text = u'_'
7.8466 	EXP 	notsickHighlight: text = u'_'
7.8602 	EXP 	sickHighlight: text = u'_'
7.8602 	EXP 	notsickHighlight: text = u'_'
7.8796 	EXP 	sickHighlight: text = u'_'
7.8796 	EXP 	notsickHighlight: text = u'_'
7.8947 	EXP 	sickHighlight: text = u'_'
7.8947 	EXP 	notsickHighlight: text = u'_'
7.9131 	EXP 	sickHighlight: text = u'_'
7.9131 	EXP 	notsickHighlight: text = u'_'
7.9296 	EXP 	sickHighlight: text = u'_'
7.9296 	EXP 	notsickHighlight: text = u'_'
7.9464 	EXP 	sickHighlight: text = u'_'
7.9464 	EXP 	notsickHighlight: text = u'_'
7.9633 	EXP 	sickHighlight: text = u'_'
7.9633 	EXP 	notsickHighlight: text = u'_'
7.9773 	EXP 	sickHighlight: text = u'_'
7.9773 	EXP 	notsickHighlight: text = u'_'
7.9968 	EXP 	sickHighlight: text = u'_'
7.9968 	EXP 	notsickHighlight: text = u'_'
8.0112 	EXP 	sickHighlight: text = u'_'
8.0112 	EXP 	notsickHighlight: text = u'_'
8.0300 	EXP 	sickHighlight: text = u'_'
8.0300 	EXP 	notsickHighlight: text = u'_'
8.0466 	EXP 	sickHighlight: text = u'_'
8.0466 	EXP 	notsickHighlight: text = u'_'
8.0610 	EXP 	sickHighlight: text = u'_'
8.0610 	EXP 	notsickHighlight: text = u'_'
8.0799 	EXP 	sickHighlight: text = u'_'
8.0799 	EXP 	notsickHighlight: text = u'_'
8.0965 	EXP 	sickHighlight: text = u'_'
8.0965 	EXP 	notsickHighlight: text = u'_'
8.1108 	EXP 	sickHighlight: text = u'_'
8.1108 	EXP 	notsickHighlight: text = u'_'
8.1301 	EXP 	sickHighlight: text = u'_'
8.1301 	EXP 	notsickHighlight: text = u'_'
8.1467 	EXP 	sickHighlight: text = u'_'
8.1467 	EXP 	notsickHighlight: text = u'_'
8.1632 	EXP 	sickHighlight: text = u'_'
8.1632 	EXP 	notsickHighlight: text = u'_'
8.1773 	EXP 	sickHighlight: text = u'_'
8.1773 	EXP 	notsickHighlight: text = u'_'
8.1967 	EXP 	sickHighlight: text = u'_'
8.1967 	EXP 	notsickHighlight: text = u'_'
8.2104 	EXP 	sickHighlight: text = u'_'
8.2104 	EXP 	notsickHighlight: text = u'_'
8.2298 	EXP 	sickHighlight: text = u'_'
8.2298 	EXP 	notsickHighlight: text = u'_'
8.2469 	EXP 	sickHighlight: text = u'_'
8.2469 	EXP 	notsickHighlight: text = u'_'
8.2633 	EXP 	sickHighlight: text = u'_'
8.2633 	EXP 	notsickHighlight: text = u'_'
8.2772 	EXP 	sickHighlight: text = u'_'
8.2772 	EXP 	notsickHighlight: text = u'_'
8.2966 	EXP 	sickHighlight: text = u'_'
8.2966 	EXP 	notsickHighlight: text = u'_'
8.3135 	EXP 	sickHighlight: text = u'_'
8.3135 	EXP 	notsickHighlight: text = u'_'
8.3299 	EXP 	sickHighlight: text = u'_'
8.3299 	EXP 	notsickHighlight: text = u'_'
8.3465 	EXP 	sickHighlight: text = u'_'
8.3465 	EXP 	notsickHighlight: text = u'_'
8.3609 	EXP 	sickHighlight: text = u'_'
8.3609 	EXP 	notsickHighlight: text = u'_'
8.3800 	EXP 	sickHighlight: text = u'_'
8.3800 	EXP 	notsickHighlight: text = u'_'
8.4132 	EXP 	sickHighlight: text = u'_'
8.4132 	EXP 	notsickHighlight: text = u'_'
8.4278 	EXP 	sickHighlight: text = u'_'
8.4278 	EXP 	notsickHighlight: text = u'_'
8.4464 	EXP 	trialInstrText: autoDraw = False
8.4464 	EXP 	restaurantText: autoDraw = False
8.4464 	EXP 	foodImg: autoDraw = False
8.4464 	EXP 	sickImg: autoDraw = False
8.4464 	EXP 	notsickImg: autoDraw = False
8.4464 	EXP 	sickHighlight: autoDraw = False
8.4464 	EXP 	notsickHighlight: autoDraw = False
8.4464 	EXP 	sickHighlight: text = u'_'
8.4464 	EXP 	notsickHighlight: text = u'_'
8.4645 	EXP 	sickHighlight: text = u'_'
8.4645 	EXP 	notsickHighlight: text = u'_'
8.4645 	EXP 	correctText: autoDraw = True
8.4645 	EXP 	wrongText: autoDraw = True
8.4645 	EXP 	sickFeedback: autoDraw = True
8.4645 	EXP 	notsickFeedback: autoDraw = True
8.4808 	EXP 	sickHighlight: text = u'_'
8.4808 	EXP 	notsickHighlight: text = u'_'
8.4952 	EXP 	sickHighlight: text = u'_'
8.4952 	EXP 	notsickHighlight: text = u'_'
8.5141 	EXP 	sickHighlight: text = u'_'
8.5141 	EXP 	notsickHighlight: text = u'_'
8.5311 	EXP 	sickHighlight: text = u'_'
8.5311 	EXP 	notsickHighlight: text = u'_'
8.5476 	EXP 	sickHighlight: text = u'_'
8.5476 	EXP 	notsickHighlight: text = u'_'
8.5642 	EXP 	sickHighlight: text = u'_'
8.5642 	EXP 	notsickHighlight: text = u'_'
8.5811 	EXP 	sickHighlight: text = u'_'
8.5811 	EXP 	notsickHighlight: text = u'_'
8.5976 	EXP 	sickHighlight: text = u'_'
8.5976 	EXP 	notsickHighlight: text = u'_'
8.6144 	EXP 	sickHighlight: text = u'_'
8.6144 	EXP 	notsickHighlight: text = u'_'
8.6309 	EXP 	sickHighlight: text = u'_'
8.6309 	EXP 	notsickHighlight: text = u'_'
8.6476 	EXP 	sickHighlight: text = u'_'
8.6476 	EXP 	notsickHighlight: text = u'_'
8.6616 	EXP 	sickHighlight: text = u'_'
8.6616 	EXP 	notsickHighlight: text = u'_'
8.6810 	EXP 	sickHighlight: text = u'_'
8.6810 	EXP 	notsickHighlight: text = u'_'
8.6978 	EXP 	sickHighlight: text = u'_'
8.6978 	EXP 	notsickHighlight: text = u'_'
8.7143 	EXP 	sickHighlight: text = u'_'
8.7143 	EXP 	notsickHighlight: text = u'_'
8.7311 	EXP 	sickHighlight: text = u'_'
8.7311 	EXP 	notsickHighlight: text = u'_'
8.7477 	EXP 	sickHighlight: text = u'_'
8.7477 	EXP 	notsickHighlight: text = u'_'
8.7643 	EXP 	sickHighlight: text = u'_'
8.7643 	EXP 	notsickHighlight: text = u'_'
8.7810 	EXP 	sickHighlight: text = u'_'
8.7810 	EXP 	notsickHighlight: text = u'_'
8.7978 	EXP 	sickHighlight: text = u'_'
8.7978 	EXP 	notsickHighlight: text = u'_'
8.8145 	EXP 	sickHighlight: text = u'_'
8.8145 	EXP 	notsickHighlight: text = u'_'
8.8284 	EXP 	sickHighlight: text = u'_'
8.8284 	EXP 	notsickHighlight: text = u'_'
8.8477 	EXP 	sickHighlight: text = u'_'
8.8477 	EXP 	notsickHighlight: text = u'_'
8.8644 	EXP 	sickHighlight: text = u'_'
8.8644 	EXP 	notsickHighlight: text = u'_'
8.8784 	EXP 	sickHighlight: text = u'_'
8.8784 	EXP 	notsickHighlight: text = u'_'
8.8975 	EXP 	sickHighlight: text = u'_'
8.8975 	EXP 	notsickHighlight: text = u'_'
8.9116 	EXP 	sickHighlight: text = u'_'
8.9116 	EXP 	notsickHighlight: text = u'_'
8.9310 	EXP 	sickHighlight: text = u'_'
8.9310 	EXP 	notsickHighlight: text = u'_'
8.9478 	EXP 	sickHighlight: text = u'_'
8.9478 	EXP 	notsickHighlight: text = u'_'
8.9643 	EXP 	sickHighlight: text = u'_'
8.9643 	EXP 	notsickHighlight: text = u'_'
8.9817 	EXP 	sickHighlight: text = u'_'
8.9817 	EXP 	notsickHighlight: text = u'_'
8.9976 	EXP 	sickHighlight: text = u'_'
8.9976 	EXP 	notsickHighlight: text = u'_'
9.0144 	EXP 	sickHighlight: text = u'_'
9.0144 	EXP 	notsickHighlight: text = u'_'
9.0312 	EXP 	sickHighlight: text = u'_'
9.0312 	EXP 	notsickHighlight: text = u'_'
9.0478 	EXP 	sickHighlight: text = u'_'
9.0478 	EXP 	notsickHighlight: text = u'_'
9.0643 	EXP 	sickHighlight: text = u'_'
9.0643 	EXP 	notsickHighlight: text = u'_'
9.0810 	EXP 	sickHighlight: text = u'_'
9.0810 	EXP 	notsickHighlight: text = u'_'
9.0981 	EXP 	sickHighlight: text = u'_'
9.0981 	EXP 	notsickHighlight: text = u'_'
9.1115 	EXP 	sickHighlight: text = u'_'
9.1115 	EXP 	notsickHighlight: text = u'_'
9.1310 	EXP 	sickHighlight: text = u'_'
9.1310 	EXP 	notsickHighlight: text = u'_'
9.1477 	EXP 	sickHighlight: text = u'_'
9.1477 	EXP 	notsickHighlight: text = u'_'
9.1642 	EXP 	sickHighlight: text = u'_'
9.1642 	EXP 	notsickHighlight: text = u'_'
9.1782 	EXP 	sickHighlight: text = u'_'
9.1782 	EXP 	notsickHighlight: text = u'_'
9.1976 	EXP 	sickHighlight: text = u'_'
9.1976 	EXP 	notsickHighlight: text = u'_'
9.2117 	EXP 	sickHighlight: text = u'_'
9.2117 	EXP 	notsickHighlight: text = u'_'
9.2310 	EXP 	sickHighlight: text = u'_'
9.2310 	EXP 	notsickHighlight: text = u'_'
9.2449 	EXP 	sickHighlight: text = u'_'
9.2449 	EXP 	notsickHighlight: text = u'_'
9.2645 	EXP 	sickHighlight: text = u'_'
9.2645 	EXP 	notsickHighlight: text = u'_'
9.2783 	EXP 	sickHighlight: text = u'_'
9.2783 	EXP 	notsickHighlight: text = u'_'
9.2980 	EXP 	sickHighlight: text = u'_'
9.2980 	EXP 	notsickHighlight: text = u'_'
9.3120 	EXP 	sickHighlight: text = u'_'
9.3120 	EXP 	notsickHighlight: text = u'_'
9.3310 	EXP 	sickHighlight: text = u'_'
9.3310 	EXP 	notsickHighlight: text = u'_'
9.3479 	EXP 	sickHighlight: text = u'_'
9.3479 	EXP 	notsickHighlight: text = u'_'
9.3643 	EXP 	sickHighlight: text = u'_'
9.3643 	EXP 	notsickHighlight: text = u'_'
9.3812 	EXP 	sickHighlight: text = u'_'
9.3812 	EXP 	notsickHighlight: text = u'_'
9.3977 	EXP 	sickHighlight: text = u'_'
9.3977 	EXP 	notsickHighlight: text = u'_'
9.4150 	EXP 	sickHighlight: text = u'_'
9.4150 	EXP 	notsickHighlight: text = u'_'
9.4311 	EXP 	sickHighlight: text = u'_'
9.4311 	EXP 	notsickHighlight: text = u'_'
9.4478 	EXP 	sickHighlight: text = u'_'
9.4478 	EXP 	notsickHighlight: text = u'_'
9.4478 	EXP 	correctText: autoDraw = False
9.4478 	EXP 	wrongText: autoDraw = False
9.4478 	EXP 	sickFeedback: autoDraw = False
9.4478 	EXP 	notsickFeedback: autoDraw = False
9.4521 	EXP 	window1: recordFrameIntervals = False
9.4645 	EXP 	fixationJitterText: autoDraw = True
9.4645 	EXP 	sickHighlight: text = u'_'
9.4645 	EXP 	notsickHighlight: text = u'_'
9.4690 	EXP 	window1: recordFrameIntervals = False
9.9812 	EXP 	sickHighlight: text = u'_'
9.9812 	EXP 	notsickHighlight: text = u'_'
9.9825 	EXP 	New trial (rep=0, index=1): {u'food': u'mexican_food2', u'corrAns': u'right', u'sick': u'No', u'restaurant': u'Restaurante Arroyo'}
10.0013 	EXP 	window1: recordFrameIntervals = False
10.0145 	EXP 	trialInstrText: autoDraw = False
10.0145 	EXP 	restaurantText: autoDraw = False
10.0145 	EXP 	foodImg: autoDraw = False
10.0145 	EXP 	fixationJitterText: autoDraw = False
10.0145 	EXP 	sickImg: autoDraw = False
10.0145 	EXP 	notsickImg: autoDraw = False
10.0145 	EXP 	fixationITIText: autoDraw = False
10.0145 	EXP 	sickHighlight: autoDraw = False
10.0145 	EXP 	notsickHighlight: autoDraw = False
10.0145 	EXP 	correctText: autoDraw = False
10.0145 	EXP 	wrongText: autoDraw = False
10.0145 	EXP 	sickFeedback: autoDraw = False
10.0145 	EXP 	notsickFeedback: autoDraw = False
10.0145 	EXP 	restaurantText: text = u'Restaurante Arroyo'
10.0145 	EXP 	foodImg: image = u'foods/mexican_food2.png'
10.0145 	EXP 	sickHighlight: opacity = 0.0
10.0145 	EXP 	notsickHighlight: opacity = 0.0
10.0145 	EXP 	sickHighlight: text = u'_'
10.0145 	EXP 	notsickHighlight: text = u'_'
10.0145 	EXP 	fixationITIText: autoDraw = True
10.0145 	EXP 	sickHighlight: text = u'_'
10.0145 	EXP 	notsickHighlight: text = u'_'
10.0212 	EXP 	window1: recordFrameIntervals = False
11.0120 	EXP 	sickHighlight: text = u'_'
11.0120 	EXP 	notsickHighlight: text = u'_'
11.0315 	EXP 	trialInstrText: autoDraw = True
11.0315 	EXP 	restaurantText: autoDraw = True
11.0315 	EXP 	foodImg: autoDraw = True
11.0315 	EXP 	sickImg: autoDraw = True
11.0315 	EXP 	notsickImg: autoDraw = True
11.0315 	EXP 	fixationITIText: autoDraw = False
11.0315 	EXP 	sickHighlight: autoDraw = True
11.0315 	EXP 	notsickHighlight: autoDraw = True
11.0315 	EXP 	sickHighlight: text = u'_'
11.0315 	EXP 	notsickHighlight: text = u'_'
11.0444 	EXP 	sickHighlight: text = u'_'
11.0444 	EXP 	notsickHighlight: text = u'_'
11.0639 	EXP 	sickHighlight: text = u'_'
11.0639 	EXP 	notsickHighlight: text = u'_'
11.0779 	EXP 	sickHighlight: text = u'_'
11.0779 	EXP 	notsickHighlight: text = u'_'
11.0971 	EXP 	sickHighlight: text = u'_'
11.0971 	EXP 	notsickHighlight: text = u'_'
11.1125 	EXP 	sickHighlight: text = u'_'
11.1125 	EXP 	notsickHighlight: text = u'_'
11.1305 	EXP 	sickHighlight: text = u'_'
11.1305 	EXP 	notsickHighlight: text = u'_'
11.1471 	EXP 	sickHighlight: text = u'_'
11.1471 	EXP 	notsickHighlight: text = u'_'
11.1635 	EXP 	sickHighlight: text = u'_'
11.1635 	EXP 	notsickHighlight: text = u'_'
11.1774 	EXP 	sickHighlight: text = u'_'
11.1774 	EXP 	notsickHighlight: text = u'_'
11.1972 	EXP 	sickHighlight: text = u'_'
11.1972 	EXP 	notsickHighlight: text = u'_'
11.2110 	EXP 	sickHighlight: text = u'_'
11.2110 	EXP 	notsickHighlight: text = u'_'
11.2303 	EXP 	sickHighlight: text = u'_'
11.2303 	EXP 	notsickHighlight: text = u'_'
11.2446 	EXP 	sickHighlight: text = u'_'
11.2446 	EXP 	notsickHighlight: text = u'_'
11.2635 	EXP 	sickHighlight: text = u'_'
11.2635 	EXP 	notsickHighlight: text = u'_'
11.2779 	EXP 	sickHighlight: text = u'_'
11.2779 	EXP 	notsickHighlight: text = u'_'
11.2971 	EXP 	sickHighlight: text = u'_'
11.2971 	EXP 	notsickHighlight: text = u'_'
11.3111 	EXP 	sickHighlight: text = u'_'
11.3111 	EXP 	notsickHighlight: text = u'_'
11.3305 	EXP 	sickHighlight: text = u'_'
11.3305 	EXP 	notsickHighlight: text = u'_'
11.3471 	EXP 	sickHighlight: text = u'_'
11.3471 	EXP 	notsickHighlight: text = u'_'
11.3635 	EXP 	sickHighlight: text = u'_'
11.3635 	EXP 	notsickHighlight: text = u'_'
11.3804 	EXP 	sickHighlight: text = u'_'
11.3804 	EXP 	notsickHighlight: text = u'_'
11.3969 	EXP 	sickHighlight: text = u'_'
11.3969 	EXP 	notsickHighlight: text = u'_'
11.4137 	EXP 	sickHighlight: text = u'_'
11.4137 	EXP 	notsickHighlight: text = u'_'
11.4303 	EXP 	sickHighlight: text = u'_'
11.4303 	EXP 	notsickHighlight: text = u'_'
11.4445 	EXP 	sickHighlight: text = u'_'
11.4445 	EXP 	notsickHighlight: text = u'_'
11.4636 	EXP 	sickHighlight: text = u'_'
11.4636 	EXP 	notsickHighlight: text = u'_'
11.4784 	EXP 	sickHighlight: text = u'_'
11.4784 	EXP 	notsickHighlight: text = u'_'
11.4970 	EXP 	sickHighlight: text = u'_'
11.4970 	EXP 	notsickHighlight: text = u'_'
11.5140 	EXP 	sickHighlight: text = u'_'
11.5140 	EXP 	notsickHighlight: text = u'_'
11.5305 	EXP 	sickHighlight: text = u'_'
11.5305 	EXP 	notsickHighlight: text = u'_'
11.5472 	EXP 	sickHighlight: text = u'_'
11.5472 	EXP 	notsickHighlight: text = u'_'
11.5637 	EXP 	sickHighlight: text = u'_'
11.5637 	EXP 	notsickHighlight: text = u'_'
11.5778 	EXP 	sickHighlight: text = u'_'
11.5778 	EXP 	notsickHighlight: text = u'_'
11.5971 	EXP 	sickHighlight: text = u'_'
11.5971 	EXP 	notsickHighlight: text = u'_'
11.6113 	EXP 	sickHighlight: text = u'_'
11.6113 	EXP 	notsickHighlight: text = u'_'
11.6305 	EXP 	sickHighlight: text = u'_'
11.6305 	EXP 	notsickHighlight: text = u'_'
11.6475 	EXP 	sickHighlight: text = u'_'
11.6475 	EXP 	notsickHighlight: text = u'_'
11.6638 	EXP 	sickHighlight: text = u'_'
11.6638 	EXP 	notsickHighlight: text = u'_'
11.6805 	EXP 	sickHighlight: text = u'_'
11.6805 	EXP 	notsickHighlight: text = u'_'
11.6948 	EXP 	sickHighlight: text = u'_'
11.6948 	EXP 	notsickHighlight: text = u'_'
11.7138 	EXP 	sickHighlight: text = u'_'
11.7138 	EXP 	notsickHighlight: text = u'_'
11.7276 	EXP 	sickHighlight: text = u'_'
11.7276 	EXP 	notsickHighlight: text = u'_'
11.7469 	EXP 	sickHighlight: text = u'_'
11.7469 	EXP 	notsickHighlight: text = u'_'
11.7608 	EXP 	sickHighlight: text = u'_'
11.7608 	EXP 	notsickHighlight: text = u'_'
11.7805 	EXP 	sickHighlight: text = u'_'
11.7805 	EXP 	notsickHighlight: text = u'_'
11.7970 	EXP 	sickHighlight: text = u'_'
11.7970 	EXP 	notsickHighlight: text = u'_'
11.8137 	EXP 	sickHighlight: text = u'_'
11.8137 	EXP 	notsickHighlight: text = u'_'
11.8308 	EXP 	sickHighlight: text = u'_'
11.8308 	EXP 	notsickHighlight: text = u'_'
11.8472 	EXP 	sickHighlight: text = u'_'
11.8472 	EXP 	notsickHighlight: text = u'_'
11.8615 	EXP 	sickHighlight: text = u'_'
11.8615 	EXP 	notsickHighlight: text = u'_'
11.8804 	EXP 	sickHighlight: text = u'_'
11.8804 	EXP 	notsickHighlight: text = u'_'
11.8969 	EXP 	sickHighlight: text = u'_'
11.8969 	EXP 	notsickHighlight: text = u'_'
11.9136 	EXP 	sickHighlight: text = u'_'
11.9136 	EXP 	notsickHighlight: text = u'_'
11.9306 	EXP 	sickHighlight: text = u'_'
11.9306 	EXP 	notsickHighlight: text = u'_'
11.9446 	EXP 	sickHighlight: text = u'_'
11.9446 	EXP 	notsickHighlight: text = u'_'
11.9639 	EXP 	sickHighlight: text = u'_'
11.9639 	EXP 	notsickHighlight: text = u'_'
11.9779 	EXP 	sickHighlight: text = u'_'
11.9779 	EXP 	notsickHighlight: text = u'_'
11.9972 	EXP 	sickHighlight: text = u'_'
11.9972 	EXP 	notsickHighlight: text = u'_'
12.0114 	EXP 	sickHighlight: text = u'_'
12.0114 	EXP 	notsickHighlight: text = u'_'
12.0305 	EXP 	sickHighlight: text = u'_'
12.0305 	EXP 	notsickHighlight: text = u'_'
12.0448 	EXP 	sickHighlight: text = u'_'
12.0448 	EXP 	notsickHighlight: text = u'_'
12.0642 	EXP 	sickHighlight: text = u'_'
12.0642 	EXP 	notsickHighlight: text = u'_'
12.0783 	EXP 	sickHighlight: text = u'_'
12.0783 	EXP 	notsickHighlight: text = u'_'
12.0973 	EXP 	sickHighlight: text = u'_'
12.0973 	EXP 	notsickHighlight: text = u'_'
12.1116 	EXP 	sickHighlight: text = u'_'
12.1116 	EXP 	notsickHighlight: text = u'_'
12.1303 	EXP 	sickHighlight: text = u'_'
12.1303 	EXP 	notsickHighlight: text = u'_'
12.1444 	EXP 	sickHighlight: text = u'_'
12.1444 	EXP 	notsickHighlight: text = u'_'
12.1637 	EXP 	sickHighlight: text = u'_'
12.1637 	EXP 	notsickHighlight: text = u'_'
12.1787 	EXP 	sickHighlight: text = u'_'
12.1787 	EXP 	notsickHighlight: text = u'_'
12.1971 	EXP 	sickHighlight: text = u'_'
12.1971 	EXP 	notsickHighlight: text = u'_'
12.2114 	EXP 	sickHighlight: text = u'_'
12.2114 	EXP 	notsickHighlight: text = u'_'
12.2304 	EXP 	sickHighlight: text = u'_'
12.2304 	EXP 	notsickHighlight: text = u'_'
12.2446 	EXP 	sickHighlight: text = u'_'
12.2446 	EXP 	notsickHighlight: text = u'_'
12.2637 	EXP 	sickHighlight: text = u'_'
12.2637 	EXP 	notsickHighlight: text = u'_'
12.2781 	EXP 	sickHighlight: text = u'_'
12.2781 	EXP 	notsickHighlight: text = u'_'
12.2974 	EXP 	sickHighlight: text = u'_'
12.2974 	EXP 	notsickHighlight: text = u'_'
12.3113 	EXP 	sickHighlight: text = u'_'
12.3113 	EXP 	notsickHighlight: text = u'_'
12.3307 	EXP 	sickHighlight: text = u'_'
12.3307 	EXP 	notsickHighlight: text = u'_'
12.3448 	EXP 	sickHighlight: text = u'_'
12.3448 	EXP 	notsickHighlight: text = u'_'
12.3639 	EXP 	sickHighlight: text = u'_'
12.3639 	EXP 	notsickHighlight: text = u'_'
12.3782 	EXP 	sickHighlight: text = u'_'
12.3782 	EXP 	notsickHighlight: text = u'_'
12.3972 	EXP 	sickHighlight: text = u'_'
12.3972 	EXP 	notsickHighlight: text = u'_'
12.4137 	EXP 	sickHighlight: text = u'_'
12.4137 	EXP 	notsickHighlight: text = u'_'
12.4305 	EXP 	sickHighlight: text = u'_'
12.4305 	EXP 	notsickHighlight: text = u'_'
12.4472 	EXP 	sickHighlight: text = u'_'
12.4472 	EXP 	notsickHighlight: text = u'_'
12.4637 	EXP 	sickHighlight: text = u'_'
12.4637 	EXP 	notsickHighlight: text = u'_'
12.4806 	EXP 	sickHighlight: text = u'_'
12.4806 	EXP 	notsickHighlight: text = u'_'
12.4951 	EXP 	sickHighlight: text = u'_'
12.4951 	EXP 	notsickHighlight: text = u'_'
12.5137 	EXP 	sickHighlight: text = u'_'
12.5137 	EXP 	notsickHighlight: text = u'_'
12.5280 	EXP 	sickHighlight: text = u'_'
12.5280 	EXP 	notsickHighlight: text = u'_'
12.5476 	EXP 	sickHighlight: text = u'_'
12.5476 	EXP 	notsickHighlight: text = u'_'
12.5614 	EXP 	sickHighlight: text = u'_'
12.5614 	EXP 	notsickHighlight: text = u'_'
12.6230 	EXP 	sickHighlight: text = u'_'
12.6230 	EXP 	notsickHighlight: text = u'_'
12.6472 	EXP 	sickHighlight: text = u'_'
12.6472 	EXP 	notsickHighlight: text = u'_'
12.6616 	EXP 	sickHighlight: text = u'_'
12.6616 	EXP 	notsickHighlight: text = u'_'
12.6809 	EXP 	sickHighlight: text = u'_'
12.6809 	EXP 	notsickHighlight: text = u'_'
12.6947 	EXP 	sickHighlight: text = u'_'
12.6947 	EXP 	notsickHighlight: text = u'_'
12.7145 	EXP 	sickHighlight: text = u'_'
12.7145 	EXP 	notsickHighlight: text = u'_'
12.7285 	EXP 	sickHighlight: text = u'_'
12.7285 	EXP 	notsickHighlight: text = u'_'
12.7473 	EXP 	sickHighlight: text = u'_'
12.7473 	EXP 	notsickHighlight: text = u'_'
12.7614 	EXP 	sickHighlight: text = u'_'
12.7614 	EXP 	notsickHighlight: text = u'_'
12.7807 	EXP 	sickHighlight: text = u'_'
12.7807 	EXP 	notsickHighlight: text = u'_'
12.7976 	EXP 	sickHighlight: text = u'_'
12.7976 	EXP 	notsickHighlight: text = u'_'
12.8118 	EXP 	sickHighlight: text = u'_'
12.8118 	EXP 	notsickHighlight: text = u'_'
12.8308 	EXP 	sickHighlight: text = u'_'
12.8308 	EXP 	notsickHighlight: text = u'_'
12.8447 	EXP 	sickHighlight: text = u'_'
12.8447 	EXP 	notsickHighlight: text = u'_'
12.8641 	EXP 	sickHighlight: text = u'_'
12.8641 	EXP 	notsickHighlight: text = u'_'
12.8799 	EXP 	sickHighlight: text = u'_'
12.8799 	EXP 	notsickHighlight: text = u'_'
12.8978 	EXP 	sickHighlight: text = u'_'
12.8978 	EXP 	notsickHighlight: text = u'_'
12.9144 	EXP 	sickHighlight: text = u'_'
12.9144 	EXP 	notsickHighlight: text = u'_'
12.9307 	EXP 	sickHighlight: text = u'_'
12.9307 	EXP 	notsickHighlight: text = u'_'
12.9446 	EXP 	sickHighlight: text = u'_'
12.9446 	EXP 	notsickHighlight: text = u'_'
12.9642 	EXP 	sickHighlight: text = u'_'
12.9642 	EXP 	notsickHighlight: text = u'_'
12.9787 	EXP 	sickHighlight: text = u'_'
12.9787 	EXP 	notsickHighlight: text = u'_'
12.9974 	EXP 	sickHighlight: text = u'_'
12.9974 	EXP 	notsickHighlight: text = u'_'
13.0115 	EXP 	sickHighlight: text = u'_'
13.0115 	EXP 	notsickHighlight: text = u'_'
13.0309 	EXP 	sickHighlight: text = u'_'
13.0309 	EXP 	notsickHighlight: text = u'_'
13.0451 	EXP 	sickHighlight: text = u'_'
13.0451 	EXP 	notsickHighlight: text = u'_'
13.0640 	EXP 	sickHighlight: text = u'_'
13.0640 	EXP 	notsickHighlight: text = u'_'
13.0806 	EXP 	sickHighlight: text = u'_'
13.0806 	EXP 	notsickHighlight: text = u'_'
13.0975 	EXP 	sickHighlight: text = u'_'
13.0975 	EXP 	notsickHighlight: text = u'_'
13.1141 	EXP 	sickHighlight: text = u'_'
13.1141 	EXP 	notsickHighlight: text = u'_'
13.1306 	EXP 	sickHighlight: text = u'_'
13.1306 	EXP 	notsickHighlight: text = u'_'
13.1447 	EXP 	sickHighlight: text = u'_'
13.1447 	EXP 	notsickHighlight: text = u'_'
13.1641 	EXP 	sickHighlight: text = u'_'
13.1641 	EXP 	notsickHighlight: text = u'_'
13.1785 	EXP 	sickHighlight: text = u'_'
13.1785 	EXP 	notsickHighlight: text = u'_'
13.1972 	EXP 	sickHighlight: text = u'_'
13.1972 	EXP 	notsickHighlight: text = u'_'
13.2113 	EXP 	sickHighlight: text = u'_'
13.2113 	EXP 	notsickHighlight: text = u'_'
13.2306 	EXP 	sickHighlight: text = u'_'
13.2306 	EXP 	notsickHighlight: text = u'_'
13.2445 	EXP 	sickHighlight: text = u'_'
13.2445 	EXP 	notsickHighlight: text = u'_'
13.2640 	EXP 	sickHighlight: text = u'_'
13.2640 	EXP 	notsickHighlight: text = u'_'
13.2783 	EXP 	sickHighlight: text = u'_'
13.2783 	EXP 	notsickHighlight: text = u'_'
13.2972 	EXP 	sickHighlight: text = u'_'
13.2972 	EXP 	notsickHighlight: text = u'_'
13.3115 	EXP 	sickHighlight: text = u'_'
13.3115 	EXP 	notsickHighlight: text = u'_'
13.3310 	EXP 	sickHighlight: text = u'_'
13.3310 	EXP 	notsickHighlight: text = u'_'
13.3448 	EXP 	sickHighlight: text = u'_'
13.3448 	EXP 	notsickHighlight: text = u'_'
13.3642 	EXP 	sickHighlight: text = u'_'
13.3642 	EXP 	notsickHighlight: text = u'_'
13.3782 	EXP 	sickHighlight: text = u'_'
13.3782 	EXP 	notsickHighlight: text = u'_'
13.3972 	EXP 	sickHighlight: text = u'_'
13.3972 	EXP 	notsickHighlight: text = u'_'
13.4112 	EXP 	sickHighlight: text = u'_'
13.4112 	EXP 	notsickHighlight: text = u'_'
13.4306 	EXP 	sickHighlight: text = u'_'
13.4306 	EXP 	notsickHighlight: text = u'_'
13.4477 	EXP 	sickHighlight: text = u'_'
13.4477 	EXP 	notsickHighlight: text = u'_'
13.4641 	EXP 	sickHighlight: text = u'_'
13.4641 	EXP 	notsickHighlight: text = u'_'
13.4806 	EXP 	sickHighlight: text = u'_'
13.4806 	EXP 	notsickHighlight: text = u'_'
13.4951 	EXP 	sickHighlight: text = u'_'
13.4951 	EXP 	notsickHighlight: text = u'_'
13.5145 	EXP 	sickHighlight: text = u'_'
13.5145 	EXP 	notsickHighlight: text = u'_'
13.5286 	EXP 	sickHighlight: text = u'_'
13.5286 	EXP 	notsickHighlight: text = u'_'
13.5473 	EXP 	sickHighlight: text = u'_'
13.5473 	EXP 	notsickHighlight: text = u'_'
13.5620 	EXP 	sickHighlight: text = u'_'
13.5620 	EXP 	notsickHighlight: text = u'_'
13.5806 	EXP 	sickHighlight: text = u'_'
13.5806 	EXP 	notsickHighlight: text = u'_'
13.5976 	EXP 	sickHighlight: text = u'_'
13.5976 	EXP 	notsickHighlight: text = u'_'
13.6143 	EXP 	sickHighlight: text = u'_'
13.6143 	EXP 	notsickHighlight: text = u'_'
13.6290 	EXP 	sickHighlight: text = u'_'
13.6290 	EXP 	notsickHighlight: text = u'_'
13.6475 	EXP 	sickHighlight: text = u'_'
13.6475 	EXP 	notsickHighlight: text = u'_'
13.6618 	EXP 	sickHighlight: text = u'_'
13.6618 	EXP 	notsickHighlight: text = u'_'
13.6813 	EXP 	sickHighlight: text = u'_'
13.6813 	EXP 	notsickHighlight: text = u'_'
13.7012 	EXP 	sickHighlight: text = u'_'
13.7012 	EXP 	notsickHighlight: text = u'_'
13.7177 	EXP 	sickHighlight: text = u'_'
13.7177 	EXP 	notsickHighlight: text = u'_'
13.7308 	EXP 	sickHighlight: text = u'_'
13.7308 	EXP 	notsickHighlight: text = u'_'
13.7477 	EXP 	sickHighlight: text = u'_'
13.7477 	EXP 	notsickHighlight: text = u'_'
13.7629 	EXP 	sickHighlight: text = u'_'
13.7629 	EXP 	notsickHighlight: text = u'_'
13.7786 	EXP 	sickHighlight: text = u'_'
13.7786 	EXP 	notsickHighlight: text = u'_'
13.7973 	EXP 	sickHighlight: text = u'_'
13.7973 	EXP 	notsickHighlight: text = u'_'
13.8119 	EXP 	sickHighlight: text = u'_'
13.8119 	EXP 	notsickHighlight: text = u'_'
13.8308 	EXP 	sickHighlight: text = u'_'
13.8308 	EXP 	notsickHighlight: text = u'_'
13.8476 	EXP 	sickHighlight: text = u'_'
13.8476 	EXP 	notsickHighlight: text = u'_'
13.8616 	EXP 	sickHighlight: text = u'_'
13.8616 	EXP 	notsickHighlight: text = u'_'
13.8809 	EXP 	sickHighlight: text = u'_'
13.8809 	EXP 	notsickHighlight: text = u'_'
13.8956 	EXP 	sickHighlight: text = u'_'
13.8956 	EXP 	notsickHighlight: text = u'_'
13.9141 	EXP 	sickHighlight: text = u'_'
13.9141 	EXP 	notsickHighlight: text = u'_'
13.9309 	EXP 	sickHighlight: text = u'_'
13.9309 	EXP 	notsickHighlight: text = u'_'
13.9474 	EXP 	sickHighlight: text = u'_'
13.9474 	EXP 	notsickHighlight: text = u'_'
13.9620 	EXP 	sickHighlight: text = u'_'
13.9620 	EXP 	notsickHighlight: text = u'_'
13.9807 	EXP 	sickHighlight: text = u'_'
13.9807 	EXP 	notsickHighlight: text = u'_'
13.9974 	EXP 	trialInstrText: autoDraw = False
13.9974 	EXP 	restaurantText: autoDraw = False
13.9974 	EXP 	foodImg: autoDraw = False
13.9974 	EXP 	sickImg: autoDraw = False
13.9974 	EXP 	notsickImg: autoDraw = False
13.9974 	EXP 	sickHighlight: autoDraw = False
13.9974 	EXP 	notsickHighlight: autoDraw = False
13.9974 	EXP 	sickHighlight: text = u'_'
13.9974 	EXP 	notsickHighlight: text = u'_'
14.0151 	EXP 	sickHighlight: text = u'_'
14.0151 	EXP 	notsickHighlight: text = u'_'
14.0151 	EXP 	correctText: autoDraw = True
14.0151 	EXP 	wrongText: autoDraw = True
14.0151 	EXP 	sickFeedback: autoDraw = True
14.0151 	EXP 	notsickFeedback: autoDraw = True
14.0292 	EXP 	sickHighlight: text = u'_'
14.0292 	EXP 	notsickHighlight: text = u'_'
14.0485 	EXP 	sickHighlight: text = u'_'
14.0485 	EXP 	notsickHighlight: text = u'_'
14.0650 	EXP 	sickHighlight: text = u'_'
14.0650 	EXP 	notsickHighlight: text = u'_'
14.0817 	EXP 	sickHighlight: text = u'_'
14.0817 	EXP 	notsickHighlight: text = u'_'
14.0984 	EXP 	sickHighlight: text = u'_'
14.0984 	EXP 	notsickHighlight: text = u'_'
14.1154 	EXP 	sickHighlight: text = u'_'
14.1154 	EXP 	notsickHighlight: text = u'_'
14.1320 	EXP 	sickHighlight: text = u'_'
14.1320 	EXP 	notsickHighlight: text = u'_'
14.1460 	EXP 	sickHighlight: text = u'_'
14.1460 	EXP 	notsickHighlight: text = u'_'
14.1652 	EXP 	sickHighlight: text = u'_'
14.1652 	EXP 	notsickHighlight: text = u'_'
14.1797 	EXP 	sickHighlight: text = u'_'
14.1797 	EXP 	notsickHighlight: text = u'_'
14.1986 	EXP 	sickHighlight: text = u'_'
14.1986 	EXP 	notsickHighlight: text = u'_'
14.2125 	EXP 	sickHighlight: text = u'_'
14.2125 	EXP 	notsickHighlight: text = u'_'
14.2317 	EXP 	sickHighlight: text = u'_'
14.2317 	EXP 	notsickHighlight: text = u'_'
14.2461 	EXP 	sickHighlight: text = u'_'
14.2461 	EXP 	notsickHighlight: text = u'_'
14.2650 	EXP 	sickHighlight: text = u'_'
14.2650 	EXP 	notsickHighlight: text = u'_'
14.2819 	EXP 	sickHighlight: text = u'_'
14.2819 	EXP 	notsickHighlight: text = u'_'
14.2986 	EXP 	sickHighlight: text = u'_'
14.2986 	EXP 	notsickHighlight: text = u'_'
14.3124 	EXP 	sickHighlight: text = u'_'
14.3124 	EXP 	notsickHighlight: text = u'_'
14.3318 	EXP 	sickHighlight: text = u'_'
14.3318 	EXP 	notsickHighlight: text = u'_'
14.3487 	EXP 	sickHighlight: text = u'_'
14.3487 	EXP 	notsickHighlight: text = u'_'
14.3650 	EXP 	sickHighlight: text = u'_'
14.3650 	EXP 	notsickHighlight: text = u'_'
14.3817 	EXP 	sickHighlight: text = u'_'
14.3817 	EXP 	notsickHighlight: text = u'_'
14.3987 	EXP 	sickHighlight: text = u'_'
14.3987 	EXP 	notsickHighlight: text = u'_'
14.4153 	EXP 	sickHighlight: text = u'_'
14.4153 	EXP 	notsickHighlight: text = u'_'
14.4318 	EXP 	sickHighlight: text = u'_'
14.4318 	EXP 	notsickHighlight: text = u'_'
14.4503 	EXP 	sickHighlight: text = u'_'
14.4503 	EXP 	notsickHighlight: text = u'_'
14.4667 	EXP 	sickHighlight: text = u'_'
14.4667 	EXP 	notsickHighlight: text = u'_'
14.4841 	EXP 	sickHighlight: text = u'_'
14.4841 	EXP 	notsickHighlight: text = u'_'
14.5005 	EXP 	sickHighlight: text = u'_'
14.5005 	EXP 	notsickHighlight: text = u'_'
14.5136 	EXP 	sickHighlight: text = u'_'
14.5136 	EXP 	notsickHighlight: text = u'_'
14.5317 	EXP 	sickHighlight: text = u'_'
14.5317 	EXP 	notsickHighlight: text = u'_'
14.5503 	EXP 	sickHighlight: text = u'_'
14.5503 	EXP 	notsickHighlight: text = u'_'
14.5673 	EXP 	sickHighlight: text = u'_'
14.5673 	EXP 	notsickHighlight: text = u'_'
14.5837 	EXP 	sickHighlight: text = u'_'
14.5837 	EXP 	notsickHighlight: text = u'_'
14.5961 	EXP 	sickHighlight: text = u'_'
14.5961 	EXP 	notsickHighlight: text = u'_'
14.6153 	EXP 	sickHighlight: text = u'_'
14.6153 	EXP 	notsickHighlight: text = u'_'
14.6321 	EXP 	sickHighlight: text = u'_'
14.6321 	EXP 	notsickHighlight: text = u'_'
14.6486 	EXP 	sickHighlight: text = u'_'
14.6486 	EXP 	notsickHighlight: text = u'_'
14.6547 	DATA 	Keypress: escape
